Command line invocation:
    /Applications/Xcode.app/Contents/Developer/usr/bin/xcodebuild test -project TodoTimers.xcodeproj -scheme TodoTimers -destination "platform=iOS Simulator,name=iPhone 16" "-only-testing:TodoTimersUITests/NavigationUITests" -parallel-testing-enabled NO

--- xcodebuild: WARNING: Using the first of multiple matching destinations:
{ platform:iOS Simulator, arch:arm64, id:002673DD-F669-4F62-A9BB-B5009A96E818, OS:18.6, name:iPhone 16 }
{ platform:iOS Simulator, arch:x86_64, id:002673DD-F669-4F62-A9BB-B5009A96E818, OS:18.6, name:iPhone 16 }
ComputePackagePrebuildTargetDependencyGraph

Prepare packages

CreateBuildRequest

SendProjectDescription

CreateBuildOperation

ComputeTargetDependencyGraph
note: Building targets in dependency order
note: Target dependency graph (4 targets)
    Target 'TodoTimersUITests' in project 'TodoTimers'
        ➜ Explicit dependency on target 'TodoTimers' in project 'TodoTimers'
    Target 'TodoTimersTests' in project 'TodoTimers'
        ➜ Explicit dependency on target 'TodoTimers' in project 'TodoTimers'
    Target 'TodoTimers' in project 'TodoTimers'
        ➜ Explicit dependency on target 'TodoTimers Watch App Watch App' in project 'TodoTimers'
    Target 'TodoTimers Watch App Watch App' in project 'TodoTimers' (no dependencies)

GatherProvisioningInputs

CreateBuildDescription

ExecuteExternalTool /Applications/Xcode.app/Contents/Developer/usr/bin/actool --print-asset-tag-combinations --output-format xml1 /Users/jeremywatt/Desktop/todo-timers-ios/TodoTimers/TodoTimers Watch App Watch App/Assets.xcassets

ExecuteExternalTool /Applications/Xcode.app/Contents/Developer/usr/bin/actool --print-asset-tag-combinations --output-format xml1 /Users/jeremywatt/Desktop/todo-timers-ios/TodoTimers/TodoTimers/Assets.xcassets

ExecuteExternalTool /Applications/Xcode.app/Contents/Developer/Toolchains/XcodeDefault.xctoolchain/usr/bin/swiftc --version

ExecuteExternalTool /Applications/Xcode.app/Contents/Developer/Toolchains/XcodeDefault.xctoolchain/usr/bin/clang -v -E -dM -isysroot /Applications/Xcode.app/Contents/Developer/Platforms/WatchSimulator.platform/Developer/SDKs/WatchSimulator11.5.sdk -x c -c /dev/null

ExecuteExternalTool /Applications/Xcode.app/Contents/Developer/usr/bin/actool --version --output-format xml1

ExecuteExternalTool /Applications/Xcode.app/Contents/Developer/Toolchains/XcodeDefault.xctoolchain/usr/bin/clang -v -E -dM -isysroot /Applications/Xcode.app/Contents/Developer/Platforms/iPhoneSimulator.platform/Developer/SDKs/iPhoneSimulator18.5.sdk -x c -c /dev/null

ExecuteExternalTool /Applications/Xcode.app/Contents/Developer/Toolchains/XcodeDefault.xctoolchain/usr/bin/ld -version_details

Build description signature: 999910f2c50211091c953b5f3210c702
Build description path: /Users/jeremywatt/Library/Developer/Xcode/DerivedData/TodoTimers-hhkfosrtfdujgsaeyczcbhtfazrk/Build/Intermediates.noindex/XCBuildData/999910f2c50211091c953b5f3210c702.xcbuilddata
ClangStatCache /Applications/Xcode.app/Contents/Developer/Toolchains/XcodeDefault.xctoolchain/usr/bin/clang-stat-cache /Applications/Xcode.app/Contents/Developer/Platforms/iPhoneSimulator.platform/Developer/SDKs/iPhoneSimulator18.5.sdk /Users/jeremywatt/Library/Developer/Xcode/DerivedData/SDKStatCaches.noindex/iphonesimulator18.5-22F76-d5fc8ad4295d2ef488fb7d0f804ce0c4.sdkstatcache
    cd /Users/jeremywatt/Desktop/todo-timers-ios/TodoTimers/TodoTimers.xcodeproj
    /Applications/Xcode.app/Contents/Developer/Toolchains/XcodeDefault.xctoolchain/usr/bin/clang-stat-cache /Applications/Xcode.app/Contents/Developer/Platforms/iPhoneSimulator.platform/Developer/SDKs/iPhoneSimulator18.5.sdk -o /Users/jeremywatt/Library/Developer/Xcode/DerivedData/SDKStatCaches.noindex/iphonesimulator18.5-22F76-d5fc8ad4295d2ef488fb7d0f804ce0c4.sdkstatcache

ClangStatCache /Applications/Xcode.app/Contents/Developer/Toolchains/XcodeDefault.xctoolchain/usr/bin/clang-stat-cache /Applications/Xcode.app/Contents/Developer/Platforms/WatchSimulator.platform/Developer/SDKs/WatchSimulator11.5.sdk /Users/jeremywatt/Library/Developer/Xcode/DerivedData/SDKStatCaches.noindex/watchsimulator11.5-22T572-f072d36b9981b6dc55608c571d18f8ef.sdkstatcache
    cd /Users/jeremywatt/Desktop/todo-timers-ios/TodoTimers/TodoTimers.xcodeproj
    /Applications/Xcode.app/Contents/Developer/Toolchains/XcodeDefault.xctoolchain/usr/bin/clang-stat-cache /Applications/Xcode.app/Contents/Developer/Platforms/WatchSimulator.platform/Developer/SDKs/WatchSimulator11.5.sdk -o /Users/jeremywatt/Library/Developer/Xcode/DerivedData/SDKStatCaches.noindex/watchsimulator11.5-22T572-f072d36b9981b6dc55608c571d18f8ef.sdkstatcache

WriteAuxiliaryFile /Users/jeremywatt/Library/Developer/Xcode/DerivedData/TodoTimers-hhkfosrtfdujgsaeyczcbhtfazrk/Build/Intermediates.noindex/TodoTimers.build/Debug-iphonesimulator/TodoTimersUITests.build/Objects-normal/arm64/TodoTimersUITests.SwiftFileList (in target 'TodoTimersUITests' from project 'TodoTimers')
    cd /Users/jeremywatt/Desktop/todo-timers-ios/TodoTimers
    write-file /Users/jeremywatt/Library/Developer/Xcode/DerivedData/TodoTimers-hhkfosrtfdujgsaeyczcbhtfazrk/Build/Intermediates.noindex/TodoTimers.build/Debug-iphonesimulator/TodoTimersUITests.build/Objects-normal/arm64/TodoTimersUITests.SwiftFileList

WriteAuxiliaryFile /Users/jeremywatt/Library/Developer/Xcode/DerivedData/TodoTimers-hhkfosrtfdujgsaeyczcbhtfazrk/Build/Intermediates.noindex/TodoTimers.build/Debug-iphonesimulator/TodoTimersUITests.build/Objects-normal/arm64/TodoTimersUITests.SwiftConstValuesFileList (in target 'TodoTimersUITests' from project 'TodoTimers')
    cd /Users/jeremywatt/Desktop/todo-timers-ios/TodoTimers
    write-file /Users/jeremywatt/Library/Developer/Xcode/DerivedData/TodoTimers-hhkfosrtfdujgsaeyczcbhtfazrk/Build/Intermediates.noindex/TodoTimers.build/Debug-iphonesimulator/TodoTimersUITests.build/Objects-normal/arm64/TodoTimersUITests.SwiftConstValuesFileList

WriteAuxiliaryFile /Users/jeremywatt/Library/Developer/Xcode/DerivedData/TodoTimers-hhkfosrtfdujgsaeyczcbhtfazrk/Build/Intermediates.noindex/TodoTimers.build/Debug-iphonesimulator/TodoTimersUITests.build/Objects-normal/arm64/TodoTimersUITests.LinkFileList (in target 'TodoTimersUITests' from project 'TodoTimers')
    cd /Users/jeremywatt/Desktop/todo-timers-ios/TodoTimers
    write-file /Users/jeremywatt/Library/Developer/Xcode/DerivedData/TodoTimers-hhkfosrtfdujgsaeyczcbhtfazrk/Build/Intermediates.noindex/TodoTimers.build/Debug-iphonesimulator/TodoTimersUITests.build/Objects-normal/arm64/TodoTimersUITests.LinkFileList

WriteAuxiliaryFile /Users/jeremywatt/Library/Developer/Xcode/DerivedData/TodoTimers-hhkfosrtfdujgsaeyczcbhtfazrk/Build/Intermediates.noindex/TodoTimers.build/Debug-iphonesimulator/TodoTimersTests.build/Objects-normal/arm64/TodoTimersTests.SwiftFileList (in target 'TodoTimersTests' from project 'TodoTimers')
    cd /Users/jeremywatt/Desktop/todo-timers-ios/TodoTimers
    write-file /Users/jeremywatt/Library/Developer/Xcode/DerivedData/TodoTimers-hhkfosrtfdujgsaeyczcbhtfazrk/Build/Intermediates.noindex/TodoTimers.build/Debug-iphonesimulator/TodoTimersTests.build/Objects-normal/arm64/TodoTimersTests.SwiftFileList

WriteAuxiliaryFile /Users/jeremywatt/Library/Developer/Xcode/DerivedData/TodoTimers-hhkfosrtfdujgsaeyczcbhtfazrk/Build/Intermediates.noindex/TodoTimers.build/Debug-iphonesimulator/TodoTimersTests.build/Objects-normal/arm64/TodoTimersTests.SwiftConstValuesFileList (in target 'TodoTimersTests' from project 'TodoTimers')
    cd /Users/jeremywatt/Desktop/todo-timers-ios/TodoTimers
    write-file /Users/jeremywatt/Library/Developer/Xcode/DerivedData/TodoTimers-hhkfosrtfdujgsaeyczcbhtfazrk/Build/Intermediates.noindex/TodoTimers.build/Debug-iphonesimulator/TodoTimersTests.build/Objects-normal/arm64/TodoTimersTests.SwiftConstValuesFileList

WriteAuxiliaryFile /Users/jeremywatt/Library/Developer/Xcode/DerivedData/TodoTimers-hhkfosrtfdujgsaeyczcbhtfazrk/Build/Intermediates.noindex/TodoTimers.build/Debug-iphonesimulator/TodoTimersTests.build/Objects-normal/arm64/TodoTimersTests.LinkFileList (in target 'TodoTimersTests' from project 'TodoTimers')
    cd /Users/jeremywatt/Desktop/todo-timers-ios/TodoTimers
    write-file /Users/jeremywatt/Library/Developer/Xcode/DerivedData/TodoTimers-hhkfosrtfdujgsaeyczcbhtfazrk/Build/Intermediates.noindex/TodoTimers.build/Debug-iphonesimulator/TodoTimersTests.build/Objects-normal/arm64/TodoTimersTests.LinkFileList

WriteAuxiliaryFile /Users/jeremywatt/Library/Developer/Xcode/DerivedData/TodoTimers-hhkfosrtfdujgsaeyczcbhtfazrk/Build/Intermediates.noindex/TodoTimers.build/Debug-iphonesimulator/TodoTimers.build/Objects-normal/arm64/TodoTimers.SwiftFileList (in target 'TodoTimers' from project 'TodoTimers')
    cd /Users/jeremywatt/Desktop/todo-timers-ios/TodoTimers
    write-file /Users/jeremywatt/Library/Developer/Xcode/DerivedData/TodoTimers-hhkfosrtfdujgsaeyczcbhtfazrk/Build/Intermediates.noindex/TodoTimers.build/Debug-iphonesimulator/TodoTimers.build/Objects-normal/arm64/TodoTimers.SwiftFileList

WriteAuxiliaryFile /Users/jeremywatt/Library/Developer/Xcode/DerivedData/TodoTimers-hhkfosrtfdujgsaeyczcbhtfazrk/Build/Intermediates.noindex/TodoTimers.build/Debug-iphonesimulator/TodoTimers.build/Objects-normal/arm64/TodoTimers.SwiftConstValuesFileList (in target 'TodoTimers' from project 'TodoTimers')
    cd /Users/jeremywatt/Desktop/todo-timers-ios/TodoTimers
    write-file /Users/jeremywatt/Library/Developer/Xcode/DerivedData/TodoTimers-hhkfosrtfdujgsaeyczcbhtfazrk/Build/Intermediates.noindex/TodoTimers.build/Debug-iphonesimulator/TodoTimers.build/Objects-normal/arm64/TodoTimers.SwiftConstValuesFileList

WriteAuxiliaryFile /Users/jeremywatt/Library/Developer/Xcode/DerivedData/TodoTimers-hhkfosrtfdujgsaeyczcbhtfazrk/Build/Intermediates.noindex/TodoTimers.build/Debug-iphonesimulator/TodoTimers.build/Objects-normal/arm64/TodoTimers.LinkFileList (in target 'TodoTimers' from project 'TodoTimers')
    cd /Users/jeremywatt/Desktop/todo-timers-ios/TodoTimers
    write-file /Users/jeremywatt/Library/Developer/Xcode/DerivedData/TodoTimers-hhkfosrtfdujgsaeyczcbhtfazrk/Build/Intermediates.noindex/TodoTimers.build/Debug-iphonesimulator/TodoTimers.build/Objects-normal/arm64/TodoTimers.LinkFileList

ProcessInfoPlistFile /Users/jeremywatt/Library/Developer/Xcode/DerivedData/TodoTimers-hhkfosrtfdujgsaeyczcbhtfazrk/Build/Products/Debug-watchsimulator/TodoTimers\ Watch\ App\ Watch\ App.app/Info.plist /Users/jeremywatt/Library/Developer/Xcode/DerivedData/TodoTimers-hhkfosrtfdujgsaeyczcbhtfazrk/Build/Intermediates.noindex/TodoTimers.build/Debug-watchsimulator/TodoTimers\ Watch\ App\ Watch\ App.build/empty-TodoTimers\ Watch\ App\ Watch\ App.plist (in target 'TodoTimers Watch App Watch App' from project 'TodoTimers')
    cd /Users/jeremywatt/Desktop/todo-timers-ios/TodoTimers
    builtin-infoPlistUtility /Users/jeremywatt/Library/Developer/Xcode/DerivedData/TodoTimers-hhkfosrtfdujgsaeyczcbhtfazrk/Build/Intermediates.noindex/TodoTimers.build/Debug-watchsimulator/TodoTimers\ Watch\ App\ Watch\ App.build/empty-TodoTimers\ Watch\ App\ Watch\ App.plist -producttype com.apple.product-type.application -genpkginfo /Users/jeremywatt/Library/Developer/Xcode/DerivedData/TodoTimers-hhkfosrtfdujgsaeyczcbhtfazrk/Build/Products/Debug-watchsimulator/TodoTimers\ Watch\ App\ Watch\ App.app/PkgInfo -expandbuildsettings -format binary -platform watchsimulator -additionalcontentfile /Users/jeremywatt/Library/Developer/Xcode/DerivedData/TodoTimers-hhkfosrtfdujgsaeyczcbhtfazrk/Build/Intermediates.noindex/TodoTimers.build/Debug-watchsimulator/TodoTimers\ Watch\ App\ Watch\ App.build/assetcatalog_generated_info.plist -o /Users/jeremywatt/Library/Developer/Xcode/DerivedData/TodoTimers-hhkfosrtfdujgsaeyczcbhtfazrk/Build/Products/Debug-watchsimulator/TodoTimers\ Watch\ App\ Watch\ App.app/Info.plist

CopySwiftLibs /Users/jeremywatt/Library/Developer/Xcode/DerivedData/TodoTimers-hhkfosrtfdujgsaeyczcbhtfazrk/Build/Products/Debug-watchsimulator/TodoTimers\ Watch\ App\ Watch\ App.app (in target 'TodoTimers Watch App Watch App' from project 'TodoTimers')
    cd /Users/jeremywatt/Desktop/todo-timers-ios/TodoTimers
    builtin-swiftStdLibTool --copy --verbose --sign - --scan-executable /Users/jeremywatt/Library/Developer/Xcode/DerivedData/TodoTimers-hhkfosrtfdujgsaeyczcbhtfazrk/Build/Products/Debug-watchsimulator/TodoTimers\ Watch\ App\ Watch\ App.app/TodoTimers\ Watch\ App\ Watch\ App.debug.dylib --scan-folder /Users/jeremywatt/Library/Developer/Xcode/DerivedData/TodoTimers-hhkfosrtfdujgsaeyczcbhtfazrk/Build/Products/Debug-watchsimulator/TodoTimers\ Watch\ App\ Watch\ App.app/Frameworks --scan-folder /Users/jeremywatt/Library/Developer/Xcode/DerivedData/TodoTimers-hhkfosrtfdujgsaeyczcbhtfazrk/Build/Products/Debug-watchsimulator/TodoTimers\ Watch\ App\ Watch\ App.app/PlugIns --scan-folder /Users/jeremywatt/Library/Developer/Xcode/DerivedData/TodoTimers-hhkfosrtfdujgsaeyczcbhtfazrk/Build/Products/Debug-watchsimulator/TodoTimers\ Watch\ App\ Watch\ App.app/SystemExtensions --scan-folder /Users/jeremywatt/Library/Developer/Xcode/DerivedData/TodoTimers-hhkfosrtfdujgsaeyczcbhtfazrk/Build/Products/Debug-watchsimulator/TodoTimers\ Watch\ App\ Watch\ App.app/Extensions --platform watchsimulator --toolchain /Applications/Xcode.app/Contents/Developer/Toolchains/XcodeDefault.xctoolchain --destination /Users/jeremywatt/Library/Developer/Xcode/DerivedData/TodoTimers-hhkfosrtfdujgsaeyczcbhtfazrk/Build/Products/Debug-watchsimulator/TodoTimers\ Watch\ App\ Watch\ App.app/Frameworks --strip-bitcode --strip-bitcode-tool /Applications/Xcode.app/Contents/Developer/Toolchains/XcodeDefault.xctoolchain/usr/bin/bitcode_strip --emit-dependency-info /Users/jeremywatt/Library/Developer/Xcode/DerivedData/TodoTimers-hhkfosrtfdujgsaeyczcbhtfazrk/Build/Intermediates.noindex/TodoTimers.build/Debug-watchsimulator/TodoTimers\ Watch\ App\ Watch\ App.build/SwiftStdLibToolInputDependencies.dep --filter-for-swift-os

SwiftDriver TodoTimers normal arm64 com.apple.xcode.tools.swift.compiler (in target 'TodoTimers' from project 'TodoTimers')
    cd /Users/jeremywatt/Desktop/todo-timers-ios/TodoTimers
    builtin-SwiftDriver -- /Applications/Xcode.app/Contents/Developer/Toolchains/XcodeDefault.xctoolchain/usr/bin/swiftc -module-name TodoTimers -Onone -enforce-exclusivity\=checked @/Users/jeremywatt/Library/Developer/Xcode/DerivedData/TodoTimers-hhkfosrtfdujgsaeyczcbhtfazrk/Build/Intermediates.noindex/TodoTimers.build/Debug-iphonesimulator/TodoTimers.build/Objects-normal/arm64/TodoTimers.SwiftFileList -DDEBUG -enable-bare-slash-regex -enable-experimental-feature DebugDescriptionMacro -sdk /Applications/Xcode.app/Contents/Developer/Platforms/iPhoneSimulator.platform/Developer/SDKs/iPhoneSimulator18.5.sdk -target arm64-apple-ios17.0-simulator -g -module-cache-path /Users/jeremywatt/Library/Developer/Xcode/DerivedData/ModuleCache.noindex -Xfrontend -serialize-debugging-options -profile-coverage-mapping -profile-generate -enable-testing -index-store-path /Users/jeremywatt/Library/Developer/Xcode/DerivedData/TodoTimers-hhkfosrtfdujgsaeyczcbhtfazrk/Index.noindex/DataStore -swift-version 5 -I /Users/jeremywatt/Library/Developer/Xcode/DerivedData/TodoTimers-hhkfosrtfdujgsaeyczcbhtfazrk/Build/Products/Debug-iphonesimulator -F /Users/jeremywatt/Library/Developer/Xcode/DerivedData/TodoTimers-hhkfosrtfdujgsaeyczcbhtfazrk/Build/Products/Debug-iphonesimulator -emit-localized-strings -emit-localized-strings-path /Users/jeremywatt/Library/Developer/Xcode/DerivedData/TodoTimers-hhkfosrtfdujgsaeyczcbhtfazrk/Build/Intermediates.noindex/TodoTimers.build/Debug-iphonesimulator/TodoTimers.build/Objects-normal/arm64 -c -j10 -enable-batch-mode -incremental -Xcc -ivfsstatcache -Xcc /Users/jeremywatt/Library/Developer/Xcode/DerivedData/SDKStatCaches.noindex/iphonesimulator18.5-22F76-d5fc8ad4295d2ef488fb7d0f804ce0c4.sdkstatcache -output-file-map /Users/jeremywatt/Library/Developer/Xcode/DerivedData/TodoTimers-hhkfosrtfdujgsaeyczcbhtfazrk/Build/Intermediates.noindex/TodoTimers.build/Debug-iphonesimulator/TodoTimers.build/Objects-normal/arm64/TodoTimers-OutputFileMap.json -use-frontend-parseable-output -save-temps -no-color-diagnostics -serialize-diagnostics -emit-dependencies -emit-module -emit-module-path /Users/jeremywatt/Library/Developer/Xcode/DerivedData/TodoTimers-hhkfosrtfdujgsaeyczcbhtfazrk/Build/Intermediates.noindex/TodoTimers.build/Debug-iphonesimulator/TodoTimers.build/Objects-normal/arm64/TodoTimers.swiftmodule -validate-clang-modules-once -clang-build-session-file /Users/jeremywatt/Library/Developer/Xcode/DerivedData/ModuleCache.noindex/Session.modulevalidation -Xcc -I/Users/jeremywatt/Library/Developer/Xcode/DerivedData/TodoTimers-hhkfosrtfdujgsaeyczcbhtfazrk/Build/Intermediates.noindex/TodoTimers.build/Debug-iphonesimulator/TodoTimers.build/swift-overrides.hmap -emit-const-values -Xfrontend -const-gather-protocols-file -Xfrontend /Users/jeremywatt/Library/Developer/Xcode/DerivedData/TodoTimers-hhkfosrtfdujgsaeyczcbhtfazrk/Build/Intermediates.noindex/TodoTimers.build/Debug-iphonesimulator/TodoTimers.build/Objects-normal/arm64/TodoTimers_const_extract_protocols.json -Xcc -iquote -Xcc /Users/jeremywatt/Library/Developer/Xcode/DerivedData/TodoTimers-hhkfosrtfdujgsaeyczcbhtfazrk/Build/Intermediates.noindex/TodoTimers.build/Debug-iphonesimulator/TodoTimers.build/TodoTimers-generated-files.hmap -Xcc -I/Users/jeremywatt/Library/Developer/Xcode/DerivedData/TodoTimers-hhkfosrtfdujgsaeyczcbhtfazrk/Build/Intermediates.noindex/TodoTimers.build/Debug-iphonesimulator/TodoTimers.build/TodoTimers-own-target-headers.hmap -Xcc -I/Users/jeremywatt/Library/Developer/Xcode/DerivedData/TodoTimers-hhkfosrtfdujgsaeyczcbhtfazrk/Build/Intermediates.noindex/TodoTimers.build/Debug-iphonesimulator/TodoTimers.build/TodoTimers-all-target-headers.hmap -Xcc -iquote -Xcc /Users/jeremywatt/Library/Developer/Xcode/DerivedData/TodoTimers-hhkfosrtfdujgsaeyczcbhtfazrk/Build/Intermediates.noindex/TodoTimers.build/Debug-iphonesimulator/TodoTimers.build/TodoTimers-project-headers.hmap -Xcc -I/Users/jeremywatt/Library/Developer/Xcode/DerivedData/TodoTimers-hhkfosrtfdujgsaeyczcbhtfazrk/Build/Products/Debug-iphonesimulator/include -Xcc -I/Users/jeremywatt/Library/Developer/Xcode/DerivedData/TodoTimers-hhkfosrtfdujgsaeyczcbhtfazrk/Build/Intermediates.noindex/TodoTimers.build/Debug-iphonesimulator/TodoTimers.build/DerivedSources-normal/arm64 -Xcc -I/Users/jeremywatt/Library/Developer/Xcode/DerivedData/TodoTimers-hhkfosrtfdujgsaeyczcbhtfazrk/Build/Intermediates.noindex/TodoTimers.build/Debug-iphonesimulator/TodoTimers.build/DerivedSources/arm64 -Xcc -I/Users/jeremywatt/Library/Developer/Xcode/DerivedData/TodoTimers-hhkfosrtfdujgsaeyczcbhtfazrk/Build/Intermediates.noindex/TodoTimers.build/Debug-iphonesimulator/TodoTimers.build/DerivedSources -Xcc -DDEBUG\=1 -emit-objc-header -emit-objc-header-path /Users/jeremywatt/Library/Developer/Xcode/DerivedData/TodoTimers-hhkfosrtfdujgsaeyczcbhtfazrk/Build/Intermediates.noindex/TodoTimers.build/Debug-iphonesimulator/TodoTimers.build/Objects-normal/arm64/TodoTimers-Swift.h -working-directory /Users/jeremywatt/Desktop/todo-timers-ios/TodoTimers -experimental-emit-module-separately -disable-cmo

SwiftDriver\ Compilation\ Requirements TodoTimers normal arm64 com.apple.xcode.tools.swift.compiler (in target 'TodoTimers' from project 'TodoTimers')
    cd /Users/jeremywatt/Desktop/todo-timers-ios/TodoTimers
    builtin-Swift-Compilation-Requirements -- /Applications/Xcode.app/Contents/Developer/Toolchains/XcodeDefault.xctoolchain/usr/bin/swiftc -module-name TodoTimers -Onone -enforce-exclusivity\=checked @/Users/jeremywatt/Library/Developer/Xcode/DerivedData/TodoTimers-hhkfosrtfdujgsaeyczcbhtfazrk/Build/Intermediates.noindex/TodoTimers.build/Debug-iphonesimulator/TodoTimers.build/Objects-normal/arm64/TodoTimers.SwiftFileList -DDEBUG -enable-bare-slash-regex -enable-experimental-feature DebugDescriptionMacro -sdk /Applications/Xcode.app/Contents/Developer/Platforms/iPhoneSimulator.platform/Developer/SDKs/iPhoneSimulator18.5.sdk -target arm64-apple-ios17.0-simulator -g -module-cache-path /Users/jeremywatt/Library/Developer/Xcode/DerivedData/ModuleCache.noindex -Xfrontend -serialize-debugging-options -profile-coverage-mapping -profile-generate -enable-testing -index-store-path /Users/jeremywatt/Library/Developer/Xcode/DerivedData/TodoTimers-hhkfosrtfdujgsaeyczcbhtfazrk/Index.noindex/DataStore -swift-version 5 -I /Users/jeremywatt/Library/Developer/Xcode/DerivedData/TodoTimers-hhkfosrtfdujgsaeyczcbhtfazrk/Build/Products/Debug-iphonesimulator -F /Users/jeremywatt/Library/Developer/Xcode/DerivedData/TodoTimers-hhkfosrtfdujgsaeyczcbhtfazrk/Build/Products/Debug-iphonesimulator -emit-localized-strings -emit-localized-strings-path /Users/jeremywatt/Library/Developer/Xcode/DerivedData/TodoTimers-hhkfosrtfdujgsaeyczcbhtfazrk/Build/Intermediates.noindex/TodoTimers.build/Debug-iphonesimulator/TodoTimers.build/Objects-normal/arm64 -c -j10 -enable-batch-mode -incremental -Xcc -ivfsstatcache -Xcc /Users/jeremywatt/Library/Developer/Xcode/DerivedData/SDKStatCaches.noindex/iphonesimulator18.5-22F76-d5fc8ad4295d2ef488fb7d0f804ce0c4.sdkstatcache -output-file-map /Users/jeremywatt/Library/Developer/Xcode/DerivedData/TodoTimers-hhkfosrtfdujgsaeyczcbhtfazrk/Build/Intermediates.noindex/TodoTimers.build/Debug-iphonesimulator/TodoTimers.build/Objects-normal/arm64/TodoTimers-OutputFileMap.json -use-frontend-parseable-output -save-temps -no-color-diagnostics -serialize-diagnostics -emit-dependencies -emit-module -emit-module-path /Users/jeremywatt/Library/Developer/Xcode/DerivedData/TodoTimers-hhkfosrtfdujgsaeyczcbhtfazrk/Build/Intermediates.noindex/TodoTimers.build/Debug-iphonesimulator/TodoTimers.build/Objects-normal/arm64/TodoTimers.swiftmodule -validate-clang-modules-once -clang-build-session-file /Users/jeremywatt/Library/Developer/Xcode/DerivedData/ModuleCache.noindex/Session.modulevalidation -Xcc -I/Users/jeremywatt/Library/Developer/Xcode/DerivedData/TodoTimers-hhkfosrtfdujgsaeyczcbhtfazrk/Build/Intermediates.noindex/TodoTimers.build/Debug-iphonesimulator/TodoTimers.build/swift-overrides.hmap -emit-const-values -Xfrontend -const-gather-protocols-file -Xfrontend /Users/jeremywatt/Library/Developer/Xcode/DerivedData/TodoTimers-hhkfosrtfdujgsaeyczcbhtfazrk/Build/Intermediates.noindex/TodoTimers.build/Debug-iphonesimulator/TodoTimers.build/Objects-normal/arm64/TodoTimers_const_extract_protocols.json -Xcc -iquote -Xcc /Users/jeremywatt/Library/Developer/Xcode/DerivedData/TodoTimers-hhkfosrtfdujgsaeyczcbhtfazrk/Build/Intermediates.noindex/TodoTimers.build/Debug-iphonesimulator/TodoTimers.build/TodoTimers-generated-files.hmap -Xcc -I/Users/jeremywatt/Library/Developer/Xcode/DerivedData/TodoTimers-hhkfosrtfdujgsaeyczcbhtfazrk/Build/Intermediates.noindex/TodoTimers.build/Debug-iphonesimulator/TodoTimers.build/TodoTimers-own-target-headers.hmap -Xcc -I/Users/jeremywatt/Library/Developer/Xcode/DerivedData/TodoTimers-hhkfosrtfdujgsaeyczcbhtfazrk/Build/Intermediates.noindex/TodoTimers.build/Debug-iphonesimulator/TodoTimers.build/TodoTimers-all-target-headers.hmap -Xcc -iquote -Xcc /Users/jeremywatt/Library/Developer/Xcode/DerivedData/TodoTimers-hhkfosrtfdujgsaeyczcbhtfazrk/Build/Intermediates.noindex/TodoTimers.build/Debug-iphonesimulator/TodoTimers.build/TodoTimers-project-headers.hmap -Xcc -I/Users/jeremywatt/Library/Developer/Xcode/DerivedData/TodoTimers-hhkfosrtfdujgsaeyczcbhtfazrk/Build/Products/Debug-iphonesimulator/include -Xcc -I/Users/jeremywatt/Library/Developer/Xcode/DerivedData/TodoTimers-hhkfosrtfdujgsaeyczcbhtfazrk/Build/Intermediates.noindex/TodoTimers.build/Debug-iphonesimulator/TodoTimers.build/DerivedSources-normal/arm64 -Xcc -I/Users/jeremywatt/Library/Developer/Xcode/DerivedData/TodoTimers-hhkfosrtfdujgsaeyczcbhtfazrk/Build/Intermediates.noindex/TodoTimers.build/Debug-iphonesimulator/TodoTimers.build/DerivedSources/arm64 -Xcc -I/Users/jeremywatt/Library/Developer/Xcode/DerivedData/TodoTimers-hhkfosrtfdujgsaeyczcbhtfazrk/Build/Intermediates.noindex/TodoTimers.build/Debug-iphonesimulator/TodoTimers.build/DerivedSources -Xcc -DDEBUG\=1 -emit-objc-header -emit-objc-header-path /Users/jeremywatt/Library/Developer/Xcode/DerivedData/TodoTimers-hhkfosrtfdujgsaeyczcbhtfazrk/Build/Intermediates.noindex/TodoTimers.build/Debug-iphonesimulator/TodoTimers.build/Objects-normal/arm64/TodoTimers-Swift.h -working-directory /Users/jeremywatt/Desktop/todo-timers-ios/TodoTimers -experimental-emit-module-separately -disable-cmo

SwiftDriver\ Compilation TodoTimers normal arm64 com.apple.xcode.tools.swift.compiler (in target 'TodoTimers' from project 'TodoTimers')
    cd /Users/jeremywatt/Desktop/todo-timers-ios/TodoTimers
    builtin-Swift-Compilation -- /Applications/Xcode.app/Contents/Developer/Toolchains/XcodeDefault.xctoolchain/usr/bin/swiftc -module-name TodoTimers -Onone -enforce-exclusivity\=checked @/Users/jeremywatt/Library/Developer/Xcode/DerivedData/TodoTimers-hhkfosrtfdujgsaeyczcbhtfazrk/Build/Intermediates.noindex/TodoTimers.build/Debug-iphonesimulator/TodoTimers.build/Objects-normal/arm64/TodoTimers.SwiftFileList -DDEBUG -enable-bare-slash-regex -enable-experimental-feature DebugDescriptionMacro -sdk /Applications/Xcode.app/Contents/Developer/Platforms/iPhoneSimulator.platform/Developer/SDKs/iPhoneSimulator18.5.sdk -target arm64-apple-ios17.0-simulator -g -module-cache-path /Users/jeremywatt/Library/Developer/Xcode/DerivedData/ModuleCache.noindex -Xfrontend -serialize-debugging-options -profile-coverage-mapping -profile-generate -enable-testing -index-store-path /Users/jeremywatt/Library/Developer/Xcode/DerivedData/TodoTimers-hhkfosrtfdujgsaeyczcbhtfazrk/Index.noindex/DataStore -swift-version 5 -I /Users/jeremywatt/Library/Developer/Xcode/DerivedData/TodoTimers-hhkfosrtfdujgsaeyczcbhtfazrk/Build/Products/Debug-iphonesimulator -F /Users/jeremywatt/Library/Developer/Xcode/DerivedData/TodoTimers-hhkfosrtfdujgsaeyczcbhtfazrk/Build/Products/Debug-iphonesimulator -emit-localized-strings -emit-localized-strings-path /Users/jeremywatt/Library/Developer/Xcode/DerivedData/TodoTimers-hhkfosrtfdujgsaeyczcbhtfazrk/Build/Intermediates.noindex/TodoTimers.build/Debug-iphonesimulator/TodoTimers.build/Objects-normal/arm64 -c -j10 -enable-batch-mode -incremental -Xcc -ivfsstatcache -Xcc /Users/jeremywatt/Library/Developer/Xcode/DerivedData/SDKStatCaches.noindex/iphonesimulator18.5-22F76-d5fc8ad4295d2ef488fb7d0f804ce0c4.sdkstatcache -output-file-map /Users/jeremywatt/Library/Developer/Xcode/DerivedData/TodoTimers-hhkfosrtfdujgsaeyczcbhtfazrk/Build/Intermediates.noindex/TodoTimers.build/Debug-iphonesimulator/TodoTimers.build/Objects-normal/arm64/TodoTimers-OutputFileMap.json -use-frontend-parseable-output -save-temps -no-color-diagnostics -serialize-diagnostics -emit-dependencies -emit-module -emit-module-path /Users/jeremywatt/Library/Developer/Xcode/DerivedData/TodoTimers-hhkfosrtfdujgsaeyczcbhtfazrk/Build/Intermediates.noindex/TodoTimers.build/Debug-iphonesimulator/TodoTimers.build/Objects-normal/arm64/TodoTimers.swiftmodule -validate-clang-modules-once -clang-build-session-file /Users/jeremywatt/Library/Developer/Xcode/DerivedData/ModuleCache.noindex/Session.modulevalidation -Xcc -I/Users/jeremywatt/Library/Developer/Xcode/DerivedData/TodoTimers-hhkfosrtfdujgsaeyczcbhtfazrk/Build/Intermediates.noindex/TodoTimers.build/Debug-iphonesimulator/TodoTimers.build/swift-overrides.hmap -emit-const-values -Xfrontend -const-gather-protocols-file -Xfrontend /Users/jeremywatt/Library/Developer/Xcode/DerivedData/TodoTimers-hhkfosrtfdujgsaeyczcbhtfazrk/Build/Intermediates.noindex/TodoTimers.build/Debug-iphonesimulator/TodoTimers.build/Objects-normal/arm64/TodoTimers_const_extract_protocols.json -Xcc -iquote -Xcc /Users/jeremywatt/Library/Developer/Xcode/DerivedData/TodoTimers-hhkfosrtfdujgsaeyczcbhtfazrk/Build/Intermediates.noindex/TodoTimers.build/Debug-iphonesimulator/TodoTimers.build/TodoTimers-generated-files.hmap -Xcc -I/Users/jeremywatt/Library/Developer/Xcode/DerivedData/TodoTimers-hhkfosrtfdujgsaeyczcbhtfazrk/Build/Intermediates.noindex/TodoTimers.build/Debug-iphonesimulator/TodoTimers.build/TodoTimers-own-target-headers.hmap -Xcc -I/Users/jeremywatt/Library/Developer/Xcode/DerivedData/TodoTimers-hhkfosrtfdujgsaeyczcbhtfazrk/Build/Intermediates.noindex/TodoTimers.build/Debug-iphonesimulator/TodoTimers.build/TodoTimers-all-target-headers.hmap -Xcc -iquote -Xcc /Users/jeremywatt/Library/Developer/Xcode/DerivedData/TodoTimers-hhkfosrtfdujgsaeyczcbhtfazrk/Build/Intermediates.noindex/TodoTimers.build/Debug-iphonesimulator/TodoTimers.build/TodoTimers-project-headers.hmap -Xcc -I/Users/jeremywatt/Library/Developer/Xcode/DerivedData/TodoTimers-hhkfosrtfdujgsaeyczcbhtfazrk/Build/Products/Debug-iphonesimulator/include -Xcc -I/Users/jeremywatt/Library/Developer/Xcode/DerivedData/TodoTimers-hhkfosrtfdujgsaeyczcbhtfazrk/Build/Intermediates.noindex/TodoTimers.build/Debug-iphonesimulator/TodoTimers.build/DerivedSources-normal/arm64 -Xcc -I/Users/jeremywatt/Library/Developer/Xcode/DerivedData/TodoTimers-hhkfosrtfdujgsaeyczcbhtfazrk/Build/Intermediates.noindex/TodoTimers.build/Debug-iphonesimulator/TodoTimers.build/DerivedSources/arm64 -Xcc -I/Users/jeremywatt/Library/Developer/Xcode/DerivedData/TodoTimers-hhkfosrtfdujgsaeyczcbhtfazrk/Build/Intermediates.noindex/TodoTimers.build/Debug-iphonesimulator/TodoTimers.build/DerivedSources -Xcc -DDEBUG\=1 -emit-objc-header -emit-objc-header-path /Users/jeremywatt/Library/Developer/Xcode/DerivedData/TodoTimers-hhkfosrtfdujgsaeyczcbhtfazrk/Build/Intermediates.noindex/TodoTimers.build/Debug-iphonesimulator/TodoTimers.build/Objects-normal/arm64/TodoTimers-Swift.h -working-directory /Users/jeremywatt/Desktop/todo-timers-ios/TodoTimers -experimental-emit-module-separately -disable-cmo

SwiftDriver TodoTimersUITests normal arm64 com.apple.xcode.tools.swift.compiler (in target 'TodoTimersUITests' from project 'TodoTimers')
    cd /Users/jeremywatt/Desktop/todo-timers-ios/TodoTimers
    builtin-SwiftDriver -- /Applications/Xcode.app/Contents/Developer/Toolchains/XcodeDefault.xctoolchain/usr/bin/swiftc -module-name TodoTimersUITests -Onone -enforce-exclusivity\=checked @/Users/jeremywatt/Library/Developer/Xcode/DerivedData/TodoTimers-hhkfosrtfdujgsaeyczcbhtfazrk/Build/Intermediates.noindex/TodoTimers.build/Debug-iphonesimulator/TodoTimersUITests.build/Objects-normal/arm64/TodoTimersUITests.SwiftFileList -DDEBUG -module-alias Testing\=_Testing_Unavailable -plugin-path /Applications/Xcode.app/Contents/Developer/Toolchains/XcodeDefault.xctoolchain/usr/lib/swift/host/plugins/testing -enable-bare-slash-regex -enable-experimental-feature DebugDescriptionMacro -sdk /Applications/Xcode.app/Contents/Developer/Platforms/iPhoneSimulator.platform/Developer/SDKs/iPhoneSimulator18.5.sdk -target arm64-apple-ios17.0-simulator -g -module-cache-path /Users/jeremywatt/Library/Developer/Xcode/DerivedData/ModuleCache.noindex -Xfrontend -serialize-debugging-options -profile-coverage-mapping -profile-generate -enable-testing -index-store-path /Users/jeremywatt/Library/Developer/Xcode/DerivedData/TodoTimers-hhkfosrtfdujgsaeyczcbhtfazrk/Index.noindex/DataStore -swift-version 5 -I /Users/jeremywatt/Library/Developer/Xcode/DerivedData/TodoTimers-hhkfosrtfdujgsaeyczcbhtfazrk/Build/Products/Debug-iphonesimulator -I /Applications/Xcode.app/Contents/Developer/Platforms/iPhoneSimulator.platform/Developer/usr/lib -F /Users/jeremywatt/Library/Developer/Xcode/DerivedData/TodoTimers-hhkfosrtfdujgsaeyczcbhtfazrk/Build/Products/Debug-iphonesimulator -F /Applications/Xcode.app/Contents/Developer/Platforms/iPhoneSimulator.platform/Developer/Library/Frameworks -F /Applications/Xcode.app/Contents/Developer/Platforms/iPhoneSimulator.platform/Developer/SDKs/iPhoneSimulator18.5.sdk/Developer/Library/Frameworks -c -j10 -enable-batch-mode -incremental -Xcc -ivfsstatcache -Xcc /Users/jeremywatt/Library/Developer/Xcode/DerivedData/SDKStatCaches.noindex/iphonesimulator18.5-22F76-d5fc8ad4295d2ef488fb7d0f804ce0c4.sdkstatcache -output-file-map /Users/jeremywatt/Library/Developer/Xcode/DerivedData/TodoTimers-hhkfosrtfdujgsaeyczcbhtfazrk/Build/Intermediates.noindex/TodoTimers.build/Debug-iphonesimulator/TodoTimersUITests.build/Objects-normal/arm64/TodoTimersUITests-OutputFileMap.json -use-frontend-parseable-output -save-temps -no-color-diagnostics -serialize-diagnostics -emit-dependencies -emit-module -emit-module-path /Users/jeremywatt/Library/Developer/Xcode/DerivedData/TodoTimers-hhkfosrtfdujgsaeyczcbhtfazrk/Build/Intermediates.noindex/TodoTimers.build/Debug-iphonesimulator/TodoTimersUITests.build/Objects-normal/arm64/TodoTimersUITests.swiftmodule -validate-clang-modules-once -clang-build-session-file /Users/jeremywatt/Library/Developer/Xcode/DerivedData/ModuleCache.noindex/Session.modulevalidation -Xcc -I/Users/jeremywatt/Library/Developer/Xcode/DerivedData/TodoTimers-hhkfosrtfdujgsaeyczcbhtfazrk/Build/Intermediates.noindex/TodoTimers.build/Debug-iphonesimulator/TodoTimersUITests.build/swift-overrides.hmap -emit-const-values -Xfrontend -const-gather-protocols-file -Xfrontend /Users/jeremywatt/Library/Developer/Xcode/DerivedData/TodoTimers-hhkfosrtfdujgsaeyczcbhtfazrk/Build/Intermediates.noindex/TodoTimers.build/Debug-iphonesimulator/TodoTimersUITests.build/Objects-normal/arm64/TodoTimersUITests_const_extract_protocols.json -Xcc -iquote -Xcc /Users/jeremywatt/Library/Developer/Xcode/DerivedData/TodoTimers-hhkfosrtfdujgsaeyczcbhtfazrk/Build/Intermediates.noindex/TodoTimers.build/Debug-iphonesimulator/TodoTimersUITests.build/TodoTimersUITests-generated-files.hmap -Xcc -I/Users/jeremywatt/Library/Developer/Xcode/DerivedData/TodoTimers-hhkfosrtfdujgsaeyczcbhtfazrk/Build/Intermediates.noindex/TodoTimers.build/Debug-iphonesimulator/TodoTimersUITests.build/TodoTimersUITests-own-target-headers.hmap -Xcc -I/Users/jeremywatt/Library/Developer/Xcode/DerivedData/TodoTimers-hhkfosrtfdujgsaeyczcbhtfazrk/Build/Intermediates.noindex/TodoTimers.build/Debug-iphonesimulator/TodoTimersUITests.build/TodoTimersUITests-all-target-headers.hmap -Xcc -iquote -Xcc /Users/jeremywatt/Library/Developer/Xcode/DerivedData/TodoTimers-hhkfosrtfdujgsaeyczcbhtfazrk/Build/Intermediates.noindex/TodoTimers.build/Debug-iphonesimulator/TodoTimersUITests.build/TodoTimersUITests-project-headers.hmap -Xcc -I/Users/jeremywatt/Library/Developer/Xcode/DerivedData/TodoTimers-hhkfosrtfdujgsaeyczcbhtfazrk/Build/Products/Debug-iphonesimulator/include -Xcc -I/Users/jeremywatt/Library/Developer/Xcode/DerivedData/TodoTimers-hhkfosrtfdujgsaeyczcbhtfazrk/Build/Intermediates.noindex/TodoTimers.build/Debug-iphonesimulator/TodoTimersUITests.build/DerivedSources-normal/arm64 -Xcc -I/Users/jeremywatt/Library/Developer/Xcode/DerivedData/TodoTimers-hhkfosrtfdujgsaeyczcbhtfazrk/Build/Intermediates.noindex/TodoTimers.build/Debug-iphonesimulator/TodoTimersUITests.build/DerivedSources/arm64 -Xcc -I/Users/jeremywatt/Library/Developer/Xcode/DerivedData/TodoTimers-hhkfosrtfdujgsaeyczcbhtfazrk/Build/Intermediates.noindex/TodoTimers.build/Debug-iphonesimulator/TodoTimersUITests.build/DerivedSources -Xcc -DDEBUG\=1 -emit-objc-header -emit-objc-header-path /Users/jeremywatt/Library/Developer/Xcode/DerivedData/TodoTimers-hhkfosrtfdujgsaeyczcbhtfazrk/Build/Intermediates.noindex/TodoTimers.build/Debug-iphonesimulator/TodoTimersUITests.build/Objects-normal/arm64/TodoTimersUITests-Swift.h -working-directory /Users/jeremywatt/Desktop/todo-timers-ios/TodoTimers -experimental-emit-module-separately -disable-cmo

SwiftDriver TodoTimersTests normal arm64 com.apple.xcode.tools.swift.compiler (in target 'TodoTimersTests' from project 'TodoTimers')
    cd /Users/jeremywatt/Desktop/todo-timers-ios/TodoTimers
    builtin-SwiftDriver -- /Applications/Xcode.app/Contents/Developer/Toolchains/XcodeDefault.xctoolchain/usr/bin/swiftc -module-name TodoTimersTests -Onone -enforce-exclusivity\=checked @/Users/jeremywatt/Library/Developer/Xcode/DerivedData/TodoTimers-hhkfosrtfdujgsaeyczcbhtfazrk/Build/Intermediates.noindex/TodoTimers.build/Debug-iphonesimulator/TodoTimersTests.build/Objects-normal/arm64/TodoTimersTests.SwiftFileList -DDEBUG -plugin-path /Applications/Xcode.app/Contents/Developer/Toolchains/XcodeDefault.xctoolchain/usr/lib/swift/host/plugins/testing -enable-bare-slash-regex -enable-experimental-feature DebugDescriptionMacro -sdk /Applications/Xcode.app/Contents/Developer/Platforms/iPhoneSimulator.platform/Developer/SDKs/iPhoneSimulator18.5.sdk -target arm64-apple-ios17.0-simulator -g -module-cache-path /Users/jeremywatt/Library/Developer/Xcode/DerivedData/ModuleCache.noindex -Xfrontend -serialize-debugging-options -profile-coverage-mapping -profile-generate -enable-testing -index-store-path /Users/jeremywatt/Library/Developer/Xcode/DerivedData/TodoTimers-hhkfosrtfdujgsaeyczcbhtfazrk/Index.noindex/DataStore -swift-version 5 -I /Users/jeremywatt/Library/Developer/Xcode/DerivedData/TodoTimers-hhkfosrtfdujgsaeyczcbhtfazrk/Build/Products/Debug-iphonesimulator -I /Applications/Xcode.app/Contents/Developer/Platforms/iPhoneSimulator.platform/Developer/usr/lib -F /Users/jeremywatt/Library/Developer/Xcode/DerivedData/TodoTimers-hhkfosrtfdujgsaeyczcbhtfazrk/Build/Products/Debug-iphonesimulator -F /Applications/Xcode.app/Contents/Developer/Platforms/iPhoneSimulator.platform/Developer/Library/Frameworks -F /Applications/Xcode.app/Contents/Developer/Platforms/iPhoneSimulator.platform/Developer/SDKs/iPhoneSimulator18.5.sdk/Developer/Library/Frameworks -c -j10 -enable-batch-mode -incremental -Xcc -ivfsstatcache -Xcc /Users/jeremywatt/Library/Developer/Xcode/DerivedData/SDKStatCaches.noindex/iphonesimulator18.5-22F76-d5fc8ad4295d2ef488fb7d0f804ce0c4.sdkstatcache -output-file-map /Users/jeremywatt/Library/Developer/Xcode/DerivedData/TodoTimers-hhkfosrtfdujgsaeyczcbhtfazrk/Build/Intermediates.noindex/TodoTimers.build/Debug-iphonesimulator/TodoTimersTests.build/Objects-normal/arm64/TodoTimersTests-OutputFileMap.json -use-frontend-parseable-output -save-temps -no-color-diagnostics -serialize-diagnostics -emit-dependencies -emit-module -emit-module-path /Users/jeremywatt/Library/Developer/Xcode/DerivedData/TodoTimers-hhkfosrtfdujgsaeyczcbhtfazrk/Build/Intermediates.noindex/TodoTimers.build/Debug-iphonesimulator/TodoTimersTests.build/Objects-normal/arm64/TodoTimersTests.swiftmodule -validate-clang-modules-once -clang-build-session-file /Users/jeremywatt/Library/Developer/Xcode/DerivedData/ModuleCache.noindex/Session.modulevalidation -Xcc -I/Users/jeremywatt/Library/Developer/Xcode/DerivedData/TodoTimers-hhkfosrtfdujgsaeyczcbhtfazrk/Build/Intermediates.noindex/TodoTimers.build/Debug-iphonesimulator/TodoTimersTests.build/swift-overrides.hmap -emit-const-values -Xfrontend -const-gather-protocols-file -Xfrontend /Users/jeremywatt/Library/Developer/Xcode/DerivedData/TodoTimers-hhkfosrtfdujgsaeyczcbhtfazrk/Build/Intermediates.noindex/TodoTimers.build/Debug-iphonesimulator/TodoTimersTests.build/Objects-normal/arm64/TodoTimersTests_const_extract_protocols.json -Xcc -iquote -Xcc /Users/jeremywatt/Library/Developer/Xcode/DerivedData/TodoTimers-hhkfosrtfdujgsaeyczcbhtfazrk/Build/Intermediates.noindex/TodoTimers.build/Debug-iphonesimulator/TodoTimersTests.build/TodoTimersTests-generated-files.hmap -Xcc -I/Users/jeremywatt/Library/Developer/Xcode/DerivedData/TodoTimers-hhkfosrtfdujgsaeyczcbhtfazrk/Build/Intermediates.noindex/TodoTimers.build/Debug-iphonesimulator/TodoTimersTests.build/TodoTimersTests-own-target-headers.hmap -Xcc -I/Users/jeremywatt/Library/Developer/Xcode/DerivedData/TodoTimers-hhkfosrtfdujgsaeyczcbhtfazrk/Build/Intermediates.noindex/TodoTimers.build/Debug-iphonesimulator/TodoTimersTests.build/TodoTimersTests-all-target-headers.hmap -Xcc -iquote -Xcc /Users/jeremywatt/Library/Developer/Xcode/DerivedData/TodoTimers-hhkfosrtfdujgsaeyczcbhtfazrk/Build/Intermediates.noindex/TodoTimers.build/Debug-iphonesimulator/TodoTimersTests.build/TodoTimersTests-project-headers.hmap -Xcc -I/Users/jeremywatt/Library/Developer/Xcode/DerivedData/TodoTimers-hhkfosrtfdujgsaeyczcbhtfazrk/Build/Products/Debug-iphonesimulator/include -Xcc -I/Users/jeremywatt/Library/Developer/Xcode/DerivedData/TodoTimers-hhkfosrtfdujgsaeyczcbhtfazrk/Build/Intermediates.noindex/TodoTimers.build/Debug-iphonesimulator/TodoTimersTests.build/DerivedSources-normal/arm64 -Xcc -I/Users/jeremywatt/Library/Developer/Xcode/DerivedData/TodoTimers-hhkfosrtfdujgsaeyczcbhtfazrk/Build/Intermediates.noindex/TodoTimers.build/Debug-iphonesimulator/TodoTimersTests.build/DerivedSources/arm64 -Xcc -I/Users/jeremywatt/Library/Developer/Xcode/DerivedData/TodoTimers-hhkfosrtfdujgsaeyczcbhtfazrk/Build/Intermediates.noindex/TodoTimers.build/Debug-iphonesimulator/TodoTimersTests.build/DerivedSources -Xcc -DDEBUG\=1 -emit-objc-header -emit-objc-header-path /Users/jeremywatt/Library/Developer/Xcode/DerivedData/TodoTimers-hhkfosrtfdujgsaeyczcbhtfazrk/Build/Intermediates.noindex/TodoTimers.build/Debug-iphonesimulator/TodoTimersTests.build/Objects-normal/arm64/TodoTimersTests-Swift.h -working-directory /Users/jeremywatt/Desktop/todo-timers-ios/TodoTimers -experimental-emit-module-separately -disable-cmo

Ld /Users/jeremywatt/Library/Developer/Xcode/DerivedData/TodoTimers-hhkfosrtfdujgsaeyczcbhtfazrk/Build/Products/Debug-iphonesimulator/TodoTimers.app/TodoTimers.debug.dylib normal (in target 'TodoTimers' from project 'TodoTimers')
    cd /Users/jeremywatt/Desktop/todo-timers-ios/TodoTimers
    /Applications/Xcode.app/Contents/Developer/Toolchains/XcodeDefault.xctoolchain/usr/bin/clang -Xlinker -reproducible -target arm64-apple-ios17.0-simulator -dynamiclib -isysroot /Applications/Xcode.app/Contents/Developer/Platforms/iPhoneSimulator.platform/Developer/SDKs/iPhoneSimulator18.5.sdk -O0 -L/Users/jeremywatt/Library/Developer/Xcode/DerivedData/TodoTimers-hhkfosrtfdujgsaeyczcbhtfazrk/Build/Intermediates.noindex/EagerLinkingTBDs/Debug-iphonesimulator -L/Users/jeremywatt/Library/Developer/Xcode/DerivedData/TodoTimers-hhkfosrtfdujgsaeyczcbhtfazrk/Build/Products/Debug-iphonesimulator -F/Users/jeremywatt/Library/Developer/Xcode/DerivedData/TodoTimers-hhkfosrtfdujgsaeyczcbhtfazrk/Build/Intermediates.noindex/EagerLinkingTBDs/Debug-iphonesimulator -F/Users/jeremywatt/Library/Developer/Xcode/DerivedData/TodoTimers-hhkfosrtfdujgsaeyczcbhtfazrk/Build/Products/Debug-iphonesimulator -filelist /Users/jeremywatt/Library/Developer/Xcode/DerivedData/TodoTimers-hhkfosrtfdujgsaeyczcbhtfazrk/Build/Intermediates.noindex/TodoTimers.build/Debug-iphonesimulator/TodoTimers.build/Objects-normal/arm64/TodoTimers.LinkFileList -install_name @rpath/TodoTimers.debug.dylib -Xlinker -rpath -Xlinker @executable_path/Frameworks -dead_strip -Xlinker -object_path_lto -Xlinker /Users/jeremywatt/Library/Developer/Xcode/DerivedData/TodoTimers-hhkfosrtfdujgsaeyczcbhtfazrk/Build/Intermediates.noindex/TodoTimers.build/Debug-iphonesimulator/TodoTimers.build/Objects-normal/arm64/TodoTimers_lto.o -rdynamic -Xlinker -no_deduplicate -Xlinker -objc_abi_version -Xlinker 2 -Xlinker -debug_variant -Xlinker -dependency_info -Xlinker /Users/jeremywatt/Library/Developer/Xcode/DerivedData/TodoTimers-hhkfosrtfdujgsaeyczcbhtfazrk/Build/Intermediates.noindex/TodoTimers.build/Debug-iphonesimulator/TodoTimers.build/Objects-normal/arm64/TodoTimers_dependency_info.dat -fobjc-link-runtime -fprofile-instr-generate -L/Applications/Xcode.app/Contents/Developer/Toolchains/XcodeDefault.xctoolchain/usr/lib/swift/iphonesimulator -L/usr/lib/swift -Xlinker -add_ast_path -Xlinker /Users/jeremywatt/Library/Developer/Xcode/DerivedData/TodoTimers-hhkfosrtfdujgsaeyczcbhtfazrk/Build/Intermediates.noindex/TodoTimers.build/Debug-iphonesimulator/TodoTimers.build/Objects-normal/arm64/TodoTimers.swiftmodule -Xlinker -alias -Xlinker _main -Xlinker ___debug_main_executable_dylib_entry_point -Xlinker -no_adhoc_codesign -o /Users/jeremywatt/Library/Developer/Xcode/DerivedData/TodoTimers-hhkfosrtfdujgsaeyczcbhtfazrk/Build/Products/Debug-iphonesimulator/TodoTimers.app/TodoTimers.debug.dylib

SwiftDriver\ Compilation\ Requirements TodoTimersUITests normal arm64 com.apple.xcode.tools.swift.compiler (in target 'TodoTimersUITests' from project 'TodoTimers')
    cd /Users/jeremywatt/Desktop/todo-timers-ios/TodoTimers
    builtin-Swift-Compilation-Requirements -- /Applications/Xcode.app/Contents/Developer/Toolchains/XcodeDefault.xctoolchain/usr/bin/swiftc -module-name TodoTimersUITests -Onone -enforce-exclusivity\=checked @/Users/jeremywatt/Library/Developer/Xcode/DerivedData/TodoTimers-hhkfosrtfdujgsaeyczcbhtfazrk/Build/Intermediates.noindex/TodoTimers.build/Debug-iphonesimulator/TodoTimersUITests.build/Objects-normal/arm64/TodoTimersUITests.SwiftFileList -DDEBUG -module-alias Testing\=_Testing_Unavailable -plugin-path /Applications/Xcode.app/Contents/Developer/Toolchains/XcodeDefault.xctoolchain/usr/lib/swift/host/plugins/testing -enable-bare-slash-regex -enable-experimental-feature DebugDescriptionMacro -sdk /Applications/Xcode.app/Contents/Developer/Platforms/iPhoneSimulator.platform/Developer/SDKs/iPhoneSimulator18.5.sdk -target arm64-apple-ios17.0-simulator -g -module-cache-path /Users/jeremywatt/Library/Developer/Xcode/DerivedData/ModuleCache.noindex -Xfrontend -serialize-debugging-options -profile-coverage-mapping -profile-generate -enable-testing -index-store-path /Users/jeremywatt/Library/Developer/Xcode/DerivedData/TodoTimers-hhkfosrtfdujgsaeyczcbhtfazrk/Index.noindex/DataStore -swift-version 5 -I /Users/jeremywatt/Library/Developer/Xcode/DerivedData/TodoTimers-hhkfosrtfdujgsaeyczcbhtfazrk/Build/Products/Debug-iphonesimulator -I /Applications/Xcode.app/Contents/Developer/Platforms/iPhoneSimulator.platform/Developer/usr/lib -F /Users/jeremywatt/Library/Developer/Xcode/DerivedData/TodoTimers-hhkfosrtfdujgsaeyczcbhtfazrk/Build/Products/Debug-iphonesimulator -F /Applications/Xcode.app/Contents/Developer/Platforms/iPhoneSimulator.platform/Developer/Library/Frameworks -F /Applications/Xcode.app/Contents/Developer/Platforms/iPhoneSimulator.platform/Developer/SDKs/iPhoneSimulator18.5.sdk/Developer/Library/Frameworks -c -j10 -enable-batch-mode -incremental -Xcc -ivfsstatcache -Xcc /Users/jeremywatt/Library/Developer/Xcode/DerivedData/SDKStatCaches.noindex/iphonesimulator18.5-22F76-d5fc8ad4295d2ef488fb7d0f804ce0c4.sdkstatcache -output-file-map /Users/jeremywatt/Library/Developer/Xcode/DerivedData/TodoTimers-hhkfosrtfdujgsaeyczcbhtfazrk/Build/Intermediates.noindex/TodoTimers.build/Debug-iphonesimulator/TodoTimersUITests.build/Objects-normal/arm64/TodoTimersUITests-OutputFileMap.json -use-frontend-parseable-output -save-temps -no-color-diagnostics -serialize-diagnostics -emit-dependencies -emit-module -emit-module-path /Users/jeremywatt/Library/Developer/Xcode/DerivedData/TodoTimers-hhkfosrtfdujgsaeyczcbhtfazrk/Build/Intermediates.noindex/TodoTimers.build/Debug-iphonesimulator/TodoTimersUITests.build/Objects-normal/arm64/TodoTimersUITests.swiftmodule -validate-clang-modules-once -clang-build-session-file /Users/jeremywatt/Library/Developer/Xcode/DerivedData/ModuleCache.noindex/Session.modulevalidation -Xcc -I/Users/jeremywatt/Library/Developer/Xcode/DerivedData/TodoTimers-hhkfosrtfdujgsaeyczcbhtfazrk/Build/Intermediates.noindex/TodoTimers.build/Debug-iphonesimulator/TodoTimersUITests.build/swift-overrides.hmap -emit-const-values -Xfrontend -const-gather-protocols-file -Xfrontend /Users/jeremywatt/Library/Developer/Xcode/DerivedData/TodoTimers-hhkfosrtfdujgsaeyczcbhtfazrk/Build/Intermediates.noindex/TodoTimers.build/Debug-iphonesimulator/TodoTimersUITests.build/Objects-normal/arm64/TodoTimersUITests_const_extract_protocols.json -Xcc -iquote -Xcc /Users/jeremywatt/Library/Developer/Xcode/DerivedData/TodoTimers-hhkfosrtfdujgsaeyczcbhtfazrk/Build/Intermediates.noindex/TodoTimers.build/Debug-iphonesimulator/TodoTimersUITests.build/TodoTimersUITests-generated-files.hmap -Xcc -I/Users/jeremywatt/Library/Developer/Xcode/DerivedData/TodoTimers-hhkfosrtfdujgsaeyczcbhtfazrk/Build/Intermediates.noindex/TodoTimers.build/Debug-iphonesimulator/TodoTimersUITests.build/TodoTimersUITests-own-target-headers.hmap -Xcc -I/Users/jeremywatt/Library/Developer/Xcode/DerivedData/TodoTimers-hhkfosrtfdujgsaeyczcbhtfazrk/Build/Intermediates.noindex/TodoTimers.build/Debug-iphonesimulator/TodoTimersUITests.build/TodoTimersUITests-all-target-headers.hmap -Xcc -iquote -Xcc /Users/jeremywatt/Library/Developer/Xcode/DerivedData/TodoTimers-hhkfosrtfdujgsaeyczcbhtfazrk/Build/Intermediates.noindex/TodoTimers.build/Debug-iphonesimulator/TodoTimersUITests.build/TodoTimersUITests-project-headers.hmap -Xcc -I/Users/jeremywatt/Library/Developer/Xcode/DerivedData/TodoTimers-hhkfosrtfdujgsaeyczcbhtfazrk/Build/Products/Debug-iphonesimulator/include -Xcc -I/Users/jeremywatt/Library/Developer/Xcode/DerivedData/TodoTimers-hhkfosrtfdujgsaeyczcbhtfazrk/Build/Intermediates.noindex/TodoTimers.build/Debug-iphonesimulator/TodoTimersUITests.build/DerivedSources-normal/arm64 -Xcc -I/Users/jeremywatt/Library/Developer/Xcode/DerivedData/TodoTimers-hhkfosrtfdujgsaeyczcbhtfazrk/Build/Intermediates.noindex/TodoTimers.build/Debug-iphonesimulator/TodoTimersUITests.build/DerivedSources/arm64 -Xcc -I/Users/jeremywatt/Library/Developer/Xcode/DerivedData/TodoTimers-hhkfosrtfdujgsaeyczcbhtfazrk/Build/Intermediates.noindex/TodoTimers.build/Debug-iphonesimulator/TodoTimersUITests.build/DerivedSources -Xcc -DDEBUG\=1 -emit-objc-header -emit-objc-header-path /Users/jeremywatt/Library/Developer/Xcode/DerivedData/TodoTimers-hhkfosrtfdujgsaeyczcbhtfazrk/Build/Intermediates.noindex/TodoTimers.build/Debug-iphonesimulator/TodoTimersUITests.build/Objects-normal/arm64/TodoTimersUITests-Swift.h -working-directory /Users/jeremywatt/Desktop/todo-timers-ios/TodoTimers -experimental-emit-module-separately -disable-cmo

SwiftDriver\ Compilation TodoTimersUITests normal arm64 com.apple.xcode.tools.swift.compiler (in target 'TodoTimersUITests' from project 'TodoTimers')
    cd /Users/jeremywatt/Desktop/todo-timers-ios/TodoTimers
    builtin-Swift-Compilation -- /Applications/Xcode.app/Contents/Developer/Toolchains/XcodeDefault.xctoolchain/usr/bin/swiftc -module-name TodoTimersUITests -Onone -enforce-exclusivity\=checked @/Users/jeremywatt/Library/Developer/Xcode/DerivedData/TodoTimers-hhkfosrtfdujgsaeyczcbhtfazrk/Build/Intermediates.noindex/TodoTimers.build/Debug-iphonesimulator/TodoTimersUITests.build/Objects-normal/arm64/TodoTimersUITests.SwiftFileList -DDEBUG -module-alias Testing\=_Testing_Unavailable -plugin-path /Applications/Xcode.app/Contents/Developer/Toolchains/XcodeDefault.xctoolchain/usr/lib/swift/host/plugins/testing -enable-bare-slash-regex -enable-experimental-feature DebugDescriptionMacro -sdk /Applications/Xcode.app/Contents/Developer/Platforms/iPhoneSimulator.platform/Developer/SDKs/iPhoneSimulator18.5.sdk -target arm64-apple-ios17.0-simulator -g -module-cache-path /Users/jeremywatt/Library/Developer/Xcode/DerivedData/ModuleCache.noindex -Xfrontend -serialize-debugging-options -profile-coverage-mapping -profile-generate -enable-testing -index-store-path /Users/jeremywatt/Library/Developer/Xcode/DerivedData/TodoTimers-hhkfosrtfdujgsaeyczcbhtfazrk/Index.noindex/DataStore -swift-version 5 -I /Users/jeremywatt/Library/Developer/Xcode/DerivedData/TodoTimers-hhkfosrtfdujgsaeyczcbhtfazrk/Build/Products/Debug-iphonesimulator -I /Applications/Xcode.app/Contents/Developer/Platforms/iPhoneSimulator.platform/Developer/usr/lib -F /Users/jeremywatt/Library/Developer/Xcode/DerivedData/TodoTimers-hhkfosrtfdujgsaeyczcbhtfazrk/Build/Products/Debug-iphonesimulator -F /Applications/Xcode.app/Contents/Developer/Platforms/iPhoneSimulator.platform/Developer/Library/Frameworks -F /Applications/Xcode.app/Contents/Developer/Platforms/iPhoneSimulator.platform/Developer/SDKs/iPhoneSimulator18.5.sdk/Developer/Library/Frameworks -c -j10 -enable-batch-mode -incremental -Xcc -ivfsstatcache -Xcc /Users/jeremywatt/Library/Developer/Xcode/DerivedData/SDKStatCaches.noindex/iphonesimulator18.5-22F76-d5fc8ad4295d2ef488fb7d0f804ce0c4.sdkstatcache -output-file-map /Users/jeremywatt/Library/Developer/Xcode/DerivedData/TodoTimers-hhkfosrtfdujgsaeyczcbhtfazrk/Build/Intermediates.noindex/TodoTimers.build/Debug-iphonesimulator/TodoTimersUITests.build/Objects-normal/arm64/TodoTimersUITests-OutputFileMap.json -use-frontend-parseable-output -save-temps -no-color-diagnostics -serialize-diagnostics -emit-dependencies -emit-module -emit-module-path /Users/jeremywatt/Library/Developer/Xcode/DerivedData/TodoTimers-hhkfosrtfdujgsaeyczcbhtfazrk/Build/Intermediates.noindex/TodoTimers.build/Debug-iphonesimulator/TodoTimersUITests.build/Objects-normal/arm64/TodoTimersUITests.swiftmodule -validate-clang-modules-once -clang-build-session-file /Users/jeremywatt/Library/Developer/Xcode/DerivedData/ModuleCache.noindex/Session.modulevalidation -Xcc -I/Users/jeremywatt/Library/Developer/Xcode/DerivedData/TodoTimers-hhkfosrtfdujgsaeyczcbhtfazrk/Build/Intermediates.noindex/TodoTimers.build/Debug-iphonesimulator/TodoTimersUITests.build/swift-overrides.hmap -emit-const-values -Xfrontend -const-gather-protocols-file -Xfrontend /Users/jeremywatt/Library/Developer/Xcode/DerivedData/TodoTimers-hhkfosrtfdujgsaeyczcbhtfazrk/Build/Intermediates.noindex/TodoTimers.build/Debug-iphonesimulator/TodoTimersUITests.build/Objects-normal/arm64/TodoTimersUITests_const_extract_protocols.json -Xcc -iquote -Xcc /Users/jeremywatt/Library/Developer/Xcode/DerivedData/TodoTimers-hhkfosrtfdujgsaeyczcbhtfazrk/Build/Intermediates.noindex/TodoTimers.build/Debug-iphonesimulator/TodoTimersUITests.build/TodoTimersUITests-generated-files.hmap -Xcc -I/Users/jeremywatt/Library/Developer/Xcode/DerivedData/TodoTimers-hhkfosrtfdujgsaeyczcbhtfazrk/Build/Intermediates.noindex/TodoTimers.build/Debug-iphonesimulator/TodoTimersUITests.build/TodoTimersUITests-own-target-headers.hmap -Xcc -I/Users/jeremywatt/Library/Developer/Xcode/DerivedData/TodoTimers-hhkfosrtfdujgsaeyczcbhtfazrk/Build/Intermediates.noindex/TodoTimers.build/Debug-iphonesimulator/TodoTimersUITests.build/TodoTimersUITests-all-target-headers.hmap -Xcc -iquote -Xcc /Users/jeremywatt/Library/Developer/Xcode/DerivedData/TodoTimers-hhkfosrtfdujgsaeyczcbhtfazrk/Build/Intermediates.noindex/TodoTimers.build/Debug-iphonesimulator/TodoTimersUITests.build/TodoTimersUITests-project-headers.hmap -Xcc -I/Users/jeremywatt/Library/Developer/Xcode/DerivedData/TodoTimers-hhkfosrtfdujgsaeyczcbhtfazrk/Build/Products/Debug-iphonesimulator/include -Xcc -I/Users/jeremywatt/Library/Developer/Xcode/DerivedData/TodoTimers-hhkfosrtfdujgsaeyczcbhtfazrk/Build/Intermediates.noindex/TodoTimers.build/Debug-iphonesimulator/TodoTimersUITests.build/DerivedSources-normal/arm64 -Xcc -I/Users/jeremywatt/Library/Developer/Xcode/DerivedData/TodoTimers-hhkfosrtfdujgsaeyczcbhtfazrk/Build/Intermediates.noindex/TodoTimers.build/Debug-iphonesimulator/TodoTimersUITests.build/DerivedSources/arm64 -Xcc -I/Users/jeremywatt/Library/Developer/Xcode/DerivedData/TodoTimers-hhkfosrtfdujgsaeyczcbhtfazrk/Build/Intermediates.noindex/TodoTimers.build/Debug-iphonesimulator/TodoTimersUITests.build/DerivedSources -Xcc -DDEBUG\=1 -emit-objc-header -emit-objc-header-path /Users/jeremywatt/Library/Developer/Xcode/DerivedData/TodoTimers-hhkfosrtfdujgsaeyczcbhtfazrk/Build/Intermediates.noindex/TodoTimers.build/Debug-iphonesimulator/TodoTimersUITests.build/Objects-normal/arm64/TodoTimersUITests-Swift.h -working-directory /Users/jeremywatt/Desktop/todo-timers-ios/TodoTimers -experimental-emit-module-separately -disable-cmo

SwiftDriver\ Compilation\ Requirements TodoTimersTests normal arm64 com.apple.xcode.tools.swift.compiler (in target 'TodoTimersTests' from project 'TodoTimers')
    cd /Users/jeremywatt/Desktop/todo-timers-ios/TodoTimers
    builtin-Swift-Compilation-Requirements -- /Applications/Xcode.app/Contents/Developer/Toolchains/XcodeDefault.xctoolchain/usr/bin/swiftc -module-name TodoTimersTests -Onone -enforce-exclusivity\=checked @/Users/jeremywatt/Library/Developer/Xcode/DerivedData/TodoTimers-hhkfosrtfdujgsaeyczcbhtfazrk/Build/Intermediates.noindex/TodoTimers.build/Debug-iphonesimulator/TodoTimersTests.build/Objects-normal/arm64/TodoTimersTests.SwiftFileList -DDEBUG -plugin-path /Applications/Xcode.app/Contents/Developer/Toolchains/XcodeDefault.xctoolchain/usr/lib/swift/host/plugins/testing -enable-bare-slash-regex -enable-experimental-feature DebugDescriptionMacro -sdk /Applications/Xcode.app/Contents/Developer/Platforms/iPhoneSimulator.platform/Developer/SDKs/iPhoneSimulator18.5.sdk -target arm64-apple-ios17.0-simulator -g -module-cache-path /Users/jeremywatt/Library/Developer/Xcode/DerivedData/ModuleCache.noindex -Xfrontend -serialize-debugging-options -profile-coverage-mapping -profile-generate -enable-testing -index-store-path /Users/jeremywatt/Library/Developer/Xcode/DerivedData/TodoTimers-hhkfosrtfdujgsaeyczcbhtfazrk/Index.noindex/DataStore -swift-version 5 -I /Users/jeremywatt/Library/Developer/Xcode/DerivedData/TodoTimers-hhkfosrtfdujgsaeyczcbhtfazrk/Build/Products/Debug-iphonesimulator -I /Applications/Xcode.app/Contents/Developer/Platforms/iPhoneSimulator.platform/Developer/usr/lib -F /Users/jeremywatt/Library/Developer/Xcode/DerivedData/TodoTimers-hhkfosrtfdujgsaeyczcbhtfazrk/Build/Products/Debug-iphonesimulator -F /Applications/Xcode.app/Contents/Developer/Platforms/iPhoneSimulator.platform/Developer/Library/Frameworks -F /Applications/Xcode.app/Contents/Developer/Platforms/iPhoneSimulator.platform/Developer/SDKs/iPhoneSimulator18.5.sdk/Developer/Library/Frameworks -c -j10 -enable-batch-mode -incremental -Xcc -ivfsstatcache -Xcc /Users/jeremywatt/Library/Developer/Xcode/DerivedData/SDKStatCaches.noindex/iphonesimulator18.5-22F76-d5fc8ad4295d2ef488fb7d0f804ce0c4.sdkstatcache -output-file-map /Users/jeremywatt/Library/Developer/Xcode/DerivedData/TodoTimers-hhkfosrtfdujgsaeyczcbhtfazrk/Build/Intermediates.noindex/TodoTimers.build/Debug-iphonesimulator/TodoTimersTests.build/Objects-normal/arm64/TodoTimersTests-OutputFileMap.json -use-frontend-parseable-output -save-temps -no-color-diagnostics -serialize-diagnostics -emit-dependencies -emit-module -emit-module-path /Users/jeremywatt/Library/Developer/Xcode/DerivedData/TodoTimers-hhkfosrtfdujgsaeyczcbhtfazrk/Build/Intermediates.noindex/TodoTimers.build/Debug-iphonesimulator/TodoTimersTests.build/Objects-normal/arm64/TodoTimersTests.swiftmodule -validate-clang-modules-once -clang-build-session-file /Users/jeremywatt/Library/Developer/Xcode/DerivedData/ModuleCache.noindex/Session.modulevalidation -Xcc -I/Users/jeremywatt/Library/Developer/Xcode/DerivedData/TodoTimers-hhkfosrtfdujgsaeyczcbhtfazrk/Build/Intermediates.noindex/TodoTimers.build/Debug-iphonesimulator/TodoTimersTests.build/swift-overrides.hmap -emit-const-values -Xfrontend -const-gather-protocols-file -Xfrontend /Users/jeremywatt/Library/Developer/Xcode/DerivedData/TodoTimers-hhkfosrtfdujgsaeyczcbhtfazrk/Build/Intermediates.noindex/TodoTimers.build/Debug-iphonesimulator/TodoTimersTests.build/Objects-normal/arm64/TodoTimersTests_const_extract_protocols.json -Xcc -iquote -Xcc /Users/jeremywatt/Library/Developer/Xcode/DerivedData/TodoTimers-hhkfosrtfdujgsaeyczcbhtfazrk/Build/Intermediates.noindex/TodoTimers.build/Debug-iphonesimulator/TodoTimersTests.build/TodoTimersTests-generated-files.hmap -Xcc -I/Users/jeremywatt/Library/Developer/Xcode/DerivedData/TodoTimers-hhkfosrtfdujgsaeyczcbhtfazrk/Build/Intermediates.noindex/TodoTimers.build/Debug-iphonesimulator/TodoTimersTests.build/TodoTimersTests-own-target-headers.hmap -Xcc -I/Users/jeremywatt/Library/Developer/Xcode/DerivedData/TodoTimers-hhkfosrtfdujgsaeyczcbhtfazrk/Build/Intermediates.noindex/TodoTimers.build/Debug-iphonesimulator/TodoTimersTests.build/TodoTimersTests-all-target-headers.hmap -Xcc -iquote -Xcc /Users/jeremywatt/Library/Developer/Xcode/DerivedData/TodoTimers-hhkfosrtfdujgsaeyczcbhtfazrk/Build/Intermediates.noindex/TodoTimers.build/Debug-iphonesimulator/TodoTimersTests.build/TodoTimersTests-project-headers.hmap -Xcc -I/Users/jeremywatt/Library/Developer/Xcode/DerivedData/TodoTimers-hhkfosrtfdujgsaeyczcbhtfazrk/Build/Products/Debug-iphonesimulator/include -Xcc -I/Users/jeremywatt/Library/Developer/Xcode/DerivedData/TodoTimers-hhkfosrtfdujgsaeyczcbhtfazrk/Build/Intermediates.noindex/TodoTimers.build/Debug-iphonesimulator/TodoTimersTests.build/DerivedSources-normal/arm64 -Xcc -I/Users/jeremywatt/Library/Developer/Xcode/DerivedData/TodoTimers-hhkfosrtfdujgsaeyczcbhtfazrk/Build/Intermediates.noindex/TodoTimers.build/Debug-iphonesimulator/TodoTimersTests.build/DerivedSources/arm64 -Xcc -I/Users/jeremywatt/Library/Developer/Xcode/DerivedData/TodoTimers-hhkfosrtfdujgsaeyczcbhtfazrk/Build/Intermediates.noindex/TodoTimers.build/Debug-iphonesimulator/TodoTimersTests.build/DerivedSources -Xcc -DDEBUG\=1 -emit-objc-header -emit-objc-header-path /Users/jeremywatt/Library/Developer/Xcode/DerivedData/TodoTimers-hhkfosrtfdujgsaeyczcbhtfazrk/Build/Intermediates.noindex/TodoTimers.build/Debug-iphonesimulator/TodoTimersTests.build/Objects-normal/arm64/TodoTimersTests-Swift.h -working-directory /Users/jeremywatt/Desktop/todo-timers-ios/TodoTimers -experimental-emit-module-separately -disable-cmo

SwiftDriver\ Compilation TodoTimersTests normal arm64 com.apple.xcode.tools.swift.compiler (in target 'TodoTimersTests' from project 'TodoTimers')
    cd /Users/jeremywatt/Desktop/todo-timers-ios/TodoTimers
    builtin-Swift-Compilation -- /Applications/Xcode.app/Contents/Developer/Toolchains/XcodeDefault.xctoolchain/usr/bin/swiftc -module-name TodoTimersTests -Onone -enforce-exclusivity\=checked @/Users/jeremywatt/Library/Developer/Xcode/DerivedData/TodoTimers-hhkfosrtfdujgsaeyczcbhtfazrk/Build/Intermediates.noindex/TodoTimers.build/Debug-iphonesimulator/TodoTimersTests.build/Objects-normal/arm64/TodoTimersTests.SwiftFileList -DDEBUG -plugin-path /Applications/Xcode.app/Contents/Developer/Toolchains/XcodeDefault.xctoolchain/usr/lib/swift/host/plugins/testing -enable-bare-slash-regex -enable-experimental-feature DebugDescriptionMacro -sdk /Applications/Xcode.app/Contents/Developer/Platforms/iPhoneSimulator.platform/Developer/SDKs/iPhoneSimulator18.5.sdk -target arm64-apple-ios17.0-simulator -g -module-cache-path /Users/jeremywatt/Library/Developer/Xcode/DerivedData/ModuleCache.noindex -Xfrontend -serialize-debugging-options -profile-coverage-mapping -profile-generate -enable-testing -index-store-path /Users/jeremywatt/Library/Developer/Xcode/DerivedData/TodoTimers-hhkfosrtfdujgsaeyczcbhtfazrk/Index.noindex/DataStore -swift-version 5 -I /Users/jeremywatt/Library/Developer/Xcode/DerivedData/TodoTimers-hhkfosrtfdujgsaeyczcbhtfazrk/Build/Products/Debug-iphonesimulator -I /Applications/Xcode.app/Contents/Developer/Platforms/iPhoneSimulator.platform/Developer/usr/lib -F /Users/jeremywatt/Library/Developer/Xcode/DerivedData/TodoTimers-hhkfosrtfdujgsaeyczcbhtfazrk/Build/Products/Debug-iphonesimulator -F /Applications/Xcode.app/Contents/Developer/Platforms/iPhoneSimulator.platform/Developer/Library/Frameworks -F /Applications/Xcode.app/Contents/Developer/Platforms/iPhoneSimulator.platform/Developer/SDKs/iPhoneSimulator18.5.sdk/Developer/Library/Frameworks -c -j10 -enable-batch-mode -incremental -Xcc -ivfsstatcache -Xcc /Users/jeremywatt/Library/Developer/Xcode/DerivedData/SDKStatCaches.noindex/iphonesimulator18.5-22F76-d5fc8ad4295d2ef488fb7d0f804ce0c4.sdkstatcache -output-file-map /Users/jeremywatt/Library/Developer/Xcode/DerivedData/TodoTimers-hhkfosrtfdujgsaeyczcbhtfazrk/Build/Intermediates.noindex/TodoTimers.build/Debug-iphonesimulator/TodoTimersTests.build/Objects-normal/arm64/TodoTimersTests-OutputFileMap.json -use-frontend-parseable-output -save-temps -no-color-diagnostics -serialize-diagnostics -emit-dependencies -emit-module -emit-module-path /Users/jeremywatt/Library/Developer/Xcode/DerivedData/TodoTimers-hhkfosrtfdujgsaeyczcbhtfazrk/Build/Intermediates.noindex/TodoTimers.build/Debug-iphonesimulator/TodoTimersTests.build/Objects-normal/arm64/TodoTimersTests.swiftmodule -validate-clang-modules-once -clang-build-session-file /Users/jeremywatt/Library/Developer/Xcode/DerivedData/ModuleCache.noindex/Session.modulevalidation -Xcc -I/Users/jeremywatt/Library/Developer/Xcode/DerivedData/TodoTimers-hhkfosrtfdujgsaeyczcbhtfazrk/Build/Intermediates.noindex/TodoTimers.build/Debug-iphonesimulator/TodoTimersTests.build/swift-overrides.hmap -emit-const-values -Xfrontend -const-gather-protocols-file -Xfrontend /Users/jeremywatt/Library/Developer/Xcode/DerivedData/TodoTimers-hhkfosrtfdujgsaeyczcbhtfazrk/Build/Intermediates.noindex/TodoTimers.build/Debug-iphonesimulator/TodoTimersTests.build/Objects-normal/arm64/TodoTimersTests_const_extract_protocols.json -Xcc -iquote -Xcc /Users/jeremywatt/Library/Developer/Xcode/DerivedData/TodoTimers-hhkfosrtfdujgsaeyczcbhtfazrk/Build/Intermediates.noindex/TodoTimers.build/Debug-iphonesimulator/TodoTimersTests.build/TodoTimersTests-generated-files.hmap -Xcc -I/Users/jeremywatt/Library/Developer/Xcode/DerivedData/TodoTimers-hhkfosrtfdujgsaeyczcbhtfazrk/Build/Intermediates.noindex/TodoTimers.build/Debug-iphonesimulator/TodoTimersTests.build/TodoTimersTests-own-target-headers.hmap -Xcc -I/Users/jeremywatt/Library/Developer/Xcode/DerivedData/TodoTimers-hhkfosrtfdujgsaeyczcbhtfazrk/Build/Intermediates.noindex/TodoTimers.build/Debug-iphonesimulator/TodoTimersTests.build/TodoTimersTests-all-target-headers.hmap -Xcc -iquote -Xcc /Users/jeremywatt/Library/Developer/Xcode/DerivedData/TodoTimers-hhkfosrtfdujgsaeyczcbhtfazrk/Build/Intermediates.noindex/TodoTimers.build/Debug-iphonesimulator/TodoTimersTests.build/TodoTimersTests-project-headers.hmap -Xcc -I/Users/jeremywatt/Library/Developer/Xcode/DerivedData/TodoTimers-hhkfosrtfdujgsaeyczcbhtfazrk/Build/Products/Debug-iphonesimulator/include -Xcc -I/Users/jeremywatt/Library/Developer/Xcode/DerivedData/TodoTimers-hhkfosrtfdujgsaeyczcbhtfazrk/Build/Intermediates.noindex/TodoTimers.build/Debug-iphonesimulator/TodoTimersTests.build/DerivedSources-normal/arm64 -Xcc -I/Users/jeremywatt/Library/Developer/Xcode/DerivedData/TodoTimers-hhkfosrtfdujgsaeyczcbhtfazrk/Build/Intermediates.noindex/TodoTimers.build/Debug-iphonesimulator/TodoTimersTests.build/DerivedSources/arm64 -Xcc -I/Users/jeremywatt/Library/Developer/Xcode/DerivedData/TodoTimers-hhkfosrtfdujgsaeyczcbhtfazrk/Build/Intermediates.noindex/TodoTimers.build/Debug-iphonesimulator/TodoTimersTests.build/DerivedSources -Xcc -DDEBUG\=1 -emit-objc-header -emit-objc-header-path /Users/jeremywatt/Library/Developer/Xcode/DerivedData/TodoTimers-hhkfosrtfdujgsaeyczcbhtfazrk/Build/Intermediates.noindex/TodoTimers.build/Debug-iphonesimulator/TodoTimersTests.build/Objects-normal/arm64/TodoTimersTests-Swift.h -working-directory /Users/jeremywatt/Desktop/todo-timers-ios/TodoTimers -experimental-emit-module-separately -disable-cmo

ConstructStubExecutorLinkFileList /Users/jeremywatt/Library/Developer/Xcode/DerivedData/TodoTimers-hhkfosrtfdujgsaeyczcbhtfazrk/Build/Intermediates.noindex/TodoTimers.build/Debug-iphonesimulator/TodoTimers.build/TodoTimers-ExecutorLinkFileList-normal-arm64.txt (in target 'TodoTimers' from project 'TodoTimers')
    cd /Users/jeremywatt/Desktop/todo-timers-ios/TodoTimers
    construct-stub-executor-link-file-list /Users/jeremywatt/Library/Developer/Xcode/DerivedData/TodoTimers-hhkfosrtfdujgsaeyczcbhtfazrk/Build/Products/Debug-iphonesimulator/TodoTimers.app/TodoTimers.debug.dylib /Applications/Xcode.app/Contents/Developer/Platforms/iPhoneSimulator.platform/Developer/usr/lib/libPreviewsJITStubExecutor_no_swift_entry_point.a /Applications/Xcode.app/Contents/Developer/Platforms/iPhoneSimulator.platform/Developer/usr/lib/libPreviewsJITStubExecutor.a --output /Users/jeremywatt/Library/Developer/Xcode/DerivedData/TodoTimers-hhkfosrtfdujgsaeyczcbhtfazrk/Build/Intermediates.noindex/TodoTimers.build/Debug-iphonesimulator/TodoTimers.build/TodoTimers-ExecutorLinkFileList-normal-arm64.txt
note: Using stub executor library with Swift entry point. (in target 'TodoTimers' from project 'TodoTimers')

Ld /Users/jeremywatt/Library/Developer/Xcode/DerivedData/TodoTimers-hhkfosrtfdujgsaeyczcbhtfazrk/Build/Products/Debug-iphonesimulator/TodoTimers.app/TodoTimers normal (in target 'TodoTimers' from project 'TodoTimers')
    cd /Users/jeremywatt/Desktop/todo-timers-ios/TodoTimers
    /Applications/Xcode.app/Contents/Developer/Toolchains/XcodeDefault.xctoolchain/usr/bin/clang -Xlinker -reproducible -target arm64-apple-ios17.0-simulator -isysroot /Applications/Xcode.app/Contents/Developer/Platforms/iPhoneSimulator.platform/Developer/SDKs/iPhoneSimulator18.5.sdk -O0 -L/Users/jeremywatt/Library/Developer/Xcode/DerivedData/TodoTimers-hhkfosrtfdujgsaeyczcbhtfazrk/Build/Products/Debug-iphonesimulator -F/Users/jeremywatt/Library/Developer/Xcode/DerivedData/TodoTimers-hhkfosrtfdujgsaeyczcbhtfazrk/Build/Products/Debug-iphonesimulator -Xlinker -rpath -Xlinker @executable_path -Xlinker -rpath -Xlinker @executable_path/Frameworks -rdynamic -Xlinker -no_deduplicate -Xlinker -objc_abi_version -Xlinker 2 -Xlinker -debug_variant -e ___debug_blank_executor_main -Xlinker -sectcreate -Xlinker __TEXT -Xlinker __debug_dylib -Xlinker /Users/jeremywatt/Library/Developer/Xcode/DerivedData/TodoTimers-hhkfosrtfdujgsaeyczcbhtfazrk/Build/Intermediates.noindex/TodoTimers.build/Debug-iphonesimulator/TodoTimers.build/TodoTimers-DebugDylibPath-normal-arm64.txt -Xlinker -sectcreate -Xlinker __TEXT -Xlinker __debug_instlnm -Xlinker /Users/jeremywatt/Library/Developer/Xcode/DerivedData/TodoTimers-hhkfosrtfdujgsaeyczcbhtfazrk/Build/Intermediates.noindex/TodoTimers.build/Debug-iphonesimulator/TodoTimers.build/TodoTimers-DebugDylibInstallName-normal-arm64.txt -Xlinker -filelist -Xlinker /Users/jeremywatt/Library/Developer/Xcode/DerivedData/TodoTimers-hhkfosrtfdujgsaeyczcbhtfazrk/Build/Intermediates.noindex/TodoTimers.build/Debug-iphonesimulator/TodoTimers.build/TodoTimers-ExecutorLinkFileList-normal-arm64.txt -Xlinker -sectcreate -Xlinker __TEXT -Xlinker __entitlements -Xlinker /Users/jeremywatt/Library/Developer/Xcode/DerivedData/TodoTimers-hhkfosrtfdujgsaeyczcbhtfazrk/Build/Intermediates.noindex/TodoTimers.build/Debug-iphonesimulator/TodoTimers.build/TodoTimers.app-Simulated.xcent -Xlinker -sectcreate -Xlinker __TEXT -Xlinker __ents_der -Xlinker /Users/jeremywatt/Library/Developer/Xcode/DerivedData/TodoTimers-hhkfosrtfdujgsaeyczcbhtfazrk/Build/Intermediates.noindex/TodoTimers.build/Debug-iphonesimulator/TodoTimers.build/TodoTimers.app-Simulated.xcent.der /Users/jeremywatt/Library/Developer/Xcode/DerivedData/TodoTimers-hhkfosrtfdujgsaeyczcbhtfazrk/Build/Products/Debug-iphonesimulator/TodoTimers.app/TodoTimers.debug.dylib -Xlinker -no_adhoc_codesign -o /Users/jeremywatt/Library/Developer/Xcode/DerivedData/TodoTimers-hhkfosrtfdujgsaeyczcbhtfazrk/Build/Products/Debug-iphonesimulator/TodoTimers.app/TodoTimers

ProcessInfoPlistFile /Users/jeremywatt/Library/Developer/Xcode/DerivedData/TodoTimers-hhkfosrtfdujgsaeyczcbhtfazrk/Build/Products/Debug-iphonesimulator/TodoTimers.app/Info.plist /Users/jeremywatt/Desktop/todo-timers-ios/TodoTimers/TodoTimers/Info.plist (in target 'TodoTimers' from project 'TodoTimers')
    cd /Users/jeremywatt/Desktop/todo-timers-ios/TodoTimers
    builtin-infoPlistUtility /Users/jeremywatt/Desktop/todo-timers-ios/TodoTimers/TodoTimers/Info.plist -producttype com.apple.product-type.application -genpkginfo /Users/jeremywatt/Library/Developer/Xcode/DerivedData/TodoTimers-hhkfosrtfdujgsaeyczcbhtfazrk/Build/Products/Debug-iphonesimulator/TodoTimers.app/PkgInfo -expandbuildsettings -format binary -platform iphonesimulator -additionalcontentfile /Users/jeremywatt/Library/Developer/Xcode/DerivedData/TodoTimers-hhkfosrtfdujgsaeyczcbhtfazrk/Build/Intermediates.noindex/TodoTimers.build/Debug-iphonesimulator/TodoTimers.build/assetcatalog_generated_info.plist -scanforprivacyfile /Users/jeremywatt/Library/Developer/Xcode/DerivedData/TodoTimers-hhkfosrtfdujgsaeyczcbhtfazrk/Build/Products/Debug-iphonesimulator/TodoTimers.app/Watch/TodoTimers\ Watch\ App\ Watch\ App.app -o /Users/jeremywatt/Library/Developer/Xcode/DerivedData/TodoTimers-hhkfosrtfdujgsaeyczcbhtfazrk/Build/Products/Debug-iphonesimulator/TodoTimers.app/Info.plist

ExtractAppIntentsMetadata (in target 'TodoTimers' from project 'TodoTimers')
    cd /Users/jeremywatt/Desktop/todo-timers-ios/TodoTimers
    /Applications/Xcode.app/Contents/Developer/Toolchains/XcodeDefault.xctoolchain/usr/bin/appintentsmetadataprocessor --toolchain-dir /Applications/Xcode.app/Contents/Developer/Toolchains/XcodeDefault.xctoolchain --module-name TodoTimers --sdk-root /Applications/Xcode.app/Contents/Developer/Platforms/iPhoneSimulator.platform/Developer/SDKs/iPhoneSimulator18.5.sdk --xcode-version 16F6 --platform-family iOS --deployment-target 17.0 --bundle-identifier neonwatty.TodoTimers --output /Users/jeremywatt/Library/Developer/Xcode/DerivedData/TodoTimers-hhkfosrtfdujgsaeyczcbhtfazrk/Build/Products/Debug-iphonesimulator/TodoTimers.app --target-triple arm64-apple-ios17.0-simulator --binary-file /Users/jeremywatt/Library/Developer/Xcode/DerivedData/TodoTimers-hhkfosrtfdujgsaeyczcbhtfazrk/Build/Products/Debug-iphonesimulator/TodoTimers.app/TodoTimers --dependency-file /Users/jeremywatt/Library/Developer/Xcode/DerivedData/TodoTimers-hhkfosrtfdujgsaeyczcbhtfazrk/Build/Intermediates.noindex/TodoTimers.build/Debug-iphonesimulator/TodoTimers.build/Objects-normal/arm64/TodoTimers_dependency_info.dat --stringsdata-file /Users/jeremywatt/Library/Developer/Xcode/DerivedData/TodoTimers-hhkfosrtfdujgsaeyczcbhtfazrk/Build/Intermediates.noindex/TodoTimers.build/Debug-iphonesimulator/TodoTimers.build/Objects-normal/arm64/ExtractedAppShortcutsMetadata.stringsdata --source-file-list /Users/jeremywatt/Library/Developer/Xcode/DerivedData/TodoTimers-hhkfosrtfdujgsaeyczcbhtfazrk/Build/Intermediates.noindex/TodoTimers.build/Debug-iphonesimulator/TodoTimers.build/Objects-normal/arm64/TodoTimers.SwiftFileList --metadata-file-list /Users/jeremywatt/Library/Developer/Xcode/DerivedData/TodoTimers-hhkfosrtfdujgsaeyczcbhtfazrk/Build/Intermediates.noindex/TodoTimers.build/Debug-iphonesimulator/TodoTimers.build/TodoTimers.DependencyMetadataFileList --static-metadata-file-list /Users/jeremywatt/Library/Developer/Xcode/DerivedData/TodoTimers-hhkfosrtfdujgsaeyczcbhtfazrk/Build/Intermediates.noindex/TodoTimers.build/Debug-iphonesimulator/TodoTimers.build/TodoTimers.DependencyStaticMetadataFileList --swift-const-vals-list /Users/jeremywatt/Library/Developer/Xcode/DerivedData/TodoTimers-hhkfosrtfdujgsaeyczcbhtfazrk/Build/Intermediates.noindex/TodoTimers.build/Debug-iphonesimulator/TodoTimers.build/Objects-normal/arm64/TodoTimers.SwiftConstValuesFileList --compile-time-extraction --deployment-aware-processing --validate-assistant-intents --no-app-shortcuts-localization
2025-10-18 11:36:50.496 appintentsmetadataprocessor[94208:16092649] Starting appintentsmetadataprocessor export
2025-10-18 11:36:50.497 appintentsmetadataprocessor[94208:16092649] warning: Metadata extraction skipped. No AppIntents.framework dependency found.

CopySwiftLibs /Users/jeremywatt/Library/Developer/Xcode/DerivedData/TodoTimers-hhkfosrtfdujgsaeyczcbhtfazrk/Build/Products/Debug-iphonesimulator/TodoTimers.app (in target 'TodoTimers' from project 'TodoTimers')
    cd /Users/jeremywatt/Desktop/todo-timers-ios/TodoTimers
    builtin-swiftStdLibTool --copy --verbose --sign - --scan-executable /Users/jeremywatt/Library/Developer/Xcode/DerivedData/TodoTimers-hhkfosrtfdujgsaeyczcbhtfazrk/Build/Products/Debug-iphonesimulator/TodoTimers.app/TodoTimers.debug.dylib --scan-folder /Users/jeremywatt/Library/Developer/Xcode/DerivedData/TodoTimers-hhkfosrtfdujgsaeyczcbhtfazrk/Build/Products/Debug-iphonesimulator/TodoTimers.app/Frameworks --scan-folder /Users/jeremywatt/Library/Developer/Xcode/DerivedData/TodoTimers-hhkfosrtfdujgsaeyczcbhtfazrk/Build/Products/Debug-iphonesimulator/TodoTimers.app/PlugIns --scan-folder /Users/jeremywatt/Library/Developer/Xcode/DerivedData/TodoTimers-hhkfosrtfdujgsaeyczcbhtfazrk/Build/Products/Debug-iphonesimulator/TodoTimers.app/SystemExtensions --scan-folder /Users/jeremywatt/Library/Developer/Xcode/DerivedData/TodoTimers-hhkfosrtfdujgsaeyczcbhtfazrk/Build/Products/Debug-iphonesimulator/TodoTimers.app/Extensions --platform iphonesimulator --toolchain /Applications/Xcode.app/Contents/Developer/Toolchains/XcodeDefault.xctoolchain --destination /Users/jeremywatt/Library/Developer/Xcode/DerivedData/TodoTimers-hhkfosrtfdujgsaeyczcbhtfazrk/Build/Products/Debug-iphonesimulator/TodoTimers.app/Frameworks --strip-bitcode --strip-bitcode-tool /Applications/Xcode.app/Contents/Developer/Toolchains/XcodeDefault.xctoolchain/usr/bin/bitcode_strip --emit-dependency-info /Users/jeremywatt/Library/Developer/Xcode/DerivedData/TodoTimers-hhkfosrtfdujgsaeyczcbhtfazrk/Build/Intermediates.noindex/TodoTimers.build/Debug-iphonesimulator/TodoTimers.build/SwiftStdLibToolInputDependencies.dep --filter-for-swift-os

ProcessInfoPlistFile /Users/jeremywatt/Library/Developer/Xcode/DerivedData/TodoTimers-hhkfosrtfdujgsaeyczcbhtfazrk/Build/Products/Debug-iphonesimulator/TodoTimers.app/PlugIns/TodoTimersTests.xctest/Info.plist /Users/jeremywatt/Library/Developer/Xcode/DerivedData/TodoTimers-hhkfosrtfdujgsaeyczcbhtfazrk/Build/Intermediates.noindex/TodoTimers.build/Debug-iphonesimulator/TodoTimersTests.build/empty-TodoTimersTests.plist (in target 'TodoTimersTests' from project 'TodoTimers')
    cd /Users/jeremywatt/Desktop/todo-timers-ios/TodoTimers
    builtin-infoPlistUtility /Users/jeremywatt/Library/Developer/Xcode/DerivedData/TodoTimers-hhkfosrtfdujgsaeyczcbhtfazrk/Build/Intermediates.noindex/TodoTimers.build/Debug-iphonesimulator/TodoTimersTests.build/empty-TodoTimersTests.plist -producttype com.apple.product-type.bundle.unit-test -expandbuildsettings -format binary -platform iphonesimulator -o /Users/jeremywatt/Library/Developer/Xcode/DerivedData/TodoTimers-hhkfosrtfdujgsaeyczcbhtfazrk/Build/Products/Debug-iphonesimulator/TodoTimers.app/PlugIns/TodoTimersTests.xctest/Info.plist

Ld /Users/jeremywatt/Library/Developer/Xcode/DerivedData/TodoTimers-hhkfosrtfdujgsaeyczcbhtfazrk/Build/Products/Debug-iphonesimulator/TodoTimers.app/PlugIns/TodoTimersTests.xctest/TodoTimersTests normal (in target 'TodoTimersTests' from project 'TodoTimers')
    cd /Users/jeremywatt/Desktop/todo-timers-ios/TodoTimers
    /Applications/Xcode.app/Contents/Developer/Toolchains/XcodeDefault.xctoolchain/usr/bin/clang -Xlinker -reproducible -target arm64-apple-ios17.0-simulator -bundle -isysroot /Applications/Xcode.app/Contents/Developer/Platforms/iPhoneSimulator.platform/Developer/SDKs/iPhoneSimulator18.5.sdk -O0 -L/Users/jeremywatt/Library/Developer/Xcode/DerivedData/TodoTimers-hhkfosrtfdujgsaeyczcbhtfazrk/Build/Intermediates.noindex/EagerLinkingTBDs/Debug-iphonesimulator -L/Users/jeremywatt/Library/Developer/Xcode/DerivedData/TodoTimers-hhkfosrtfdujgsaeyczcbhtfazrk/Build/Products/Debug-iphonesimulator -L/Applications/Xcode.app/Contents/Developer/Platforms/iPhoneSimulator.platform/Developer/usr/lib -F/Users/jeremywatt/Library/Developer/Xcode/DerivedData/TodoTimers-hhkfosrtfdujgsaeyczcbhtfazrk/Build/Intermediates.noindex/EagerLinkingTBDs/Debug-iphonesimulator -F/Users/jeremywatt/Library/Developer/Xcode/DerivedData/TodoTimers-hhkfosrtfdujgsaeyczcbhtfazrk/Build/Products/Debug-iphonesimulator -iframework /Applications/Xcode.app/Contents/Developer/Platforms/iPhoneSimulator.platform/Developer/Library/Frameworks -iframework /Applications/Xcode.app/Contents/Developer/Platforms/iPhoneSimulator.platform/Developer/SDKs/iPhoneSimulator18.5.sdk/Developer/Library/Frameworks -filelist /Users/jeremywatt/Library/Developer/Xcode/DerivedData/TodoTimers-hhkfosrtfdujgsaeyczcbhtfazrk/Build/Intermediates.noindex/TodoTimers.build/Debug-iphonesimulator/TodoTimersTests.build/Objects-normal/arm64/TodoTimersTests.LinkFileList -Xlinker -rpath -Xlinker @loader_path/Frameworks -Xlinker -rpath -Xlinker @executable_path/Frameworks -dead_strip -bundle_loader /Users/jeremywatt/Library/Developer/Xcode/DerivedData/TodoTimers-hhkfosrtfdujgsaeyczcbhtfazrk/Build/Products/Debug-iphonesimulator/TodoTimers.app/TodoTimers -Xlinker -object_path_lto -Xlinker /Users/jeremywatt/Library/Developer/Xcode/DerivedData/TodoTimers-hhkfosrtfdujgsaeyczcbhtfazrk/Build/Intermediates.noindex/TodoTimers.build/Debug-iphonesimulator/TodoTimersTests.build/Objects-normal/arm64/TodoTimersTests_lto.o -rdynamic -Xlinker -no_deduplicate -Xlinker -objc_abi_version -Xlinker 2 -Xlinker -debug_variant -Xlinker -dependency_info -Xlinker /Users/jeremywatt/Library/Developer/Xcode/DerivedData/TodoTimers-hhkfosrtfdujgsaeyczcbhtfazrk/Build/Intermediates.noindex/TodoTimers.build/Debug-iphonesimulator/TodoTimersTests.build/Objects-normal/arm64/TodoTimersTests_dependency_info.dat -fobjc-link-runtime -fprofile-instr-generate -L/Applications/Xcode.app/Contents/Developer/Toolchains/XcodeDefault.xctoolchain/usr/lib/swift/iphonesimulator -L/usr/lib/swift -Xlinker -add_ast_path -Xlinker /Users/jeremywatt/Library/Developer/Xcode/DerivedData/TodoTimers-hhkfosrtfdujgsaeyczcbhtfazrk/Build/Intermediates.noindex/TodoTimers.build/Debug-iphonesimulator/TodoTimersTests.build/Objects-normal/arm64/TodoTimersTests.swiftmodule -framework XCTest -lXCTestSwiftSupport /Users/jeremywatt/Library/Developer/Xcode/DerivedData/TodoTimers-hhkfosrtfdujgsaeyczcbhtfazrk/Build/Products/Debug-iphonesimulator/TodoTimers.app/TodoTimers.debug.dylib -Xlinker -no_adhoc_codesign -o /Users/jeremywatt/Library/Developer/Xcode/DerivedData/TodoTimers-hhkfosrtfdujgsaeyczcbhtfazrk/Build/Products/Debug-iphonesimulator/TodoTimers.app/PlugIns/TodoTimersTests.xctest/TodoTimersTests

CopySwiftLibs /Users/jeremywatt/Library/Developer/Xcode/DerivedData/TodoTimers-hhkfosrtfdujgsaeyczcbhtfazrk/Build/Products/Debug-iphonesimulator/TodoTimers.app/PlugIns/TodoTimersTests.xctest (in target 'TodoTimersTests' from project 'TodoTimers')
    cd /Users/jeremywatt/Desktop/todo-timers-ios/TodoTimers
    builtin-swiftStdLibTool --copy --verbose --sign - --scan-executable /Users/jeremywatt/Library/Developer/Xcode/DerivedData/TodoTimers-hhkfosrtfdujgsaeyczcbhtfazrk/Build/Products/Debug-iphonesimulator/TodoTimers.app/PlugIns/TodoTimersTests.xctest/TodoTimersTests --scan-folder /Users/jeremywatt/Library/Developer/Xcode/DerivedData/TodoTimers-hhkfosrtfdujgsaeyczcbhtfazrk/Build/Products/Debug-iphonesimulator/TodoTimers.app/PlugIns/TodoTimersTests.xctest/Frameworks --scan-folder /Users/jeremywatt/Library/Developer/Xcode/DerivedData/TodoTimers-hhkfosrtfdujgsaeyczcbhtfazrk/Build/Products/Debug-iphonesimulator/TodoTimers.app/PlugIns/TodoTimersTests.xctest/PlugIns --scan-folder /Users/jeremywatt/Library/Developer/Xcode/DerivedData/TodoTimers-hhkfosrtfdujgsaeyczcbhtfazrk/Build/Products/Debug-iphonesimulator/TodoTimers.app/PlugIns/TodoTimersTests.xctest/SystemExtensions --scan-folder /Users/jeremywatt/Library/Developer/Xcode/DerivedData/TodoTimers-hhkfosrtfdujgsaeyczcbhtfazrk/Build/Products/Debug-iphonesimulator/TodoTimers.app/PlugIns/TodoTimersTests.xctest/Extensions --platform iphonesimulator --toolchain /Applications/Xcode.app/Contents/Developer/Toolchains/XcodeDefault.xctoolchain --destination /Users/jeremywatt/Library/Developer/Xcode/DerivedData/TodoTimers-hhkfosrtfdujgsaeyczcbhtfazrk/Build/Products/Debug-iphonesimulator/TodoTimers.app/PlugIns/TodoTimersTests.xctest/Frameworks --strip-bitcode --scan-executable /Applications/Xcode.app/Contents/Developer/Platforms/iPhoneSimulator.platform/Developer/usr/lib/libXCTestSwiftSupport.dylib --strip-bitcode-tool /Applications/Xcode.app/Contents/Developer/Toolchains/XcodeDefault.xctoolchain/usr/bin/bitcode_strip --emit-dependency-info /Users/jeremywatt/Library/Developer/Xcode/DerivedData/TodoTimers-hhkfosrtfdujgsaeyczcbhtfazrk/Build/Intermediates.noindex/TodoTimers.build/Debug-iphonesimulator/TodoTimersTests.build/SwiftStdLibToolInputDependencies.dep --filter-for-swift-os

ExtractAppIntentsMetadata (in target 'TodoTimersTests' from project 'TodoTimers')
    cd /Users/jeremywatt/Desktop/todo-timers-ios/TodoTimers
    /Applications/Xcode.app/Contents/Developer/Toolchains/XcodeDefault.xctoolchain/usr/bin/appintentsmetadataprocessor --toolchain-dir /Applications/Xcode.app/Contents/Developer/Toolchains/XcodeDefault.xctoolchain --module-name TodoTimersTests --sdk-root /Applications/Xcode.app/Contents/Developer/Platforms/iPhoneSimulator.platform/Developer/SDKs/iPhoneSimulator18.5.sdk --xcode-version 16F6 --platform-family iOS --deployment-target 17.0 --bundle-identifier neonwatty.TodoTimersTests --output /Users/jeremywatt/Library/Developer/Xcode/DerivedData/TodoTimers-hhkfosrtfdujgsaeyczcbhtfazrk/Build/Products/Debug-iphonesimulator/TodoTimers.app/PlugIns/TodoTimersTests.xctest --target-triple arm64-apple-ios17.0-simulator --binary-file /Users/jeremywatt/Library/Developer/Xcode/DerivedData/TodoTimers-hhkfosrtfdujgsaeyczcbhtfazrk/Build/Products/Debug-iphonesimulator/TodoTimers.app/PlugIns/TodoTimersTests.xctest/TodoTimersTests --dependency-file /Users/jeremywatt/Library/Developer/Xcode/DerivedData/TodoTimers-hhkfosrtfdujgsaeyczcbhtfazrk/Build/Intermediates.noindex/TodoTimers.build/Debug-iphonesimulator/TodoTimersTests.build/Objects-normal/arm64/TodoTimersTests_dependency_info.dat --stringsdata-file /Users/jeremywatt/Library/Developer/Xcode/DerivedData/TodoTimers-hhkfosrtfdujgsaeyczcbhtfazrk/Build/Intermediates.noindex/TodoTimers.build/Debug-iphonesimulator/TodoTimersTests.build/Objects-normal/arm64/ExtractedAppShortcutsMetadata.stringsdata --source-file-list /Users/jeremywatt/Library/Developer/Xcode/DerivedData/TodoTimers-hhkfosrtfdujgsaeyczcbhtfazrk/Build/Intermediates.noindex/TodoTimers.build/Debug-iphonesimulator/TodoTimersTests.build/Objects-normal/arm64/TodoTimersTests.SwiftFileList --metadata-file-list /Users/jeremywatt/Library/Developer/Xcode/DerivedData/TodoTimers-hhkfosrtfdujgsaeyczcbhtfazrk/Build/Intermediates.noindex/TodoTimers.build/Debug-iphonesimulator/TodoTimersTests.build/TodoTimersTests.DependencyMetadataFileList --static-metadata-file-list /Users/jeremywatt/Library/Developer/Xcode/DerivedData/TodoTimers-hhkfosrtfdujgsaeyczcbhtfazrk/Build/Intermediates.noindex/TodoTimers.build/Debug-iphonesimulator/TodoTimersTests.build/TodoTimersTests.DependencyStaticMetadataFileList --swift-const-vals-list /Users/jeremywatt/Library/Developer/Xcode/DerivedData/TodoTimers-hhkfosrtfdujgsaeyczcbhtfazrk/Build/Intermediates.noindex/TodoTimers.build/Debug-iphonesimulator/TodoTimersTests.build/Objects-normal/arm64/TodoTimersTests.SwiftConstValuesFileList --compile-time-extraction --deployment-aware-processing --validate-assistant-intents --no-app-shortcuts-localization
2025-10-18 11:36:50.641 appintentsmetadataprocessor[94212:16092665] Starting appintentsmetadataprocessor export
2025-10-18 11:36:50.642 appintentsmetadataprocessor[94212:16092665] warning: Metadata extraction skipped. No AppIntents.framework dependency found.

CodeSign /Users/jeremywatt/Library/Developer/Xcode/DerivedData/TodoTimers-hhkfosrtfdujgsaeyczcbhtfazrk/Build/Products/Debug-iphonesimulator/TodoTimers.app/PlugIns/TodoTimersTests.xctest (in target 'TodoTimersTests' from project 'TodoTimers')
    cd /Users/jeremywatt/Desktop/todo-timers-ios/TodoTimers
    
    Signing Identity:     "Sign to Run Locally"
    
    /usr/bin/codesign --force --sign - --timestamp\=none --generate-entitlement-der /Users/jeremywatt/Library/Developer/Xcode/DerivedData/TodoTimers-hhkfosrtfdujgsaeyczcbhtfazrk/Build/Products/Debug-iphonesimulator/TodoTimers.app/PlugIns/TodoTimersTests.xctest

CodeSign /Users/jeremywatt/Library/Developer/Xcode/DerivedData/TodoTimers-hhkfosrtfdujgsaeyczcbhtfazrk/Build/Products/Debug-iphonesimulator/TodoTimers.app/TodoTimers.debug.dylib (in target 'TodoTimers' from project 'TodoTimers')
    cd /Users/jeremywatt/Desktop/todo-timers-ios/TodoTimers
    
    Signing Identity:     "Sign to Run Locally"
    
    /usr/bin/codesign --force --sign - --timestamp\=none --generate-entitlement-der /Users/jeremywatt/Library/Developer/Xcode/DerivedData/TodoTimers-hhkfosrtfdujgsaeyczcbhtfazrk/Build/Products/Debug-iphonesimulator/TodoTimers.app/TodoTimers.debug.dylib

CodeSign /Users/jeremywatt/Library/Developer/Xcode/DerivedData/TodoTimers-hhkfosrtfdujgsaeyczcbhtfazrk/Build/Products/Debug-iphonesimulator/TodoTimers.app/__preview.dylib (in target 'TodoTimers' from project 'TodoTimers')
    cd /Users/jeremywatt/Desktop/todo-timers-ios/TodoTimers
    
    Signing Identity:     "Sign to Run Locally"
    
    /usr/bin/codesign --force --sign - --timestamp\=none --generate-entitlement-der /Users/jeremywatt/Library/Developer/Xcode/DerivedData/TodoTimers-hhkfosrtfdujgsaeyczcbhtfazrk/Build/Products/Debug-iphonesimulator/TodoTimers.app/__preview.dylib
/Users/jeremywatt/Library/Developer/Xcode/DerivedData/TodoTimers-hhkfosrtfdujgsaeyczcbhtfazrk/Build/Products/Debug-iphonesimulator/TodoTimers.app/__preview.dylib: replacing existing signature

CodeSign /Users/jeremywatt/Library/Developer/Xcode/DerivedData/TodoTimers-hhkfosrtfdujgsaeyczcbhtfazrk/Build/Products/Debug-iphonesimulator/TodoTimers.app (in target 'TodoTimers' from project 'TodoTimers')
    cd /Users/jeremywatt/Desktop/todo-timers-ios/TodoTimers
    
    Signing Identity:     "Sign to Run Locally"
    
    /usr/bin/codesign --force --sign - --entitlements /Users/jeremywatt/Library/Developer/Xcode/DerivedData/TodoTimers-hhkfosrtfdujgsaeyczcbhtfazrk/Build/Intermediates.noindex/TodoTimers.build/Debug-iphonesimulator/TodoTimers.build/TodoTimers.app.xcent --timestamp\=none --generate-entitlement-der /Users/jeremywatt/Library/Developer/Xcode/DerivedData/TodoTimers-hhkfosrtfdujgsaeyczcbhtfazrk/Build/Products/Debug-iphonesimulator/TodoTimers.app

Validate /Users/jeremywatt/Library/Developer/Xcode/DerivedData/TodoTimers-hhkfosrtfdujgsaeyczcbhtfazrk/Build/Products/Debug-iphonesimulator/TodoTimers.app (in target 'TodoTimers' from project 'TodoTimers')
    cd /Users/jeremywatt/Desktop/todo-timers-ios/TodoTimers
    builtin-validationUtility /Users/jeremywatt/Library/Developer/Xcode/DerivedData/TodoTimers-hhkfosrtfdujgsaeyczcbhtfazrk/Build/Products/Debug-iphonesimulator/TodoTimers.app -infoplist-subpath Info.plist

Ld /Users/jeremywatt/Library/Developer/Xcode/DerivedData/TodoTimers-hhkfosrtfdujgsaeyczcbhtfazrk/Build/Products/Debug-iphonesimulator/TodoTimersUITests-Runner.app/PlugIns/TodoTimersUITests.xctest/TodoTimersUITests normal (in target 'TodoTimersUITests' from project 'TodoTimers')
    cd /Users/jeremywatt/Desktop/todo-timers-ios/TodoTimers
    /Applications/Xcode.app/Contents/Developer/Toolchains/XcodeDefault.xctoolchain/usr/bin/clang -Xlinker -reproducible -target arm64-apple-ios17.0-simulator -bundle -isysroot /Applications/Xcode.app/Contents/Developer/Platforms/iPhoneSimulator.platform/Developer/SDKs/iPhoneSimulator18.5.sdk -O0 -L/Users/jeremywatt/Library/Developer/Xcode/DerivedData/TodoTimers-hhkfosrtfdujgsaeyczcbhtfazrk/Build/Intermediates.noindex/EagerLinkingTBDs/Debug-iphonesimulator -L/Users/jeremywatt/Library/Developer/Xcode/DerivedData/TodoTimers-hhkfosrtfdujgsaeyczcbhtfazrk/Build/Products/Debug-iphonesimulator -L/Applications/Xcode.app/Contents/Developer/Platforms/iPhoneSimulator.platform/Developer/usr/lib -F/Users/jeremywatt/Library/Developer/Xcode/DerivedData/TodoTimers-hhkfosrtfdujgsaeyczcbhtfazrk/Build/Intermediates.noindex/EagerLinkingTBDs/Debug-iphonesimulator -F/Users/jeremywatt/Library/Developer/Xcode/DerivedData/TodoTimers-hhkfosrtfdujgsaeyczcbhtfazrk/Build/Products/Debug-iphonesimulator -iframework /Applications/Xcode.app/Contents/Developer/Platforms/iPhoneSimulator.platform/Developer/Library/Frameworks -iframework /Applications/Xcode.app/Contents/Developer/Platforms/iPhoneSimulator.platform/Developer/SDKs/iPhoneSimulator18.5.sdk/Developer/Library/Frameworks -filelist /Users/jeremywatt/Library/Developer/Xcode/DerivedData/TodoTimers-hhkfosrtfdujgsaeyczcbhtfazrk/Build/Intermediates.noindex/TodoTimers.build/Debug-iphonesimulator/TodoTimersUITests.build/Objects-normal/arm64/TodoTimersUITests.LinkFileList -Xlinker -rpath -Xlinker @loader_path/Frameworks -dead_strip -Xlinker -object_path_lto -Xlinker /Users/jeremywatt/Library/Developer/Xcode/DerivedData/TodoTimers-hhkfosrtfdujgsaeyczcbhtfazrk/Build/Intermediates.noindex/TodoTimers.build/Debug-iphonesimulator/TodoTimersUITests.build/Objects-normal/arm64/TodoTimersUITests_lto.o -rdynamic -Xlinker -no_deduplicate -Xlinker -objc_abi_version -Xlinker 2 -Xlinker -debug_variant -Xlinker -dependency_info -Xlinker /Users/jeremywatt/Library/Developer/Xcode/DerivedData/TodoTimers-hhkfosrtfdujgsaeyczcbhtfazrk/Build/Intermediates.noindex/TodoTimers.build/Debug-iphonesimulator/TodoTimersUITests.build/Objects-normal/arm64/TodoTimersUITests_dependency_info.dat -fobjc-link-runtime -fprofile-instr-generate -L/Applications/Xcode.app/Contents/Developer/Toolchains/XcodeDefault.xctoolchain/usr/lib/swift/iphonesimulator -L/usr/lib/swift -Xlinker -add_ast_path -Xlinker /Users/jeremywatt/Library/Developer/Xcode/DerivedData/TodoTimers-hhkfosrtfdujgsaeyczcbhtfazrk/Build/Intermediates.noindex/TodoTimers.build/Debug-iphonesimulator/TodoTimersUITests.build/Objects-normal/arm64/TodoTimersUITests.swiftmodule -framework XCTest -lXCTestSwiftSupport -Xlinker -sectcreate -Xlinker __TEXT -Xlinker __entitlements -Xlinker /Users/jeremywatt/Library/Developer/Xcode/DerivedData/TodoTimers-hhkfosrtfdujgsaeyczcbhtfazrk/Build/Intermediates.noindex/TodoTimers.build/Debug-iphonesimulator/TodoTimersUITests.build/TodoTimersUITests.xctest-Simulated.xcent -Xlinker -sectcreate -Xlinker __TEXT -Xlinker __ents_der -Xlinker /Users/jeremywatt/Library/Developer/Xcode/DerivedData/TodoTimers-hhkfosrtfdujgsaeyczcbhtfazrk/Build/Intermediates.noindex/TodoTimers.build/Debug-iphonesimulator/TodoTimersUITests.build/TodoTimersUITests.xctest-Simulated.xcent.der -Xlinker -no_adhoc_codesign -o /Users/jeremywatt/Library/Developer/Xcode/DerivedData/TodoTimers-hhkfosrtfdujgsaeyczcbhtfazrk/Build/Products/Debug-iphonesimulator/TodoTimersUITests-Runner.app/PlugIns/TodoTimersUITests.xctest/TodoTimersUITests

ProcessInfoPlistFile /Users/jeremywatt/Library/Developer/Xcode/DerivedData/TodoTimers-hhkfosrtfdujgsaeyczcbhtfazrk/Build/Products/Debug-iphonesimulator/TodoTimersUITests-Runner.app/PlugIns/TodoTimersUITests.xctest/Info.plist /Users/jeremywatt/Library/Developer/Xcode/DerivedData/TodoTimers-hhkfosrtfdujgsaeyczcbhtfazrk/Build/Intermediates.noindex/TodoTimers.build/Debug-iphonesimulator/TodoTimersUITests.build/empty-TodoTimersUITests.plist (in target 'TodoTimersUITests' from project 'TodoTimers')
    cd /Users/jeremywatt/Desktop/todo-timers-ios/TodoTimers
    builtin-infoPlistUtility /Users/jeremywatt/Library/Developer/Xcode/DerivedData/TodoTimers-hhkfosrtfdujgsaeyczcbhtfazrk/Build/Intermediates.noindex/TodoTimers.build/Debug-iphonesimulator/TodoTimersUITests.build/empty-TodoTimersUITests.plist -producttype com.apple.product-type.bundle.ui-testing -expandbuildsettings -format binary -platform iphonesimulator -additionalcontentfile /Users/jeremywatt/Library/Developer/Xcode/DerivedData/TodoTimers-hhkfosrtfdujgsaeyczcbhtfazrk/Build/Intermediates.noindex/TodoTimers.build/Debug-iphonesimulator/TodoTimersUITests.build/ProductTypeInfoPlistAdditions.plist -o /Users/jeremywatt/Library/Developer/Xcode/DerivedData/TodoTimers-hhkfosrtfdujgsaeyczcbhtfazrk/Build/Products/Debug-iphonesimulator/TodoTimersUITests-Runner.app/PlugIns/TodoTimersUITests.xctest/Info.plist

CopySwiftLibs /Users/jeremywatt/Library/Developer/Xcode/DerivedData/TodoTimers-hhkfosrtfdujgsaeyczcbhtfazrk/Build/Products/Debug-iphonesimulator/TodoTimersUITests-Runner.app/PlugIns/TodoTimersUITests.xctest (in target 'TodoTimersUITests' from project 'TodoTimers')
    cd /Users/jeremywatt/Desktop/todo-timers-ios/TodoTimers
    builtin-swiftStdLibTool --copy --verbose --sign - --scan-executable /Users/jeremywatt/Library/Developer/Xcode/DerivedData/TodoTimers-hhkfosrtfdujgsaeyczcbhtfazrk/Build/Products/Debug-iphonesimulator/TodoTimersUITests-Runner.app/PlugIns/TodoTimersUITests.xctest/TodoTimersUITests --scan-folder /Users/jeremywatt/Library/Developer/Xcode/DerivedData/TodoTimers-hhkfosrtfdujgsaeyczcbhtfazrk/Build/Products/Debug-iphonesimulator/TodoTimersUITests-Runner.app/PlugIns/TodoTimersUITests.xctest/Frameworks --scan-folder /Users/jeremywatt/Library/Developer/Xcode/DerivedData/TodoTimers-hhkfosrtfdujgsaeyczcbhtfazrk/Build/Products/Debug-iphonesimulator/TodoTimersUITests-Runner.app/PlugIns/TodoTimersUITests.xctest/PlugIns --scan-folder /Users/jeremywatt/Library/Developer/Xcode/DerivedData/TodoTimers-hhkfosrtfdujgsaeyczcbhtfazrk/Build/Products/Debug-iphonesimulator/TodoTimersUITests-Runner.app/PlugIns/TodoTimersUITests.xctest/SystemExtensions --scan-folder /Users/jeremywatt/Library/Developer/Xcode/DerivedData/TodoTimers-hhkfosrtfdujgsaeyczcbhtfazrk/Build/Products/Debug-iphonesimulator/TodoTimersUITests-Runner.app/PlugIns/TodoTimersUITests.xctest/Extensions --platform iphonesimulator --toolchain /Applications/Xcode.app/Contents/Developer/Toolchains/XcodeDefault.xctoolchain --destination /Users/jeremywatt/Library/Developer/Xcode/DerivedData/TodoTimers-hhkfosrtfdujgsaeyczcbhtfazrk/Build/Products/Debug-iphonesimulator/TodoTimersUITests-Runner.app/PlugIns/TodoTimersUITests.xctest/Frameworks --strip-bitcode --scan-executable /Applications/Xcode.app/Contents/Developer/Platforms/iPhoneSimulator.platform/Developer/usr/lib/libXCTestSwiftSupport.dylib --strip-bitcode-tool /Applications/Xcode.app/Contents/Developer/Toolchains/XcodeDefault.xctoolchain/usr/bin/bitcode_strip --emit-dependency-info /Users/jeremywatt/Library/Developer/Xcode/DerivedData/TodoTimers-hhkfosrtfdujgsaeyczcbhtfazrk/Build/Intermediates.noindex/TodoTimers.build/Debug-iphonesimulator/TodoTimersUITests.build/SwiftStdLibToolInputDependencies.dep --filter-for-swift-os

ExtractAppIntentsMetadata (in target 'TodoTimersUITests' from project 'TodoTimers')
    cd /Users/jeremywatt/Desktop/todo-timers-ios/TodoTimers
    /Applications/Xcode.app/Contents/Developer/Toolchains/XcodeDefault.xctoolchain/usr/bin/appintentsmetadataprocessor --toolchain-dir /Applications/Xcode.app/Contents/Developer/Toolchains/XcodeDefault.xctoolchain --module-name TodoTimersUITests --sdk-root /Applications/Xcode.app/Contents/Developer/Platforms/iPhoneSimulator.platform/Developer/SDKs/iPhoneSimulator18.5.sdk --xcode-version 16F6 --platform-family iOS --deployment-target 17.0 --bundle-identifier neonwatty.TodoTimersUITests --output /Users/jeremywatt/Library/Developer/Xcode/DerivedData/TodoTimers-hhkfosrtfdujgsaeyczcbhtfazrk/Build/Products/Debug-iphonesimulator/TodoTimersUITests-Runner.app/PlugIns/TodoTimersUITests.xctest --target-triple arm64-apple-ios17.0-simulator --binary-file /Users/jeremywatt/Library/Developer/Xcode/DerivedData/TodoTimers-hhkfosrtfdujgsaeyczcbhtfazrk/Build/Products/Debug-iphonesimulator/TodoTimersUITests-Runner.app/PlugIns/TodoTimersUITests.xctest/TodoTimersUITests --dependency-file /Users/jeremywatt/Library/Developer/Xcode/DerivedData/TodoTimers-hhkfosrtfdujgsaeyczcbhtfazrk/Build/Intermediates.noindex/TodoTimers.build/Debug-iphonesimulator/TodoTimersUITests.build/Objects-normal/arm64/TodoTimersUITests_dependency_info.dat --stringsdata-file /Users/jeremywatt/Library/Developer/Xcode/DerivedData/TodoTimers-hhkfosrtfdujgsaeyczcbhtfazrk/Build/Intermediates.noindex/TodoTimers.build/Debug-iphonesimulator/TodoTimersUITests.build/Objects-normal/arm64/ExtractedAppShortcutsMetadata.stringsdata --source-file-list /Users/jeremywatt/Library/Developer/Xcode/DerivedData/TodoTimers-hhkfosrtfdujgsaeyczcbhtfazrk/Build/Intermediates.noindex/TodoTimers.build/Debug-iphonesimulator/TodoTimersUITests.build/Objects-normal/arm64/TodoTimersUITests.SwiftFileList --metadata-file-list /Users/jeremywatt/Library/Developer/Xcode/DerivedData/TodoTimers-hhkfosrtfdujgsaeyczcbhtfazrk/Build/Intermediates.noindex/TodoTimers.build/Debug-iphonesimulator/TodoTimersUITests.build/TodoTimersUITests.DependencyMetadataFileList --static-metadata-file-list /Users/jeremywatt/Library/Developer/Xcode/DerivedData/TodoTimers-hhkfosrtfdujgsaeyczcbhtfazrk/Build/Intermediates.noindex/TodoTimers.build/Debug-iphonesimulator/TodoTimersUITests.build/TodoTimersUITests.DependencyStaticMetadataFileList --swift-const-vals-list /Users/jeremywatt/Library/Developer/Xcode/DerivedData/TodoTimers-hhkfosrtfdujgsaeyczcbhtfazrk/Build/Intermediates.noindex/TodoTimers.build/Debug-iphonesimulator/TodoTimersUITests.build/Objects-normal/arm64/TodoTimersUITests.SwiftConstValuesFileList --compile-time-extraction --deployment-aware-processing --validate-assistant-intents --no-app-shortcuts-localization
2025-10-18 11:36:50.840 appintentsmetadataprocessor[94219:16092703] Starting appintentsmetadataprocessor export
2025-10-18 11:36:50.841 appintentsmetadataprocessor[94219:16092703] warning: Metadata extraction skipped. No AppIntents.framework dependency found.

CodeSign /Users/jeremywatt/Library/Developer/Xcode/DerivedData/TodoTimers-hhkfosrtfdujgsaeyczcbhtfazrk/Build/Products/Debug-iphonesimulator/TodoTimersUITests-Runner.app/PlugIns/TodoTimersUITests.xctest (in target 'TodoTimersUITests' from project 'TodoTimers')
    cd /Users/jeremywatt/Desktop/todo-timers-ios/TodoTimers
    
    Signing Identity:     "Sign to Run Locally"
    
    /usr/bin/codesign --force --sign - --timestamp\=none --generate-entitlement-der /Users/jeremywatt/Library/Developer/Xcode/DerivedData/TodoTimers-hhkfosrtfdujgsaeyczcbhtfazrk/Build/Products/Debug-iphonesimulator/TodoTimersUITests-Runner.app/PlugIns/TodoTimersUITests.xctest

2025-10-18 11:36:51.613301-0700 TodoTimersUITests-Runner[94221:16092815] [Default] Running tests...
    t =      nans Interface orientation changed to Portrait
Test Suite 'Selected tests' started at 2025-10-18 11:36:52.343.
Test Suite 'TodoTimersUITests.xctest' started at 2025-10-18 11:36:52.343.
Test Suite 'NavigationUITests' started at 2025-10-18 11:36:52.343.
Test Case '-[TodoTimersUITests.NavigationUITests testEditTimerSheet_OpenAndDismiss]' started.
    t =     0.00s Start Test at 2025-10-18 11:36:52.343
    t =     0.02s Set Up
    t =     0.03s     Open neonwatty.TodoTimers
    t =     0.03s         Launch neonwatty.TodoTimers
    t =     0.37s             Interface orientation changed to Landscape Left
    t =     0.44s             Setting up automation session
    t =     0.85s             Wait for neonwatty.TodoTimers to idle
    t =     2.01s Tap "addTimerButton" Button
    t =     2.01s     Wait for neonwatty.TodoTimers to idle
    t =     2.01s     Find the "addTimerButton" Button
    t =     2.05s     Check for interrupting elements affecting "addTimerButton" Button
    t =     2.07s     Synthesize event
    t =     2.35s     Wait for neonwatty.TodoTimers to idle
    t =     2.85s Waiting 5.0s for "timerNameField" TextField to exist
    t =     3.88s     Checking `Expect predicate `existsNoRetry == 1` for object "timerNameField" TextField`
    t =     3.89s         Checking existence of `"timerNameField" TextField`
    t =     4.10s Find the "timerNameField" TextField
    t =     4.16s Tap "timerNameField" TextField
    t =     4.16s     Wait for neonwatty.TodoTimers to idle
    t =     4.17s     Find the "timerNameField" TextField
    t =     4.24s     Check for interrupting elements affecting "timerNameField" TextField
    t =     4.30s     Synthesize event
    t =     4.59s     Wait for neonwatty.TodoTimers to idle
    t =     5.08s Type '' into "timerNameField" TextField
    t =     5.08s     Wait for neonwatty.TodoTimers to idle
    t =     5.08s     Find the "timerNameField" TextField
    t =     5.18s     Check for interrupting elements affecting "timerNameField" TextField
    t =     5.26s     Synthesize event
    t =     5.72s     Wait for neonwatty.TodoTimers to idle
    t =     5.72s Type 'Edit Test' into "timerNameField" TextField
    t =     5.72s     Wait for neonwatty.TodoTimers to idle
    t =     5.72s     Find the "timerNameField" TextField
    t =     5.81s     Check for interrupting elements affecting "timerNameField" TextField
    t =     5.88s     Synthesize event
    t =     6.23s     Wait for neonwatty.TodoTimers to idle
    t =     6.23s Set value of PickerWheel (Element at index 0) to 10
    t =     6.23s     Wait for neonwatty.TodoTimers to idle
    t =     6.23s     Find the PickerWheel (Element at index 0)
    t =     6.40s     Check for interrupting elements affecting "25" PickerWheel
    t =     6.48s     Synthesize event
    t =     6.68s     Wait for neonwatty.TodoTimers to idle
    t =     6.68s Tap "doneButton" Button
    t =     6.68s     Wait for neonwatty.TodoTimers to idle
    t =     6.71s     Find the "doneButton" Button
    t =     6.87s     Check for interrupting elements affecting "doneButton" Button
    t =     6.94s     Synthesize event
    t =     7.22s     Wait for neonwatty.TodoTimers to idle
    t =     7.64s Waiting 5.0s for "addTimerButton" Button to exist
    t =     8.67s     Checking `Expect predicate `existsNoRetry == 1` for object "addTimerButton" Button`
    t =     8.67s         Checking existence of `"addTimerButton" Button`
    t =     8.70s Tap Button (First Match)
    t =     8.70s     Wait for neonwatty.TodoTimers to idle
    t =     8.70s     Find the Button (First Match)
    t =     8.73s     Check for interrupting elements affecting "timerCard-67EE5C87-7F20-4499-8E55-00AFD899C4C6" Button
    t =     8.74s     Synthesize event
    t =     9.02s     Wait for neonwatty.TodoTimers to idle
    t =     9.40s Tap "editTimerButton" Button
    t =     9.40s     Wait for neonwatty.TodoTimers to idle
    t =     9.41s     Find the "editTimerButton" Button
    t =     9.43s     Check for interrupting elements affecting "editTimerButton" Button
    t =     9.44s     Synthesize event
    t =     9.73s     Wait for neonwatty.TodoTimers to idle
    t =    10.18s Waiting 5.0s for "timerNameField" TextField to exist
    t =    11.20s     Checking `Expect predicate `existsNoRetry == 1` for object "timerNameField" TextField`
    t =    11.20s         Checking existence of `"timerNameField" TextField`
    t =    11.40s Tap "cancelButton" Button
    t =    11.40s     Wait for neonwatty.TodoTimers to idle
    t =    11.40s     Find the "cancelButton" Button
    t =    11.47s     Check for interrupting elements affecting "cancelButton" Button
    t =    11.53s     Synthesize event
    t =    11.82s     Wait for neonwatty.TodoTimers to idle
    t =    12.25s Checking existence of `"startButton" Button`
    t =    12.29s Tear Down
Test Case '-[TodoTimersUITests.NavigationUITests testEditTimerSheet_OpenAndDismiss]' passed (12.496 seconds).
Test Case '-[TodoTimersUITests.NavigationUITests testNavigateToTimerDetail_OpensDetailView]' started.
    t =     0.00s Start Test at 2025-10-18 11:37:04.840
    t =     0.02s Set Up
    t =     0.03s     Open neonwatty.TodoTimers
    t =     0.03s         Launch neonwatty.TodoTimers
    t =     0.03s             Terminate neonwatty.TodoTimers:94228
    t =     0.17s                 Interface orientation changed to Portrait
    t =     1.30s             Interface orientation changed to Landscape Left
    t =     1.30s             Setting up automation session
    t =     1.71s             Wait for neonwatty.TodoTimers to idle
    t =     2.88s Tap "addTimerButton" Button
    t =     2.88s     Wait for neonwatty.TodoTimers to idle
    t =     2.88s     Find the "addTimerButton" Button
    t =     2.93s     Check for interrupting elements affecting "addTimerButton" Button
    t =     2.94s     Synthesize event
    t =     3.23s     Wait for neonwatty.TodoTimers to idle
    t =     3.71s Waiting 5.0s for "timerNameField" TextField to exist
    t =     4.74s     Checking `Expect predicate `existsNoRetry == 1` for object "timerNameField" TextField`
    t =     4.74s         Checking existence of `"timerNameField" TextField`
    t =     4.95s Find the "timerNameField" TextField
    t =     5.01s Tap "timerNameField" TextField
    t =     5.01s     Wait for neonwatty.TodoTimers to idle
    t =     5.01s     Find the "timerNameField" TextField
    t =     5.08s     Check for interrupting elements affecting "timerNameField" TextField
    t =     5.14s     Synthesize event
    t =     5.43s     Wait for neonwatty.TodoTimers to idle
    t =     5.88s Type '' into "timerNameField" TextField
    t =     5.88s     Wait for neonwatty.TodoTimers to idle
    t =     5.88s     Find the "timerNameField" TextField
    t =     5.98s     Check for interrupting elements affecting "timerNameField" TextField
    t =     6.06s     Synthesize event
    t =     6.52s     Wait for neonwatty.TodoTimers to idle
    t =     6.53s Type 'Navigation Test' into "timerNameField" TextField
    t =     6.53s     Wait for neonwatty.TodoTimers to idle
    t =     6.53s     Find the "timerNameField" TextField
    t =     6.62s     Check for interrupting elements affecting "timerNameField" TextField
    t =     6.69s     Synthesize event
    t =     7.14s     Wait for neonwatty.TodoTimers to idle
    t =     7.14s Set value of PickerWheel (Element at index 0) to 10
    t =     7.14s     Wait for neonwatty.TodoTimers to idle
    t =     7.14s     Find the PickerWheel (Element at index 0)
    t =     7.31s     Check for interrupting elements affecting "25" PickerWheel
    t =     7.38s     Synthesize event
    t =     7.49s     Wait for neonwatty.TodoTimers to idle
    t =     7.52s Tap "doneButton" Button
    t =     7.52s     Wait for neonwatty.TodoTimers to idle
    t =     7.52s     Find the "doneButton" Button
    t =     7.68s     Check for interrupting elements affecting "doneButton" Button
    t =     7.76s     Synthesize event
    t =     8.04s     Wait for neonwatty.TodoTimers to idle
    t =     8.46s Waiting 5.0s for "addTimerButton" Button to exist
    t =     9.48s     Checking `Expect predicate `existsNoRetry == 1` for object "addTimerButton" Button`
    t =     9.48s         Checking existence of `"addTimerButton" Button`
    t =     9.51s Waiting 5.0s for Button (First Match) to exist
    t =    10.54s     Checking `Expect predicate `existsNoRetry == 1` for object Button (First Match)`
    t =    10.54s         Checking existence of `Button (First Match)`
    t =    10.55s Tap Button (First Match)
    t =    10.55s     Wait for neonwatty.TodoTimers to idle
    t =    10.56s     Find the Button (First Match)
    t =    10.57s     Check for interrupting elements affecting "timerCard-57A34E91-5F3B-4BE8-A1F3-50C51E620E8E" Button
    t =    10.58s     Synthesize event
    t =    10.87s     Wait for neonwatty.TodoTimers to idle
    t =    11.23s Waiting 5.0s for "startButton" Button to exist
    t =    12.26s     Checking `Expect predicate `existsNoRetry == 1` for object "startButton" Button`
    t =    12.26s         Checking existence of `"startButton" Button`
    t =    12.29s Checking existence of `"resetButton" Button`
    t =    12.30s Checking existence of `"addTodoButton" Button`
    t =    12.31s Tear Down
Test Case '-[TodoTimersUITests.NavigationUITests testNavigateToTimerDetail_OpensDetailView]' passed (12.524 seconds).
Test Case '-[TodoTimersUITests.NavigationUITests testNavigationPreservesListState]' started.
    t =     0.00s Start Test at 2025-10-18 11:37:17.364
    t =     0.03s Set Up
    t =     0.03s     Open neonwatty.TodoTimers
    t =     0.03s         Launch neonwatty.TodoTimers
    t =     0.03s             Terminate neonwatty.TodoTimers:94237
    t =     0.18s                 Interface orientation changed to Portrait
    t =     1.31s             Interface orientation changed to Landscape Left
    t =     1.31s             Setting up automation session
    t =     1.72s             Wait for neonwatty.TodoTimers to idle
    t =     2.89s Tap "addTimerButton" Button
    t =     2.89s     Wait for neonwatty.TodoTimers to idle
    t =     2.89s     Find the "addTimerButton" Button
    t =     2.94s     Check for interrupting elements affecting "addTimerButton" Button
    t =     2.95s     Synthesize event
    t =     3.24s     Wait for neonwatty.TodoTimers to idle
    t =     3.76s Waiting 5.0s for "timerNameField" TextField to exist
    t =     4.76s     Checking `Expect predicate `existsNoRetry == 1` for object "timerNameField" TextField`
    t =     4.76s         Checking existence of `"timerNameField" TextField`
    t =     4.97s Find the "timerNameField" TextField
    t =     5.04s Tap "timerNameField" TextField
    t =     5.04s     Wait for neonwatty.TodoTimers to idle
    t =     5.04s     Find the "timerNameField" TextField
    t =     5.11s     Check for interrupting elements affecting "timerNameField" TextField
    t =     5.17s     Synthesize event
    t =     5.45s     Wait for neonwatty.TodoTimers to idle
    t =     5.89s Type '' into "timerNameField" TextField
    t =     5.89s     Wait for neonwatty.TodoTimers to idle
    t =     5.89s     Find the "timerNameField" TextField
    t =     5.99s     Check for interrupting elements affecting "timerNameField" TextField
    t =     6.06s     Synthesize event
    t =     6.53s     Wait for neonwatty.TodoTimers to idle
    t =     6.53s Type 'Timer 1' into "timerNameField" TextField
    t =     6.53s     Wait for neonwatty.TodoTimers to idle
    t =     6.53s     Find the "timerNameField" TextField
    t =     6.63s     Check for interrupting elements affecting "timerNameField" TextField
    t =     6.70s     Synthesize event
    t =     7.00s     Wait for neonwatty.TodoTimers to idle
    t =     7.01s Set value of PickerWheel (Element at index 0) to 5
    t =     7.01s     Wait for neonwatty.TodoTimers to idle
    t =     7.01s     Find the PickerWheel (Element at index 0)
    t =     7.18s     Check for interrupting elements affecting "25" PickerWheel
    t =     7.25s     Synthesize event
    t =     7.50s     Wait for neonwatty.TodoTimers to idle
    t =     7.53s Tap "doneButton" Button
    t =     7.53s     Wait for neonwatty.TodoTimers to idle
    t =     7.53s     Find the "doneButton" Button
    t =     7.69s     Check for interrupting elements affecting "doneButton" Button
    t =     7.76s     Synthesize event
    t =     8.05s     Wait for neonwatty.TodoTimers to idle
    t =     8.46s Waiting 5.0s for "addTimerButton" Button to exist
    t =     9.48s     Checking `Expect predicate `existsNoRetry == 1` for object "addTimerButton" Button`
    t =     9.48s         Checking existence of `"addTimerButton" Button`
    t =     9.51s Tap "addTimerButton" Button
    t =     9.51s     Wait for neonwatty.TodoTimers to idle
    t =     9.52s     Find the "addTimerButton" Button
    t =     9.53s     Check for interrupting elements affecting "addTimerButton" Button
    t =     9.55s     Synthesize event
    t =     9.84s     Wait for neonwatty.TodoTimers to idle
    t =    10.27s Waiting 5.0s for "timerNameField" TextField to exist
    t =    11.28s     Checking `Expect predicate `existsNoRetry == 1` for object "timerNameField" TextField`
    t =    11.28s         Checking existence of `"timerNameField" TextField`
    t =    11.48s Find the "timerNameField" TextField
    t =    11.55s Tap "timerNameField" TextField
    t =    11.55s     Wait for neonwatty.TodoTimers to idle
    t =    11.56s     Find the "timerNameField" TextField
    t =    11.62s     Check for interrupting elements affecting "timerNameField" TextField
    t =    11.69s     Synthesize event
    t =    11.97s     Wait for neonwatty.TodoTimers to idle
    t =    12.36s Type '' into "timerNameField" TextField
    t =    12.36s     Wait for neonwatty.TodoTimers to idle
    t =    12.37s     Find the "timerNameField" TextField
    t =    12.47s     Check for interrupting elements affecting "timerNameField" TextField
    t =    12.54s     Synthesize event
    t =    13.00s     Wait for neonwatty.TodoTimers to idle
    t =    13.01s Type 'Timer 2' into "timerNameField" TextField
    t =    13.01s     Wait for neonwatty.TodoTimers to idle
    t =    13.01s     Find the "timerNameField" TextField
    t =    13.11s     Check for interrupting elements affecting "timerNameField" TextField
    t =    13.19s     Synthesize event
    t =    13.50s     Wait for neonwatty.TodoTimers to idle
    t =    13.50s Set value of PickerWheel (Element at index 0) to 10
    t =    13.50s     Wait for neonwatty.TodoTimers to idle
    t =    13.50s     Find the PickerWheel (Element at index 0)
    t =    13.67s     Check for interrupting elements affecting "25" PickerWheel
    t =    13.74s     Synthesize event
    t =    13.88s     Wait for neonwatty.TodoTimers to idle
    t =    13.88s Tap "doneButton" Button
    t =    13.88s     Wait for neonwatty.TodoTimers to idle
    t =    13.90s     Find the "doneButton" Button
    t =    14.06s     Check for interrupting elements affecting "doneButton" Button
    t =    14.14s     Synthesize event
    t =    14.43s     Wait for neonwatty.TodoTimers to idle
    t =    14.83s Waiting 5.0s for "addTimerButton" Button to exist
    t =    15.85s     Checking `Expect predicate `existsNoRetry == 1` for object "addTimerButton" Button`
    t =    15.85s         Checking existence of `"addTimerButton" Button`
    t =    15.89s Tap "addTimerButton" Button
    t =    15.89s     Wait for neonwatty.TodoTimers to idle
    t =    15.89s     Find the "addTimerButton" Button
    t =    15.91s     Check for interrupting elements affecting "addTimerButton" Button
    t =    15.93s     Synthesize event
    t =    16.21s     Wait for neonwatty.TodoTimers to idle
    t =    16.66s Waiting 5.0s for "timerNameField" TextField to exist
    t =    17.67s     Checking `Expect predicate `existsNoRetry == 1` for object "timerNameField" TextField`
    t =    17.67s         Checking existence of `"timerNameField" TextField`
    t =    17.88s Find the "timerNameField" TextField
    t =    17.95s Tap "timerNameField" TextField
    t =    17.95s     Wait for neonwatty.TodoTimers to idle
    t =    17.95s     Find the "timerNameField" TextField
    t =    18.01s     Check for interrupting elements affecting "timerNameField" TextField
    t =    18.08s     Synthesize event
    t =    18.37s     Wait for neonwatty.TodoTimers to idle
    t =    18.73s Type '' into "timerNameField" TextField
    t =    18.73s     Wait for neonwatty.TodoTimers to idle
    t =    18.74s     Find the "timerNameField" TextField
    t =    18.82s     Check for interrupting elements affecting "timerNameField" TextField
    t =    18.89s     Synthesize event
    t =    19.35s     Wait for neonwatty.TodoTimers to idle
    t =    19.35s Type 'Timer 3' into "timerNameField" TextField
    t =    19.35s     Wait for neonwatty.TodoTimers to idle
    t =    19.36s     Find the "timerNameField" TextField
    t =    19.45s     Check for interrupting elements affecting "timerNameField" TextField
    t =    19.53s     Synthesize event
    t =    19.84s     Wait for neonwatty.TodoTimers to idle
    t =    19.84s Set value of PickerWheel (Element at index 0) to 15
    t =    19.84s     Wait for neonwatty.TodoTimers to idle
    t =    19.84s     Find the PickerWheel (Element at index 0)
    t =    20.01s     Check for interrupting elements affecting "25" PickerWheel
    t =    20.08s     Synthesize event
    t =    20.23s     Wait for neonwatty.TodoTimers to idle
    t =    20.26s Tap "doneButton" Button
    t =    20.26s     Wait for neonwatty.TodoTimers to idle
    t =    20.26s     Find the "doneButton" Button
    t =    20.42s     Check for interrupting elements affecting "doneButton" Button
    t =    20.49s     Synthesize event
    t =    20.78s     Wait for neonwatty.TodoTimers to idle
    t =    21.19s Waiting 5.0s for "addTimerButton" Button to exist
    t =    22.20s     Checking `Expect predicate `existsNoRetry == 1` for object "addTimerButton" Button`
    t =    22.20s         Checking existence of `"addTimerButton" Button`
    t =    22.24s Checking existence of `"Timer 1" StaticText`
    t =    22.26s Checking existence of `"Timer 2" StaticText`
    t =    22.28s Checking existence of `"Timer 3" StaticText`
    t =    22.30s Tap Button (Element at index 1)
    t =    22.30s     Wait for neonwatty.TodoTimers to idle
    t =    22.30s     Find the Button (Element at index 1)
    t =    22.31s     Check for interrupting elements affecting "timerCard-5F514091-EBC4-45C1-A1EF-3A2806266D88" Button
    t =    22.32s     Synthesize event
    t =    22.61s     Wait for neonwatty.TodoTimers to idle
    t =    22.97s Tap Button (Element at index 0)
    t =    22.97s     Wait for neonwatty.TodoTimers to idle
    t =    22.98s     Find the Button (Element at index 0)
    t =    23.00s     Check for interrupting elements affecting "My Timers" Button
    t =    23.02s     Synthesize event
    t =    23.30s     Wait for neonwatty.TodoTimers to idle
    t =    23.64s Checking existence of `"Timer 1" StaticText`
    t =    23.67s Checking existence of `"Timer 2" StaticText`
    t =    23.69s Checking existence of `"Timer 3" StaticText`
    t =    23.70s Tear Down
Test Case '-[TodoTimersUITests.NavigationUITests testNavigationPreservesListState]' passed (23.915 seconds).
Test Case '-[TodoTimersUITests.NavigationUITests testCreateTimerSheet_OpenAndDismiss]' started.
    t =     0.00s Start Test at 2025-10-18 11:37:41.279
    t =     0.03s Set Up
    t =     0.03s     Open neonwatty.TodoTimers
    t =     0.03s         Launch neonwatty.TodoTimers
    t =     0.03s             Terminate neonwatty.TodoTimers:94243
    t =     0.17s                 Interface orientation changed to Portrait
    t =     1.29s             Interface orientation changed to Landscape Left
    t =     1.29s             Setting up automation session
    t =     1.72s             Wait for neonwatty.TodoTimers to idle
    t =     2.92s Tap "addTimerButton" Button
    t =     2.92s     Wait for neonwatty.TodoTimers to idle
    t =     2.93s     Find the "addTimerButton" Button
    t =     2.97s     Check for interrupting elements affecting "addTimerButton" Button
    t =     2.98s     Synthesize event
    t =     3.27s     Wait for neonwatty.TodoTimers to idle
    t =     3.76s Waiting 5.0s for "timerNameField" TextField to exist
    t =     4.77s     Checking `Expect predicate `existsNoRetry == 1` for object "timerNameField" TextField`
    t =     4.77s         Checking existence of `"timerNameField" TextField`
    t =     4.97s Tap "cancelButton" Button
    t =     4.97s     Wait for neonwatty.TodoTimers to idle
    t =     4.97s     Find the "cancelButton" Button
    t =     5.04s     Check for interrupting elements affecting "cancelButton" Button
    t =     5.10s     Synthesize event
    t =     5.39s     Wait for neonwatty.TodoTimers to idle
    t =     5.83s Waiting 5.0s for "addTimerButton" Button to exist
    t =     6.85s     Checking `Expect predicate `existsNoRetry == 1` for object "addTimerButton" Button`
    t =     6.85s         Checking existence of `"addTimerButton" Button`
    t =     6.87s Tear Down
Test Case '-[TodoTimersUITests.NavigationUITests testCreateTimerSheet_OpenAndDismiss]' passed (7.083 seconds).
Test Case '-[TodoTimersUITests.NavigationUITests testNavigateBackToList_ReturnsToTimerList]' started.
    t =     0.00s Start Test at 2025-10-18 11:37:48.363
    t =     0.03s Set Up
    t =     0.03s     Open neonwatty.TodoTimers
    t =     0.03s         Launch neonwatty.TodoTimers
    t =     0.03s             Terminate neonwatty.TodoTimers:94256
    t =     0.17s                 Interface orientation changed to Portrait
    t =     1.29s             Interface orientation changed to Landscape Left
    t =     1.29s             Setting up automation session
    t =     1.68s             Wait for neonwatty.TodoTimers to idle
    t =     2.82s Tap "addTimerButton" Button
    t =     2.82s     Wait for neonwatty.TodoTimers to idle
    t =     2.83s     Find the "addTimerButton" Button
    t =     2.87s     Check for interrupting elements affecting "addTimerButton" Button
    t =     2.88s     Synthesize event
    t =     3.17s     Wait for neonwatty.TodoTimers to idle
    t =     3.68s Waiting 5.0s for "timerNameField" TextField to exist
    t =     4.70s     Checking `Expect predicate `existsNoRetry == 1` for object "timerNameField" TextField`
    t =     4.70s         Checking existence of `"timerNameField" TextField`
    t =     4.90s Find the "timerNameField" TextField
    t =     4.97s Tap "timerNameField" TextField
    t =     4.97s     Wait for neonwatty.TodoTimers to idle
    t =     4.97s     Find the "timerNameField" TextField
    t =     5.03s     Check for interrupting elements affecting "timerNameField" TextField
    t =     5.10s     Synthesize event
    t =     5.39s     Wait for neonwatty.TodoTimers to idle
    t =     5.88s Type '' into "timerNameField" TextField
    t =     5.88s     Wait for neonwatty.TodoTimers to idle
    t =     5.88s     Find the "timerNameField" TextField
    t =     5.98s     Check for interrupting elements affecting "timerNameField" TextField
    t =     6.05s     Synthesize event
    t =     6.52s     Wait for neonwatty.TodoTimers to idle
    t =     6.52s Type 'Back Test' into "timerNameField" TextField
    t =     6.52s     Wait for neonwatty.TodoTimers to idle
    t =     6.53s     Find the "timerNameField" TextField
    t =     6.62s     Check for interrupting elements affecting "timerNameField" TextField
    t =     6.69s     Synthesize event
    t =     7.03s     Wait for neonwatty.TodoTimers to idle
    t =     7.04s Set value of PickerWheel (Element at index 0) to 10
    t =     7.04s     Wait for neonwatty.TodoTimers to idle
    t =     7.04s     Find the PickerWheel (Element at index 0)
    t =     7.21s     Check for interrupting elements affecting "25" PickerWheel
    t =     7.28s     Synthesize event
    t =     7.42s     Wait for neonwatty.TodoTimers to idle
    t =     7.44s Tap "doneButton" Button
    t =     7.44s     Wait for neonwatty.TodoTimers to idle
    t =     7.45s     Find the "doneButton" Button
    t =     7.62s     Check for interrupting elements affecting "doneButton" Button
    t =     7.70s     Synthesize event
    t =     7.98s     Wait for neonwatty.TodoTimers to idle
    t =     8.42s Waiting 5.0s for "addTimerButton" Button to exist
    t =     9.43s     Checking `Expect predicate `existsNoRetry == 1` for object "addTimerButton" Button`
    t =     9.43s         Checking existence of `"addTimerButton" Button`
    t =     9.47s Tap Button (First Match)
    t =     9.47s     Wait for neonwatty.TodoTimers to idle
    t =     9.47s     Find the Button (First Match)
    t =     9.49s     Check for interrupting elements affecting "timerCard-B668B7C5-1D75-489A-9F6B-639EE3019FFA" Button
    t =     9.51s     Synthesize event
    t =     9.79s     Wait for neonwatty.TodoTimers to idle
    t =    10.16s Waiting 5.0s for "startButton" Button to exist
    t =    11.17s     Checking `Expect predicate `existsNoRetry == 1` for object "startButton" Button`
    t =    11.18s         Checking existence of `"startButton" Button`
    t =    11.21s Tap Button (Element at index 0)
    t =    11.21s     Wait for neonwatty.TodoTimers to idle
    t =    11.21s     Find the Button (Element at index 0)
    t =    11.22s     Check for interrupting elements affecting "My Timers" Button
    t =    11.24s     Synthesize event
    t =    11.52s     Wait for neonwatty.TodoTimers to idle
    t =    11.86s Waiting 5.0s for "addTimerButton" Button to exist
    t =    12.87s     Checking `Expect predicate `existsNoRetry == 1` for object "addTimerButton" Button`
    t =    12.87s         Checking existence of `"addTimerButton" Button`
    t =    12.90s Checking existence of `"Back Test" StaticText`
    t =    12.92s Tear Down
Test Case '-[TodoTimersUITests.NavigationUITests testNavigateBackToList_ReturnsToTimerList]' passed (13.127 seconds).
Test Case '-[TodoTimersUITests.NavigationUITests testAddTodoSheet_OpenAndDismiss]' started.
    t =     0.00s Start Test at 2025-10-18 11:38:01.491
    t =     0.02s Set Up
    t =     0.03s     Open neonwatty.TodoTimers
    t =     0.03s         Launch neonwatty.TodoTimers
    t =     0.03s             Terminate neonwatty.TodoTimers:94261
    t =     0.17s                 Interface orientation changed to Portrait
    t =     1.28s             Interface orientation changed to Landscape Left
    t =     1.28s             Setting up automation session
    t =     1.70s             Wait for neonwatty.TodoTimers to idle
    t =     2.88s Tap "addTimerButton" Button
    t =     2.88s     Wait for neonwatty.TodoTimers to idle
    t =     2.88s     Find the "addTimerButton" Button
    t =     2.93s     Check for interrupting elements affecting "addTimerButton" Button
    t =     2.94s     Synthesize event
    t =     3.23s     Wait for neonwatty.TodoTimers to idle
    t =     3.71s Waiting 5.0s for "timerNameField" TextField to exist
    t =     4.73s     Checking `Expect predicate `existsNoRetry == 1` for object "timerNameField" TextField`
    t =     4.73s         Checking existence of `"timerNameField" TextField`
    t =     4.91s Find the "timerNameField" TextField
    t =     4.98s Tap "timerNameField" TextField
    t =     4.98s     Wait for neonwatty.TodoTimers to idle
    t =     4.98s     Find the "timerNameField" TextField
    t =     5.04s     Check for interrupting elements affecting "timerNameField" TextField
    t =     5.10s     Synthesize event
    t =     5.39s     Wait for neonwatty.TodoTimers to idle
    t =     5.83s Type '' into "timerNameField" TextField
    t =     5.83s     Wait for neonwatty.TodoTimers to idle
    t =     5.83s     Find the "timerNameField" TextField
    t =     5.93s     Check for interrupting elements affecting "timerNameField" TextField
    t =     6.00s     Synthesize event
    t =     6.46s     Wait for neonwatty.TodoTimers to idle
    t =     6.46s Type 'Todo Nav Test' into "timerNameField" TextField
    t =     6.46s     Wait for neonwatty.TodoTimers to idle
    t =     6.46s     Find the "timerNameField" TextField
    t =     6.56s     Check for interrupting elements affecting "timerNameField" TextField
    t =     6.63s     Synthesize event
    t =     7.05s     Wait for neonwatty.TodoTimers to idle
    t =     7.05s Set value of PickerWheel (Element at index 0) to 10
    t =     7.05s     Wait for neonwatty.TodoTimers to idle
    t =     7.05s     Find the PickerWheel (Element at index 0)
    t =     7.23s     Check for interrupting elements affecting "25" PickerWheel
    t =     7.30s     Synthesize event
    t =     7.41s     Wait for neonwatty.TodoTimers to idle
    t =     7.43s Tap "doneButton" Button
    t =     7.44s     Wait for neonwatty.TodoTimers to idle
    t =     7.44s     Find the "doneButton" Button
    t =     7.60s     Check for interrupting elements affecting "doneButton" Button
    t =     7.67s     Synthesize event
    t =     7.95s     Wait for neonwatty.TodoTimers to idle
    t =     8.38s Waiting 5.0s for "addTimerButton" Button to exist
    t =     9.39s     Checking `Expect predicate `existsNoRetry == 1` for object "addTimerButton" Button`
    t =     9.39s         Checking existence of `"addTimerButton" Button`
    t =     9.42s Tap Button (First Match)
    t =     9.42s     Wait for neonwatty.TodoTimers to idle
    t =     9.42s     Find the Button (First Match)
    t =     9.45s     Check for interrupting elements affecting "timerCard-1D1F223C-D03D-4AE6-8885-57EB3D924232" Button
    t =     9.47s     Synthesize event
    t =     9.75s     Wait for neonwatty.TodoTimers to idle
    t =    10.12s Tap "addTodoButton" Button
    t =    10.12s     Wait for neonwatty.TodoTimers to idle
    t =    10.13s     Find the "addTodoButton" Button
    t =    10.15s     Check for interrupting elements affecting "addTodoButton" Button
    t =    10.16s     Synthesize event
    t =    10.45s     Wait for neonwatty.TodoTimers to idle
    t =    10.45s Waiting 5.0s for "todoTextField" TextField to exist
    t =    11.47s     Checking `Expect predicate `existsNoRetry == 1` for object "todoTextField" TextField`
    t =    11.47s         Checking existence of `"todoTextField" TextField`
    t =    11.50s         Capturing element debug description
    t =    12.52s     Checking `Expect predicate `existsNoRetry == 1` for object "todoTextField" TextField`
    t =    12.52s         Checking existence of `"todoTextField" TextField`
    t =    12.55s         Capturing element debug description
    t =    13.45s     Checking `Expect predicate `existsNoRetry == 1` for object "todoTextField" TextField`
    t =    13.46s         Checking existence of `"todoTextField" TextField`
    t =    13.48s         Capturing element debug description
    t =    14.49s     Checking `Expect predicate `existsNoRetry == 1` for object "todoTextField" TextField`
    t =    14.49s         Checking existence of `"todoTextField" TextField`
    t =    14.51s         Capturing element debug description
    t =    15.45s     Checking `Expect predicate `existsNoRetry == 1` for object "todoTextField" TextField`
    t =    15.46s         Checking existence of `"todoTextField" TextField`
    t =    15.48s         Capturing element debug description
    t =    15.48s     Checking existence of `"todoTextField" TextField`
    t =    15.49s Collecting debug information to assist test failure triage
    t =    15.49s     Requesting snapshot of accessibility hierarchy for app with pid 94268
/Users/jeremywatt/Desktop/todo-timers-ios/TodoTimers/TodoTimersUITests/E2ETests/NavigationUITests.swift:135: error: -[TodoTimersUITests.NavigationUITests testAddTodoSheet_OpenAndDismiss] : XCTAssertTrue failed
    t =    15.52s Tear Down
Test Case '-[TodoTimersUITests.NavigationUITests testAddTodoSheet_OpenAndDismiss]' failed (15.752 seconds).
Test Case '-[TodoTimersUITests.NavigationUITests testCreateTimerSheet_SaveReturnsToList]' started.
    t =     0.00s Start Test at 2025-10-18 11:38:17.243
    t =     0.03s Set Up
    t =     0.03s     Open neonwatty.TodoTimers
    t =     0.03s         Launch neonwatty.TodoTimers
    t =     0.03s             Terminate neonwatty.TodoTimers:94268
    t =     0.19s                 Interface orientation changed to Portrait
    t =     1.28s             Interface orientation changed to Landscape Left
    t =     1.28s             Setting up automation session
    t =     1.67s             Wait for neonwatty.TodoTimers to idle
    t =     2.83s Tap "addTimerButton" Button
    t =     2.83s     Wait for neonwatty.TodoTimers to idle
    t =     2.83s     Find the "addTimerButton" Button
    t =     2.88s     Check for interrupting elements affecting "addTimerButton" Button
    t =     2.89s     Synthesize event
    t =     3.17s     Wait for neonwatty.TodoTimers to idle
    t =     3.66s Waiting 5.0s for "timerNameField" TextField to exist
    t =     4.67s     Checking `Expect predicate `existsNoRetry == 1` for object "timerNameField" TextField`
    t =     4.67s         Checking existence of `"timerNameField" TextField`
    t =     4.87s Find the "timerNameField" TextField
    t =     4.94s Tap "timerNameField" TextField
    t =     4.94s     Wait for neonwatty.TodoTimers to idle
    t =     4.94s     Find the "timerNameField" TextField
    t =     5.01s     Check for interrupting elements affecting "timerNameField" TextField
    t =     5.07s     Synthesize event
    t =     5.35s     Wait for neonwatty.TodoTimers to idle
    t =     5.79s Type '' into "timerNameField" TextField
    t =     5.79s     Wait for neonwatty.TodoTimers to idle
    t =     5.79s     Find the "timerNameField" TextField
    t =     5.89s     Check for interrupting elements affecting "timerNameField" TextField
    t =     5.96s     Synthesize event
    t =     6.43s     Wait for neonwatty.TodoTimers to idle
    t =     6.43s Type 'Sheet Test Timer' into "timerNameField" TextField
    t =     6.43s     Wait for neonwatty.TodoTimers to idle
    t =     6.43s     Find the "timerNameField" TextField
    t =     6.52s     Check for interrupting elements affecting "timerNameField" TextField
    t =     6.59s     Synthesize event
    t =     7.06s     Wait for neonwatty.TodoTimers to idle
    t =     7.06s Set value of PickerWheel (Element at index 0) to 15
    t =     7.06s     Wait for neonwatty.TodoTimers to idle
    t =     7.06s     Find the PickerWheel (Element at index 0)
    t =     7.23s     Check for interrupting elements affecting "25" PickerWheel
    t =     7.30s     Synthesize event
    t =     7.40s     Wait for neonwatty.TodoTimers to idle
    t =     7.40s Tap "doneButton" Button
    t =     7.40s     Wait for neonwatty.TodoTimers to idle
    t =     7.40s     Find the "doneButton" Button
    t =     7.60s     Check for interrupting elements affecting "doneButton" Button
    t =     7.71s     Synthesize event
    t =     7.99s     Wait for neonwatty.TodoTimers to idle
    t =     8.42s Waiting 5.0s for "addTimerButton" Button to exist
    t =     9.44s     Checking `Expect predicate `existsNoRetry == 1` for object "addTimerButton" Button`
    t =     9.44s         Checking existence of `"addTimerButton" Button`
    t =     9.46s Waiting 5.0s for "Sheet Test Timer" StaticText to exist
    t =    10.47s     Checking `Expect predicate `existsNoRetry == 1` for object "Sheet Test Timer" StaticText`
    t =    10.47s         Checking existence of `"Sheet Test Timer" StaticText`
    t =    10.50s Tear Down
Test Case '-[TodoTimersUITests.NavigationUITests testCreateTimerSheet_SaveReturnsToList]' passed (10.711 seconds).
Test Suite 'NavigationUITests' failed at 2025-10-18 11:38:27.955.
	 Executed 7 tests, with 1 failure (0 unexpected) in 95.608 (95.612) seconds
Test Suite 'TodoTimersUITests.xctest' failed at 2025-10-18 11:38:27.956.
	 Executed 7 tests, with 1 failure (0 unexpected) in 95.608 (95.613) seconds
Test Suite 'Selected tests' failed at 2025-10-18 11:38:27.957.
	 Executed 7 tests, with 1 failure (0 unexpected) in 95.608 (95.614) seconds
2025-10-18 11:38:28.291 xcodebuild[94186:16092534]  IDETestOperationsObserverDebug: Failure collecting diagnostics from simulator: Process exited with error 72:
 xcrun: error: unable to find utility "simctl", not a developer tool or in PATH

2025-10-18 11:38:28.301 xcodebuild[94186:16092489] [MT] IDETestOperationsObserverDebug: 97.444 elapsed -- Testing started completed.
2025-10-18 11:38:28.301 xcodebuild[94186:16092489] [MT] IDETestOperationsObserverDebug: 0.000 sec, +0.000 sec -- start
2025-10-18 11:38:28.301 xcodebuild[94186:16092489] [MT] IDETestOperationsObserverDebug: 97.444 sec, +97.444 sec -- end

Test session results, code coverage, and logs:
	/Users/jeremywatt/Library/Developer/Xcode/DerivedData/TodoTimers-hhkfosrtfdujgsaeyczcbhtfazrk/Logs/Test/Test-TodoTimers-2025.10.18_11-36-47--0700.xcresult

Failing tests:
	NavigationUITests.testAddTodoSheet_OpenAndDismiss()

** TEST FAILED **

Testing started
