Command line invocation:
    /Applications/Xcode.app/Contents/Developer/usr/bin/xcodebuild test -project TodoTimers.xcodeproj -scheme TodoTimers -destination "platform=iOS Simulator,name=iPhone 16" "-only-testing:TodoTimersUITests/NavigationUITests" -parallel-testing-enabled NO

--- xcodebuild: WARNING: Using the first of multiple matching destinations:
{ platform:iOS Simulator, arch:arm64, id:002673DD-F669-4F62-A9BB-B5009A96E818, OS:18.6, name:iPhone 16 }
{ platform:iOS Simulator, arch:x86_64, id:002673DD-F669-4F62-A9BB-B5009A96E818, OS:18.6, name:iPhone 16 }
ComputePackagePrebuildTargetDependencyGraph

Prepare packages

CreateBuildRequest

SendProjectDescription

CreateBuildOperation

ComputeTargetDependencyGraph
note: Building targets in dependency order
note: Target dependency graph (4 targets)
    Target 'TodoTimersUITests' in project 'TodoTimers'
        ➜ Explicit dependency on target 'TodoTimers' in project 'TodoTimers'
    Target 'TodoTimersTests' in project 'TodoTimers'
        ➜ Explicit dependency on target 'TodoTimers' in project 'TodoTimers'
    Target 'TodoTimers' in project 'TodoTimers'
        ➜ Explicit dependency on target 'TodoTimers Watch App Watch App' in project 'TodoTimers'
    Target 'TodoTimers Watch App Watch App' in project 'TodoTimers' (no dependencies)

GatherProvisioningInputs

CreateBuildDescription

ExecuteExternalTool /Applications/Xcode.app/Contents/Developer/usr/bin/actool --print-asset-tag-combinations --output-format xml1 /Users/jeremywatt/Desktop/todo-timers-ios/TodoTimers/TodoTimers Watch App Watch App/Assets.xcassets

ExecuteExternalTool /Applications/Xcode.app/Contents/Developer/usr/bin/actool --print-asset-tag-combinations --output-format xml1 /Users/jeremywatt/Desktop/todo-timers-ios/TodoTimers/TodoTimers/Assets.xcassets

ExecuteExternalTool /Applications/Xcode.app/Contents/Developer/Toolchains/XcodeDefault.xctoolchain/usr/bin/swiftc --version

ExecuteExternalTool /Applications/Xcode.app/Contents/Developer/Toolchains/XcodeDefault.xctoolchain/usr/bin/clang -v -E -dM -isysroot /Applications/Xcode.app/Contents/Developer/Platforms/WatchSimulator.platform/Developer/SDKs/WatchSimulator11.5.sdk -x c -c /dev/null

ExecuteExternalTool /Applications/Xcode.app/Contents/Developer/usr/bin/actool --version --output-format xml1

ExecuteExternalTool /Applications/Xcode.app/Contents/Developer/Toolchains/XcodeDefault.xctoolchain/usr/bin/clang -v -E -dM -isysroot /Applications/Xcode.app/Contents/Developer/Platforms/iPhoneSimulator.platform/Developer/SDKs/iPhoneSimulator18.5.sdk -x c -c /dev/null

ExecuteExternalTool /Applications/Xcode.app/Contents/Developer/Toolchains/XcodeDefault.xctoolchain/usr/bin/ld -version_details

Build description signature: df0da1ac3f365aa984b86252000c6bd9
Build description path: /Users/jeremywatt/Library/Developer/Xcode/DerivedData/TodoTimers-hhkfosrtfdujgsaeyczcbhtfazrk/Build/Intermediates.noindex/XCBuildData/df0da1ac3f365aa984b86252000c6bd9.xcbuilddata
ClangStatCache /Applications/Xcode.app/Contents/Developer/Toolchains/XcodeDefault.xctoolchain/usr/bin/clang-stat-cache /Applications/Xcode.app/Contents/Developer/Platforms/WatchSimulator.platform/Developer/SDKs/WatchSimulator11.5.sdk /Users/jeremywatt/Library/Developer/Xcode/DerivedData/SDKStatCaches.noindex/watchsimulator11.5-22T572-f072d36b9981b6dc55608c571d18f8ef.sdkstatcache
    cd /Users/jeremywatt/Desktop/todo-timers-ios/TodoTimers/TodoTimers.xcodeproj
    /Applications/Xcode.app/Contents/Developer/Toolchains/XcodeDefault.xctoolchain/usr/bin/clang-stat-cache /Applications/Xcode.app/Contents/Developer/Platforms/WatchSimulator.platform/Developer/SDKs/WatchSimulator11.5.sdk -o /Users/jeremywatt/Library/Developer/Xcode/DerivedData/SDKStatCaches.noindex/watchsimulator11.5-22T572-f072d36b9981b6dc55608c571d18f8ef.sdkstatcache

ClangStatCache /Applications/Xcode.app/Contents/Developer/Toolchains/XcodeDefault.xctoolchain/usr/bin/clang-stat-cache /Applications/Xcode.app/Contents/Developer/Platforms/iPhoneSimulator.platform/Developer/SDKs/iPhoneSimulator18.5.sdk /Users/jeremywatt/Library/Developer/Xcode/DerivedData/SDKStatCaches.noindex/iphonesimulator18.5-22F76-d5fc8ad4295d2ef488fb7d0f804ce0c4.sdkstatcache
    cd /Users/jeremywatt/Desktop/todo-timers-ios/TodoTimers/TodoTimers.xcodeproj
    /Applications/Xcode.app/Contents/Developer/Toolchains/XcodeDefault.xctoolchain/usr/bin/clang-stat-cache /Applications/Xcode.app/Contents/Developer/Platforms/iPhoneSimulator.platform/Developer/SDKs/iPhoneSimulator18.5.sdk -o /Users/jeremywatt/Library/Developer/Xcode/DerivedData/SDKStatCaches.noindex/iphonesimulator18.5-22F76-d5fc8ad4295d2ef488fb7d0f804ce0c4.sdkstatcache

WriteAuxiliaryFile /Users/jeremywatt/Library/Developer/Xcode/DerivedData/TodoTimers-hhkfosrtfdujgsaeyczcbhtfazrk/Build/Intermediates.noindex/TodoTimers.build/Debug-iphonesimulator/TodoTimers.build/Objects-normal/arm64/TodoTimers.SwiftFileList (in target 'TodoTimers' from project 'TodoTimers')
    cd /Users/jeremywatt/Desktop/todo-timers-ios/TodoTimers
    write-file /Users/jeremywatt/Library/Developer/Xcode/DerivedData/TodoTimers-hhkfosrtfdujgsaeyczcbhtfazrk/Build/Intermediates.noindex/TodoTimers.build/Debug-iphonesimulator/TodoTimers.build/Objects-normal/arm64/TodoTimers.SwiftFileList

WriteAuxiliaryFile /Users/jeremywatt/Library/Developer/Xcode/DerivedData/TodoTimers-hhkfosrtfdujgsaeyczcbhtfazrk/Build/Intermediates.noindex/TodoTimers.build/Debug-iphonesimulator/TodoTimers.build/Objects-normal/arm64/TodoTimers.LinkFileList (in target 'TodoTimers' from project 'TodoTimers')
    cd /Users/jeremywatt/Desktop/todo-timers-ios/TodoTimers
    write-file /Users/jeremywatt/Library/Developer/Xcode/DerivedData/TodoTimers-hhkfosrtfdujgsaeyczcbhtfazrk/Build/Intermediates.noindex/TodoTimers.build/Debug-iphonesimulator/TodoTimers.build/Objects-normal/arm64/TodoTimers.LinkFileList

WriteAuxiliaryFile /Users/jeremywatt/Library/Developer/Xcode/DerivedData/TodoTimers-hhkfosrtfdujgsaeyczcbhtfazrk/Build/Intermediates.noindex/TodoTimers.build/Debug-iphonesimulator/TodoTimersUITests.build/Objects-normal/arm64/TodoTimersUITests.SwiftFileList (in target 'TodoTimersUITests' from project 'TodoTimers')
    cd /Users/jeremywatt/Desktop/todo-timers-ios/TodoTimers
    write-file /Users/jeremywatt/Library/Developer/Xcode/DerivedData/TodoTimers-hhkfosrtfdujgsaeyczcbhtfazrk/Build/Intermediates.noindex/TodoTimers.build/Debug-iphonesimulator/TodoTimersUITests.build/Objects-normal/arm64/TodoTimersUITests.SwiftFileList

WriteAuxiliaryFile /Users/jeremywatt/Library/Developer/Xcode/DerivedData/TodoTimers-hhkfosrtfdujgsaeyczcbhtfazrk/Build/Intermediates.noindex/TodoTimers.build/Debug-watchsimulator/TodoTimers\ Watch\ App\ Watch\ App.build/Objects-normal/x86_64/TodoTimers\ Watch\ App\ Watch\ App.SwiftConstValuesFileList (in target 'TodoTimers Watch App Watch App' from project 'TodoTimers')
    cd /Users/jeremywatt/Desktop/todo-timers-ios/TodoTimers
    write-file /Users/jeremywatt/Library/Developer/Xcode/DerivedData/TodoTimers-hhkfosrtfdujgsaeyczcbhtfazrk/Build/Intermediates.noindex/TodoTimers.build/Debug-watchsimulator/TodoTimers\ Watch\ App\ Watch\ App.build/Objects-normal/x86_64/TodoTimers\ Watch\ App\ Watch\ App.SwiftConstValuesFileList

WriteAuxiliaryFile /Users/jeremywatt/Library/Developer/Xcode/DerivedData/TodoTimers-hhkfosrtfdujgsaeyczcbhtfazrk/Build/Intermediates.noindex/TodoTimers.build/Debug-watchsimulator/TodoTimers\ Watch\ App\ Watch\ App.build/Objects-normal/x86_64/TodoTimers\ Watch\ App\ Watch\ App.LinkFileList (in target 'TodoTimers Watch App Watch App' from project 'TodoTimers')
    cd /Users/jeremywatt/Desktop/todo-timers-ios/TodoTimers
    write-file /Users/jeremywatt/Library/Developer/Xcode/DerivedData/TodoTimers-hhkfosrtfdujgsaeyczcbhtfazrk/Build/Intermediates.noindex/TodoTimers.build/Debug-watchsimulator/TodoTimers\ Watch\ App\ Watch\ App.build/Objects-normal/x86_64/TodoTimers\ Watch\ App\ Watch\ App.LinkFileList

WriteAuxiliaryFile /Users/jeremywatt/Library/Developer/Xcode/DerivedData/TodoTimers-hhkfosrtfdujgsaeyczcbhtfazrk/Build/Intermediates.noindex/TodoTimers.build/Debug-watchsimulator/TodoTimers\ Watch\ App\ Watch\ App.build/Objects-normal/x86_64/TodoTimers\ Watch\ App\ Watch\ App.SwiftFileList (in target 'TodoTimers Watch App Watch App' from project 'TodoTimers')
    cd /Users/jeremywatt/Desktop/todo-timers-ios/TodoTimers
    write-file /Users/jeremywatt/Library/Developer/Xcode/DerivedData/TodoTimers-hhkfosrtfdujgsaeyczcbhtfazrk/Build/Intermediates.noindex/TodoTimers.build/Debug-watchsimulator/TodoTimers\ Watch\ App\ Watch\ App.build/Objects-normal/x86_64/TodoTimers\ Watch\ App\ Watch\ App.SwiftFileList

WriteAuxiliaryFile /Users/jeremywatt/Library/Developer/Xcode/DerivedData/TodoTimers-hhkfosrtfdujgsaeyczcbhtfazrk/Build/Intermediates.noindex/TodoTimers.build/Debug-iphonesimulator/TodoTimers.build/Objects-normal/arm64/TodoTimers.SwiftConstValuesFileList (in target 'TodoTimers' from project 'TodoTimers')
    cd /Users/jeremywatt/Desktop/todo-timers-ios/TodoTimers
    write-file /Users/jeremywatt/Library/Developer/Xcode/DerivedData/TodoTimers-hhkfosrtfdujgsaeyczcbhtfazrk/Build/Intermediates.noindex/TodoTimers.build/Debug-iphonesimulator/TodoTimers.build/Objects-normal/arm64/TodoTimers.SwiftConstValuesFileList

WriteAuxiliaryFile /Users/jeremywatt/Library/Developer/Xcode/DerivedData/TodoTimers-hhkfosrtfdujgsaeyczcbhtfazrk/Build/Intermediates.noindex/TodoTimers.build/Debug-iphonesimulator/TodoTimersUITests.build/Objects-normal/arm64/TodoTimersUITests.SwiftConstValuesFileList (in target 'TodoTimersUITests' from project 'TodoTimers')
    cd /Users/jeremywatt/Desktop/todo-timers-ios/TodoTimers
    write-file /Users/jeremywatt/Library/Developer/Xcode/DerivedData/TodoTimers-hhkfosrtfdujgsaeyczcbhtfazrk/Build/Intermediates.noindex/TodoTimers.build/Debug-iphonesimulator/TodoTimersUITests.build/Objects-normal/arm64/TodoTimersUITests.SwiftConstValuesFileList

WriteAuxiliaryFile /Users/jeremywatt/Library/Developer/Xcode/DerivedData/TodoTimers-hhkfosrtfdujgsaeyczcbhtfazrk/Build/Intermediates.noindex/TodoTimers.build/Debug-iphonesimulator/TodoTimersUITests.build/Objects-normal/arm64/TodoTimersUITests.LinkFileList (in target 'TodoTimersUITests' from project 'TodoTimers')
    cd /Users/jeremywatt/Desktop/todo-timers-ios/TodoTimers
    write-file /Users/jeremywatt/Library/Developer/Xcode/DerivedData/TodoTimers-hhkfosrtfdujgsaeyczcbhtfazrk/Build/Intermediates.noindex/TodoTimers.build/Debug-iphonesimulator/TodoTimersUITests.build/Objects-normal/arm64/TodoTimersUITests.LinkFileList

WriteAuxiliaryFile /Users/jeremywatt/Library/Developer/Xcode/DerivedData/TodoTimers-hhkfosrtfdujgsaeyczcbhtfazrk/Build/Intermediates.noindex/TodoTimers.build/Debug-iphonesimulator/TodoTimersTests.build/Objects-normal/arm64/TodoTimersTests.SwiftFileList (in target 'TodoTimersTests' from project 'TodoTimers')
    cd /Users/jeremywatt/Desktop/todo-timers-ios/TodoTimers
    write-file /Users/jeremywatt/Library/Developer/Xcode/DerivedData/TodoTimers-hhkfosrtfdujgsaeyczcbhtfazrk/Build/Intermediates.noindex/TodoTimers.build/Debug-iphonesimulator/TodoTimersTests.build/Objects-normal/arm64/TodoTimersTests.SwiftFileList

WriteAuxiliaryFile /Users/jeremywatt/Library/Developer/Xcode/DerivedData/TodoTimers-hhkfosrtfdujgsaeyczcbhtfazrk/Build/Intermediates.noindex/TodoTimers.build/Debug-iphonesimulator/TodoTimersTests.build/Objects-normal/arm64/TodoTimersTests.SwiftConstValuesFileList (in target 'TodoTimersTests' from project 'TodoTimers')
    cd /Users/jeremywatt/Desktop/todo-timers-ios/TodoTimers
    write-file /Users/jeremywatt/Library/Developer/Xcode/DerivedData/TodoTimers-hhkfosrtfdujgsaeyczcbhtfazrk/Build/Intermediates.noindex/TodoTimers.build/Debug-iphonesimulator/TodoTimersTests.build/Objects-normal/arm64/TodoTimersTests.SwiftConstValuesFileList

WriteAuxiliaryFile /Users/jeremywatt/Library/Developer/Xcode/DerivedData/TodoTimers-hhkfosrtfdujgsaeyczcbhtfazrk/Build/Intermediates.noindex/TodoTimers.build/Debug-iphonesimulator/TodoTimersTests.build/Objects-normal/arm64/TodoTimersTests.LinkFileList (in target 'TodoTimersTests' from project 'TodoTimers')
    cd /Users/jeremywatt/Desktop/todo-timers-ios/TodoTimers
    write-file /Users/jeremywatt/Library/Developer/Xcode/DerivedData/TodoTimers-hhkfosrtfdujgsaeyczcbhtfazrk/Build/Intermediates.noindex/TodoTimers.build/Debug-iphonesimulator/TodoTimersTests.build/Objects-normal/arm64/TodoTimersTests.LinkFileList

WriteAuxiliaryFile /Users/jeremywatt/Library/Developer/Xcode/DerivedData/TodoTimers-hhkfosrtfdujgsaeyczcbhtfazrk/Build/Intermediates.noindex/TodoTimers.build/Debug-watchsimulator/TodoTimers\ Watch\ App\ Watch\ App.build/Objects-normal/arm64/TodoTimers\ Watch\ App\ Watch\ App.SwiftFileList (in target 'TodoTimers Watch App Watch App' from project 'TodoTimers')
    cd /Users/jeremywatt/Desktop/todo-timers-ios/TodoTimers
    write-file /Users/jeremywatt/Library/Developer/Xcode/DerivedData/TodoTimers-hhkfosrtfdujgsaeyczcbhtfazrk/Build/Intermediates.noindex/TodoTimers.build/Debug-watchsimulator/TodoTimers\ Watch\ App\ Watch\ App.build/Objects-normal/arm64/TodoTimers\ Watch\ App\ Watch\ App.SwiftFileList

WriteAuxiliaryFile /Users/jeremywatt/Library/Developer/Xcode/DerivedData/TodoTimers-hhkfosrtfdujgsaeyczcbhtfazrk/Build/Intermediates.noindex/TodoTimers.build/Debug-watchsimulator/TodoTimers\ Watch\ App\ Watch\ App.build/Objects-normal/arm64/TodoTimers\ Watch\ App\ Watch\ App.LinkFileList (in target 'TodoTimers Watch App Watch App' from project 'TodoTimers')
    cd /Users/jeremywatt/Desktop/todo-timers-ios/TodoTimers
    write-file /Users/jeremywatt/Library/Developer/Xcode/DerivedData/TodoTimers-hhkfosrtfdujgsaeyczcbhtfazrk/Build/Intermediates.noindex/TodoTimers.build/Debug-watchsimulator/TodoTimers\ Watch\ App\ Watch\ App.build/Objects-normal/arm64/TodoTimers\ Watch\ App\ Watch\ App.LinkFileList

WriteAuxiliaryFile /Users/jeremywatt/Library/Developer/Xcode/DerivedData/TodoTimers-hhkfosrtfdujgsaeyczcbhtfazrk/Build/Intermediates.noindex/TodoTimers.build/Debug-watchsimulator/TodoTimers\ Watch\ App\ Watch\ App.build/Objects-normal/arm64/TodoTimers\ Watch\ App\ Watch\ App.SwiftConstValuesFileList (in target 'TodoTimers Watch App Watch App' from project 'TodoTimers')
    cd /Users/jeremywatt/Desktop/todo-timers-ios/TodoTimers
    write-file /Users/jeremywatt/Library/Developer/Xcode/DerivedData/TodoTimers-hhkfosrtfdujgsaeyczcbhtfazrk/Build/Intermediates.noindex/TodoTimers.build/Debug-watchsimulator/TodoTimers\ Watch\ App\ Watch\ App.build/Objects-normal/arm64/TodoTimers\ Watch\ App\ Watch\ App.SwiftConstValuesFileList

ProcessInfoPlistFile /Users/jeremywatt/Library/Developer/Xcode/DerivedData/TodoTimers-hhkfosrtfdujgsaeyczcbhtfazrk/Build/Products/Debug-watchsimulator/TodoTimers\ Watch\ App\ Watch\ App.app/Info.plist /Users/jeremywatt/Library/Developer/Xcode/DerivedData/TodoTimers-hhkfosrtfdujgsaeyczcbhtfazrk/Build/Intermediates.noindex/TodoTimers.build/Debug-watchsimulator/TodoTimers\ Watch\ App\ Watch\ App.build/empty-TodoTimers\ Watch\ App\ Watch\ App.plist (in target 'TodoTimers Watch App Watch App' from project 'TodoTimers')
    cd /Users/jeremywatt/Desktop/todo-timers-ios/TodoTimers
    builtin-infoPlistUtility /Users/jeremywatt/Library/Developer/Xcode/DerivedData/TodoTimers-hhkfosrtfdujgsaeyczcbhtfazrk/Build/Intermediates.noindex/TodoTimers.build/Debug-watchsimulator/TodoTimers\ Watch\ App\ Watch\ App.build/empty-TodoTimers\ Watch\ App\ Watch\ App.plist -producttype com.apple.product-type.application -genpkginfo /Users/jeremywatt/Library/Developer/Xcode/DerivedData/TodoTimers-hhkfosrtfdujgsaeyczcbhtfazrk/Build/Products/Debug-watchsimulator/TodoTimers\ Watch\ App\ Watch\ App.app/PkgInfo -expandbuildsettings -format binary -platform watchsimulator -additionalcontentfile /Users/jeremywatt/Library/Developer/Xcode/DerivedData/TodoTimers-hhkfosrtfdujgsaeyczcbhtfazrk/Build/Intermediates.noindex/TodoTimers.build/Debug-watchsimulator/TodoTimers\ Watch\ App\ Watch\ App.build/assetcatalog_generated_info.plist -o /Users/jeremywatt/Library/Developer/Xcode/DerivedData/TodoTimers-hhkfosrtfdujgsaeyczcbhtfazrk/Build/Products/Debug-watchsimulator/TodoTimers\ Watch\ App\ Watch\ App.app/Info.plist

SwiftDriver TodoTimers\ Watch\ App\ Watch\ App normal x86_64 com.apple.xcode.tools.swift.compiler (in target 'TodoTimers Watch App Watch App' from project 'TodoTimers')
    cd /Users/jeremywatt/Desktop/todo-timers-ios/TodoTimers
    builtin-SwiftDriver -- /Applications/Xcode.app/Contents/Developer/Toolchains/XcodeDefault.xctoolchain/usr/bin/swiftc -module-name TodoTimers_Watch_App_Watch_App -Onone -enforce-exclusivity\=checked @/Users/jeremywatt/Library/Developer/Xcode/DerivedData/TodoTimers-hhkfosrtfdujgsaeyczcbhtfazrk/Build/Intermediates.noindex/TodoTimers.build/Debug-watchsimulator/TodoTimers\ Watch\ App\ Watch\ App.build/Objects-normal/x86_64/TodoTimers\ Watch\ App\ Watch\ App.SwiftFileList -DDEBUG -enable-bare-slash-regex -enable-experimental-feature DebugDescriptionMacro -sdk /Applications/Xcode.app/Contents/Developer/Platforms/WatchSimulator.platform/Developer/SDKs/WatchSimulator11.5.sdk -target x86_64-apple-watchos10.0-simulator -g -module-cache-path /Users/jeremywatt/Library/Developer/Xcode/DerivedData/ModuleCache.noindex -Xfrontend -serialize-debugging-options -profile-coverage-mapping -profile-generate -enable-testing -index-store-path /Users/jeremywatt/Library/Developer/Xcode/DerivedData/TodoTimers-hhkfosrtfdujgsaeyczcbhtfazrk/Index.noindex/DataStore -swift-version 5 -I /Users/jeremywatt/Library/Developer/Xcode/DerivedData/TodoTimers-hhkfosrtfdujgsaeyczcbhtfazrk/Build/Products/Debug-watchsimulator -F /Users/jeremywatt/Library/Developer/Xcode/DerivedData/TodoTimers-hhkfosrtfdujgsaeyczcbhtfazrk/Build/Products/Debug-watchsimulator -emit-localized-strings -emit-localized-strings-path /Users/jeremywatt/Library/Developer/Xcode/DerivedData/TodoTimers-hhkfosrtfdujgsaeyczcbhtfazrk/Build/Intermediates.noindex/TodoTimers.build/Debug-watchsimulator/TodoTimers\ Watch\ App\ Watch\ App.build/Objects-normal/x86_64 -c -j10 -enable-batch-mode -incremental -Xcc -ivfsstatcache -Xcc /Users/jeremywatt/Library/Developer/Xcode/DerivedData/SDKStatCaches.noindex/watchsimulator11.5-22T572-f072d36b9981b6dc55608c571d18f8ef.sdkstatcache -output-file-map /Users/jeremywatt/Library/Developer/Xcode/DerivedData/TodoTimers-hhkfosrtfdujgsaeyczcbhtfazrk/Build/Intermediates.noindex/TodoTimers.build/Debug-watchsimulator/TodoTimers\ Watch\ App\ Watch\ App.build/Objects-normal/x86_64/TodoTimers\ Watch\ App\ Watch\ App-OutputFileMap.json -use-frontend-parseable-output -save-temps -no-color-diagnostics -serialize-diagnostics -emit-dependencies -emit-module -emit-module-path /Users/jeremywatt/Library/Developer/Xcode/DerivedData/TodoTimers-hhkfosrtfdujgsaeyczcbhtfazrk/Build/Intermediates.noindex/TodoTimers.build/Debug-watchsimulator/TodoTimers\ Watch\ App\ Watch\ App.build/Objects-normal/x86_64/TodoTimers_Watch_App_Watch_App.swiftmodule -validate-clang-modules-once -clang-build-session-file /Users/jeremywatt/Library/Developer/Xcode/DerivedData/ModuleCache.noindex/Session.modulevalidation -Xcc -I/Users/jeremywatt/Library/Developer/Xcode/DerivedData/TodoTimers-hhkfosrtfdujgsaeyczcbhtfazrk/Build/Intermediates.noindex/TodoTimers.build/Debug-watchsimulator/TodoTimers\ Watch\ App\ Watch\ App.build/swift-overrides.hmap -emit-const-values -Xfrontend -const-gather-protocols-file -Xfrontend /Users/jeremywatt/Library/Developer/Xcode/DerivedData/TodoTimers-hhkfosrtfdujgsaeyczcbhtfazrk/Build/Intermediates.noindex/TodoTimers.build/Debug-watchsimulator/TodoTimers\ Watch\ App\ Watch\ App.build/Objects-normal/x86_64/TodoTimers\ Watch\ App\ Watch\ App_const_extract_protocols.json -Xcc -iquote -Xcc /Users/jeremywatt/Library/Developer/Xcode/DerivedData/TodoTimers-hhkfosrtfdujgsaeyczcbhtfazrk/Build/Intermediates.noindex/TodoTimers.build/Debug-watchsimulator/TodoTimers\ Watch\ App\ Watch\ App.build/TodoTimers\ Watch\ App\ Watch\ App-generated-files.hmap -Xcc -I/Users/jeremywatt/Library/Developer/Xcode/DerivedData/TodoTimers-hhkfosrtfdujgsaeyczcbhtfazrk/Build/Intermediates.noindex/TodoTimers.build/Debug-watchsimulator/TodoTimers\ Watch\ App\ Watch\ App.build/TodoTimers\ Watch\ App\ Watch\ App-own-target-headers.hmap -Xcc -I/Users/jeremywatt/Library/Developer/Xcode/DerivedData/TodoTimers-hhkfosrtfdujgsaeyczcbhtfazrk/Build/Intermediates.noindex/TodoTimers.build/Debug-watchsimulator/TodoTimers\ Watch\ App\ Watch\ App.build/TodoTimers\ Watch\ App\ Watch\ App-all-target-headers.hmap -Xcc -iquote -Xcc /Users/jeremywatt/Library/Developer/Xcode/DerivedData/TodoTimers-hhkfosrtfdujgsaeyczcbhtfazrk/Build/Intermediates.noindex/TodoTimers.build/Debug-watchsimulator/TodoTimers\ Watch\ App\ Watch\ App.build/TodoTimers\ Watch\ App\ Watch\ App-project-headers.hmap -Xcc -I/Users/jeremywatt/Library/Developer/Xcode/DerivedData/TodoTimers-hhkfosrtfdujgsaeyczcbhtfazrk/Build/Products/Debug-watchsimulator/include -Xcc -I/Users/jeremywatt/Library/Developer/Xcode/DerivedData/TodoTimers-hhkfosrtfdujgsaeyczcbhtfazrk/Build/Intermediates.noindex/TodoTimers.build/Debug-watchsimulator/TodoTimers\ Watch\ App\ Watch\ App.build/DerivedSources-normal/x86_64 -Xcc -I/Users/jeremywatt/Library/Developer/Xcode/DerivedData/TodoTimers-hhkfosrtfdujgsaeyczcbhtfazrk/Build/Intermediates.noindex/TodoTimers.build/Debug-watchsimulator/TodoTimers\ Watch\ App\ Watch\ App.build/DerivedSources/x86_64 -Xcc -I/Users/jeremywatt/Library/Developer/Xcode/DerivedData/TodoTimers-hhkfosrtfdujgsaeyczcbhtfazrk/Build/Intermediates.noindex/TodoTimers.build/Debug-watchsimulator/TodoTimers\ Watch\ App\ Watch\ App.build/DerivedSources -Xcc -DDEBUG\=1 -emit-objc-header -emit-objc-header-path /Users/jeremywatt/Library/Developer/Xcode/DerivedData/TodoTimers-hhkfosrtfdujgsaeyczcbhtfazrk/Build/Intermediates.noindex/TodoTimers.build/Debug-watchsimulator/TodoTimers\ Watch\ App\ Watch\ App.build/Objects-normal/x86_64/TodoTimers_Watch_App_Watch_App-Swift.h -working-directory /Users/jeremywatt/Desktop/todo-timers-ios/TodoTimers -experimental-emit-module-separately -disable-cmo

SwiftDriver TodoTimers\ Watch\ App\ Watch\ App normal arm64 com.apple.xcode.tools.swift.compiler (in target 'TodoTimers Watch App Watch App' from project 'TodoTimers')
    cd /Users/jeremywatt/Desktop/todo-timers-ios/TodoTimers
    builtin-SwiftDriver -- /Applications/Xcode.app/Contents/Developer/Toolchains/XcodeDefault.xctoolchain/usr/bin/swiftc -module-name TodoTimers_Watch_App_Watch_App -Onone -enforce-exclusivity\=checked @/Users/jeremywatt/Library/Developer/Xcode/DerivedData/TodoTimers-hhkfosrtfdujgsaeyczcbhtfazrk/Build/Intermediates.noindex/TodoTimers.build/Debug-watchsimulator/TodoTimers\ Watch\ App\ Watch\ App.build/Objects-normal/arm64/TodoTimers\ Watch\ App\ Watch\ App.SwiftFileList -DDEBUG -enable-bare-slash-regex -enable-experimental-feature DebugDescriptionMacro -sdk /Applications/Xcode.app/Contents/Developer/Platforms/WatchSimulator.platform/Developer/SDKs/WatchSimulator11.5.sdk -target arm64-apple-watchos10.0-simulator -g -module-cache-path /Users/jeremywatt/Library/Developer/Xcode/DerivedData/ModuleCache.noindex -Xfrontend -serialize-debugging-options -profile-coverage-mapping -profile-generate -enable-testing -index-store-path /Users/jeremywatt/Library/Developer/Xcode/DerivedData/TodoTimers-hhkfosrtfdujgsaeyczcbhtfazrk/Index.noindex/DataStore -swift-version 5 -I /Users/jeremywatt/Library/Developer/Xcode/DerivedData/TodoTimers-hhkfosrtfdujgsaeyczcbhtfazrk/Build/Products/Debug-watchsimulator -F /Users/jeremywatt/Library/Developer/Xcode/DerivedData/TodoTimers-hhkfosrtfdujgsaeyczcbhtfazrk/Build/Products/Debug-watchsimulator -emit-localized-strings -emit-localized-strings-path /Users/jeremywatt/Library/Developer/Xcode/DerivedData/TodoTimers-hhkfosrtfdujgsaeyczcbhtfazrk/Build/Intermediates.noindex/TodoTimers.build/Debug-watchsimulator/TodoTimers\ Watch\ App\ Watch\ App.build/Objects-normal/arm64 -c -j10 -enable-batch-mode -incremental -Xcc -ivfsstatcache -Xcc /Users/jeremywatt/Library/Developer/Xcode/DerivedData/SDKStatCaches.noindex/watchsimulator11.5-22T572-f072d36b9981b6dc55608c571d18f8ef.sdkstatcache -output-file-map /Users/jeremywatt/Library/Developer/Xcode/DerivedData/TodoTimers-hhkfosrtfdujgsaeyczcbhtfazrk/Build/Intermediates.noindex/TodoTimers.build/Debug-watchsimulator/TodoTimers\ Watch\ App\ Watch\ App.build/Objects-normal/arm64/TodoTimers\ Watch\ App\ Watch\ App-OutputFileMap.json -use-frontend-parseable-output -save-temps -no-color-diagnostics -serialize-diagnostics -emit-dependencies -emit-module -emit-module-path /Users/jeremywatt/Library/Developer/Xcode/DerivedData/TodoTimers-hhkfosrtfdujgsaeyczcbhtfazrk/Build/Intermediates.noindex/TodoTimers.build/Debug-watchsimulator/TodoTimers\ Watch\ App\ Watch\ App.build/Objects-normal/arm64/TodoTimers_Watch_App_Watch_App.swiftmodule -validate-clang-modules-once -clang-build-session-file /Users/jeremywatt/Library/Developer/Xcode/DerivedData/ModuleCache.noindex/Session.modulevalidation -Xcc -I/Users/jeremywatt/Library/Developer/Xcode/DerivedData/TodoTimers-hhkfosrtfdujgsaeyczcbhtfazrk/Build/Intermediates.noindex/TodoTimers.build/Debug-watchsimulator/TodoTimers\ Watch\ App\ Watch\ App.build/swift-overrides.hmap -emit-const-values -Xfrontend -const-gather-protocols-file -Xfrontend /Users/jeremywatt/Library/Developer/Xcode/DerivedData/TodoTimers-hhkfosrtfdujgsaeyczcbhtfazrk/Build/Intermediates.noindex/TodoTimers.build/Debug-watchsimulator/TodoTimers\ Watch\ App\ Watch\ App.build/Objects-normal/arm64/TodoTimers\ Watch\ App\ Watch\ App_const_extract_protocols.json -Xcc -iquote -Xcc /Users/jeremywatt/Library/Developer/Xcode/DerivedData/TodoTimers-hhkfosrtfdujgsaeyczcbhtfazrk/Build/Intermediates.noindex/TodoTimers.build/Debug-watchsimulator/TodoTimers\ Watch\ App\ Watch\ App.build/TodoTimers\ Watch\ App\ Watch\ App-generated-files.hmap -Xcc -I/Users/jeremywatt/Library/Developer/Xcode/DerivedData/TodoTimers-hhkfosrtfdujgsaeyczcbhtfazrk/Build/Intermediates.noindex/TodoTimers.build/Debug-watchsimulator/TodoTimers\ Watch\ App\ Watch\ App.build/TodoTimers\ Watch\ App\ Watch\ App-own-target-headers.hmap -Xcc -I/Users/jeremywatt/Library/Developer/Xcode/DerivedData/TodoTimers-hhkfosrtfdujgsaeyczcbhtfazrk/Build/Intermediates.noindex/TodoTimers.build/Debug-watchsimulator/TodoTimers\ Watch\ App\ Watch\ App.build/TodoTimers\ Watch\ App\ Watch\ App-all-target-headers.hmap -Xcc -iquote -Xcc /Users/jeremywatt/Library/Developer/Xcode/DerivedData/TodoTimers-hhkfosrtfdujgsaeyczcbhtfazrk/Build/Intermediates.noindex/TodoTimers.build/Debug-watchsimulator/TodoTimers\ Watch\ App\ Watch\ App.build/TodoTimers\ Watch\ App\ Watch\ App-project-headers.hmap -Xcc -I/Users/jeremywatt/Library/Developer/Xcode/DerivedData/TodoTimers-hhkfosrtfdujgsaeyczcbhtfazrk/Build/Products/Debug-watchsimulator/include -Xcc -I/Users/jeremywatt/Library/Developer/Xcode/DerivedData/TodoTimers-hhkfosrtfdujgsaeyczcbhtfazrk/Build/Intermediates.noindex/TodoTimers.build/Debug-watchsimulator/TodoTimers\ Watch\ App\ Watch\ App.build/DerivedSources-normal/arm64 -Xcc -I/Users/jeremywatt/Library/Developer/Xcode/DerivedData/TodoTimers-hhkfosrtfdujgsaeyczcbhtfazrk/Build/Intermediates.noindex/TodoTimers.build/Debug-watchsimulator/TodoTimers\ Watch\ App\ Watch\ App.build/DerivedSources/arm64 -Xcc -I/Users/jeremywatt/Library/Developer/Xcode/DerivedData/TodoTimers-hhkfosrtfdujgsaeyczcbhtfazrk/Build/Intermediates.noindex/TodoTimers.build/Debug-watchsimulator/TodoTimers\ Watch\ App\ Watch\ App.build/DerivedSources -Xcc -DDEBUG\=1 -emit-objc-header -emit-objc-header-path /Users/jeremywatt/Library/Developer/Xcode/DerivedData/TodoTimers-hhkfosrtfdujgsaeyczcbhtfazrk/Build/Intermediates.noindex/TodoTimers.build/Debug-watchsimulator/TodoTimers\ Watch\ App\ Watch\ App.build/Objects-normal/arm64/TodoTimers_Watch_App_Watch_App-Swift.h -working-directory /Users/jeremywatt/Desktop/todo-timers-ios/TodoTimers -experimental-emit-module-separately -disable-cmo

SwiftDriver\ Compilation\ Requirements TodoTimers\ Watch\ App\ Watch\ App normal x86_64 com.apple.xcode.tools.swift.compiler (in target 'TodoTimers Watch App Watch App' from project 'TodoTimers')
    cd /Users/jeremywatt/Desktop/todo-timers-ios/TodoTimers
    builtin-Swift-Compilation-Requirements -- /Applications/Xcode.app/Contents/Developer/Toolchains/XcodeDefault.xctoolchain/usr/bin/swiftc -module-name TodoTimers_Watch_App_Watch_App -Onone -enforce-exclusivity\=checked @/Users/jeremywatt/Library/Developer/Xcode/DerivedData/TodoTimers-hhkfosrtfdujgsaeyczcbhtfazrk/Build/Intermediates.noindex/TodoTimers.build/Debug-watchsimulator/TodoTimers\ Watch\ App\ Watch\ App.build/Objects-normal/x86_64/TodoTimers\ Watch\ App\ Watch\ App.SwiftFileList -DDEBUG -enable-bare-slash-regex -enable-experimental-feature DebugDescriptionMacro -sdk /Applications/Xcode.app/Contents/Developer/Platforms/WatchSimulator.platform/Developer/SDKs/WatchSimulator11.5.sdk -target x86_64-apple-watchos10.0-simulator -g -module-cache-path /Users/jeremywatt/Library/Developer/Xcode/DerivedData/ModuleCache.noindex -Xfrontend -serialize-debugging-options -profile-coverage-mapping -profile-generate -enable-testing -index-store-path /Users/jeremywatt/Library/Developer/Xcode/DerivedData/TodoTimers-hhkfosrtfdujgsaeyczcbhtfazrk/Index.noindex/DataStore -swift-version 5 -I /Users/jeremywatt/Library/Developer/Xcode/DerivedData/TodoTimers-hhkfosrtfdujgsaeyczcbhtfazrk/Build/Products/Debug-watchsimulator -F /Users/jeremywatt/Library/Developer/Xcode/DerivedData/TodoTimers-hhkfosrtfdujgsaeyczcbhtfazrk/Build/Products/Debug-watchsimulator -emit-localized-strings -emit-localized-strings-path /Users/jeremywatt/Library/Developer/Xcode/DerivedData/TodoTimers-hhkfosrtfdujgsaeyczcbhtfazrk/Build/Intermediates.noindex/TodoTimers.build/Debug-watchsimulator/TodoTimers\ Watch\ App\ Watch\ App.build/Objects-normal/x86_64 -c -j10 -enable-batch-mode -incremental -Xcc -ivfsstatcache -Xcc /Users/jeremywatt/Library/Developer/Xcode/DerivedData/SDKStatCaches.noindex/watchsimulator11.5-22T572-f072d36b9981b6dc55608c571d18f8ef.sdkstatcache -output-file-map /Users/jeremywatt/Library/Developer/Xcode/DerivedData/TodoTimers-hhkfosrtfdujgsaeyczcbhtfazrk/Build/Intermediates.noindex/TodoTimers.build/Debug-watchsimulator/TodoTimers\ Watch\ App\ Watch\ App.build/Objects-normal/x86_64/TodoTimers\ Watch\ App\ Watch\ App-OutputFileMap.json -use-frontend-parseable-output -save-temps -no-color-diagnostics -serialize-diagnostics -emit-dependencies -emit-module -emit-module-path /Users/jeremywatt/Library/Developer/Xcode/DerivedData/TodoTimers-hhkfosrtfdujgsaeyczcbhtfazrk/Build/Intermediates.noindex/TodoTimers.build/Debug-watchsimulator/TodoTimers\ Watch\ App\ Watch\ App.build/Objects-normal/x86_64/TodoTimers_Watch_App_Watch_App.swiftmodule -validate-clang-modules-once -clang-build-session-file /Users/jeremywatt/Library/Developer/Xcode/DerivedData/ModuleCache.noindex/Session.modulevalidation -Xcc -I/Users/jeremywatt/Library/Developer/Xcode/DerivedData/TodoTimers-hhkfosrtfdujgsaeyczcbhtfazrk/Build/Intermediates.noindex/TodoTimers.build/Debug-watchsimulator/TodoTimers\ Watch\ App\ Watch\ App.build/swift-overrides.hmap -emit-const-values -Xfrontend -const-gather-protocols-file -Xfrontend /Users/jeremywatt/Library/Developer/Xcode/DerivedData/TodoTimers-hhkfosrtfdujgsaeyczcbhtfazrk/Build/Intermediates.noindex/TodoTimers.build/Debug-watchsimulator/TodoTimers\ Watch\ App\ Watch\ App.build/Objects-normal/x86_64/TodoTimers\ Watch\ App\ Watch\ App_const_extract_protocols.json -Xcc -iquote -Xcc /Users/jeremywatt/Library/Developer/Xcode/DerivedData/TodoTimers-hhkfosrtfdujgsaeyczcbhtfazrk/Build/Intermediates.noindex/TodoTimers.build/Debug-watchsimulator/TodoTimers\ Watch\ App\ Watch\ App.build/TodoTimers\ Watch\ App\ Watch\ App-generated-files.hmap -Xcc -I/Users/jeremywatt/Library/Developer/Xcode/DerivedData/TodoTimers-hhkfosrtfdujgsaeyczcbhtfazrk/Build/Intermediates.noindex/TodoTimers.build/Debug-watchsimulator/TodoTimers\ Watch\ App\ Watch\ App.build/TodoTimers\ Watch\ App\ Watch\ App-own-target-headers.hmap -Xcc -I/Users/jeremywatt/Library/Developer/Xcode/DerivedData/TodoTimers-hhkfosrtfdujgsaeyczcbhtfazrk/Build/Intermediates.noindex/TodoTimers.build/Debug-watchsimulator/TodoTimers\ Watch\ App\ Watch\ App.build/TodoTimers\ Watch\ App\ Watch\ App-all-target-headers.hmap -Xcc -iquote -Xcc /Users/jeremywatt/Library/Developer/Xcode/DerivedData/TodoTimers-hhkfosrtfdujgsaeyczcbhtfazrk/Build/Intermediates.noindex/TodoTimers.build/Debug-watchsimulator/TodoTimers\ Watch\ App\ Watch\ App.build/TodoTimers\ Watch\ App\ Watch\ App-project-headers.hmap -Xcc -I/Users/jeremywatt/Library/Developer/Xcode/DerivedData/TodoTimers-hhkfosrtfdujgsaeyczcbhtfazrk/Build/Products/Debug-watchsimulator/include -Xcc -I/Users/jeremywatt/Library/Developer/Xcode/DerivedData/TodoTimers-hhkfosrtfdujgsaeyczcbhtfazrk/Build/Intermediates.noindex/TodoTimers.build/Debug-watchsimulator/TodoTimers\ Watch\ App\ Watch\ App.build/DerivedSources-normal/x86_64 -Xcc -I/Users/jeremywatt/Library/Developer/Xcode/DerivedData/TodoTimers-hhkfosrtfdujgsaeyczcbhtfazrk/Build/Intermediates.noindex/TodoTimers.build/Debug-watchsimulator/TodoTimers\ Watch\ App\ Watch\ App.build/DerivedSources/x86_64 -Xcc -I/Users/jeremywatt/Library/Developer/Xcode/DerivedData/TodoTimers-hhkfosrtfdujgsaeyczcbhtfazrk/Build/Intermediates.noindex/TodoTimers.build/Debug-watchsimulator/TodoTimers\ Watch\ App\ Watch\ App.build/DerivedSources -Xcc -DDEBUG\=1 -emit-objc-header -emit-objc-header-path /Users/jeremywatt/Library/Developer/Xcode/DerivedData/TodoTimers-hhkfosrtfdujgsaeyczcbhtfazrk/Build/Intermediates.noindex/TodoTimers.build/Debug-watchsimulator/TodoTimers\ Watch\ App\ Watch\ App.build/Objects-normal/x86_64/TodoTimers_Watch_App_Watch_App-Swift.h -working-directory /Users/jeremywatt/Desktop/todo-timers-ios/TodoTimers -experimental-emit-module-separately -disable-cmo

SwiftDriver\ Compilation\ Requirements TodoTimers\ Watch\ App\ Watch\ App normal arm64 com.apple.xcode.tools.swift.compiler (in target 'TodoTimers Watch App Watch App' from project 'TodoTimers')
    cd /Users/jeremywatt/Desktop/todo-timers-ios/TodoTimers
    builtin-Swift-Compilation-Requirements -- /Applications/Xcode.app/Contents/Developer/Toolchains/XcodeDefault.xctoolchain/usr/bin/swiftc -module-name TodoTimers_Watch_App_Watch_App -Onone -enforce-exclusivity\=checked @/Users/jeremywatt/Library/Developer/Xcode/DerivedData/TodoTimers-hhkfosrtfdujgsaeyczcbhtfazrk/Build/Intermediates.noindex/TodoTimers.build/Debug-watchsimulator/TodoTimers\ Watch\ App\ Watch\ App.build/Objects-normal/arm64/TodoTimers\ Watch\ App\ Watch\ App.SwiftFileList -DDEBUG -enable-bare-slash-regex -enable-experimental-feature DebugDescriptionMacro -sdk /Applications/Xcode.app/Contents/Developer/Platforms/WatchSimulator.platform/Developer/SDKs/WatchSimulator11.5.sdk -target arm64-apple-watchos10.0-simulator -g -module-cache-path /Users/jeremywatt/Library/Developer/Xcode/DerivedData/ModuleCache.noindex -Xfrontend -serialize-debugging-options -profile-coverage-mapping -profile-generate -enable-testing -index-store-path /Users/jeremywatt/Library/Developer/Xcode/DerivedData/TodoTimers-hhkfosrtfdujgsaeyczcbhtfazrk/Index.noindex/DataStore -swift-version 5 -I /Users/jeremywatt/Library/Developer/Xcode/DerivedData/TodoTimers-hhkfosrtfdujgsaeyczcbhtfazrk/Build/Products/Debug-watchsimulator -F /Users/jeremywatt/Library/Developer/Xcode/DerivedData/TodoTimers-hhkfosrtfdujgsaeyczcbhtfazrk/Build/Products/Debug-watchsimulator -emit-localized-strings -emit-localized-strings-path /Users/jeremywatt/Library/Developer/Xcode/DerivedData/TodoTimers-hhkfosrtfdujgsaeyczcbhtfazrk/Build/Intermediates.noindex/TodoTimers.build/Debug-watchsimulator/TodoTimers\ Watch\ App\ Watch\ App.build/Objects-normal/arm64 -c -j10 -enable-batch-mode -incremental -Xcc -ivfsstatcache -Xcc /Users/jeremywatt/Library/Developer/Xcode/DerivedData/SDKStatCaches.noindex/watchsimulator11.5-22T572-f072d36b9981b6dc55608c571d18f8ef.sdkstatcache -output-file-map /Users/jeremywatt/Library/Developer/Xcode/DerivedData/TodoTimers-hhkfosrtfdujgsaeyczcbhtfazrk/Build/Intermediates.noindex/TodoTimers.build/Debug-watchsimulator/TodoTimers\ Watch\ App\ Watch\ App.build/Objects-normal/arm64/TodoTimers\ Watch\ App\ Watch\ App-OutputFileMap.json -use-frontend-parseable-output -save-temps -no-color-diagnostics -serialize-diagnostics -emit-dependencies -emit-module -emit-module-path /Users/jeremywatt/Library/Developer/Xcode/DerivedData/TodoTimers-hhkfosrtfdujgsaeyczcbhtfazrk/Build/Intermediates.noindex/TodoTimers.build/Debug-watchsimulator/TodoTimers\ Watch\ App\ Watch\ App.build/Objects-normal/arm64/TodoTimers_Watch_App_Watch_App.swiftmodule -validate-clang-modules-once -clang-build-session-file /Users/jeremywatt/Library/Developer/Xcode/DerivedData/ModuleCache.noindex/Session.modulevalidation -Xcc -I/Users/jeremywatt/Library/Developer/Xcode/DerivedData/TodoTimers-hhkfosrtfdujgsaeyczcbhtfazrk/Build/Intermediates.noindex/TodoTimers.build/Debug-watchsimulator/TodoTimers\ Watch\ App\ Watch\ App.build/swift-overrides.hmap -emit-const-values -Xfrontend -const-gather-protocols-file -Xfrontend /Users/jeremywatt/Library/Developer/Xcode/DerivedData/TodoTimers-hhkfosrtfdujgsaeyczcbhtfazrk/Build/Intermediates.noindex/TodoTimers.build/Debug-watchsimulator/TodoTimers\ Watch\ App\ Watch\ App.build/Objects-normal/arm64/TodoTimers\ Watch\ App\ Watch\ App_const_extract_protocols.json -Xcc -iquote -Xcc /Users/jeremywatt/Library/Developer/Xcode/DerivedData/TodoTimers-hhkfosrtfdujgsaeyczcbhtfazrk/Build/Intermediates.noindex/TodoTimers.build/Debug-watchsimulator/TodoTimers\ Watch\ App\ Watch\ App.build/TodoTimers\ Watch\ App\ Watch\ App-generated-files.hmap -Xcc -I/Users/jeremywatt/Library/Developer/Xcode/DerivedData/TodoTimers-hhkfosrtfdujgsaeyczcbhtfazrk/Build/Intermediates.noindex/TodoTimers.build/Debug-watchsimulator/TodoTimers\ Watch\ App\ Watch\ App.build/TodoTimers\ Watch\ App\ Watch\ App-own-target-headers.hmap -Xcc -I/Users/jeremywatt/Library/Developer/Xcode/DerivedData/TodoTimers-hhkfosrtfdujgsaeyczcbhtfazrk/Build/Intermediates.noindex/TodoTimers.build/Debug-watchsimulator/TodoTimers\ Watch\ App\ Watch\ App.build/TodoTimers\ Watch\ App\ Watch\ App-all-target-headers.hmap -Xcc -iquote -Xcc /Users/jeremywatt/Library/Developer/Xcode/DerivedData/TodoTimers-hhkfosrtfdujgsaeyczcbhtfazrk/Build/Intermediates.noindex/TodoTimers.build/Debug-watchsimulator/TodoTimers\ Watch\ App\ Watch\ App.build/TodoTimers\ Watch\ App\ Watch\ App-project-headers.hmap -Xcc -I/Users/jeremywatt/Library/Developer/Xcode/DerivedData/TodoTimers-hhkfosrtfdujgsaeyczcbhtfazrk/Build/Products/Debug-watchsimulator/include -Xcc -I/Users/jeremywatt/Library/Developer/Xcode/DerivedData/TodoTimers-hhkfosrtfdujgsaeyczcbhtfazrk/Build/Intermediates.noindex/TodoTimers.build/Debug-watchsimulator/TodoTimers\ Watch\ App\ Watch\ App.build/DerivedSources-normal/arm64 -Xcc -I/Users/jeremywatt/Library/Developer/Xcode/DerivedData/TodoTimers-hhkfosrtfdujgsaeyczcbhtfazrk/Build/Intermediates.noindex/TodoTimers.build/Debug-watchsimulator/TodoTimers\ Watch\ App\ Watch\ App.build/DerivedSources/arm64 -Xcc -I/Users/jeremywatt/Library/Developer/Xcode/DerivedData/TodoTimers-hhkfosrtfdujgsaeyczcbhtfazrk/Build/Intermediates.noindex/TodoTimers.build/Debug-watchsimulator/TodoTimers\ Watch\ App\ Watch\ App.build/DerivedSources -Xcc -DDEBUG\=1 -emit-objc-header -emit-objc-header-path /Users/jeremywatt/Library/Developer/Xcode/DerivedData/TodoTimers-hhkfosrtfdujgsaeyczcbhtfazrk/Build/Intermediates.noindex/TodoTimers.build/Debug-watchsimulator/TodoTimers\ Watch\ App\ Watch\ App.build/Objects-normal/arm64/TodoTimers_Watch_App_Watch_App-Swift.h -working-directory /Users/jeremywatt/Desktop/todo-timers-ios/TodoTimers -experimental-emit-module-separately -disable-cmo

SwiftDriver\ Compilation TodoTimers\ Watch\ App\ Watch\ App normal arm64 com.apple.xcode.tools.swift.compiler (in target 'TodoTimers Watch App Watch App' from project 'TodoTimers')
    cd /Users/jeremywatt/Desktop/todo-timers-ios/TodoTimers
    builtin-Swift-Compilation -- /Applications/Xcode.app/Contents/Developer/Toolchains/XcodeDefault.xctoolchain/usr/bin/swiftc -module-name TodoTimers_Watch_App_Watch_App -Onone -enforce-exclusivity\=checked @/Users/jeremywatt/Library/Developer/Xcode/DerivedData/TodoTimers-hhkfosrtfdujgsaeyczcbhtfazrk/Build/Intermediates.noindex/TodoTimers.build/Debug-watchsimulator/TodoTimers\ Watch\ App\ Watch\ App.build/Objects-normal/arm64/TodoTimers\ Watch\ App\ Watch\ App.SwiftFileList -DDEBUG -enable-bare-slash-regex -enable-experimental-feature DebugDescriptionMacro -sdk /Applications/Xcode.app/Contents/Developer/Platforms/WatchSimulator.platform/Developer/SDKs/WatchSimulator11.5.sdk -target arm64-apple-watchos10.0-simulator -g -module-cache-path /Users/jeremywatt/Library/Developer/Xcode/DerivedData/ModuleCache.noindex -Xfrontend -serialize-debugging-options -profile-coverage-mapping -profile-generate -enable-testing -index-store-path /Users/jeremywatt/Library/Developer/Xcode/DerivedData/TodoTimers-hhkfosrtfdujgsaeyczcbhtfazrk/Index.noindex/DataStore -swift-version 5 -I /Users/jeremywatt/Library/Developer/Xcode/DerivedData/TodoTimers-hhkfosrtfdujgsaeyczcbhtfazrk/Build/Products/Debug-watchsimulator -F /Users/jeremywatt/Library/Developer/Xcode/DerivedData/TodoTimers-hhkfosrtfdujgsaeyczcbhtfazrk/Build/Products/Debug-watchsimulator -emit-localized-strings -emit-localized-strings-path /Users/jeremywatt/Library/Developer/Xcode/DerivedData/TodoTimers-hhkfosrtfdujgsaeyczcbhtfazrk/Build/Intermediates.noindex/TodoTimers.build/Debug-watchsimulator/TodoTimers\ Watch\ App\ Watch\ App.build/Objects-normal/arm64 -c -j10 -enable-batch-mode -incremental -Xcc -ivfsstatcache -Xcc /Users/jeremywatt/Library/Developer/Xcode/DerivedData/SDKStatCaches.noindex/watchsimulator11.5-22T572-f072d36b9981b6dc55608c571d18f8ef.sdkstatcache -output-file-map /Users/jeremywatt/Library/Developer/Xcode/DerivedData/TodoTimers-hhkfosrtfdujgsaeyczcbhtfazrk/Build/Intermediates.noindex/TodoTimers.build/Debug-watchsimulator/TodoTimers\ Watch\ App\ Watch\ App.build/Objects-normal/arm64/TodoTimers\ Watch\ App\ Watch\ App-OutputFileMap.json -use-frontend-parseable-output -save-temps -no-color-diagnostics -serialize-diagnostics -emit-dependencies -emit-module -emit-module-path /Users/jeremywatt/Library/Developer/Xcode/DerivedData/TodoTimers-hhkfosrtfdujgsaeyczcbhtfazrk/Build/Intermediates.noindex/TodoTimers.build/Debug-watchsimulator/TodoTimers\ Watch\ App\ Watch\ App.build/Objects-normal/arm64/TodoTimers_Watch_App_Watch_App.swiftmodule -validate-clang-modules-once -clang-build-session-file /Users/jeremywatt/Library/Developer/Xcode/DerivedData/ModuleCache.noindex/Session.modulevalidation -Xcc -I/Users/jeremywatt/Library/Developer/Xcode/DerivedData/TodoTimers-hhkfosrtfdujgsaeyczcbhtfazrk/Build/Intermediates.noindex/TodoTimers.build/Debug-watchsimulator/TodoTimers\ Watch\ App\ Watch\ App.build/swift-overrides.hmap -emit-const-values -Xfrontend -const-gather-protocols-file -Xfrontend /Users/jeremywatt/Library/Developer/Xcode/DerivedData/TodoTimers-hhkfosrtfdujgsaeyczcbhtfazrk/Build/Intermediates.noindex/TodoTimers.build/Debug-watchsimulator/TodoTimers\ Watch\ App\ Watch\ App.build/Objects-normal/arm64/TodoTimers\ Watch\ App\ Watch\ App_const_extract_protocols.json -Xcc -iquote -Xcc /Users/jeremywatt/Library/Developer/Xcode/DerivedData/TodoTimers-hhkfosrtfdujgsaeyczcbhtfazrk/Build/Intermediates.noindex/TodoTimers.build/Debug-watchsimulator/TodoTimers\ Watch\ App\ Watch\ App.build/TodoTimers\ Watch\ App\ Watch\ App-generated-files.hmap -Xcc -I/Users/jeremywatt/Library/Developer/Xcode/DerivedData/TodoTimers-hhkfosrtfdujgsaeyczcbhtfazrk/Build/Intermediates.noindex/TodoTimers.build/Debug-watchsimulator/TodoTimers\ Watch\ App\ Watch\ App.build/TodoTimers\ Watch\ App\ Watch\ App-own-target-headers.hmap -Xcc -I/Users/jeremywatt/Library/Developer/Xcode/DerivedData/TodoTimers-hhkfosrtfdujgsaeyczcbhtfazrk/Build/Intermediates.noindex/TodoTimers.build/Debug-watchsimulator/TodoTimers\ Watch\ App\ Watch\ App.build/TodoTimers\ Watch\ App\ Watch\ App-all-target-headers.hmap -Xcc -iquote -Xcc /Users/jeremywatt/Library/Developer/Xcode/DerivedData/TodoTimers-hhkfosrtfdujgsaeyczcbhtfazrk/Build/Intermediates.noindex/TodoTimers.build/Debug-watchsimulator/TodoTimers\ Watch\ App\ Watch\ App.build/TodoTimers\ Watch\ App\ Watch\ App-project-headers.hmap -Xcc -I/Users/jeremywatt/Library/Developer/Xcode/DerivedData/TodoTimers-hhkfosrtfdujgsaeyczcbhtfazrk/Build/Products/Debug-watchsimulator/include -Xcc -I/Users/jeremywatt/Library/Developer/Xcode/DerivedData/TodoTimers-hhkfosrtfdujgsaeyczcbhtfazrk/Build/Intermediates.noindex/TodoTimers.build/Debug-watchsimulator/TodoTimers\ Watch\ App\ Watch\ App.build/DerivedSources-normal/arm64 -Xcc -I/Users/jeremywatt/Library/Developer/Xcode/DerivedData/TodoTimers-hhkfosrtfdujgsaeyczcbhtfazrk/Build/Intermediates.noindex/TodoTimers.build/Debug-watchsimulator/TodoTimers\ Watch\ App\ Watch\ App.build/DerivedSources/arm64 -Xcc -I/Users/jeremywatt/Library/Developer/Xcode/DerivedData/TodoTimers-hhkfosrtfdujgsaeyczcbhtfazrk/Build/Intermediates.noindex/TodoTimers.build/Debug-watchsimulator/TodoTimers\ Watch\ App\ Watch\ App.build/DerivedSources -Xcc -DDEBUG\=1 -emit-objc-header -emit-objc-header-path /Users/jeremywatt/Library/Developer/Xcode/DerivedData/TodoTimers-hhkfosrtfdujgsaeyczcbhtfazrk/Build/Intermediates.noindex/TodoTimers.build/Debug-watchsimulator/TodoTimers\ Watch\ App\ Watch\ App.build/Objects-normal/arm64/TodoTimers_Watch_App_Watch_App-Swift.h -working-directory /Users/jeremywatt/Desktop/todo-timers-ios/TodoTimers -experimental-emit-module-separately -disable-cmo

SwiftDriver\ Compilation TodoTimers\ Watch\ App\ Watch\ App normal x86_64 com.apple.xcode.tools.swift.compiler (in target 'TodoTimers Watch App Watch App' from project 'TodoTimers')
    cd /Users/jeremywatt/Desktop/todo-timers-ios/TodoTimers
    builtin-Swift-Compilation -- /Applications/Xcode.app/Contents/Developer/Toolchains/XcodeDefault.xctoolchain/usr/bin/swiftc -module-name TodoTimers_Watch_App_Watch_App -Onone -enforce-exclusivity\=checked @/Users/jeremywatt/Library/Developer/Xcode/DerivedData/TodoTimers-hhkfosrtfdujgsaeyczcbhtfazrk/Build/Intermediates.noindex/TodoTimers.build/Debug-watchsimulator/TodoTimers\ Watch\ App\ Watch\ App.build/Objects-normal/x86_64/TodoTimers\ Watch\ App\ Watch\ App.SwiftFileList -DDEBUG -enable-bare-slash-regex -enable-experimental-feature DebugDescriptionMacro -sdk /Applications/Xcode.app/Contents/Developer/Platforms/WatchSimulator.platform/Developer/SDKs/WatchSimulator11.5.sdk -target x86_64-apple-watchos10.0-simulator -g -module-cache-path /Users/jeremywatt/Library/Developer/Xcode/DerivedData/ModuleCache.noindex -Xfrontend -serialize-debugging-options -profile-coverage-mapping -profile-generate -enable-testing -index-store-path /Users/jeremywatt/Library/Developer/Xcode/DerivedData/TodoTimers-hhkfosrtfdujgsaeyczcbhtfazrk/Index.noindex/DataStore -swift-version 5 -I /Users/jeremywatt/Library/Developer/Xcode/DerivedData/TodoTimers-hhkfosrtfdujgsaeyczcbhtfazrk/Build/Products/Debug-watchsimulator -F /Users/jeremywatt/Library/Developer/Xcode/DerivedData/TodoTimers-hhkfosrtfdujgsaeyczcbhtfazrk/Build/Products/Debug-watchsimulator -emit-localized-strings -emit-localized-strings-path /Users/jeremywatt/Library/Developer/Xcode/DerivedData/TodoTimers-hhkfosrtfdujgsaeyczcbhtfazrk/Build/Intermediates.noindex/TodoTimers.build/Debug-watchsimulator/TodoTimers\ Watch\ App\ Watch\ App.build/Objects-normal/x86_64 -c -j10 -enable-batch-mode -incremental -Xcc -ivfsstatcache -Xcc /Users/jeremywatt/Library/Developer/Xcode/DerivedData/SDKStatCaches.noindex/watchsimulator11.5-22T572-f072d36b9981b6dc55608c571d18f8ef.sdkstatcache -output-file-map /Users/jeremywatt/Library/Developer/Xcode/DerivedData/TodoTimers-hhkfosrtfdujgsaeyczcbhtfazrk/Build/Intermediates.noindex/TodoTimers.build/Debug-watchsimulator/TodoTimers\ Watch\ App\ Watch\ App.build/Objects-normal/x86_64/TodoTimers\ Watch\ App\ Watch\ App-OutputFileMap.json -use-frontend-parseable-output -save-temps -no-color-diagnostics -serialize-diagnostics -emit-dependencies -emit-module -emit-module-path /Users/jeremywatt/Library/Developer/Xcode/DerivedData/TodoTimers-hhkfosrtfdujgsaeyczcbhtfazrk/Build/Intermediates.noindex/TodoTimers.build/Debug-watchsimulator/TodoTimers\ Watch\ App\ Watch\ App.build/Objects-normal/x86_64/TodoTimers_Watch_App_Watch_App.swiftmodule -validate-clang-modules-once -clang-build-session-file /Users/jeremywatt/Library/Developer/Xcode/DerivedData/ModuleCache.noindex/Session.modulevalidation -Xcc -I/Users/jeremywatt/Library/Developer/Xcode/DerivedData/TodoTimers-hhkfosrtfdujgsaeyczcbhtfazrk/Build/Intermediates.noindex/TodoTimers.build/Debug-watchsimulator/TodoTimers\ Watch\ App\ Watch\ App.build/swift-overrides.hmap -emit-const-values -Xfrontend -const-gather-protocols-file -Xfrontend /Users/jeremywatt/Library/Developer/Xcode/DerivedData/TodoTimers-hhkfosrtfdujgsaeyczcbhtfazrk/Build/Intermediates.noindex/TodoTimers.build/Debug-watchsimulator/TodoTimers\ Watch\ App\ Watch\ App.build/Objects-normal/x86_64/TodoTimers\ Watch\ App\ Watch\ App_const_extract_protocols.json -Xcc -iquote -Xcc /Users/jeremywatt/Library/Developer/Xcode/DerivedData/TodoTimers-hhkfosrtfdujgsaeyczcbhtfazrk/Build/Intermediates.noindex/TodoTimers.build/Debug-watchsimulator/TodoTimers\ Watch\ App\ Watch\ App.build/TodoTimers\ Watch\ App\ Watch\ App-generated-files.hmap -Xcc -I/Users/jeremywatt/Library/Developer/Xcode/DerivedData/TodoTimers-hhkfosrtfdujgsaeyczcbhtfazrk/Build/Intermediates.noindex/TodoTimers.build/Debug-watchsimulator/TodoTimers\ Watch\ App\ Watch\ App.build/TodoTimers\ Watch\ App\ Watch\ App-own-target-headers.hmap -Xcc -I/Users/jeremywatt/Library/Developer/Xcode/DerivedData/TodoTimers-hhkfosrtfdujgsaeyczcbhtfazrk/Build/Intermediates.noindex/TodoTimers.build/Debug-watchsimulator/TodoTimers\ Watch\ App\ Watch\ App.build/TodoTimers\ Watch\ App\ Watch\ App-all-target-headers.hmap -Xcc -iquote -Xcc /Users/jeremywatt/Library/Developer/Xcode/DerivedData/TodoTimers-hhkfosrtfdujgsaeyczcbhtfazrk/Build/Intermediates.noindex/TodoTimers.build/Debug-watchsimulator/TodoTimers\ Watch\ App\ Watch\ App.build/TodoTimers\ Watch\ App\ Watch\ App-project-headers.hmap -Xcc -I/Users/jeremywatt/Library/Developer/Xcode/DerivedData/TodoTimers-hhkfosrtfdujgsaeyczcbhtfazrk/Build/Products/Debug-watchsimulator/include -Xcc -I/Users/jeremywatt/Library/Developer/Xcode/DerivedData/TodoTimers-hhkfosrtfdujgsaeyczcbhtfazrk/Build/Intermediates.noindex/TodoTimers.build/Debug-watchsimulator/TodoTimers\ Watch\ App\ Watch\ App.build/DerivedSources-normal/x86_64 -Xcc -I/Users/jeremywatt/Library/Developer/Xcode/DerivedData/TodoTimers-hhkfosrtfdujgsaeyczcbhtfazrk/Build/Intermediates.noindex/TodoTimers.build/Debug-watchsimulator/TodoTimers\ Watch\ App\ Watch\ App.build/DerivedSources/x86_64 -Xcc -I/Users/jeremywatt/Library/Developer/Xcode/DerivedData/TodoTimers-hhkfosrtfdujgsaeyczcbhtfazrk/Build/Intermediates.noindex/TodoTimers.build/Debug-watchsimulator/TodoTimers\ Watch\ App\ Watch\ App.build/DerivedSources -Xcc -DDEBUG\=1 -emit-objc-header -emit-objc-header-path /Users/jeremywatt/Library/Developer/Xcode/DerivedData/TodoTimers-hhkfosrtfdujgsaeyczcbhtfazrk/Build/Intermediates.noindex/TodoTimers.build/Debug-watchsimulator/TodoTimers\ Watch\ App\ Watch\ App.build/Objects-normal/x86_64/TodoTimers_Watch_App_Watch_App-Swift.h -working-directory /Users/jeremywatt/Desktop/todo-timers-ios/TodoTimers -experimental-emit-module-separately -disable-cmo

SwiftDriver TodoTimers normal arm64 com.apple.xcode.tools.swift.compiler (in target 'TodoTimers' from project 'TodoTimers')
    cd /Users/jeremywatt/Desktop/todo-timers-ios/TodoTimers
    builtin-SwiftDriver -- /Applications/Xcode.app/Contents/Developer/Toolchains/XcodeDefault.xctoolchain/usr/bin/swiftc -module-name TodoTimers -Onone -enforce-exclusivity\=checked @/Users/jeremywatt/Library/Developer/Xcode/DerivedData/TodoTimers-hhkfosrtfdujgsaeyczcbhtfazrk/Build/Intermediates.noindex/TodoTimers.build/Debug-iphonesimulator/TodoTimers.build/Objects-normal/arm64/TodoTimers.SwiftFileList -DDEBUG -enable-bare-slash-regex -enable-experimental-feature DebugDescriptionMacro -sdk /Applications/Xcode.app/Contents/Developer/Platforms/iPhoneSimulator.platform/Developer/SDKs/iPhoneSimulator18.5.sdk -target arm64-apple-ios17.0-simulator -g -module-cache-path /Users/jeremywatt/Library/Developer/Xcode/DerivedData/ModuleCache.noindex -Xfrontend -serialize-debugging-options -profile-coverage-mapping -profile-generate -enable-testing -index-store-path /Users/jeremywatt/Library/Developer/Xcode/DerivedData/TodoTimers-hhkfosrtfdujgsaeyczcbhtfazrk/Index.noindex/DataStore -swift-version 5 -I /Users/jeremywatt/Library/Developer/Xcode/DerivedData/TodoTimers-hhkfosrtfdujgsaeyczcbhtfazrk/Build/Products/Debug-iphonesimulator -F /Users/jeremywatt/Library/Developer/Xcode/DerivedData/TodoTimers-hhkfosrtfdujgsaeyczcbhtfazrk/Build/Products/Debug-iphonesimulator -emit-localized-strings -emit-localized-strings-path /Users/jeremywatt/Library/Developer/Xcode/DerivedData/TodoTimers-hhkfosrtfdujgsaeyczcbhtfazrk/Build/Intermediates.noindex/TodoTimers.build/Debug-iphonesimulator/TodoTimers.build/Objects-normal/arm64 -c -j10 -enable-batch-mode -incremental -Xcc -ivfsstatcache -Xcc /Users/jeremywatt/Library/Developer/Xcode/DerivedData/SDKStatCaches.noindex/iphonesimulator18.5-22F76-d5fc8ad4295d2ef488fb7d0f804ce0c4.sdkstatcache -output-file-map /Users/jeremywatt/Library/Developer/Xcode/DerivedData/TodoTimers-hhkfosrtfdujgsaeyczcbhtfazrk/Build/Intermediates.noindex/TodoTimers.build/Debug-iphonesimulator/TodoTimers.build/Objects-normal/arm64/TodoTimers-OutputFileMap.json -use-frontend-parseable-output -save-temps -no-color-diagnostics -serialize-diagnostics -emit-dependencies -emit-module -emit-module-path /Users/jeremywatt/Library/Developer/Xcode/DerivedData/TodoTimers-hhkfosrtfdujgsaeyczcbhtfazrk/Build/Intermediates.noindex/TodoTimers.build/Debug-iphonesimulator/TodoTimers.build/Objects-normal/arm64/TodoTimers.swiftmodule -validate-clang-modules-once -clang-build-session-file /Users/jeremywatt/Library/Developer/Xcode/DerivedData/ModuleCache.noindex/Session.modulevalidation -Xcc -I/Users/jeremywatt/Library/Developer/Xcode/DerivedData/TodoTimers-hhkfosrtfdujgsaeyczcbhtfazrk/Build/Intermediates.noindex/TodoTimers.build/Debug-iphonesimulator/TodoTimers.build/swift-overrides.hmap -emit-const-values -Xfrontend -const-gather-protocols-file -Xfrontend /Users/jeremywatt/Library/Developer/Xcode/DerivedData/TodoTimers-hhkfosrtfdujgsaeyczcbhtfazrk/Build/Intermediates.noindex/TodoTimers.build/Debug-iphonesimulator/TodoTimers.build/Objects-normal/arm64/TodoTimers_const_extract_protocols.json -Xcc -iquote -Xcc /Users/jeremywatt/Library/Developer/Xcode/DerivedData/TodoTimers-hhkfosrtfdujgsaeyczcbhtfazrk/Build/Intermediates.noindex/TodoTimers.build/Debug-iphonesimulator/TodoTimers.build/TodoTimers-generated-files.hmap -Xcc -I/Users/jeremywatt/Library/Developer/Xcode/DerivedData/TodoTimers-hhkfosrtfdujgsaeyczcbhtfazrk/Build/Intermediates.noindex/TodoTimers.build/Debug-iphonesimulator/TodoTimers.build/TodoTimers-own-target-headers.hmap -Xcc -I/Users/jeremywatt/Library/Developer/Xcode/DerivedData/TodoTimers-hhkfosrtfdujgsaeyczcbhtfazrk/Build/Intermediates.noindex/TodoTimers.build/Debug-iphonesimulator/TodoTimers.build/TodoTimers-all-target-headers.hmap -Xcc -iquote -Xcc /Users/jeremywatt/Library/Developer/Xcode/DerivedData/TodoTimers-hhkfosrtfdujgsaeyczcbhtfazrk/Build/Intermediates.noindex/TodoTimers.build/Debug-iphonesimulator/TodoTimers.build/TodoTimers-project-headers.hmap -Xcc -I/Users/jeremywatt/Library/Developer/Xcode/DerivedData/TodoTimers-hhkfosrtfdujgsaeyczcbhtfazrk/Build/Products/Debug-iphonesimulator/include -Xcc -I/Users/jeremywatt/Library/Developer/Xcode/DerivedData/TodoTimers-hhkfosrtfdujgsaeyczcbhtfazrk/Build/Intermediates.noindex/TodoTimers.build/Debug-iphonesimulator/TodoTimers.build/DerivedSources-normal/arm64 -Xcc -I/Users/jeremywatt/Library/Developer/Xcode/DerivedData/TodoTimers-hhkfosrtfdujgsaeyczcbhtfazrk/Build/Intermediates.noindex/TodoTimers.build/Debug-iphonesimulator/TodoTimers.build/DerivedSources/arm64 -Xcc -I/Users/jeremywatt/Library/Developer/Xcode/DerivedData/TodoTimers-hhkfosrtfdujgsaeyczcbhtfazrk/Build/Intermediates.noindex/TodoTimers.build/Debug-iphonesimulator/TodoTimers.build/DerivedSources -Xcc -DDEBUG\=1 -emit-objc-header -emit-objc-header-path /Users/jeremywatt/Library/Developer/Xcode/DerivedData/TodoTimers-hhkfosrtfdujgsaeyczcbhtfazrk/Build/Intermediates.noindex/TodoTimers.build/Debug-iphonesimulator/TodoTimers.build/Objects-normal/arm64/TodoTimers-Swift.h -working-directory /Users/jeremywatt/Desktop/todo-timers-ios/TodoTimers -experimental-emit-module-separately -disable-cmo

Ld /Users/jeremywatt/Library/Developer/Xcode/DerivedData/TodoTimers-hhkfosrtfdujgsaeyczcbhtfazrk/Build/Intermediates.noindex/TodoTimers.build/Debug-watchsimulator/TodoTimers\ Watch\ App\ Watch\ App.build/Objects-normal/x86_64/Binary/TodoTimers\ Watch\ App\ Watch\ App.debug.dylib normal x86_64 (in target 'TodoTimers Watch App Watch App' from project 'TodoTimers')
    cd /Users/jeremywatt/Desktop/todo-timers-ios/TodoTimers
    /Applications/Xcode.app/Contents/Developer/Toolchains/XcodeDefault.xctoolchain/usr/bin/clang -Xlinker -reproducible -target x86_64-apple-watchos10.0-simulator -dynamiclib -isysroot /Applications/Xcode.app/Contents/Developer/Platforms/WatchSimulator.platform/Developer/SDKs/WatchSimulator11.5.sdk -O0 -L/Users/jeremywatt/Library/Developer/Xcode/DerivedData/TodoTimers-hhkfosrtfdujgsaeyczcbhtfazrk/Build/Intermediates.noindex/EagerLinkingTBDs/Debug-watchsimulator -L/Users/jeremywatt/Library/Developer/Xcode/DerivedData/TodoTimers-hhkfosrtfdujgsaeyczcbhtfazrk/Build/Products/Debug-watchsimulator -F/Users/jeremywatt/Library/Developer/Xcode/DerivedData/TodoTimers-hhkfosrtfdujgsaeyczcbhtfazrk/Build/Intermediates.noindex/EagerLinkingTBDs/Debug-watchsimulator -F/Users/jeremywatt/Library/Developer/Xcode/DerivedData/TodoTimers-hhkfosrtfdujgsaeyczcbhtfazrk/Build/Products/Debug-watchsimulator -filelist /Users/jeremywatt/Library/Developer/Xcode/DerivedData/TodoTimers-hhkfosrtfdujgsaeyczcbhtfazrk/Build/Intermediates.noindex/TodoTimers.build/Debug-watchsimulator/TodoTimers\ Watch\ App\ Watch\ App.build/Objects-normal/x86_64/TodoTimers\ Watch\ App\ Watch\ App.LinkFileList -install_name @rpath/TodoTimers\ Watch\ App\ Watch\ App.debug.dylib -Xlinker -rpath -Xlinker @executable_path/Frameworks -dead_strip -Xlinker -object_path_lto -Xlinker /Users/jeremywatt/Library/Developer/Xcode/DerivedData/TodoTimers-hhkfosrtfdujgsaeyczcbhtfazrk/Build/Intermediates.noindex/TodoTimers.build/Debug-watchsimulator/TodoTimers\ Watch\ App\ Watch\ App.build/Objects-normal/x86_64/TodoTimers\ Watch\ App\ Watch\ App_lto.o -rdynamic -Xlinker -no_deduplicate -Xlinker -objc_abi_version -Xlinker 2 -Xlinker -debug_variant -Xlinker -dependency_info -Xlinker /Users/jeremywatt/Library/Developer/Xcode/DerivedData/TodoTimers-hhkfosrtfdujgsaeyczcbhtfazrk/Build/Intermediates.noindex/TodoTimers.build/Debug-watchsimulator/TodoTimers\ Watch\ App\ Watch\ App.build/Objects-normal/x86_64/TodoTimers\ Watch\ App\ Watch\ App_dependency_info.dat -fobjc-link-runtime -fprofile-instr-generate -L/Applications/Xcode.app/Contents/Developer/Toolchains/XcodeDefault.xctoolchain/usr/lib/swift/watchsimulator -L/usr/lib/swift -Xlinker -add_ast_path -Xlinker /Users/jeremywatt/Library/Developer/Xcode/DerivedData/TodoTimers-hhkfosrtfdujgsaeyczcbhtfazrk/Build/Intermediates.noindex/TodoTimers.build/Debug-watchsimulator/TodoTimers\ Watch\ App\ Watch\ App.build/Objects-normal/x86_64/TodoTimers_Watch_App_Watch_App.swiftmodule -Xlinker -alias -Xlinker _main -Xlinker ___debug_main_executable_dylib_entry_point -Xlinker -no_adhoc_codesign -o /Users/jeremywatt/Library/Developer/Xcode/DerivedData/TodoTimers-hhkfosrtfdujgsaeyczcbhtfazrk/Build/Intermediates.noindex/TodoTimers.build/Debug-watchsimulator/TodoTimers\ Watch\ App\ Watch\ App.build/Objects-normal/x86_64/Binary/TodoTimers\ Watch\ App\ Watch\ App.debug.dylib

Ld /Users/jeremywatt/Library/Developer/Xcode/DerivedData/TodoTimers-hhkfosrtfdujgsaeyczcbhtfazrk/Build/Intermediates.noindex/TodoTimers.build/Debug-watchsimulator/TodoTimers\ Watch\ App\ Watch\ App.build/Objects-normal/arm64/Binary/TodoTimers\ Watch\ App\ Watch\ App.debug.dylib normal arm64 (in target 'TodoTimers Watch App Watch App' from project 'TodoTimers')
    cd /Users/jeremywatt/Desktop/todo-timers-ios/TodoTimers
    /Applications/Xcode.app/Contents/Developer/Toolchains/XcodeDefault.xctoolchain/usr/bin/clang -Xlinker -reproducible -target arm64-apple-watchos10.0-simulator -dynamiclib -isysroot /Applications/Xcode.app/Contents/Developer/Platforms/WatchSimulator.platform/Developer/SDKs/WatchSimulator11.5.sdk -O0 -L/Users/jeremywatt/Library/Developer/Xcode/DerivedData/TodoTimers-hhkfosrtfdujgsaeyczcbhtfazrk/Build/Intermediates.noindex/EagerLinkingTBDs/Debug-watchsimulator -L/Users/jeremywatt/Library/Developer/Xcode/DerivedData/TodoTimers-hhkfosrtfdujgsaeyczcbhtfazrk/Build/Products/Debug-watchsimulator -F/Users/jeremywatt/Library/Developer/Xcode/DerivedData/TodoTimers-hhkfosrtfdujgsaeyczcbhtfazrk/Build/Intermediates.noindex/EagerLinkingTBDs/Debug-watchsimulator -F/Users/jeremywatt/Library/Developer/Xcode/DerivedData/TodoTimers-hhkfosrtfdujgsaeyczcbhtfazrk/Build/Products/Debug-watchsimulator -filelist /Users/jeremywatt/Library/Developer/Xcode/DerivedData/TodoTimers-hhkfosrtfdujgsaeyczcbhtfazrk/Build/Intermediates.noindex/TodoTimers.build/Debug-watchsimulator/TodoTimers\ Watch\ App\ Watch\ App.build/Objects-normal/arm64/TodoTimers\ Watch\ App\ Watch\ App.LinkFileList -install_name @rpath/TodoTimers\ Watch\ App\ Watch\ App.debug.dylib -Xlinker -rpath -Xlinker @executable_path/Frameworks -dead_strip -Xlinker -object_path_lto -Xlinker /Users/jeremywatt/Library/Developer/Xcode/DerivedData/TodoTimers-hhkfosrtfdujgsaeyczcbhtfazrk/Build/Intermediates.noindex/TodoTimers.build/Debug-watchsimulator/TodoTimers\ Watch\ App\ Watch\ App.build/Objects-normal/arm64/TodoTimers\ Watch\ App\ Watch\ App_lto.o -rdynamic -Xlinker -no_deduplicate -Xlinker -objc_abi_version -Xlinker 2 -Xlinker -debug_variant -Xlinker -dependency_info -Xlinker /Users/jeremywatt/Library/Developer/Xcode/DerivedData/TodoTimers-hhkfosrtfdujgsaeyczcbhtfazrk/Build/Intermediates.noindex/TodoTimers.build/Debug-watchsimulator/TodoTimers\ Watch\ App\ Watch\ App.build/Objects-normal/arm64/TodoTimers\ Watch\ App\ Watch\ App_dependency_info.dat -fobjc-link-runtime -fprofile-instr-generate -L/Applications/Xcode.app/Contents/Developer/Toolchains/XcodeDefault.xctoolchain/usr/lib/swift/watchsimulator -L/usr/lib/swift -Xlinker -add_ast_path -Xlinker /Users/jeremywatt/Library/Developer/Xcode/DerivedData/TodoTimers-hhkfosrtfdujgsaeyczcbhtfazrk/Build/Intermediates.noindex/TodoTimers.build/Debug-watchsimulator/TodoTimers\ Watch\ App\ Watch\ App.build/Objects-normal/arm64/TodoTimers_Watch_App_Watch_App.swiftmodule -Xlinker -alias -Xlinker _main -Xlinker ___debug_main_executable_dylib_entry_point -Xlinker -no_adhoc_codesign -o /Users/jeremywatt/Library/Developer/Xcode/DerivedData/TodoTimers-hhkfosrtfdujgsaeyczcbhtfazrk/Build/Intermediates.noindex/TodoTimers.build/Debug-watchsimulator/TodoTimers\ Watch\ App\ Watch\ App.build/Objects-normal/arm64/Binary/TodoTimers\ Watch\ App\ Watch\ App.debug.dylib

SwiftDriver\ Compilation\ Requirements TodoTimers normal arm64 com.apple.xcode.tools.swift.compiler (in target 'TodoTimers' from project 'TodoTimers')
    cd /Users/jeremywatt/Desktop/todo-timers-ios/TodoTimers
    builtin-Swift-Compilation-Requirements -- /Applications/Xcode.app/Contents/Developer/Toolchains/XcodeDefault.xctoolchain/usr/bin/swiftc -module-name TodoTimers -Onone -enforce-exclusivity\=checked @/Users/jeremywatt/Library/Developer/Xcode/DerivedData/TodoTimers-hhkfosrtfdujgsaeyczcbhtfazrk/Build/Intermediates.noindex/TodoTimers.build/Debug-iphonesimulator/TodoTimers.build/Objects-normal/arm64/TodoTimers.SwiftFileList -DDEBUG -enable-bare-slash-regex -enable-experimental-feature DebugDescriptionMacro -sdk /Applications/Xcode.app/Contents/Developer/Platforms/iPhoneSimulator.platform/Developer/SDKs/iPhoneSimulator18.5.sdk -target arm64-apple-ios17.0-simulator -g -module-cache-path /Users/jeremywatt/Library/Developer/Xcode/DerivedData/ModuleCache.noindex -Xfrontend -serialize-debugging-options -profile-coverage-mapping -profile-generate -enable-testing -index-store-path /Users/jeremywatt/Library/Developer/Xcode/DerivedData/TodoTimers-hhkfosrtfdujgsaeyczcbhtfazrk/Index.noindex/DataStore -swift-version 5 -I /Users/jeremywatt/Library/Developer/Xcode/DerivedData/TodoTimers-hhkfosrtfdujgsaeyczcbhtfazrk/Build/Products/Debug-iphonesimulator -F /Users/jeremywatt/Library/Developer/Xcode/DerivedData/TodoTimers-hhkfosrtfdujgsaeyczcbhtfazrk/Build/Products/Debug-iphonesimulator -emit-localized-strings -emit-localized-strings-path /Users/jeremywatt/Library/Developer/Xcode/DerivedData/TodoTimers-hhkfosrtfdujgsaeyczcbhtfazrk/Build/Intermediates.noindex/TodoTimers.build/Debug-iphonesimulator/TodoTimers.build/Objects-normal/arm64 -c -j10 -enable-batch-mode -incremental -Xcc -ivfsstatcache -Xcc /Users/jeremywatt/Library/Developer/Xcode/DerivedData/SDKStatCaches.noindex/iphonesimulator18.5-22F76-d5fc8ad4295d2ef488fb7d0f804ce0c4.sdkstatcache -output-file-map /Users/jeremywatt/Library/Developer/Xcode/DerivedData/TodoTimers-hhkfosrtfdujgsaeyczcbhtfazrk/Build/Intermediates.noindex/TodoTimers.build/Debug-iphonesimulator/TodoTimers.build/Objects-normal/arm64/TodoTimers-OutputFileMap.json -use-frontend-parseable-output -save-temps -no-color-diagnostics -serialize-diagnostics -emit-dependencies -emit-module -emit-module-path /Users/jeremywatt/Library/Developer/Xcode/DerivedData/TodoTimers-hhkfosrtfdujgsaeyczcbhtfazrk/Build/Intermediates.noindex/TodoTimers.build/Debug-iphonesimulator/TodoTimers.build/Objects-normal/arm64/TodoTimers.swiftmodule -validate-clang-modules-once -clang-build-session-file /Users/jeremywatt/Library/Developer/Xcode/DerivedData/ModuleCache.noindex/Session.modulevalidation -Xcc -I/Users/jeremywatt/Library/Developer/Xcode/DerivedData/TodoTimers-hhkfosrtfdujgsaeyczcbhtfazrk/Build/Intermediates.noindex/TodoTimers.build/Debug-iphonesimulator/TodoTimers.build/swift-overrides.hmap -emit-const-values -Xfrontend -const-gather-protocols-file -Xfrontend /Users/jeremywatt/Library/Developer/Xcode/DerivedData/TodoTimers-hhkfosrtfdujgsaeyczcbhtfazrk/Build/Intermediates.noindex/TodoTimers.build/Debug-iphonesimulator/TodoTimers.build/Objects-normal/arm64/TodoTimers_const_extract_protocols.json -Xcc -iquote -Xcc /Users/jeremywatt/Library/Developer/Xcode/DerivedData/TodoTimers-hhkfosrtfdujgsaeyczcbhtfazrk/Build/Intermediates.noindex/TodoTimers.build/Debug-iphonesimulator/TodoTimers.build/TodoTimers-generated-files.hmap -Xcc -I/Users/jeremywatt/Library/Developer/Xcode/DerivedData/TodoTimers-hhkfosrtfdujgsaeyczcbhtfazrk/Build/Intermediates.noindex/TodoTimers.build/Debug-iphonesimulator/TodoTimers.build/TodoTimers-own-target-headers.hmap -Xcc -I/Users/jeremywatt/Library/Developer/Xcode/DerivedData/TodoTimers-hhkfosrtfdujgsaeyczcbhtfazrk/Build/Intermediates.noindex/TodoTimers.build/Debug-iphonesimulator/TodoTimers.build/TodoTimers-all-target-headers.hmap -Xcc -iquote -Xcc /Users/jeremywatt/Library/Developer/Xcode/DerivedData/TodoTimers-hhkfosrtfdujgsaeyczcbhtfazrk/Build/Intermediates.noindex/TodoTimers.build/Debug-iphonesimulator/TodoTimers.build/TodoTimers-project-headers.hmap -Xcc -I/Users/jeremywatt/Library/Developer/Xcode/DerivedData/TodoTimers-hhkfosrtfdujgsaeyczcbhtfazrk/Build/Products/Debug-iphonesimulator/include -Xcc -I/Users/jeremywatt/Library/Developer/Xcode/DerivedData/TodoTimers-hhkfosrtfdujgsaeyczcbhtfazrk/Build/Intermediates.noindex/TodoTimers.build/Debug-iphonesimulator/TodoTimers.build/DerivedSources-normal/arm64 -Xcc -I/Users/jeremywatt/Library/Developer/Xcode/DerivedData/TodoTimers-hhkfosrtfdujgsaeyczcbhtfazrk/Build/Intermediates.noindex/TodoTimers.build/Debug-iphonesimulator/TodoTimers.build/DerivedSources/arm64 -Xcc -I/Users/jeremywatt/Library/Developer/Xcode/DerivedData/TodoTimers-hhkfosrtfdujgsaeyczcbhtfazrk/Build/Intermediates.noindex/TodoTimers.build/Debug-iphonesimulator/TodoTimers.build/DerivedSources -Xcc -DDEBUG\=1 -emit-objc-header -emit-objc-header-path /Users/jeremywatt/Library/Developer/Xcode/DerivedData/TodoTimers-hhkfosrtfdujgsaeyczcbhtfazrk/Build/Intermediates.noindex/TodoTimers.build/Debug-iphonesimulator/TodoTimers.build/Objects-normal/arm64/TodoTimers-Swift.h -working-directory /Users/jeremywatt/Desktop/todo-timers-ios/TodoTimers -experimental-emit-module-separately -disable-cmo

SwiftDriver\ Compilation TodoTimers normal arm64 com.apple.xcode.tools.swift.compiler (in target 'TodoTimers' from project 'TodoTimers')
    cd /Users/jeremywatt/Desktop/todo-timers-ios/TodoTimers
    builtin-Swift-Compilation -- /Applications/Xcode.app/Contents/Developer/Toolchains/XcodeDefault.xctoolchain/usr/bin/swiftc -module-name TodoTimers -Onone -enforce-exclusivity\=checked @/Users/jeremywatt/Library/Developer/Xcode/DerivedData/TodoTimers-hhkfosrtfdujgsaeyczcbhtfazrk/Build/Intermediates.noindex/TodoTimers.build/Debug-iphonesimulator/TodoTimers.build/Objects-normal/arm64/TodoTimers.SwiftFileList -DDEBUG -enable-bare-slash-regex -enable-experimental-feature DebugDescriptionMacro -sdk /Applications/Xcode.app/Contents/Developer/Platforms/iPhoneSimulator.platform/Developer/SDKs/iPhoneSimulator18.5.sdk -target arm64-apple-ios17.0-simulator -g -module-cache-path /Users/jeremywatt/Library/Developer/Xcode/DerivedData/ModuleCache.noindex -Xfrontend -serialize-debugging-options -profile-coverage-mapping -profile-generate -enable-testing -index-store-path /Users/jeremywatt/Library/Developer/Xcode/DerivedData/TodoTimers-hhkfosrtfdujgsaeyczcbhtfazrk/Index.noindex/DataStore -swift-version 5 -I /Users/jeremywatt/Library/Developer/Xcode/DerivedData/TodoTimers-hhkfosrtfdujgsaeyczcbhtfazrk/Build/Products/Debug-iphonesimulator -F /Users/jeremywatt/Library/Developer/Xcode/DerivedData/TodoTimers-hhkfosrtfdujgsaeyczcbhtfazrk/Build/Products/Debug-iphonesimulator -emit-localized-strings -emit-localized-strings-path /Users/jeremywatt/Library/Developer/Xcode/DerivedData/TodoTimers-hhkfosrtfdujgsaeyczcbhtfazrk/Build/Intermediates.noindex/TodoTimers.build/Debug-iphonesimulator/TodoTimers.build/Objects-normal/arm64 -c -j10 -enable-batch-mode -incremental -Xcc -ivfsstatcache -Xcc /Users/jeremywatt/Library/Developer/Xcode/DerivedData/SDKStatCaches.noindex/iphonesimulator18.5-22F76-d5fc8ad4295d2ef488fb7d0f804ce0c4.sdkstatcache -output-file-map /Users/jeremywatt/Library/Developer/Xcode/DerivedData/TodoTimers-hhkfosrtfdujgsaeyczcbhtfazrk/Build/Intermediates.noindex/TodoTimers.build/Debug-iphonesimulator/TodoTimers.build/Objects-normal/arm64/TodoTimers-OutputFileMap.json -use-frontend-parseable-output -save-temps -no-color-diagnostics -serialize-diagnostics -emit-dependencies -emit-module -emit-module-path /Users/jeremywatt/Library/Developer/Xcode/DerivedData/TodoTimers-hhkfosrtfdujgsaeyczcbhtfazrk/Build/Intermediates.noindex/TodoTimers.build/Debug-iphonesimulator/TodoTimers.build/Objects-normal/arm64/TodoTimers.swiftmodule -validate-clang-modules-once -clang-build-session-file /Users/jeremywatt/Library/Developer/Xcode/DerivedData/ModuleCache.noindex/Session.modulevalidation -Xcc -I/Users/jeremywatt/Library/Developer/Xcode/DerivedData/TodoTimers-hhkfosrtfdujgsaeyczcbhtfazrk/Build/Intermediates.noindex/TodoTimers.build/Debug-iphonesimulator/TodoTimers.build/swift-overrides.hmap -emit-const-values -Xfrontend -const-gather-protocols-file -Xfrontend /Users/jeremywatt/Library/Developer/Xcode/DerivedData/TodoTimers-hhkfosrtfdujgsaeyczcbhtfazrk/Build/Intermediates.noindex/TodoTimers.build/Debug-iphonesimulator/TodoTimers.build/Objects-normal/arm64/TodoTimers_const_extract_protocols.json -Xcc -iquote -Xcc /Users/jeremywatt/Library/Developer/Xcode/DerivedData/TodoTimers-hhkfosrtfdujgsaeyczcbhtfazrk/Build/Intermediates.noindex/TodoTimers.build/Debug-iphonesimulator/TodoTimers.build/TodoTimers-generated-files.hmap -Xcc -I/Users/jeremywatt/Library/Developer/Xcode/DerivedData/TodoTimers-hhkfosrtfdujgsaeyczcbhtfazrk/Build/Intermediates.noindex/TodoTimers.build/Debug-iphonesimulator/TodoTimers.build/TodoTimers-own-target-headers.hmap -Xcc -I/Users/jeremywatt/Library/Developer/Xcode/DerivedData/TodoTimers-hhkfosrtfdujgsaeyczcbhtfazrk/Build/Intermediates.noindex/TodoTimers.build/Debug-iphonesimulator/TodoTimers.build/TodoTimers-all-target-headers.hmap -Xcc -iquote -Xcc /Users/jeremywatt/Library/Developer/Xcode/DerivedData/TodoTimers-hhkfosrtfdujgsaeyczcbhtfazrk/Build/Intermediates.noindex/TodoTimers.build/Debug-iphonesimulator/TodoTimers.build/TodoTimers-project-headers.hmap -Xcc -I/Users/jeremywatt/Library/Developer/Xcode/DerivedData/TodoTimers-hhkfosrtfdujgsaeyczcbhtfazrk/Build/Products/Debug-iphonesimulator/include -Xcc -I/Users/jeremywatt/Library/Developer/Xcode/DerivedData/TodoTimers-hhkfosrtfdujgsaeyczcbhtfazrk/Build/Intermediates.noindex/TodoTimers.build/Debug-iphonesimulator/TodoTimers.build/DerivedSources-normal/arm64 -Xcc -I/Users/jeremywatt/Library/Developer/Xcode/DerivedData/TodoTimers-hhkfosrtfdujgsaeyczcbhtfazrk/Build/Intermediates.noindex/TodoTimers.build/Debug-iphonesimulator/TodoTimers.build/DerivedSources/arm64 -Xcc -I/Users/jeremywatt/Library/Developer/Xcode/DerivedData/TodoTimers-hhkfosrtfdujgsaeyczcbhtfazrk/Build/Intermediates.noindex/TodoTimers.build/Debug-iphonesimulator/TodoTimers.build/DerivedSources -Xcc -DDEBUG\=1 -emit-objc-header -emit-objc-header-path /Users/jeremywatt/Library/Developer/Xcode/DerivedData/TodoTimers-hhkfosrtfdujgsaeyczcbhtfazrk/Build/Intermediates.noindex/TodoTimers.build/Debug-iphonesimulator/TodoTimers.build/Objects-normal/arm64/TodoTimers-Swift.h -working-directory /Users/jeremywatt/Desktop/todo-timers-ios/TodoTimers -experimental-emit-module-separately -disable-cmo

SwiftDriver TodoTimersUITests normal arm64 com.apple.xcode.tools.swift.compiler (in target 'TodoTimersUITests' from project 'TodoTimers')
    cd /Users/jeremywatt/Desktop/todo-timers-ios/TodoTimers
    builtin-SwiftDriver -- /Applications/Xcode.app/Contents/Developer/Toolchains/XcodeDefault.xctoolchain/usr/bin/swiftc -module-name TodoTimersUITests -Onone -enforce-exclusivity\=checked @/Users/jeremywatt/Library/Developer/Xcode/DerivedData/TodoTimers-hhkfosrtfdujgsaeyczcbhtfazrk/Build/Intermediates.noindex/TodoTimers.build/Debug-iphonesimulator/TodoTimersUITests.build/Objects-normal/arm64/TodoTimersUITests.SwiftFileList -DDEBUG -module-alias Testing\=_Testing_Unavailable -plugin-path /Applications/Xcode.app/Contents/Developer/Toolchains/XcodeDefault.xctoolchain/usr/lib/swift/host/plugins/testing -enable-bare-slash-regex -enable-experimental-feature DebugDescriptionMacro -sdk /Applications/Xcode.app/Contents/Developer/Platforms/iPhoneSimulator.platform/Developer/SDKs/iPhoneSimulator18.5.sdk -target arm64-apple-ios17.0-simulator -g -module-cache-path /Users/jeremywatt/Library/Developer/Xcode/DerivedData/ModuleCache.noindex -Xfrontend -serialize-debugging-options -profile-coverage-mapping -profile-generate -enable-testing -index-store-path /Users/jeremywatt/Library/Developer/Xcode/DerivedData/TodoTimers-hhkfosrtfdujgsaeyczcbhtfazrk/Index.noindex/DataStore -swift-version 5 -I /Users/jeremywatt/Library/Developer/Xcode/DerivedData/TodoTimers-hhkfosrtfdujgsaeyczcbhtfazrk/Build/Products/Debug-iphonesimulator -I /Applications/Xcode.app/Contents/Developer/Platforms/iPhoneSimulator.platform/Developer/usr/lib -F /Users/jeremywatt/Library/Developer/Xcode/DerivedData/TodoTimers-hhkfosrtfdujgsaeyczcbhtfazrk/Build/Products/Debug-iphonesimulator -F /Applications/Xcode.app/Contents/Developer/Platforms/iPhoneSimulator.platform/Developer/Library/Frameworks -F /Applications/Xcode.app/Contents/Developer/Platforms/iPhoneSimulator.platform/Developer/SDKs/iPhoneSimulator18.5.sdk/Developer/Library/Frameworks -c -j10 -enable-batch-mode -incremental -Xcc -ivfsstatcache -Xcc /Users/jeremywatt/Library/Developer/Xcode/DerivedData/SDKStatCaches.noindex/iphonesimulator18.5-22F76-d5fc8ad4295d2ef488fb7d0f804ce0c4.sdkstatcache -output-file-map /Users/jeremywatt/Library/Developer/Xcode/DerivedData/TodoTimers-hhkfosrtfdujgsaeyczcbhtfazrk/Build/Intermediates.noindex/TodoTimers.build/Debug-iphonesimulator/TodoTimersUITests.build/Objects-normal/arm64/TodoTimersUITests-OutputFileMap.json -use-frontend-parseable-output -save-temps -no-color-diagnostics -serialize-diagnostics -emit-dependencies -emit-module -emit-module-path /Users/jeremywatt/Library/Developer/Xcode/DerivedData/TodoTimers-hhkfosrtfdujgsaeyczcbhtfazrk/Build/Intermediates.noindex/TodoTimers.build/Debug-iphonesimulator/TodoTimersUITests.build/Objects-normal/arm64/TodoTimersUITests.swiftmodule -validate-clang-modules-once -clang-build-session-file /Users/jeremywatt/Library/Developer/Xcode/DerivedData/ModuleCache.noindex/Session.modulevalidation -Xcc -I/Users/jeremywatt/Library/Developer/Xcode/DerivedData/TodoTimers-hhkfosrtfdujgsaeyczcbhtfazrk/Build/Intermediates.noindex/TodoTimers.build/Debug-iphonesimulator/TodoTimersUITests.build/swift-overrides.hmap -emit-const-values -Xfrontend -const-gather-protocols-file -Xfrontend /Users/jeremywatt/Library/Developer/Xcode/DerivedData/TodoTimers-hhkfosrtfdujgsaeyczcbhtfazrk/Build/Intermediates.noindex/TodoTimers.build/Debug-iphonesimulator/TodoTimersUITests.build/Objects-normal/arm64/TodoTimersUITests_const_extract_protocols.json -Xcc -iquote -Xcc /Users/jeremywatt/Library/Developer/Xcode/DerivedData/TodoTimers-hhkfosrtfdujgsaeyczcbhtfazrk/Build/Intermediates.noindex/TodoTimers.build/Debug-iphonesimulator/TodoTimersUITests.build/TodoTimersUITests-generated-files.hmap -Xcc -I/Users/jeremywatt/Library/Developer/Xcode/DerivedData/TodoTimers-hhkfosrtfdujgsaeyczcbhtfazrk/Build/Intermediates.noindex/TodoTimers.build/Debug-iphonesimulator/TodoTimersUITests.build/TodoTimersUITests-own-target-headers.hmap -Xcc -I/Users/jeremywatt/Library/Developer/Xcode/DerivedData/TodoTimers-hhkfosrtfdujgsaeyczcbhtfazrk/Build/Intermediates.noindex/TodoTimers.build/Debug-iphonesimulator/TodoTimersUITests.build/TodoTimersUITests-all-target-headers.hmap -Xcc -iquote -Xcc /Users/jeremywatt/Library/Developer/Xcode/DerivedData/TodoTimers-hhkfosrtfdujgsaeyczcbhtfazrk/Build/Intermediates.noindex/TodoTimers.build/Debug-iphonesimulator/TodoTimersUITests.build/TodoTimersUITests-project-headers.hmap -Xcc -I/Users/jeremywatt/Library/Developer/Xcode/DerivedData/TodoTimers-hhkfosrtfdujgsaeyczcbhtfazrk/Build/Products/Debug-iphonesimulator/include -Xcc -I/Users/jeremywatt/Library/Developer/Xcode/DerivedData/TodoTimers-hhkfosrtfdujgsaeyczcbhtfazrk/Build/Intermediates.noindex/TodoTimers.build/Debug-iphonesimulator/TodoTimersUITests.build/DerivedSources-normal/arm64 -Xcc -I/Users/jeremywatt/Library/Developer/Xcode/DerivedData/TodoTimers-hhkfosrtfdujgsaeyczcbhtfazrk/Build/Intermediates.noindex/TodoTimers.build/Debug-iphonesimulator/TodoTimersUITests.build/DerivedSources/arm64 -Xcc -I/Users/jeremywatt/Library/Developer/Xcode/DerivedData/TodoTimers-hhkfosrtfdujgsaeyczcbhtfazrk/Build/Intermediates.noindex/TodoTimers.build/Debug-iphonesimulator/TodoTimersUITests.build/DerivedSources -Xcc -DDEBUG\=1 -emit-objc-header -emit-objc-header-path /Users/jeremywatt/Library/Developer/Xcode/DerivedData/TodoTimers-hhkfosrtfdujgsaeyczcbhtfazrk/Build/Intermediates.noindex/TodoTimers.build/Debug-iphonesimulator/TodoTimersUITests.build/Objects-normal/arm64/TodoTimersUITests-Swift.h -working-directory /Users/jeremywatt/Desktop/todo-timers-ios/TodoTimers -experimental-emit-module-separately -disable-cmo

SwiftDriver TodoTimersTests normal arm64 com.apple.xcode.tools.swift.compiler (in target 'TodoTimersTests' from project 'TodoTimers')
    cd /Users/jeremywatt/Desktop/todo-timers-ios/TodoTimers
    builtin-SwiftDriver -- /Applications/Xcode.app/Contents/Developer/Toolchains/XcodeDefault.xctoolchain/usr/bin/swiftc -module-name TodoTimersTests -Onone -enforce-exclusivity\=checked @/Users/jeremywatt/Library/Developer/Xcode/DerivedData/TodoTimers-hhkfosrtfdujgsaeyczcbhtfazrk/Build/Intermediates.noindex/TodoTimers.build/Debug-iphonesimulator/TodoTimersTests.build/Objects-normal/arm64/TodoTimersTests.SwiftFileList -DDEBUG -plugin-path /Applications/Xcode.app/Contents/Developer/Toolchains/XcodeDefault.xctoolchain/usr/lib/swift/host/plugins/testing -enable-bare-slash-regex -enable-experimental-feature DebugDescriptionMacro -sdk /Applications/Xcode.app/Contents/Developer/Platforms/iPhoneSimulator.platform/Developer/SDKs/iPhoneSimulator18.5.sdk -target arm64-apple-ios17.0-simulator -g -module-cache-path /Users/jeremywatt/Library/Developer/Xcode/DerivedData/ModuleCache.noindex -Xfrontend -serialize-debugging-options -profile-coverage-mapping -profile-generate -enable-testing -index-store-path /Users/jeremywatt/Library/Developer/Xcode/DerivedData/TodoTimers-hhkfosrtfdujgsaeyczcbhtfazrk/Index.noindex/DataStore -swift-version 5 -I /Users/jeremywatt/Library/Developer/Xcode/DerivedData/TodoTimers-hhkfosrtfdujgsaeyczcbhtfazrk/Build/Products/Debug-iphonesimulator -I /Applications/Xcode.app/Contents/Developer/Platforms/iPhoneSimulator.platform/Developer/usr/lib -F /Users/jeremywatt/Library/Developer/Xcode/DerivedData/TodoTimers-hhkfosrtfdujgsaeyczcbhtfazrk/Build/Products/Debug-iphonesimulator -F /Applications/Xcode.app/Contents/Developer/Platforms/iPhoneSimulator.platform/Developer/Library/Frameworks -F /Applications/Xcode.app/Contents/Developer/Platforms/iPhoneSimulator.platform/Developer/SDKs/iPhoneSimulator18.5.sdk/Developer/Library/Frameworks -c -j10 -enable-batch-mode -incremental -Xcc -ivfsstatcache -Xcc /Users/jeremywatt/Library/Developer/Xcode/DerivedData/SDKStatCaches.noindex/iphonesimulator18.5-22F76-d5fc8ad4295d2ef488fb7d0f804ce0c4.sdkstatcache -output-file-map /Users/jeremywatt/Library/Developer/Xcode/DerivedData/TodoTimers-hhkfosrtfdujgsaeyczcbhtfazrk/Build/Intermediates.noindex/TodoTimers.build/Debug-iphonesimulator/TodoTimersTests.build/Objects-normal/arm64/TodoTimersTests-OutputFileMap.json -use-frontend-parseable-output -save-temps -no-color-diagnostics -serialize-diagnostics -emit-dependencies -emit-module -emit-module-path /Users/jeremywatt/Library/Developer/Xcode/DerivedData/TodoTimers-hhkfosrtfdujgsaeyczcbhtfazrk/Build/Intermediates.noindex/TodoTimers.build/Debug-iphonesimulator/TodoTimersTests.build/Objects-normal/arm64/TodoTimersTests.swiftmodule -validate-clang-modules-once -clang-build-session-file /Users/jeremywatt/Library/Developer/Xcode/DerivedData/ModuleCache.noindex/Session.modulevalidation -Xcc -I/Users/jeremywatt/Library/Developer/Xcode/DerivedData/TodoTimers-hhkfosrtfdujgsaeyczcbhtfazrk/Build/Intermediates.noindex/TodoTimers.build/Debug-iphonesimulator/TodoTimersTests.build/swift-overrides.hmap -emit-const-values -Xfrontend -const-gather-protocols-file -Xfrontend /Users/jeremywatt/Library/Developer/Xcode/DerivedData/TodoTimers-hhkfosrtfdujgsaeyczcbhtfazrk/Build/Intermediates.noindex/TodoTimers.build/Debug-iphonesimulator/TodoTimersTests.build/Objects-normal/arm64/TodoTimersTests_const_extract_protocols.json -Xcc -iquote -Xcc /Users/jeremywatt/Library/Developer/Xcode/DerivedData/TodoTimers-hhkfosrtfdujgsaeyczcbhtfazrk/Build/Intermediates.noindex/TodoTimers.build/Debug-iphonesimulator/TodoTimersTests.build/TodoTimersTests-generated-files.hmap -Xcc -I/Users/jeremywatt/Library/Developer/Xcode/DerivedData/TodoTimers-hhkfosrtfdujgsaeyczcbhtfazrk/Build/Intermediates.noindex/TodoTimers.build/Debug-iphonesimulator/TodoTimersTests.build/TodoTimersTests-own-target-headers.hmap -Xcc -I/Users/jeremywatt/Library/Developer/Xcode/DerivedData/TodoTimers-hhkfosrtfdujgsaeyczcbhtfazrk/Build/Intermediates.noindex/TodoTimers.build/Debug-iphonesimulator/TodoTimersTests.build/TodoTimersTests-all-target-headers.hmap -Xcc -iquote -Xcc /Users/jeremywatt/Library/Developer/Xcode/DerivedData/TodoTimers-hhkfosrtfdujgsaeyczcbhtfazrk/Build/Intermediates.noindex/TodoTimers.build/Debug-iphonesimulator/TodoTimersTests.build/TodoTimersTests-project-headers.hmap -Xcc -I/Users/jeremywatt/Library/Developer/Xcode/DerivedData/TodoTimers-hhkfosrtfdujgsaeyczcbhtfazrk/Build/Products/Debug-iphonesimulator/include -Xcc -I/Users/jeremywatt/Library/Developer/Xcode/DerivedData/TodoTimers-hhkfosrtfdujgsaeyczcbhtfazrk/Build/Intermediates.noindex/TodoTimers.build/Debug-iphonesimulator/TodoTimersTests.build/DerivedSources-normal/arm64 -Xcc -I/Users/jeremywatt/Library/Developer/Xcode/DerivedData/TodoTimers-hhkfosrtfdujgsaeyczcbhtfazrk/Build/Intermediates.noindex/TodoTimers.build/Debug-iphonesimulator/TodoTimersTests.build/DerivedSources/arm64 -Xcc -I/Users/jeremywatt/Library/Developer/Xcode/DerivedData/TodoTimers-hhkfosrtfdujgsaeyczcbhtfazrk/Build/Intermediates.noindex/TodoTimers.build/Debug-iphonesimulator/TodoTimersTests.build/DerivedSources -Xcc -DDEBUG\=1 -emit-objc-header -emit-objc-header-path /Users/jeremywatt/Library/Developer/Xcode/DerivedData/TodoTimers-hhkfosrtfdujgsaeyczcbhtfazrk/Build/Intermediates.noindex/TodoTimers.build/Debug-iphonesimulator/TodoTimersTests.build/Objects-normal/arm64/TodoTimersTests-Swift.h -working-directory /Users/jeremywatt/Desktop/todo-timers-ios/TodoTimers -experimental-emit-module-separately -disable-cmo

SwiftDriver\ Compilation\ Requirements TodoTimersUITests normal arm64 com.apple.xcode.tools.swift.compiler (in target 'TodoTimersUITests' from project 'TodoTimers')
    cd /Users/jeremywatt/Desktop/todo-timers-ios/TodoTimers
    builtin-Swift-Compilation-Requirements -- /Applications/Xcode.app/Contents/Developer/Toolchains/XcodeDefault.xctoolchain/usr/bin/swiftc -module-name TodoTimersUITests -Onone -enforce-exclusivity\=checked @/Users/jeremywatt/Library/Developer/Xcode/DerivedData/TodoTimers-hhkfosrtfdujgsaeyczcbhtfazrk/Build/Intermediates.noindex/TodoTimers.build/Debug-iphonesimulator/TodoTimersUITests.build/Objects-normal/arm64/TodoTimersUITests.SwiftFileList -DDEBUG -module-alias Testing\=_Testing_Unavailable -plugin-path /Applications/Xcode.app/Contents/Developer/Toolchains/XcodeDefault.xctoolchain/usr/lib/swift/host/plugins/testing -enable-bare-slash-regex -enable-experimental-feature DebugDescriptionMacro -sdk /Applications/Xcode.app/Contents/Developer/Platforms/iPhoneSimulator.platform/Developer/SDKs/iPhoneSimulator18.5.sdk -target arm64-apple-ios17.0-simulator -g -module-cache-path /Users/jeremywatt/Library/Developer/Xcode/DerivedData/ModuleCache.noindex -Xfrontend -serialize-debugging-options -profile-coverage-mapping -profile-generate -enable-testing -index-store-path /Users/jeremywatt/Library/Developer/Xcode/DerivedData/TodoTimers-hhkfosrtfdujgsaeyczcbhtfazrk/Index.noindex/DataStore -swift-version 5 -I /Users/jeremywatt/Library/Developer/Xcode/DerivedData/TodoTimers-hhkfosrtfdujgsaeyczcbhtfazrk/Build/Products/Debug-iphonesimulator -I /Applications/Xcode.app/Contents/Developer/Platforms/iPhoneSimulator.platform/Developer/usr/lib -F /Users/jeremywatt/Library/Developer/Xcode/DerivedData/TodoTimers-hhkfosrtfdujgsaeyczcbhtfazrk/Build/Products/Debug-iphonesimulator -F /Applications/Xcode.app/Contents/Developer/Platforms/iPhoneSimulator.platform/Developer/Library/Frameworks -F /Applications/Xcode.app/Contents/Developer/Platforms/iPhoneSimulator.platform/Developer/SDKs/iPhoneSimulator18.5.sdk/Developer/Library/Frameworks -c -j10 -enable-batch-mode -incremental -Xcc -ivfsstatcache -Xcc /Users/jeremywatt/Library/Developer/Xcode/DerivedData/SDKStatCaches.noindex/iphonesimulator18.5-22F76-d5fc8ad4295d2ef488fb7d0f804ce0c4.sdkstatcache -output-file-map /Users/jeremywatt/Library/Developer/Xcode/DerivedData/TodoTimers-hhkfosrtfdujgsaeyczcbhtfazrk/Build/Intermediates.noindex/TodoTimers.build/Debug-iphonesimulator/TodoTimersUITests.build/Objects-normal/arm64/TodoTimersUITests-OutputFileMap.json -use-frontend-parseable-output -save-temps -no-color-diagnostics -serialize-diagnostics -emit-dependencies -emit-module -emit-module-path /Users/jeremywatt/Library/Developer/Xcode/DerivedData/TodoTimers-hhkfosrtfdujgsaeyczcbhtfazrk/Build/Intermediates.noindex/TodoTimers.build/Debug-iphonesimulator/TodoTimersUITests.build/Objects-normal/arm64/TodoTimersUITests.swiftmodule -validate-clang-modules-once -clang-build-session-file /Users/jeremywatt/Library/Developer/Xcode/DerivedData/ModuleCache.noindex/Session.modulevalidation -Xcc -I/Users/jeremywatt/Library/Developer/Xcode/DerivedData/TodoTimers-hhkfosrtfdujgsaeyczcbhtfazrk/Build/Intermediates.noindex/TodoTimers.build/Debug-iphonesimulator/TodoTimersUITests.build/swift-overrides.hmap -emit-const-values -Xfrontend -const-gather-protocols-file -Xfrontend /Users/jeremywatt/Library/Developer/Xcode/DerivedData/TodoTimers-hhkfosrtfdujgsaeyczcbhtfazrk/Build/Intermediates.noindex/TodoTimers.build/Debug-iphonesimulator/TodoTimersUITests.build/Objects-normal/arm64/TodoTimersUITests_const_extract_protocols.json -Xcc -iquote -Xcc /Users/jeremywatt/Library/Developer/Xcode/DerivedData/TodoTimers-hhkfosrtfdujgsaeyczcbhtfazrk/Build/Intermediates.noindex/TodoTimers.build/Debug-iphonesimulator/TodoTimersUITests.build/TodoTimersUITests-generated-files.hmap -Xcc -I/Users/jeremywatt/Library/Developer/Xcode/DerivedData/TodoTimers-hhkfosrtfdujgsaeyczcbhtfazrk/Build/Intermediates.noindex/TodoTimers.build/Debug-iphonesimulator/TodoTimersUITests.build/TodoTimersUITests-own-target-headers.hmap -Xcc -I/Users/jeremywatt/Library/Developer/Xcode/DerivedData/TodoTimers-hhkfosrtfdujgsaeyczcbhtfazrk/Build/Intermediates.noindex/TodoTimers.build/Debug-iphonesimulator/TodoTimersUITests.build/TodoTimersUITests-all-target-headers.hmap -Xcc -iquote -Xcc /Users/jeremywatt/Library/Developer/Xcode/DerivedData/TodoTimers-hhkfosrtfdujgsaeyczcbhtfazrk/Build/Intermediates.noindex/TodoTimers.build/Debug-iphonesimulator/TodoTimersUITests.build/TodoTimersUITests-project-headers.hmap -Xcc -I/Users/jeremywatt/Library/Developer/Xcode/DerivedData/TodoTimers-hhkfosrtfdujgsaeyczcbhtfazrk/Build/Products/Debug-iphonesimulator/include -Xcc -I/Users/jeremywatt/Library/Developer/Xcode/DerivedData/TodoTimers-hhkfosrtfdujgsaeyczcbhtfazrk/Build/Intermediates.noindex/TodoTimers.build/Debug-iphonesimulator/TodoTimersUITests.build/DerivedSources-normal/arm64 -Xcc -I/Users/jeremywatt/Library/Developer/Xcode/DerivedData/TodoTimers-hhkfosrtfdujgsaeyczcbhtfazrk/Build/Intermediates.noindex/TodoTimers.build/Debug-iphonesimulator/TodoTimersUITests.build/DerivedSources/arm64 -Xcc -I/Users/jeremywatt/Library/Developer/Xcode/DerivedData/TodoTimers-hhkfosrtfdujgsaeyczcbhtfazrk/Build/Intermediates.noindex/TodoTimers.build/Debug-iphonesimulator/TodoTimersUITests.build/DerivedSources -Xcc -DDEBUG\=1 -emit-objc-header -emit-objc-header-path /Users/jeremywatt/Library/Developer/Xcode/DerivedData/TodoTimers-hhkfosrtfdujgsaeyczcbhtfazrk/Build/Intermediates.noindex/TodoTimers.build/Debug-iphonesimulator/TodoTimersUITests.build/Objects-normal/arm64/TodoTimersUITests-Swift.h -working-directory /Users/jeremywatt/Desktop/todo-timers-ios/TodoTimers -experimental-emit-module-separately -disable-cmo

SwiftDriver\ Compilation TodoTimersUITests normal arm64 com.apple.xcode.tools.swift.compiler (in target 'TodoTimersUITests' from project 'TodoTimers')
    cd /Users/jeremywatt/Desktop/todo-timers-ios/TodoTimers
    builtin-Swift-Compilation -- /Applications/Xcode.app/Contents/Developer/Toolchains/XcodeDefault.xctoolchain/usr/bin/swiftc -module-name TodoTimersUITests -Onone -enforce-exclusivity\=checked @/Users/jeremywatt/Library/Developer/Xcode/DerivedData/TodoTimers-hhkfosrtfdujgsaeyczcbhtfazrk/Build/Intermediates.noindex/TodoTimers.build/Debug-iphonesimulator/TodoTimersUITests.build/Objects-normal/arm64/TodoTimersUITests.SwiftFileList -DDEBUG -module-alias Testing\=_Testing_Unavailable -plugin-path /Applications/Xcode.app/Contents/Developer/Toolchains/XcodeDefault.xctoolchain/usr/lib/swift/host/plugins/testing -enable-bare-slash-regex -enable-experimental-feature DebugDescriptionMacro -sdk /Applications/Xcode.app/Contents/Developer/Platforms/iPhoneSimulator.platform/Developer/SDKs/iPhoneSimulator18.5.sdk -target arm64-apple-ios17.0-simulator -g -module-cache-path /Users/jeremywatt/Library/Developer/Xcode/DerivedData/ModuleCache.noindex -Xfrontend -serialize-debugging-options -profile-coverage-mapping -profile-generate -enable-testing -index-store-path /Users/jeremywatt/Library/Developer/Xcode/DerivedData/TodoTimers-hhkfosrtfdujgsaeyczcbhtfazrk/Index.noindex/DataStore -swift-version 5 -I /Users/jeremywatt/Library/Developer/Xcode/DerivedData/TodoTimers-hhkfosrtfdujgsaeyczcbhtfazrk/Build/Products/Debug-iphonesimulator -I /Applications/Xcode.app/Contents/Developer/Platforms/iPhoneSimulator.platform/Developer/usr/lib -F /Users/jeremywatt/Library/Developer/Xcode/DerivedData/TodoTimers-hhkfosrtfdujgsaeyczcbhtfazrk/Build/Products/Debug-iphonesimulator -F /Applications/Xcode.app/Contents/Developer/Platforms/iPhoneSimulator.platform/Developer/Library/Frameworks -F /Applications/Xcode.app/Contents/Developer/Platforms/iPhoneSimulator.platform/Developer/SDKs/iPhoneSimulator18.5.sdk/Developer/Library/Frameworks -c -j10 -enable-batch-mode -incremental -Xcc -ivfsstatcache -Xcc /Users/jeremywatt/Library/Developer/Xcode/DerivedData/SDKStatCaches.noindex/iphonesimulator18.5-22F76-d5fc8ad4295d2ef488fb7d0f804ce0c4.sdkstatcache -output-file-map /Users/jeremywatt/Library/Developer/Xcode/DerivedData/TodoTimers-hhkfosrtfdujgsaeyczcbhtfazrk/Build/Intermediates.noindex/TodoTimers.build/Debug-iphonesimulator/TodoTimersUITests.build/Objects-normal/arm64/TodoTimersUITests-OutputFileMap.json -use-frontend-parseable-output -save-temps -no-color-diagnostics -serialize-diagnostics -emit-dependencies -emit-module -emit-module-path /Users/jeremywatt/Library/Developer/Xcode/DerivedData/TodoTimers-hhkfosrtfdujgsaeyczcbhtfazrk/Build/Intermediates.noindex/TodoTimers.build/Debug-iphonesimulator/TodoTimersUITests.build/Objects-normal/arm64/TodoTimersUITests.swiftmodule -validate-clang-modules-once -clang-build-session-file /Users/jeremywatt/Library/Developer/Xcode/DerivedData/ModuleCache.noindex/Session.modulevalidation -Xcc -I/Users/jeremywatt/Library/Developer/Xcode/DerivedData/TodoTimers-hhkfosrtfdujgsaeyczcbhtfazrk/Build/Intermediates.noindex/TodoTimers.build/Debug-iphonesimulator/TodoTimersUITests.build/swift-overrides.hmap -emit-const-values -Xfrontend -const-gather-protocols-file -Xfrontend /Users/jeremywatt/Library/Developer/Xcode/DerivedData/TodoTimers-hhkfosrtfdujgsaeyczcbhtfazrk/Build/Intermediates.noindex/TodoTimers.build/Debug-iphonesimulator/TodoTimersUITests.build/Objects-normal/arm64/TodoTimersUITests_const_extract_protocols.json -Xcc -iquote -Xcc /Users/jeremywatt/Library/Developer/Xcode/DerivedData/TodoTimers-hhkfosrtfdujgsaeyczcbhtfazrk/Build/Intermediates.noindex/TodoTimers.build/Debug-iphonesimulator/TodoTimersUITests.build/TodoTimersUITests-generated-files.hmap -Xcc -I/Users/jeremywatt/Library/Developer/Xcode/DerivedData/TodoTimers-hhkfosrtfdujgsaeyczcbhtfazrk/Build/Intermediates.noindex/TodoTimers.build/Debug-iphonesimulator/TodoTimersUITests.build/TodoTimersUITests-own-target-headers.hmap -Xcc -I/Users/jeremywatt/Library/Developer/Xcode/DerivedData/TodoTimers-hhkfosrtfdujgsaeyczcbhtfazrk/Build/Intermediates.noindex/TodoTimers.build/Debug-iphonesimulator/TodoTimersUITests.build/TodoTimersUITests-all-target-headers.hmap -Xcc -iquote -Xcc /Users/jeremywatt/Library/Developer/Xcode/DerivedData/TodoTimers-hhkfosrtfdujgsaeyczcbhtfazrk/Build/Intermediates.noindex/TodoTimers.build/Debug-iphonesimulator/TodoTimersUITests.build/TodoTimersUITests-project-headers.hmap -Xcc -I/Users/jeremywatt/Library/Developer/Xcode/DerivedData/TodoTimers-hhkfosrtfdujgsaeyczcbhtfazrk/Build/Products/Debug-iphonesimulator/include -Xcc -I/Users/jeremywatt/Library/Developer/Xcode/DerivedData/TodoTimers-hhkfosrtfdujgsaeyczcbhtfazrk/Build/Intermediates.noindex/TodoTimers.build/Debug-iphonesimulator/TodoTimersUITests.build/DerivedSources-normal/arm64 -Xcc -I/Users/jeremywatt/Library/Developer/Xcode/DerivedData/TodoTimers-hhkfosrtfdujgsaeyczcbhtfazrk/Build/Intermediates.noindex/TodoTimers.build/Debug-iphonesimulator/TodoTimersUITests.build/DerivedSources/arm64 -Xcc -I/Users/jeremywatt/Library/Developer/Xcode/DerivedData/TodoTimers-hhkfosrtfdujgsaeyczcbhtfazrk/Build/Intermediates.noindex/TodoTimers.build/Debug-iphonesimulator/TodoTimersUITests.build/DerivedSources -Xcc -DDEBUG\=1 -emit-objc-header -emit-objc-header-path /Users/jeremywatt/Library/Developer/Xcode/DerivedData/TodoTimers-hhkfosrtfdujgsaeyczcbhtfazrk/Build/Intermediates.noindex/TodoTimers.build/Debug-iphonesimulator/TodoTimersUITests.build/Objects-normal/arm64/TodoTimersUITests-Swift.h -working-directory /Users/jeremywatt/Desktop/todo-timers-ios/TodoTimers -experimental-emit-module-separately -disable-cmo

SwiftEmitModule normal arm64 Emitting\ module\ for\ TodoTimersTests (in target 'TodoTimersTests' from project 'TodoTimers')
EmitSwiftModule normal arm64 (in target 'TodoTimersTests' from project 'TodoTimers')
    cd /Users/jeremywatt/Desktop/todo-timers-ios/TodoTimers
    

SwiftCompile normal arm64 Compiling\ TimerTests.swift /Users/jeremywatt/Desktop/todo-timers-ios/TodoTimers/TodoTimersTests/UnitTests/Models/TimerTests.swift (in target 'TodoTimersTests' from project 'TodoTimers')
SwiftCompile normal arm64 /Users/jeremywatt/Desktop/todo-timers-ios/TodoTimers/TodoTimersTests/UnitTests/Models/TimerTests.swift (in target 'TodoTimersTests' from project 'TodoTimers')
    cd /Users/jeremywatt/Desktop/todo-timers-ios/TodoTimers
    

SwiftCompile normal arm64 Compiling\ SwiftDataIntegrationTests.swift /Users/jeremywatt/Desktop/todo-timers-ios/TodoTimers/TodoTimersTests/IntegrationTests/SwiftDataIntegrationTests.swift (in target 'TodoTimersTests' from project 'TodoTimers')

SwiftCompile normal arm64 /Users/jeremywatt/Desktop/todo-timers-ios/TodoTimers/TodoTimersTests/IntegrationTests/SwiftDataIntegrationTests.swift (in target 'TodoTimersTests' from project 'TodoTimers')
    cd /Users/jeremywatt/Desktop/todo-timers-ios/TodoTimers
    

SwiftCompile normal arm64 Compiling\ TimerServiceTests.swift /Users/jeremywatt/Desktop/todo-timers-ios/TodoTimers/TodoTimersTests/UnitTests/Services/TimerServiceTests.swift (in target 'TodoTimersTests' from project 'TodoTimers')
SwiftCompile normal arm64 /Users/jeremywatt/Desktop/todo-timers-ios/TodoTimers/TodoTimersTests/UnitTests/Services/TimerServiceTests.swift (in target 'TodoTimersTests' from project 'TodoTimers')
    cd /Users/jeremywatt/Desktop/todo-timers-ios/TodoTimers
    

SwiftCompile normal arm64 Compiling\ TimerCreationLogicTests.swift /Users/jeremywatt/Desktop/todo-timers-ios/TodoTimers/TodoTimersTests/UnitTests/Views/TimerCreationLogicTests.swift (in target 'TodoTimersTests' from project 'TodoTimers')
Failed frontend command:
/Applications/Xcode.app/Contents/Developer/Toolchains/XcodeDefault.xctoolchain/usr/bin/swift-frontend -frontend -c -primary-file /Users/jeremywatt/Desktop/todo-timers-ios/TodoTimers/TodoTimersTests/UnitTests/Views/TimerCreationLogicTests.swift /Users/jeremywatt/Desktop/todo-timers-ios/TodoTimers/TodoTimersTests/UnitTests/Extensions/ValidationErrorTests.swift /Users/jeremywatt/Desktop/todo-timers-ios/TodoTimers/TodoTimersTests/TodoTimersTests.swift /Users/jeremywatt/Desktop/todo-timers-ios/TodoTimers/TodoTimersTests/IntegrationTests/SwiftDataIntegrationTests.swift /Users/jeremywatt/Desktop/todo-timers-ios/TodoTimers/TodoTimersTests/UnitTests/Helpers/UITestsHelpersTests.swift /Users/jeremywatt/Desktop/todo-timers-ios/TodoTimers/TodoTimersTests/TestHelpers/MockWCSession.swift /Users/jeremywatt/Desktop/todo-timers-ios/TodoTimers/TodoTimersTests/UnitTests/Models/TimerTests.swift /Users/jeremywatt/Desktop/todo-timers-ios/TodoTimers/TodoTimersTests/TestHelpers/TestDataFactory.swift /Users/jeremywatt/Desktop/todo-timers-ios/TodoTimers/TodoTimersTests/UnitTests/Models/TodoItemTests.swift /Users/jeremywatt/Desktop/todo-timers-ios/TodoTimers/TodoTimersTests/TestHelpers/TestModelContainer.swift /Users/jeremywatt/Desktop/todo-timers-ios/TodoTimers/TodoTimersTests/UnitTests/Services/NotificationHandlerTests.swift /Users/jeremywatt/Desktop/todo-timers-ios/TodoTimers/TodoTimersTests/UnitTests/Services/NotificationServiceTests.swift /Users/jeremywatt/Desktop/todo-timers-ios/TodoTimers/TodoTimersTests/UnitTests/DTOs/TimerDTOTests.swift /Users/jeremywatt/Desktop/todo-timers-ios/TodoTimers/TodoTimersTests/UnitTests/Services/TimerManagerTests.swift /Users/jeremywatt/Desktop/todo-timers-ios/TodoTimers/TodoTimersTests/UnitTests/DTOs/TodoItemDTOTests.swift /Users/jeremywatt/Desktop/todo-timers-ios/TodoTimers/TodoTimersTests/UnitTests/Services/TimerServiceTests.swift /Users/jeremywatt/Desktop/todo-timers-ios/TodoTimers/TodoTimersTests/UnitTests/DTOs/WatchPayloadsTests.swift /Users/jeremywatt/Desktop/todo-timers-ios/TodoTimers/TodoTimersTests/UnitTests/Services/WatchConnectivityServiceTests.swift /Users/jeremywatt/Desktop/todo-timers-ios/TodoTimers/TodoTimersTests/UnitTests/Extensions/ColorExtensionTests.swift -emit-dependencies-path /Users/jeremywatt/Library/Developer/Xcode/DerivedData/TodoTimers-hhkfosrtfdujgsaeyczcbhtfazrk/Build/Intermediates.noindex/TodoTimers.build/Debug-iphonesimulator/TodoTimersTests.build/Objects-normal/arm64/TimerCreationLogicTests.d -emit-const-values-path /Users/jeremywatt/Library/Developer/Xcode/DerivedData/TodoTimers-hhkfosrtfdujgsaeyczcbhtfazrk/Build/Intermediates.noindex/TodoTimers.build/Debug-iphonesimulator/TodoTimersTests.build/Objects-normal/arm64/TimerCreationLogicTests.swiftconstvalues -emit-reference-dependencies-path /Users/jeremywatt/Library/Developer/Xcode/DerivedData/TodoTimers-hhkfosrtfdujgsaeyczcbhtfazrk/Build/Intermediates.noindex/TodoTimers.build/Debug-iphonesimulator/TodoTimersTests.build/Objects-normal/arm64/TimerCreationLogicTests.swiftdeps -serialize-diagnostics-path /Users/jeremywatt/Library/Developer/Xcode/DerivedData/TodoTimers-hhkfosrtfdujgsaeyczcbhtfazrk/Build/Intermediates.noindex/TodoTimers.build/Debug-iphonesimulator/TodoTimersTests.build/Objects-normal/arm64/TimerCreationLogicTests.dia -target arm64-apple-ios17.0-simulator -Xllvm -aarch64-use-tbi -enable-objc-interop -sdk /Applications/Xcode.app/Contents/Developer/Platforms/iPhoneSimulator.platform/Developer/SDKs/iPhoneSimulator18.5.sdk -I /Users/jeremywatt/Library/Developer/Xcode/DerivedData/TodoTimers-hhkfosrtfdujgsaeyczcbhtfazrk/Build/Products/Debug-iphonesimulator -I /Applications/Xcode.app/Contents/Developer/Platforms/iPhoneSimulator.platform/Developer/usr/lib -F /Users/jeremywatt/Library/Developer/Xcode/DerivedData/TodoTimers-hhkfosrtfdujgsaeyczcbhtfazrk/Build/Products/Debug-iphonesimulator -F /Applications/Xcode.app/Contents/Developer/Platforms/iPhoneSimulator.platform/Developer/Library/Frameworks -F /Applications/Xcode.app/Contents/Developer/Platforms/iPhoneSimulator.platform/Developer/SDKs/iPhoneSimulator18.5.sdk/Developer/Library/Frameworks -no-color-diagnostics -enable-testing -g -debug-info-format\=dwarf -dwarf-version\=4 -module-cache-path /Users/jeremywatt/Library/Developer/Xcode/DerivedData/ModuleCache.noindex -profile-generate -profile-coverage-mapping -swift-version 5 -enforce-exclusivity\=checked -Onone -D DEBUG -serialize-debugging-options -const-gather-protocols-file /Users/jeremywatt/Library/Developer/Xcode/DerivedData/TodoTimers-hhkfosrtfdujgsaeyczcbhtfazrk/Build/Intermediates.noindex/TodoTimers.build/Debug-iphonesimulator/TodoTimersTests.build/Objects-normal/arm64/TodoTimersTests_const_extract_protocols.json -enable-experimental-feature DebugDescriptionMacro -enable-bare-slash-regex -empty-abi-descriptor -plugin-path /Applications/Xcode.app/Contents/Developer/Toolchains/XcodeDefault.xctoolchain/usr/lib/swift/host/plugins/testing -validate-clang-modules-once -clang-build-session-file /Users/jeremywatt/Library/Developer/Xcode/DerivedData/ModuleCache.noindex/Session.modulevalidation -Xcc -working-directory -Xcc /Users/jeremywatt/Desktop/todo-timers-ios/TodoTimers -resource-dir /Applications/Xcode.app/Contents/Developer/Toolchains/XcodeDefault.xctoolchain/usr/lib/swift -enable-anonymous-context-mangled-names -file-compilation-dir /Users/jeremywatt/Desktop/todo-timers-ios/TodoTimers -Xcc -ivfsstatcache -Xcc /Users/jeremywatt/Library/Developer/Xcode/DerivedData/SDKStatCaches.noindex/iphonesimulator18.5-22F76-d5fc8ad4295d2ef488fb7d0f804ce0c4.sdkstatcache -Xcc -I/Users/jeremywatt/Library/Developer/Xcode/DerivedData/TodoTimers-hhkfosrtfdujgsaeyczcbhtfazrk/Build/Intermediates.noindex/TodoTimers.build/Debug-iphonesimulator/TodoTimersTests.build/swift-overrides.hmap -Xcc -iquote -Xcc /Users/jeremywatt/Library/Developer/Xcode/DerivedData/TodoTimers-hhkfosrtfdujgsaeyczcbhtfazrk/Build/Intermediates.noindex/TodoTimers.build/Debug-iphonesimulator/TodoTimersTests.build/TodoTimersTests-generated-files.hmap -Xcc -I/Users/jeremywatt/Library/Developer/Xcode/DerivedData/TodoTimers-hhkfosrtfdujgsaeyczcbhtfazrk/Build/Intermediates.noindex/TodoTimers.build/Debug-iphonesimulator/TodoTimersTests.build/TodoTimersTests-own-target-headers.hmap -Xcc -I/Users/jeremywatt/Library/Developer/Xcode/DerivedData/TodoTimers-hhkfosrtfdujgsaeyczcbhtfazrk/Build/Intermediates.noindex/TodoTimers.build/Debug-iphonesimulator/TodoTimersTests.build/TodoTimersTests-all-target-headers.hmap -Xcc -iquote -Xcc /Users/jeremywatt/Library/Developer/Xcode/DerivedData/TodoTimers-hhkfosrtfdujgsaeyczcbhtfazrk/Build/Intermediates.noindex/TodoTimers.build/Debug-iphonesimulator/TodoTimersTests.build/TodoTimersTests-project-headers.hmap -Xcc -I/Users/jeremywatt/Library/Developer/Xcode/DerivedData/TodoTimers-hhkfosrtfdujgsaeyczcbhtfazrk/Build/Products/Debug-iphonesimulator/include -Xcc -I/Users/jeremywatt/Library/Developer/Xcode/DerivedData/TodoTimers-hhkfosrtfdujgsaeyczcbhtfazrk/Build/Intermediates.noindex/TodoTimers.build/Debug-iphonesimulator/TodoTimersTests.build/DerivedSources-normal/arm64 -Xcc -I/Users/jeremywatt/Library/Developer/Xcode/DerivedData/TodoTimers-hhkfosrtfdujgsaeyczcbhtfazrk/Build/Intermediates.noindex/TodoTimers.build/Debug-iphonesimulator/TodoTimersTests.build/DerivedSources/arm64 -Xcc -I/Users/jeremywatt/Library/Developer/Xcode/DerivedData/TodoTimers-hhkfosrtfdujgsaeyczcbhtfazrk/Build/Intermediates.noindex/TodoTimers.build/Debug-iphonesimulator/TodoTimersTests.build/DerivedSources -Xcc -DDEBUG\=1 -module-name TodoTimersTests -frontend-parseable-output -disable-clang-spi -target-sdk-version 18.5 -target-sdk-name iphonesimulator18.5 -external-plugin-path /Applications/Xcode.app/Contents/Developer/Platforms/iPhoneOS.platform/Developer/usr/lib/swift/host/plugins\#/Applications/Xcode.app/Contents/Developer/Platforms/iPhoneOS.platform/Developer/usr/bin/swift-plugin-server -external-plugin-path /Applications/Xcode.app/Contents/Developer/Platforms/iPhoneOS.platform/Developer/usr/local/lib/swift/host/plugins\#/Applications/Xcode.app/Contents/Developer/Platforms/iPhoneOS.platform/Developer/usr/bin/swift-plugin-server -in-process-plugin-server-path /Applications/Xcode.app/Contents/Developer/Toolchains/XcodeDefault.xctoolchain/usr/lib/swift/host/libSwiftInProcPluginServer.dylib -plugin-path /Applications/Xcode.app/Contents/Developer/Toolchains/XcodeDefault.xctoolchain/usr/lib/swift/host/plugins -plugin-path /Applications/Xcode.app/Contents/Developer/Toolchains/XcodeDefault.xctoolchain/usr/local/lib/swift/host/plugins -o /Users/jeremywatt/Library/Developer/Xcode/DerivedData/TodoTimers-hhkfosrtfdujgsaeyczcbhtfazrk/Build/Intermediates.noindex/TodoTimers.build/Debug-iphonesimulator/TodoTimersTests.build/Objects-normal/arm64/TimerCreationLogicTests.o -index-unit-output-path /TodoTimers.build/Debug-iphonesimulator/TodoTimersTests.build/Objects-normal/arm64/TimerCreationLogicTests.o -index-store-path /Users/jeremywatt/Library/Developer/Xcode/DerivedData/TodoTimers-hhkfosrtfdujgsaeyczcbhtfazrk/Index.noindex/DataStore -index-system-modules

SwiftCompile normal arm64 /Users/jeremywatt/Desktop/todo-timers-ios/TodoTimers/TodoTimersTests/UnitTests/Views/TimerCreationLogicTests.swift (in target 'TodoTimersTests' from project 'TodoTimers')
    cd /Users/jeremywatt/Desktop/todo-timers-ios/TodoTimers
    
/Users/jeremywatt/Desktop/todo-timers-ios/TodoTimers/TodoTimersTests/UnitTests/Views/TimerCreationLogicTests.swift:7:11: error: invalid redeclaration of 'TimerModel'
typealias TimerModel = TodoTimers.Timer
          ^
/Users/jeremywatt/Desktop/todo-timers-ios/TodoTimers/TodoTimersTests/TestHelpers/TestDataFactory.swift:5:11: note: 'TimerModel' previously declared here
typealias TimerModel = TodoTimers.Timer
          ^
/Users/jeremywatt/Desktop/todo-timers-ios/TodoTimers/TodoTimersTests/TestHelpers/TestDataFactory.swift:5:11: note: 'TimerModel' previously declared here
typealias TimerModel = TodoTimers.Timer
          ^
/Users/jeremywatt/Desktop/todo-timers-ios/TodoTimers/TodoTimersTests/UnitTests/Views/TimerCreationLogicTests.swift:24:47: error: cannot infer key path type from context; consider explicitly specifying a root type
        let maxSortOrder = existingTimers.map(\.sortOrder).max() ?? -1
                                              ^
                                               <#Root#>
/Users/jeremywatt/Desktop/todo-timers-ios/TodoTimers/TodoTimersTests/UnitTests/Views/TimerCreationLogicTests.swift:40:42: error: 'Timer' is ambiguous for type lookup in this context
        let descriptor = FetchDescriptor<Timer>()
                                         ^~~~~
/Users/jeremywatt/Desktop/todo-timers-ios/TodoTimers/Shared/Models/Timer.swift:5:13: note: found this candidate
final class Timer {
            ^
/Applications/Xcode.app/Contents/Developer/Platforms/iPhoneSimulator.platform/Developer/SDKs/iPhoneSimulator18.5.sdk/System/Library/Frameworks/Foundation.framework/Headers/NSTimer.h:10:12: note: found this candidate
@interface NSTimer : NSObject
           ^
/Users/jeremywatt/Desktop/todo-timers-ios/TodoTimers/TodoTimersTests/UnitTests/Views/TimerCreationLogicTests.swift:41:35: error: generic parameter 'T' could not be inferred
        let fetched = try context.fetch(descriptor)
                                  ^
SwiftData.ModelContext.fetch:2:13: note: in call to function 'fetch'
public func fetch<T>(_ descriptor: FetchDescriptor<T>) throws -> [T] where T : PersistentModel}
            ^
/Users/jeremywatt/Desktop/todo-timers-ios/TodoTimers/TodoTimersTests/UnitTests/Views/TimerCreationLogicTests.swift:62:42: error: 'Timer' is ambiguous for type lookup in this context
        let descriptor = FetchDescriptor<Timer>()
                                         ^~~~~
/Users/jeremywatt/Desktop/todo-timers-ios/TodoTimers/Shared/Models/Timer.swift:5:13: note: found this candidate
final class Timer {
            ^
/Applications/Xcode.app/Contents/Developer/Platforms/iPhoneSimulator.platform/Developer/SDKs/iPhoneSimulator18.5.sdk/System/Library/Frameworks/Foundation.framework/Headers/NSTimer.h:10:12: note: found this candidate
@interface NSTimer : NSObject
           ^
/Users/jeremywatt/Desktop/todo-timers-ios/TodoTimers/TodoTimersTests/UnitTests/Views/TimerCreationLogicTests.swift:63:42: error: generic parameter 'T' could not be inferred
        let existingTimers = try context.fetch(descriptor)
                                         ^
SwiftData.ModelContext.fetch:2:13: note: in call to function 'fetch'
public func fetch<T>(_ descriptor: FetchDescriptor<T>) throws -> [T] where T : PersistentModel}
            ^
/Users/jeremywatt/Desktop/todo-timers-ios/TodoTimers/TodoTimersTests/UnitTests/Views/TimerCreationLogicTests.swift:66:47: error: cannot infer key path type from context; consider explicitly specifying a root type
        let maxSortOrder = existingTimers.map(\.sortOrder).max() ?? -1
                                              ^
                                               <#Root#>
/Users/jeremywatt/Desktop/todo-timers-ios/TodoTimers/TodoTimersTests/UnitTests/Views/TimerCreationLogicTests.swift:82:37: error: generic parameter 'T' could not be inferred
        let allTimers = try context.fetch(descriptor)
                                    ^
SwiftData.ModelContext.fetch:2:13: note: in call to function 'fetch'
public func fetch<T>(_ descriptor: FetchDescriptor<T>) throws -> [T] where T : PersistentModel}
            ^
/Users/jeremywatt/Desktop/todo-timers-ios/TodoTimers/TodoTimersTests/UnitTests/Views/TimerCreationLogicTests.swift:105:42: error: generic parameter 'T' could not be inferred
        let existingTimers = try context.fetch(descriptor)
                                         ^
SwiftData.ModelContext.fetch:2:13: note: in call to function 'fetch'
public func fetch<T>(_ descriptor: FetchDescriptor<T>) throws -> [T] where T : PersistentModel}
            ^
/Users/jeremywatt/Desktop/todo-timers-ios/TodoTimers/TodoTimersTests/UnitTests/Views/TimerCreationLogicTests.swift:108:48: error: invalid component of Swift key path
        let maxSortOrder = existingTimers.map(\TimerModel.sortOrder).max() ?? -1
                                               ^
/Users/jeremywatt/Desktop/todo-timers-ios/TodoTimers/TodoTimersTests/UnitTests/Views/TimerCreationLogicTests.swift:137:42: error: 'Timer' is ambiguous for type lookup in this context
        let descriptor = FetchDescriptor<Timer>()
                                         ^~~~~
/Users/jeremywatt/Desktop/todo-timers-ios/TodoTimers/Shared/Models/Timer.swift:5:13: note: found this candidate
final class Timer {
            ^
/Applications/Xcode.app/Contents/Developer/Platforms/iPhoneSimulator.platform/Developer/SDKs/iPhoneSimulator18.5.sdk/System/Library/Frameworks/Foundation.framework/Headers/NSTimer.h:10:12: note: found this candidate
@interface NSTimer : NSObject
           ^
/Users/jeremywatt/Desktop/todo-timers-ios/TodoTimers/TodoTimersTests/UnitTests/Views/TimerCreationLogicTests.swift:138:42: error: generic parameter 'T' could not be inferred
        let existingTimers = try context.fetch(descriptor)
                                         ^
SwiftData.ModelContext.fetch:2:13: note: in call to function 'fetch'
public func fetch<T>(_ descriptor: FetchDescriptor<T>) throws -> [T] where T : PersistentModel}
            ^
/Users/jeremywatt/Desktop/todo-timers-ios/TodoTimers/TodoTimersTests/UnitTests/Views/TimerCreationLogicTests.swift:141:47: error: cannot infer key path type from context; consider explicitly specifying a root type
        let maxSortOrder = existingTimers.map(\.sortOrder).max() ?? -1
                                              ^
                                               <#Root#>
/Users/jeremywatt/Desktop/todo-timers-ios/TodoTimers/TodoTimersTests/UnitTests/Views/TimerCreationLogicTests.swift:157:48: error: 'Timer' is ambiguous for type lookup in this context
        let sortedDescriptor = FetchDescriptor<Timer>(
                                               ^~~~~
/Users/jeremywatt/Desktop/todo-timers-ios/TodoTimers/Shared/Models/Timer.swift:5:13: note: found this candidate
final class Timer {
            ^
/Applications/Xcode.app/Contents/Developer/Platforms/iPhoneSimulator.platform/Developer/SDKs/iPhoneSimulator18.5.sdk/System/Library/Frameworks/Foundation.framework/Headers/NSTimer.h:10:12: note: found this candidate
@interface NSTimer : NSObject
           ^
/Users/jeremywatt/Desktop/todo-timers-ios/TodoTimers/TodoTimersTests/UnitTests/Views/TimerCreationLogicTests.swift:158:37: error: cannot infer key path type from context; consider explicitly specifying a root type
            sortBy: [SortDescriptor(\.sortOrder)]
                                    ^
                                     <#Root#>
/Users/jeremywatt/Desktop/todo-timers-ios/TodoTimers/TodoTimersTests/UnitTests/Views/TimerCreationLogicTests.swift:160:34: error: generic parameter 'T' could not be inferred
        let sorted = try context.fetch(sortedDescriptor)
                                 ^
SwiftData.ModelContext.fetch:2:13: note: in call to function 'fetch'
public func fetch<T>(_ descriptor: FetchDescriptor<T>) throws -> [T] where T : PersistentModel}
            ^
/Users/jeremywatt/Desktop/todo-timers-ios/TodoTimers/TodoTimersTests/UnitTests/Views/TimerCreationLogicTests.swift:172:46: error: 'Timer' is ambiguous for type lookup in this context
            let descriptor = FetchDescriptor<Timer>()
                                             ^~~~~
/Users/jeremywatt/Desktop/todo-timers-ios/TodoTimers/Shared/Models/Timer.swift:5:13: note: found this candidate
final class Timer {
            ^
/Applications/Xcode.app/Contents/Developer/Platforms/iPhoneSimulator.platform/Developer/SDKs/iPhoneSimulator18.5.sdk/System/Library/Frameworks/Foundation.framework/Headers/NSTimer.h:10:12: note: found this candidate
@interface NSTimer : NSObject
           ^
/Users/jeremywatt/Desktop/todo-timers-ios/TodoTimers/TodoTimersTests/UnitTests/Views/TimerCreationLogicTests.swift:173:46: error: generic parameter 'T' could not be inferred
            let existingTimers = try context.fetch(descriptor)
                                             ^
SwiftData.ModelContext.fetch:2:13: note: in call to function 'fetch'
public func fetch<T>(_ descriptor: FetchDescriptor<T>) throws -> [T] where T : PersistentModel}
            ^
/Users/jeremywatt/Desktop/todo-timers-ios/TodoTimers/TodoTimersTests/UnitTests/Views/TimerCreationLogicTests.swift:175:51: error: cannot infer key path type from context; consider explicitly specifying a root type
            let maxSortOrder = existingTimers.map(\.sortOrder).max() ?? -1
                                                  ^
                                                   <#Root#>
/Users/jeremywatt/Desktop/todo-timers-ios/TodoTimers/TodoTimersTests/UnitTests/Views/TimerCreationLogicTests.swift:192:38: error: invalid component of Swift key path
            sortBy: [SortDescriptor(\TimerModel.sortOrder)]
                                     ^
/Users/jeremywatt/Desktop/todo-timers-ios/TodoTimers/TodoTimersTests/UnitTests/Views/TimerCreationLogicTests.swift:194:37: error: generic parameter 'T' could not be inferred
        let allTimers = try context.fetch(descriptor)
                                    ^
SwiftData.ModelContext.fetch:2:13: note: in call to function 'fetch'
public func fetch<T>(_ descriptor: FetchDescriptor<T>) throws -> [T] where T : PersistentModel}
            ^
/Users/jeremywatt/Desktop/todo-timers-ios/TodoTimers/TodoTimersTests/UnitTests/Views/TimerCreationLogicTests.swift:215:42: error: generic parameter 'T' could not be inferred
        let existingTimers = try context.fetch(descriptor)
                                         ^
SwiftData.ModelContext.fetch:2:13: note: in call to function 'fetch'
public func fetch<T>(_ descriptor: FetchDescriptor<T>) throws -> [T] where T : PersistentModel}
            ^
/Users/jeremywatt/Desktop/todo-timers-ios/TodoTimers/TodoTimersTests/UnitTests/Views/TimerCreationLogicTests.swift:218:48: error: invalid component of Swift key path
        let maxSortOrder = existingTimers.map(\TimerModel.sortOrder).max() ?? -1
                                               ^
/Users/jeremywatt/Desktop/todo-timers-ios/TodoTimers/TodoTimersTests/UnitTests/Views/TimerCreationLogicTests.swift:232:48: error: invalid component of Swift key path
        let maxSortOrder = existingTimers.map(\TimerModel.sortOrder).max() ?? -1
                                               ^
/Users/jeremywatt/Desktop/todo-timers-ios/TodoTimers/TodoTimersTests/UnitTests/Views/TimerCreationLogicTests.swift:259:42: error: 'Timer' is ambiguous for type lookup in this context
        let descriptor = FetchDescriptor<Timer>()
                                         ^~~~~
/Users/jeremywatt/Desktop/todo-timers-ios/TodoTimers/Shared/Models/Timer.swift:5:13: note: found this candidate
final class Timer {
            ^
/Applications/Xcode.app/Contents/Developer/Platforms/iPhoneSimulator.platform/Developer/SDKs/iPhoneSimulator18.5.sdk/System/Library/Frameworks/Foundation.framework/Headers/NSTimer.h:10:12: note: found this candidate
@interface NSTimer : NSObject
           ^
/Users/jeremywatt/Desktop/todo-timers-ios/TodoTimers/TodoTimersTests/UnitTests/Views/TimerCreationLogicTests.swift:260:42: error: generic parameter 'T' could not be inferred
        let existingTimers = try context.fetch(descriptor)
                                         ^
SwiftData.ModelContext.fetch:2:13: note: in call to function 'fetch'
public func fetch<T>(_ descriptor: FetchDescriptor<T>) throws -> [T] where T : PersistentModel}
            ^
/Users/jeremywatt/Desktop/todo-timers-ios/TodoTimers/TodoTimersTests/UnitTests/Views/TimerCreationLogicTests.swift:261:47: error: cannot infer key path type from context; consider explicitly specifying a root type
        let maxSortOrder = existingTimers.map(\.sortOrder).max() ?? -1
                                              ^
                                               <#Root#>

SwiftCompile normal arm64 Compiling\ TimerManagerTests.swift /Users/jeremywatt/Desktop/todo-timers-ios/TodoTimers/TodoTimersTests/UnitTests/Services/TimerManagerTests.swift (in target 'TodoTimersTests' from project 'TodoTimers')
SwiftCompile normal arm64 /Users/jeremywatt/Desktop/todo-timers-ios/TodoTimers/TodoTimersTests/UnitTests/Services/TimerManagerTests.swift (in target 'TodoTimersTests' from project 'TodoTimers')
    cd /Users/jeremywatt/Desktop/todo-timers-ios/TodoTimers
    

SwiftCompile normal arm64 Compiling\ ValidationErrorTests.swift /Users/jeremywatt/Desktop/todo-timers-ios/TodoTimers/TodoTimersTests/UnitTests/Extensions/ValidationErrorTests.swift (in target 'TodoTimersTests' from project 'TodoTimers')
SwiftCompile normal arm64 /Users/jeremywatt/Desktop/todo-timers-ios/TodoTimers/TodoTimersTests/UnitTests/Extensions/ValidationErrorTests.swift (in target 'TodoTimersTests' from project 'TodoTimers')
    cd /Users/jeremywatt/Desktop/todo-timers-ios/TodoTimers
    

SwiftCompile normal arm64 Compiling\ WatchConnectivityServiceTests.swift /Users/jeremywatt/Desktop/todo-timers-ios/TodoTimers/TodoTimersTests/UnitTests/Services/WatchConnectivityServiceTests.swift (in target 'TodoTimersTests' from project 'TodoTimers')

SwiftCompile normal arm64 /Users/jeremywatt/Desktop/todo-timers-ios/TodoTimers/TodoTimersTests/UnitTests/Services/WatchConnectivityServiceTests.swift (in target 'TodoTimersTests' from project 'TodoTimers')
    cd /Users/jeremywatt/Desktop/todo-timers-ios/TodoTimers
    

SwiftCompile normal arm64 Compiling\ UITestsHelpersTests.swift /Users/jeremywatt/Desktop/todo-timers-ios/TodoTimers/TodoTimersTests/UnitTests/Helpers/UITestsHelpersTests.swift (in target 'TodoTimersTests' from project 'TodoTimers')

SwiftCompile normal arm64 /Users/jeremywatt/Desktop/todo-timers-ios/TodoTimers/TodoTimersTests/UnitTests/Helpers/UITestsHelpersTests.swift (in target 'TodoTimersTests' from project 'TodoTimers')
    cd /Users/jeremywatt/Desktop/todo-timers-ios/TodoTimers
    

ConstructStubExecutorLinkFileList /Users/jeremywatt/Library/Developer/Xcode/DerivedData/TodoTimers-hhkfosrtfdujgsaeyczcbhtfazrk/Build/Intermediates.noindex/TodoTimers.build/Debug-watchsimulator/TodoTimers\ Watch\ App\ Watch\ App.build/TodoTimers\ Watch\ App\ Watch\ App-ExecutorLinkFileList-normal-x86_64.txt (in target 'TodoTimers Watch App Watch App' from project 'TodoTimers')
    cd /Users/jeremywatt/Desktop/todo-timers-ios/TodoTimers
    construct-stub-executor-link-file-list /Users/jeremywatt/Library/Developer/Xcode/DerivedData/TodoTimers-hhkfosrtfdujgsaeyczcbhtfazrk/Build/Intermediates.noindex/TodoTimers.build/Debug-watchsimulator/TodoTimers\ Watch\ App\ Watch\ App.build/Objects-normal/x86_64/Binary/TodoTimers\ Watch\ App\ Watch\ App.debug.dylib /Applications/Xcode.app/Contents/Developer/Platforms/WatchSimulator.platform/Developer/usr/lib/libPreviewsJITStubExecutor_no_swift_entry_point.a /Applications/Xcode.app/Contents/Developer/Platforms/WatchSimulator.platform/Developer/usr/lib/libPreviewsJITStubExecutor.a --output /Users/jeremywatt/Library/Developer/Xcode/DerivedData/TodoTimers-hhkfosrtfdujgsaeyczcbhtfazrk/Build/Intermediates.noindex/TodoTimers.build/Debug-watchsimulator/TodoTimers\ Watch\ App\ Watch\ App.build/TodoTimers\ Watch\ App\ Watch\ App-ExecutorLinkFileList-normal-x86_64.txt
note: Using stub executor library with Swift entry point. (in target 'TodoTimers Watch App Watch App' from project 'TodoTimers')

CreateUniversalBinary /Users/jeremywatt/Library/Developer/Xcode/DerivedData/TodoTimers-hhkfosrtfdujgsaeyczcbhtfazrk/Build/Products/Debug-watchsimulator/TodoTimers\ Watch\ App\ Watch\ App.app/TodoTimers\ Watch\ App\ Watch\ App.debug.dylib normal arm64\ x86_64 (in target 'TodoTimers Watch App Watch App' from project 'TodoTimers')
    cd /Users/jeremywatt/Desktop/todo-timers-ios/TodoTimers
    /Applications/Xcode.app/Contents/Developer/Toolchains/XcodeDefault.xctoolchain/usr/bin/lipo -create /Users/jeremywatt/Library/Developer/Xcode/DerivedData/TodoTimers-hhkfosrtfdujgsaeyczcbhtfazrk/Build/Intermediates.noindex/TodoTimers.build/Debug-watchsimulator/TodoTimers\ Watch\ App\ Watch\ App.build/Objects-normal/arm64/Binary/TodoTimers\ Watch\ App\ Watch\ App.debug.dylib /Users/jeremywatt/Library/Developer/Xcode/DerivedData/TodoTimers-hhkfosrtfdujgsaeyczcbhtfazrk/Build/Intermediates.noindex/TodoTimers.build/Debug-watchsimulator/TodoTimers\ Watch\ App\ Watch\ App.build/Objects-normal/x86_64/Binary/TodoTimers\ Watch\ App\ Watch\ App.debug.dylib -output /Users/jeremywatt/Library/Developer/Xcode/DerivedData/TodoTimers-hhkfosrtfdujgsaeyczcbhtfazrk/Build/Products/Debug-watchsimulator/TodoTimers\ Watch\ App\ Watch\ App.app/TodoTimers\ Watch\ App\ Watch\ App.debug.dylib

Ld /Users/jeremywatt/Library/Developer/Xcode/DerivedData/TodoTimers-hhkfosrtfdujgsaeyczcbhtfazrk/Build/Intermediates.noindex/TodoTimers.build/Debug-watchsimulator/TodoTimers\ Watch\ App\ Watch\ App.build/Objects-normal/x86_64/Binary/TodoTimers\ Watch\ App\ Watch\ App normal x86_64 (in target 'TodoTimers Watch App Watch App' from project 'TodoTimers')
    cd /Users/jeremywatt/Desktop/todo-timers-ios/TodoTimers
    /Applications/Xcode.app/Contents/Developer/Toolchains/XcodeDefault.xctoolchain/usr/bin/clang -Xlinker -reproducible -target x86_64-apple-watchos10.0-simulator -isysroot /Applications/Xcode.app/Contents/Developer/Platforms/WatchSimulator.platform/Developer/SDKs/WatchSimulator11.5.sdk -O0 -L/Users/jeremywatt/Library/Developer/Xcode/DerivedData/TodoTimers-hhkfosrtfdujgsaeyczcbhtfazrk/Build/Products/Debug-watchsimulator -F/Users/jeremywatt/Library/Developer/Xcode/DerivedData/TodoTimers-hhkfosrtfdujgsaeyczcbhtfazrk/Build/Products/Debug-watchsimulator -Xlinker -rpath -Xlinker @executable_path -Xlinker -rpath -Xlinker @executable_path/Frameworks -rdynamic -Xlinker -no_deduplicate -Xlinker -objc_abi_version -Xlinker 2 -Xlinker -debug_variant -e ___debug_blank_executor_main -Xlinker -sectcreate -Xlinker __TEXT -Xlinker __debug_dylib -Xlinker /Users/jeremywatt/Library/Developer/Xcode/DerivedData/TodoTimers-hhkfosrtfdujgsaeyczcbhtfazrk/Build/Intermediates.noindex/TodoTimers.build/Debug-watchsimulator/TodoTimers\ Watch\ App\ Watch\ App.build/TodoTimers\ Watch\ App\ Watch\ App-DebugDylibPath-normal-x86_64.txt -Xlinker -sectcreate -Xlinker __TEXT -Xlinker __debug_instlnm -Xlinker /Users/jeremywatt/Library/Developer/Xcode/DerivedData/TodoTimers-hhkfosrtfdujgsaeyczcbhtfazrk/Build/Intermediates.noindex/TodoTimers.build/Debug-watchsimulator/TodoTimers\ Watch\ App\ Watch\ App.build/TodoTimers\ Watch\ App\ Watch\ App-DebugDylibInstallName-normal-x86_64.txt -Xlinker -filelist -Xlinker /Users/jeremywatt/Library/Developer/Xcode/DerivedData/TodoTimers-hhkfosrtfdujgsaeyczcbhtfazrk/Build/Intermediates.noindex/TodoTimers.build/Debug-watchsimulator/TodoTimers\ Watch\ App\ Watch\ App.build/TodoTimers\ Watch\ App\ Watch\ App-ExecutorLinkFileList-normal-x86_64.txt -Xlinker -sectcreate -Xlinker __TEXT -Xlinker __entitlements -Xlinker /Users/jeremywatt/Library/Developer/Xcode/DerivedData/TodoTimers-hhkfosrtfdujgsaeyczcbhtfazrk/Build/Intermediates.noindex/TodoTimers.build/Debug-watchsimulator/TodoTimers\ Watch\ App\ Watch\ App.build/TodoTimers\ Watch\ App\ Watch\ App.app-Simulated.xcent -Xlinker -sectcreate -Xlinker __TEXT -Xlinker __ents_der -Xlinker /Users/jeremywatt/Library/Developer/Xcode/DerivedData/TodoTimers-hhkfosrtfdujgsaeyczcbhtfazrk/Build/Intermediates.noindex/TodoTimers.build/Debug-watchsimulator/TodoTimers\ Watch\ App\ Watch\ App.build/TodoTimers\ Watch\ App\ Watch\ App.app-Simulated.xcent.der /Users/jeremywatt/Library/Developer/Xcode/DerivedData/TodoTimers-hhkfosrtfdujgsaeyczcbhtfazrk/Build/Intermediates.noindex/TodoTimers.build/Debug-watchsimulator/TodoTimers\ Watch\ App\ Watch\ App.build/Objects-normal/x86_64/Binary/TodoTimers\ Watch\ App\ Watch\ App.debug.dylib -Xlinker -no_adhoc_codesign -o /Users/jeremywatt/Library/Developer/Xcode/DerivedData/TodoTimers-hhkfosrtfdujgsaeyczcbhtfazrk/Build/Intermediates.noindex/TodoTimers.build/Debug-watchsimulator/TodoTimers\ Watch\ App\ Watch\ App.build/Objects-normal/x86_64/Binary/TodoTimers\ Watch\ App\ Watch\ App

ConstructStubExecutorLinkFileList /Users/jeremywatt/Library/Developer/Xcode/DerivedData/TodoTimers-hhkfosrtfdujgsaeyczcbhtfazrk/Build/Intermediates.noindex/TodoTimers.build/Debug-watchsimulator/TodoTimers\ Watch\ App\ Watch\ App.build/TodoTimers\ Watch\ App\ Watch\ App-ExecutorLinkFileList-normal-arm64.txt (in target 'TodoTimers Watch App Watch App' from project 'TodoTimers')
    cd /Users/jeremywatt/Desktop/todo-timers-ios/TodoTimers
    construct-stub-executor-link-file-list /Users/jeremywatt/Library/Developer/Xcode/DerivedData/TodoTimers-hhkfosrtfdujgsaeyczcbhtfazrk/Build/Intermediates.noindex/TodoTimers.build/Debug-watchsimulator/TodoTimers\ Watch\ App\ Watch\ App.build/Objects-normal/arm64/Binary/TodoTimers\ Watch\ App\ Watch\ App.debug.dylib /Applications/Xcode.app/Contents/Developer/Platforms/WatchSimulator.platform/Developer/usr/lib/libPreviewsJITStubExecutor_no_swift_entry_point.a /Applications/Xcode.app/Contents/Developer/Platforms/WatchSimulator.platform/Developer/usr/lib/libPreviewsJITStubExecutor.a --output /Users/jeremywatt/Library/Developer/Xcode/DerivedData/TodoTimers-hhkfosrtfdujgsaeyczcbhtfazrk/Build/Intermediates.noindex/TodoTimers.build/Debug-watchsimulator/TodoTimers\ Watch\ App\ Watch\ App.build/TodoTimers\ Watch\ App\ Watch\ App-ExecutorLinkFileList-normal-arm64.txt
note: Using stub executor library with Swift entry point. (in target 'TodoTimers Watch App Watch App' from project 'TodoTimers')

SwiftCompile normal arm64 Compiling\ ColorExtensionTests.swift /Users/jeremywatt/Desktop/todo-timers-ios/TodoTimers/TodoTimersTests/UnitTests/Extensions/ColorExtensionTests.swift (in target 'TodoTimersTests' from project 'TodoTimers')
SwiftCompile normal arm64 /Users/jeremywatt/Desktop/todo-timers-ios/TodoTimers/TodoTimersTests/UnitTests/Extensions/ColorExtensionTests.swift (in target 'TodoTimersTests' from project 'TodoTimers')
    cd /Users/jeremywatt/Desktop/todo-timers-ios/TodoTimers
    

Ld /Users/jeremywatt/Library/Developer/Xcode/DerivedData/TodoTimers-hhkfosrtfdujgsaeyczcbhtfazrk/Build/Intermediates.noindex/TodoTimers.build/Debug-watchsimulator/TodoTimers\ Watch\ App\ Watch\ App.build/Objects-normal/arm64/Binary/TodoTimers\ Watch\ App\ Watch\ App normal arm64 (in target 'TodoTimers Watch App Watch App' from project 'TodoTimers')
    cd /Users/jeremywatt/Desktop/todo-timers-ios/TodoTimers
    /Applications/Xcode.app/Contents/Developer/Toolchains/XcodeDefault.xctoolchain/usr/bin/clang -Xlinker -reproducible -target arm64-apple-watchos10.0-simulator -isysroot /Applications/Xcode.app/Contents/Developer/Platforms/WatchSimulator.platform/Developer/SDKs/WatchSimulator11.5.sdk -O0 -L/Users/jeremywatt/Library/Developer/Xcode/DerivedData/TodoTimers-hhkfosrtfdujgsaeyczcbhtfazrk/Build/Products/Debug-watchsimulator -F/Users/jeremywatt/Library/Developer/Xcode/DerivedData/TodoTimers-hhkfosrtfdujgsaeyczcbhtfazrk/Build/Products/Debug-watchsimulator -Xlinker -rpath -Xlinker @executable_path -Xlinker -rpath -Xlinker @executable_path/Frameworks -rdynamic -Xlinker -no_deduplicate -Xlinker -objc_abi_version -Xlinker 2 -Xlinker -debug_variant -e ___debug_blank_executor_main -Xlinker -sectcreate -Xlinker __TEXT -Xlinker __debug_dylib -Xlinker /Users/jeremywatt/Library/Developer/Xcode/DerivedData/TodoTimers-hhkfosrtfdujgsaeyczcbhtfazrk/Build/Intermediates.noindex/TodoTimers.build/Debug-watchsimulator/TodoTimers\ Watch\ App\ Watch\ App.build/TodoTimers\ Watch\ App\ Watch\ App-DebugDylibPath-normal-arm64.txt -Xlinker -sectcreate -Xlinker __TEXT -Xlinker __debug_instlnm -Xlinker /Users/jeremywatt/Library/Developer/Xcode/DerivedData/TodoTimers-hhkfosrtfdujgsaeyczcbhtfazrk/Build/Intermediates.noindex/TodoTimers.build/Debug-watchsimulator/TodoTimers\ Watch\ App\ Watch\ App.build/TodoTimers\ Watch\ App\ Watch\ App-DebugDylibInstallName-normal-arm64.txt -Xlinker -filelist -Xlinker /Users/jeremywatt/Library/Developer/Xcode/DerivedData/TodoTimers-hhkfosrtfdujgsaeyczcbhtfazrk/Build/Intermediates.noindex/TodoTimers.build/Debug-watchsimulator/TodoTimers\ Watch\ App\ Watch\ App.build/TodoTimers\ Watch\ App\ Watch\ App-ExecutorLinkFileList-normal-arm64.txt -Xlinker -sectcreate -Xlinker __TEXT -Xlinker __entitlements -Xlinker /Users/jeremywatt/Library/Developer/Xcode/DerivedData/TodoTimers-hhkfosrtfdujgsaeyczcbhtfazrk/Build/Intermediates.noindex/TodoTimers.build/Debug-watchsimulator/TodoTimers\ Watch\ App\ Watch\ App.build/TodoTimers\ Watch\ App\ Watch\ App.app-Simulated.xcent -Xlinker -sectcreate -Xlinker __TEXT -Xlinker __ents_der -Xlinker /Users/jeremywatt/Library/Developer/Xcode/DerivedData/TodoTimers-hhkfosrtfdujgsaeyczcbhtfazrk/Build/Intermediates.noindex/TodoTimers.build/Debug-watchsimulator/TodoTimers\ Watch\ App\ Watch\ App.build/TodoTimers\ Watch\ App\ Watch\ App.app-Simulated.xcent.der /Users/jeremywatt/Library/Developer/Xcode/DerivedData/TodoTimers-hhkfosrtfdujgsaeyczcbhtfazrk/Build/Intermediates.noindex/TodoTimers.build/Debug-watchsimulator/TodoTimers\ Watch\ App\ Watch\ App.build/Objects-normal/arm64/Binary/TodoTimers\ Watch\ App\ Watch\ App.debug.dylib -Xlinker -no_adhoc_codesign -o /Users/jeremywatt/Library/Developer/Xcode/DerivedData/TodoTimers-hhkfosrtfdujgsaeyczcbhtfazrk/Build/Intermediates.noindex/TodoTimers.build/Debug-watchsimulator/TodoTimers\ Watch\ App\ Watch\ App.build/Objects-normal/arm64/Binary/TodoTimers\ Watch\ App\ Watch\ App


Test session results, code coverage, and logs:
	/Users/jeremywatt/Library/Developer/Xcode/DerivedData/TodoTimers-hhkfosrtfdujgsaeyczcbhtfazrk/Logs/Test/Test-TodoTimers-2025.11.08_04-51-56--0700.xcresult

Testing failed:
	Invalid redeclaration of 'TimerModel'
	Cannot infer key path type from context; consider explicitly specifying a root type
	'Timer' is ambiguous for type lookup in this context
	Generic parameter 'T' could not be inferred
	'Timer' is ambiguous for type lookup in this context
	Generic parameter 'T' could not be inferred
	Cannot infer key path type from context; consider explicitly specifying a root type
	Generic parameter 'T' could not be inferred
	Generic parameter 'T' could not be inferred
	Invalid component of Swift key path
	'Timer' is ambiguous for type lookup in this context
	Generic parameter 'T' could not be inferred
	Cannot infer key path type from context; consider explicitly specifying a root type
	'Timer' is ambiguous for type lookup in this context
	Cannot infer key path type from context; consider explicitly specifying a root type
	Generic parameter 'T' could not be inferred
	'Timer' is ambiguous for type lookup in this context
	Generic parameter 'T' could not be inferred
	Cannot infer key path type from context; consider explicitly specifying a root type
	Invalid component of Swift key path
	Generic parameter 'T' could not be inferred
	Generic parameter 'T' could not be inferred
	Invalid component of Swift key path
	Invalid component of Swift key path
	'Timer' is ambiguous for type lookup in this context
	Generic parameter 'T' could not be inferred
	Cannot infer key path type from context; consider explicitly specifying a root type
	Testing cancelled because the build failed.

** TEST FAILED **


The following build commands failed:
	SwiftCompile normal arm64 Compiling\ TimerCreationLogicTests.swift /Users/jeremywatt/Desktop/todo-timers-ios/TodoTimers/TodoTimersTests/UnitTests/Views/TimerCreationLogicTests.swift (in target 'TodoTimersTests' from project 'TodoTimers')
	SwiftCompile normal arm64 /Users/jeremywatt/Desktop/todo-timers-ios/TodoTimers/TodoTimersTests/UnitTests/Views/TimerCreationLogicTests.swift (in target 'TodoTimersTests' from project 'TodoTimers')
	Testing project TodoTimers with scheme TodoTimers
(3 failures)
