Command line invocation:
    /Applications/Xcode.app/Contents/Developer/usr/bin/xcodebuild test -project TodoTimers.xcodeproj -scheme TodoTimers -destination "platform=iOS Simulator,name=iPhone 16" "-only-testing:TodoTimersUITests/TimerCRUDUITests" -parallel-testing-enabled NO

--- xcodebuild: WARNING: Using the first of multiple matching destinations:
{ platform:iOS Simulator, arch:arm64, id:002673DD-F669-4F62-A9BB-B5009A96E818, OS:18.6, name:iPhone 16 }
{ platform:iOS Simulator, arch:x86_64, id:002673DD-F669-4F62-A9BB-B5009A96E818, OS:18.6, name:iPhone 16 }
ComputePackagePrebuildTargetDependencyGraph

Prepare packages

CreateBuildRequest

SendProjectDescription

CreateBuildOperation

ComputeTargetDependencyGraph
note: Building targets in dependency order
note: Target dependency graph (4 targets)
    Target 'TodoTimersUITests' in project 'TodoTimers'
        ➜ Explicit dependency on target 'TodoTimers' in project 'TodoTimers'
    Target 'TodoTimersTests' in project 'TodoTimers'
        ➜ Explicit dependency on target 'TodoTimers' in project 'TodoTimers'
    Target 'TodoTimers' in project 'TodoTimers'
        ➜ Explicit dependency on target 'TodoTimers Watch App Watch App' in project 'TodoTimers'
    Target 'TodoTimers Watch App Watch App' in project 'TodoTimers' (no dependencies)

GatherProvisioningInputs

CreateBuildDescription

ExecuteExternalTool /Applications/Xcode.app/Contents/Developer/usr/bin/actool --print-asset-tag-combinations --output-format xml1 /Users/jeremywatt/Desktop/todo-timers-ios/TodoTimers/TodoTimers Watch App Watch App/Assets.xcassets

ExecuteExternalTool /Applications/Xcode.app/Contents/Developer/usr/bin/actool --print-asset-tag-combinations --output-format xml1 /Users/jeremywatt/Desktop/todo-timers-ios/TodoTimers/TodoTimers/Assets.xcassets

ExecuteExternalTool /Applications/Xcode.app/Contents/Developer/Toolchains/XcodeDefault.xctoolchain/usr/bin/swiftc --version

ExecuteExternalTool /Applications/Xcode.app/Contents/Developer/Toolchains/XcodeDefault.xctoolchain/usr/bin/clang -v -E -dM -isysroot /Applications/Xcode.app/Contents/Developer/Platforms/WatchSimulator.platform/Developer/SDKs/WatchSimulator11.5.sdk -x c -c /dev/null

ExecuteExternalTool /Applications/Xcode.app/Contents/Developer/usr/bin/actool --version --output-format xml1

ExecuteExternalTool /Applications/Xcode.app/Contents/Developer/Toolchains/XcodeDefault.xctoolchain/usr/bin/clang -v -E -dM -isysroot /Applications/Xcode.app/Contents/Developer/Platforms/iPhoneSimulator.platform/Developer/SDKs/iPhoneSimulator18.5.sdk -x c -c /dev/null

ExecuteExternalTool /Applications/Xcode.app/Contents/Developer/Toolchains/XcodeDefault.xctoolchain/usr/bin/ld -version_details

Build description signature: a356933eb4cb05e458eda8d1ed05cef5
Build description path: /Users/jeremywatt/Library/Developer/Xcode/DerivedData/TodoTimers-hhkfosrtfdujgsaeyczcbhtfazrk/Build/Intermediates.noindex/XCBuildData/a356933eb4cb05e458eda8d1ed05cef5.xcbuilddata
ClangStatCache /Applications/Xcode.app/Contents/Developer/Toolchains/XcodeDefault.xctoolchain/usr/bin/clang-stat-cache /Applications/Xcode.app/Contents/Developer/Platforms/iPhoneSimulator.platform/Developer/SDKs/iPhoneSimulator18.5.sdk /Users/jeremywatt/Library/Developer/Xcode/DerivedData/SDKStatCaches.noindex/iphonesimulator18.5-22F76-d5fc8ad4295d2ef488fb7d0f804ce0c4.sdkstatcache
    cd /Users/jeremywatt/Desktop/todo-timers-ios/TodoTimers/TodoTimers.xcodeproj
    /Applications/Xcode.app/Contents/Developer/Toolchains/XcodeDefault.xctoolchain/usr/bin/clang-stat-cache /Applications/Xcode.app/Contents/Developer/Platforms/iPhoneSimulator.platform/Developer/SDKs/iPhoneSimulator18.5.sdk -o /Users/jeremywatt/Library/Developer/Xcode/DerivedData/SDKStatCaches.noindex/iphonesimulator18.5-22F76-d5fc8ad4295d2ef488fb7d0f804ce0c4.sdkstatcache

ClangStatCache /Applications/Xcode.app/Contents/Developer/Toolchains/XcodeDefault.xctoolchain/usr/bin/clang-stat-cache /Applications/Xcode.app/Contents/Developer/Platforms/WatchSimulator.platform/Developer/SDKs/WatchSimulator11.5.sdk /Users/jeremywatt/Library/Developer/Xcode/DerivedData/SDKStatCaches.noindex/watchsimulator11.5-22T572-f072d36b9981b6dc55608c571d18f8ef.sdkstatcache
    cd /Users/jeremywatt/Desktop/todo-timers-ios/TodoTimers/TodoTimers.xcodeproj
    /Applications/Xcode.app/Contents/Developer/Toolchains/XcodeDefault.xctoolchain/usr/bin/clang-stat-cache /Applications/Xcode.app/Contents/Developer/Platforms/WatchSimulator.platform/Developer/SDKs/WatchSimulator11.5.sdk -o /Users/jeremywatt/Library/Developer/Xcode/DerivedData/SDKStatCaches.noindex/watchsimulator11.5-22T572-f072d36b9981b6dc55608c571d18f8ef.sdkstatcache

WriteAuxiliaryFile /Users/jeremywatt/Library/Developer/Xcode/DerivedData/TodoTimers-hhkfosrtfdujgsaeyczcbhtfazrk/Build/Intermediates.noindex/TodoTimers.build/Debug-watchsimulator/TodoTimers\ Watch\ App\ Watch\ App.build/Objects-normal/arm64/TodoTimers\ Watch\ App\ Watch\ App.LinkFileList (in target 'TodoTimers Watch App Watch App' from project 'TodoTimers')
    cd /Users/jeremywatt/Desktop/todo-timers-ios/TodoTimers
    write-file /Users/jeremywatt/Library/Developer/Xcode/DerivedData/TodoTimers-hhkfosrtfdujgsaeyczcbhtfazrk/Build/Intermediates.noindex/TodoTimers.build/Debug-watchsimulator/TodoTimers\ Watch\ App\ Watch\ App.build/Objects-normal/arm64/TodoTimers\ Watch\ App\ Watch\ App.LinkFileList

WriteAuxiliaryFile /Users/jeremywatt/Library/Developer/Xcode/DerivedData/TodoTimers-hhkfosrtfdujgsaeyczcbhtfazrk/Build/Intermediates.noindex/TodoTimers.build/Debug-iphonesimulator/TodoTimersUITests.build/Objects-normal/arm64/TodoTimersUITests.SwiftFileList (in target 'TodoTimersUITests' from project 'TodoTimers')
    cd /Users/jeremywatt/Desktop/todo-timers-ios/TodoTimers
    write-file /Users/jeremywatt/Library/Developer/Xcode/DerivedData/TodoTimers-hhkfosrtfdujgsaeyczcbhtfazrk/Build/Intermediates.noindex/TodoTimers.build/Debug-iphonesimulator/TodoTimersUITests.build/Objects-normal/arm64/TodoTimersUITests.SwiftFileList

WriteAuxiliaryFile /Users/jeremywatt/Library/Developer/Xcode/DerivedData/TodoTimers-hhkfosrtfdujgsaeyczcbhtfazrk/Build/Intermediates.noindex/TodoTimers.build/Debug-iphonesimulator/TodoTimersUITests.build/Objects-normal/arm64/TodoTimersUITests.SwiftConstValuesFileList (in target 'TodoTimersUITests' from project 'TodoTimers')
    cd /Users/jeremywatt/Desktop/todo-timers-ios/TodoTimers
    write-file /Users/jeremywatt/Library/Developer/Xcode/DerivedData/TodoTimers-hhkfosrtfdujgsaeyczcbhtfazrk/Build/Intermediates.noindex/TodoTimers.build/Debug-iphonesimulator/TodoTimersUITests.build/Objects-normal/arm64/TodoTimersUITests.SwiftConstValuesFileList

WriteAuxiliaryFile /Users/jeremywatt/Library/Developer/Xcode/DerivedData/TodoTimers-hhkfosrtfdujgsaeyczcbhtfazrk/Build/Intermediates.noindex/TodoTimers.build/Debug-iphonesimulator/TodoTimersTests.build/Objects-normal/arm64/TodoTimersTests.SwiftFileList (in target 'TodoTimersTests' from project 'TodoTimers')
    cd /Users/jeremywatt/Desktop/todo-timers-ios/TodoTimers
    write-file /Users/jeremywatt/Library/Developer/Xcode/DerivedData/TodoTimers-hhkfosrtfdujgsaeyczcbhtfazrk/Build/Intermediates.noindex/TodoTimers.build/Debug-iphonesimulator/TodoTimersTests.build/Objects-normal/arm64/TodoTimersTests.SwiftFileList

WriteAuxiliaryFile /Users/jeremywatt/Library/Developer/Xcode/DerivedData/TodoTimers-hhkfosrtfdujgsaeyczcbhtfazrk/Build/Intermediates.noindex/TodoTimers.build/Debug-iphonesimulator/TodoTimersTests.build/Objects-normal/arm64/TodoTimersTests.SwiftConstValuesFileList (in target 'TodoTimersTests' from project 'TodoTimers')
    cd /Users/jeremywatt/Desktop/todo-timers-ios/TodoTimers
    write-file /Users/jeremywatt/Library/Developer/Xcode/DerivedData/TodoTimers-hhkfosrtfdujgsaeyczcbhtfazrk/Build/Intermediates.noindex/TodoTimers.build/Debug-iphonesimulator/TodoTimersTests.build/Objects-normal/arm64/TodoTimersTests.SwiftConstValuesFileList

WriteAuxiliaryFile /Users/jeremywatt/Library/Developer/Xcode/DerivedData/TodoTimers-hhkfosrtfdujgsaeyczcbhtfazrk/Build/Intermediates.noindex/TodoTimers.build/Debug-iphonesimulator/TodoTimersTests.build/Objects-normal/arm64/TodoTimersTests.LinkFileList (in target 'TodoTimersTests' from project 'TodoTimers')
    cd /Users/jeremywatt/Desktop/todo-timers-ios/TodoTimers
    write-file /Users/jeremywatt/Library/Developer/Xcode/DerivedData/TodoTimers-hhkfosrtfdujgsaeyczcbhtfazrk/Build/Intermediates.noindex/TodoTimers.build/Debug-iphonesimulator/TodoTimersTests.build/Objects-normal/arm64/TodoTimersTests.LinkFileList

WriteAuxiliaryFile /Users/jeremywatt/Library/Developer/Xcode/DerivedData/TodoTimers-hhkfosrtfdujgsaeyczcbhtfazrk/Build/Intermediates.noindex/TodoTimers.build/Debug-iphonesimulator/TodoTimers.build/Objects-normal/arm64/TodoTimers.SwiftFileList (in target 'TodoTimers' from project 'TodoTimers')
    cd /Users/jeremywatt/Desktop/todo-timers-ios/TodoTimers
    write-file /Users/jeremywatt/Library/Developer/Xcode/DerivedData/TodoTimers-hhkfosrtfdujgsaeyczcbhtfazrk/Build/Intermediates.noindex/TodoTimers.build/Debug-iphonesimulator/TodoTimers.build/Objects-normal/arm64/TodoTimers.SwiftFileList

WriteAuxiliaryFile /Users/jeremywatt/Library/Developer/Xcode/DerivedData/TodoTimers-hhkfosrtfdujgsaeyczcbhtfazrk/Build/Intermediates.noindex/TodoTimers.build/Debug-iphonesimulator/TodoTimersUITests.build/Objects-normal/arm64/TodoTimersUITests.LinkFileList (in target 'TodoTimersUITests' from project 'TodoTimers')
    cd /Users/jeremywatt/Desktop/todo-timers-ios/TodoTimers
    write-file /Users/jeremywatt/Library/Developer/Xcode/DerivedData/TodoTimers-hhkfosrtfdujgsaeyczcbhtfazrk/Build/Intermediates.noindex/TodoTimers.build/Debug-iphonesimulator/TodoTimersUITests.build/Objects-normal/arm64/TodoTimersUITests.LinkFileList

WriteAuxiliaryFile /Users/jeremywatt/Library/Developer/Xcode/DerivedData/TodoTimers-hhkfosrtfdujgsaeyczcbhtfazrk/Build/Intermediates.noindex/TodoTimers.build/Debug-iphonesimulator/TodoTimers.build/Objects-normal/arm64/TodoTimers.SwiftConstValuesFileList (in target 'TodoTimers' from project 'TodoTimers')
    cd /Users/jeremywatt/Desktop/todo-timers-ios/TodoTimers
    write-file /Users/jeremywatt/Library/Developer/Xcode/DerivedData/TodoTimers-hhkfosrtfdujgsaeyczcbhtfazrk/Build/Intermediates.noindex/TodoTimers.build/Debug-iphonesimulator/TodoTimers.build/Objects-normal/arm64/TodoTimers.SwiftConstValuesFileList

WriteAuxiliaryFile /Users/jeremywatt/Library/Developer/Xcode/DerivedData/TodoTimers-hhkfosrtfdujgsaeyczcbhtfazrk/Build/Intermediates.noindex/TodoTimers.build/Debug-iphonesimulator/TodoTimers.build/Objects-normal/arm64/TodoTimers.LinkFileList (in target 'TodoTimers' from project 'TodoTimers')
    cd /Users/jeremywatt/Desktop/todo-timers-ios/TodoTimers
    write-file /Users/jeremywatt/Library/Developer/Xcode/DerivedData/TodoTimers-hhkfosrtfdujgsaeyczcbhtfazrk/Build/Intermediates.noindex/TodoTimers.build/Debug-iphonesimulator/TodoTimers.build/Objects-normal/arm64/TodoTimers.LinkFileList

WriteAuxiliaryFile /Users/jeremywatt/Library/Developer/Xcode/DerivedData/TodoTimers-hhkfosrtfdujgsaeyczcbhtfazrk/Build/Intermediates.noindex/TodoTimers.build/Debug-watchsimulator/TodoTimers\ Watch\ App\ Watch\ App.build/Objects-normal/x86_64/TodoTimers\ Watch\ App\ Watch\ App.SwiftFileList (in target 'TodoTimers Watch App Watch App' from project 'TodoTimers')
    cd /Users/jeremywatt/Desktop/todo-timers-ios/TodoTimers
    write-file /Users/jeremywatt/Library/Developer/Xcode/DerivedData/TodoTimers-hhkfosrtfdujgsaeyczcbhtfazrk/Build/Intermediates.noindex/TodoTimers.build/Debug-watchsimulator/TodoTimers\ Watch\ App\ Watch\ App.build/Objects-normal/x86_64/TodoTimers\ Watch\ App\ Watch\ App.SwiftFileList

WriteAuxiliaryFile /Users/jeremywatt/Library/Developer/Xcode/DerivedData/TodoTimers-hhkfosrtfdujgsaeyczcbhtfazrk/Build/Intermediates.noindex/TodoTimers.build/Debug-watchsimulator/TodoTimers\ Watch\ App\ Watch\ App.build/Objects-normal/x86_64/TodoTimers\ Watch\ App\ Watch\ App.SwiftConstValuesFileList (in target 'TodoTimers Watch App Watch App' from project 'TodoTimers')
    cd /Users/jeremywatt/Desktop/todo-timers-ios/TodoTimers
    write-file /Users/jeremywatt/Library/Developer/Xcode/DerivedData/TodoTimers-hhkfosrtfdujgsaeyczcbhtfazrk/Build/Intermediates.noindex/TodoTimers.build/Debug-watchsimulator/TodoTimers\ Watch\ App\ Watch\ App.build/Objects-normal/x86_64/TodoTimers\ Watch\ App\ Watch\ App.SwiftConstValuesFileList

WriteAuxiliaryFile /Users/jeremywatt/Library/Developer/Xcode/DerivedData/TodoTimers-hhkfosrtfdujgsaeyczcbhtfazrk/Build/Intermediates.noindex/TodoTimers.build/Debug-watchsimulator/TodoTimers\ Watch\ App\ Watch\ App.build/Objects-normal/x86_64/TodoTimers\ Watch\ App\ Watch\ App.LinkFileList (in target 'TodoTimers Watch App Watch App' from project 'TodoTimers')
    cd /Users/jeremywatt/Desktop/todo-timers-ios/TodoTimers
    write-file /Users/jeremywatt/Library/Developer/Xcode/DerivedData/TodoTimers-hhkfosrtfdujgsaeyczcbhtfazrk/Build/Intermediates.noindex/TodoTimers.build/Debug-watchsimulator/TodoTimers\ Watch\ App\ Watch\ App.build/Objects-normal/x86_64/TodoTimers\ Watch\ App\ Watch\ App.LinkFileList

WriteAuxiliaryFile /Users/jeremywatt/Library/Developer/Xcode/DerivedData/TodoTimers-hhkfosrtfdujgsaeyczcbhtfazrk/Build/Intermediates.noindex/TodoTimers.build/Debug-watchsimulator/TodoTimers\ Watch\ App\ Watch\ App.build/Objects-normal/arm64/TodoTimers\ Watch\ App\ Watch\ App.SwiftFileList (in target 'TodoTimers Watch App Watch App' from project 'TodoTimers')
    cd /Users/jeremywatt/Desktop/todo-timers-ios/TodoTimers
    write-file /Users/jeremywatt/Library/Developer/Xcode/DerivedData/TodoTimers-hhkfosrtfdujgsaeyczcbhtfazrk/Build/Intermediates.noindex/TodoTimers.build/Debug-watchsimulator/TodoTimers\ Watch\ App\ Watch\ App.build/Objects-normal/arm64/TodoTimers\ Watch\ App\ Watch\ App.SwiftFileList

WriteAuxiliaryFile /Users/jeremywatt/Library/Developer/Xcode/DerivedData/TodoTimers-hhkfosrtfdujgsaeyczcbhtfazrk/Build/Intermediates.noindex/TodoTimers.build/Debug-watchsimulator/TodoTimers\ Watch\ App\ Watch\ App.build/Objects-normal/arm64/TodoTimers\ Watch\ App\ Watch\ App.SwiftConstValuesFileList (in target 'TodoTimers Watch App Watch App' from project 'TodoTimers')
    cd /Users/jeremywatt/Desktop/todo-timers-ios/TodoTimers
    write-file /Users/jeremywatt/Library/Developer/Xcode/DerivedData/TodoTimers-hhkfosrtfdujgsaeyczcbhtfazrk/Build/Intermediates.noindex/TodoTimers.build/Debug-watchsimulator/TodoTimers\ Watch\ App\ Watch\ App.build/Objects-normal/arm64/TodoTimers\ Watch\ App\ Watch\ App.SwiftConstValuesFileList

ProcessInfoPlistFile /Users/jeremywatt/Library/Developer/Xcode/DerivedData/TodoTimers-hhkfosrtfdujgsaeyczcbhtfazrk/Build/Products/Debug-watchsimulator/TodoTimers\ Watch\ App\ Watch\ App.app/Info.plist /Users/jeremywatt/Library/Developer/Xcode/DerivedData/TodoTimers-hhkfosrtfdujgsaeyczcbhtfazrk/Build/Intermediates.noindex/TodoTimers.build/Debug-watchsimulator/TodoTimers\ Watch\ App\ Watch\ App.build/empty-TodoTimers\ Watch\ App\ Watch\ App.plist (in target 'TodoTimers Watch App Watch App' from project 'TodoTimers')
    cd /Users/jeremywatt/Desktop/todo-timers-ios/TodoTimers
    builtin-infoPlistUtility /Users/jeremywatt/Library/Developer/Xcode/DerivedData/TodoTimers-hhkfosrtfdujgsaeyczcbhtfazrk/Build/Intermediates.noindex/TodoTimers.build/Debug-watchsimulator/TodoTimers\ Watch\ App\ Watch\ App.build/empty-TodoTimers\ Watch\ App\ Watch\ App.plist -producttype com.apple.product-type.application -genpkginfo /Users/jeremywatt/Library/Developer/Xcode/DerivedData/TodoTimers-hhkfosrtfdujgsaeyczcbhtfazrk/Build/Products/Debug-watchsimulator/TodoTimers\ Watch\ App\ Watch\ App.app/PkgInfo -expandbuildsettings -format binary -platform watchsimulator -additionalcontentfile /Users/jeremywatt/Library/Developer/Xcode/DerivedData/TodoTimers-hhkfosrtfdujgsaeyczcbhtfazrk/Build/Intermediates.noindex/TodoTimers.build/Debug-watchsimulator/TodoTimers\ Watch\ App\ Watch\ App.build/assetcatalog_generated_info.plist -o /Users/jeremywatt/Library/Developer/Xcode/DerivedData/TodoTimers-hhkfosrtfdujgsaeyczcbhtfazrk/Build/Products/Debug-watchsimulator/TodoTimers\ Watch\ App\ Watch\ App.app/Info.plist

SwiftDriver TodoTimers\ Watch\ App\ Watch\ App normal x86_64 com.apple.xcode.tools.swift.compiler (in target 'TodoTimers Watch App Watch App' from project 'TodoTimers')
    cd /Users/jeremywatt/Desktop/todo-timers-ios/TodoTimers
    builtin-SwiftDriver -- /Applications/Xcode.app/Contents/Developer/Toolchains/XcodeDefault.xctoolchain/usr/bin/swiftc -module-name TodoTimers_Watch_App_Watch_App -Onone -enforce-exclusivity\=checked @/Users/jeremywatt/Library/Developer/Xcode/DerivedData/TodoTimers-hhkfosrtfdujgsaeyczcbhtfazrk/Build/Intermediates.noindex/TodoTimers.build/Debug-watchsimulator/TodoTimers\ Watch\ App\ Watch\ App.build/Objects-normal/x86_64/TodoTimers\ Watch\ App\ Watch\ App.SwiftFileList -DDEBUG -enable-bare-slash-regex -enable-experimental-feature DebugDescriptionMacro -sdk /Applications/Xcode.app/Contents/Developer/Platforms/WatchSimulator.platform/Developer/SDKs/WatchSimulator11.5.sdk -target x86_64-apple-watchos10.0-simulator -g -module-cache-path /Users/jeremywatt/Library/Developer/Xcode/DerivedData/ModuleCache.noindex -Xfrontend -serialize-debugging-options -profile-coverage-mapping -profile-generate -enable-testing -index-store-path /Users/jeremywatt/Library/Developer/Xcode/DerivedData/TodoTimers-hhkfosrtfdujgsaeyczcbhtfazrk/Index.noindex/DataStore -swift-version 5 -I /Users/jeremywatt/Library/Developer/Xcode/DerivedData/TodoTimers-hhkfosrtfdujgsaeyczcbhtfazrk/Build/Products/Debug-watchsimulator -F /Users/jeremywatt/Library/Developer/Xcode/DerivedData/TodoTimers-hhkfosrtfdujgsaeyczcbhtfazrk/Build/Products/Debug-watchsimulator -emit-localized-strings -emit-localized-strings-path /Users/jeremywatt/Library/Developer/Xcode/DerivedData/TodoTimers-hhkfosrtfdujgsaeyczcbhtfazrk/Build/Intermediates.noindex/TodoTimers.build/Debug-watchsimulator/TodoTimers\ Watch\ App\ Watch\ App.build/Objects-normal/x86_64 -c -j10 -enable-batch-mode -incremental -Xcc -ivfsstatcache -Xcc /Users/jeremywatt/Library/Developer/Xcode/DerivedData/SDKStatCaches.noindex/watchsimulator11.5-22T572-f072d36b9981b6dc55608c571d18f8ef.sdkstatcache -output-file-map /Users/jeremywatt/Library/Developer/Xcode/DerivedData/TodoTimers-hhkfosrtfdujgsaeyczcbhtfazrk/Build/Intermediates.noindex/TodoTimers.build/Debug-watchsimulator/TodoTimers\ Watch\ App\ Watch\ App.build/Objects-normal/x86_64/TodoTimers\ Watch\ App\ Watch\ App-OutputFileMap.json -use-frontend-parseable-output -save-temps -no-color-diagnostics -serialize-diagnostics -emit-dependencies -emit-module -emit-module-path /Users/jeremywatt/Library/Developer/Xcode/DerivedData/TodoTimers-hhkfosrtfdujgsaeyczcbhtfazrk/Build/Intermediates.noindex/TodoTimers.build/Debug-watchsimulator/TodoTimers\ Watch\ App\ Watch\ App.build/Objects-normal/x86_64/TodoTimers_Watch_App_Watch_App.swiftmodule -validate-clang-modules-once -clang-build-session-file /Users/jeremywatt/Library/Developer/Xcode/DerivedData/ModuleCache.noindex/Session.modulevalidation -Xcc -I/Users/jeremywatt/Library/Developer/Xcode/DerivedData/TodoTimers-hhkfosrtfdujgsaeyczcbhtfazrk/Build/Intermediates.noindex/TodoTimers.build/Debug-watchsimulator/TodoTimers\ Watch\ App\ Watch\ App.build/swift-overrides.hmap -emit-const-values -Xfrontend -const-gather-protocols-file -Xfrontend /Users/jeremywatt/Library/Developer/Xcode/DerivedData/TodoTimers-hhkfosrtfdujgsaeyczcbhtfazrk/Build/Intermediates.noindex/TodoTimers.build/Debug-watchsimulator/TodoTimers\ Watch\ App\ Watch\ App.build/Objects-normal/x86_64/TodoTimers\ Watch\ App\ Watch\ App_const_extract_protocols.json -Xcc -iquote -Xcc /Users/jeremywatt/Library/Developer/Xcode/DerivedData/TodoTimers-hhkfosrtfdujgsaeyczcbhtfazrk/Build/Intermediates.noindex/TodoTimers.build/Debug-watchsimulator/TodoTimers\ Watch\ App\ Watch\ App.build/TodoTimers\ Watch\ App\ Watch\ App-generated-files.hmap -Xcc -I/Users/jeremywatt/Library/Developer/Xcode/DerivedData/TodoTimers-hhkfosrtfdujgsaeyczcbhtfazrk/Build/Intermediates.noindex/TodoTimers.build/Debug-watchsimulator/TodoTimers\ Watch\ App\ Watch\ App.build/TodoTimers\ Watch\ App\ Watch\ App-own-target-headers.hmap -Xcc -I/Users/jeremywatt/Library/Developer/Xcode/DerivedData/TodoTimers-hhkfosrtfdujgsaeyczcbhtfazrk/Build/Intermediates.noindex/TodoTimers.build/Debug-watchsimulator/TodoTimers\ Watch\ App\ Watch\ App.build/TodoTimers\ Watch\ App\ Watch\ App-all-target-headers.hmap -Xcc -iquote -Xcc /Users/jeremywatt/Library/Developer/Xcode/DerivedData/TodoTimers-hhkfosrtfdujgsaeyczcbhtfazrk/Build/Intermediates.noindex/TodoTimers.build/Debug-watchsimulator/TodoTimers\ Watch\ App\ Watch\ App.build/TodoTimers\ Watch\ App\ Watch\ App-project-headers.hmap -Xcc -I/Users/jeremywatt/Library/Developer/Xcode/DerivedData/TodoTimers-hhkfosrtfdujgsaeyczcbhtfazrk/Build/Products/Debug-watchsimulator/include -Xcc -I/Users/jeremywatt/Library/Developer/Xcode/DerivedData/TodoTimers-hhkfosrtfdujgsaeyczcbhtfazrk/Build/Intermediates.noindex/TodoTimers.build/Debug-watchsimulator/TodoTimers\ Watch\ App\ Watch\ App.build/DerivedSources-normal/x86_64 -Xcc -I/Users/jeremywatt/Library/Developer/Xcode/DerivedData/TodoTimers-hhkfosrtfdujgsaeyczcbhtfazrk/Build/Intermediates.noindex/TodoTimers.build/Debug-watchsimulator/TodoTimers\ Watch\ App\ Watch\ App.build/DerivedSources/x86_64 -Xcc -I/Users/jeremywatt/Library/Developer/Xcode/DerivedData/TodoTimers-hhkfosrtfdujgsaeyczcbhtfazrk/Build/Intermediates.noindex/TodoTimers.build/Debug-watchsimulator/TodoTimers\ Watch\ App\ Watch\ App.build/DerivedSources -Xcc -DDEBUG\=1 -emit-objc-header -emit-objc-header-path /Users/jeremywatt/Library/Developer/Xcode/DerivedData/TodoTimers-hhkfosrtfdujgsaeyczcbhtfazrk/Build/Intermediates.noindex/TodoTimers.build/Debug-watchsimulator/TodoTimers\ Watch\ App\ Watch\ App.build/Objects-normal/x86_64/TodoTimers_Watch_App_Watch_App-Swift.h -working-directory /Users/jeremywatt/Desktop/todo-timers-ios/TodoTimers -experimental-emit-module-separately -disable-cmo

SwiftDriver TodoTimers\ Watch\ App\ Watch\ App normal arm64 com.apple.xcode.tools.swift.compiler (in target 'TodoTimers Watch App Watch App' from project 'TodoTimers')
    cd /Users/jeremywatt/Desktop/todo-timers-ios/TodoTimers
    builtin-SwiftDriver -- /Applications/Xcode.app/Contents/Developer/Toolchains/XcodeDefault.xctoolchain/usr/bin/swiftc -module-name TodoTimers_Watch_App_Watch_App -Onone -enforce-exclusivity\=checked @/Users/jeremywatt/Library/Developer/Xcode/DerivedData/TodoTimers-hhkfosrtfdujgsaeyczcbhtfazrk/Build/Intermediates.noindex/TodoTimers.build/Debug-watchsimulator/TodoTimers\ Watch\ App\ Watch\ App.build/Objects-normal/arm64/TodoTimers\ Watch\ App\ Watch\ App.SwiftFileList -DDEBUG -enable-bare-slash-regex -enable-experimental-feature DebugDescriptionMacro -sdk /Applications/Xcode.app/Contents/Developer/Platforms/WatchSimulator.platform/Developer/SDKs/WatchSimulator11.5.sdk -target arm64-apple-watchos10.0-simulator -g -module-cache-path /Users/jeremywatt/Library/Developer/Xcode/DerivedData/ModuleCache.noindex -Xfrontend -serialize-debugging-options -profile-coverage-mapping -profile-generate -enable-testing -index-store-path /Users/jeremywatt/Library/Developer/Xcode/DerivedData/TodoTimers-hhkfosrtfdujgsaeyczcbhtfazrk/Index.noindex/DataStore -swift-version 5 -I /Users/jeremywatt/Library/Developer/Xcode/DerivedData/TodoTimers-hhkfosrtfdujgsaeyczcbhtfazrk/Build/Products/Debug-watchsimulator -F /Users/jeremywatt/Library/Developer/Xcode/DerivedData/TodoTimers-hhkfosrtfdujgsaeyczcbhtfazrk/Build/Products/Debug-watchsimulator -emit-localized-strings -emit-localized-strings-path /Users/jeremywatt/Library/Developer/Xcode/DerivedData/TodoTimers-hhkfosrtfdujgsaeyczcbhtfazrk/Build/Intermediates.noindex/TodoTimers.build/Debug-watchsimulator/TodoTimers\ Watch\ App\ Watch\ App.build/Objects-normal/arm64 -c -j10 -enable-batch-mode -incremental -Xcc -ivfsstatcache -Xcc /Users/jeremywatt/Library/Developer/Xcode/DerivedData/SDKStatCaches.noindex/watchsimulator11.5-22T572-f072d36b9981b6dc55608c571d18f8ef.sdkstatcache -output-file-map /Users/jeremywatt/Library/Developer/Xcode/DerivedData/TodoTimers-hhkfosrtfdujgsaeyczcbhtfazrk/Build/Intermediates.noindex/TodoTimers.build/Debug-watchsimulator/TodoTimers\ Watch\ App\ Watch\ App.build/Objects-normal/arm64/TodoTimers\ Watch\ App\ Watch\ App-OutputFileMap.json -use-frontend-parseable-output -save-temps -no-color-diagnostics -serialize-diagnostics -emit-dependencies -emit-module -emit-module-path /Users/jeremywatt/Library/Developer/Xcode/DerivedData/TodoTimers-hhkfosrtfdujgsaeyczcbhtfazrk/Build/Intermediates.noindex/TodoTimers.build/Debug-watchsimulator/TodoTimers\ Watch\ App\ Watch\ App.build/Objects-normal/arm64/TodoTimers_Watch_App_Watch_App.swiftmodule -validate-clang-modules-once -clang-build-session-file /Users/jeremywatt/Library/Developer/Xcode/DerivedData/ModuleCache.noindex/Session.modulevalidation -Xcc -I/Users/jeremywatt/Library/Developer/Xcode/DerivedData/TodoTimers-hhkfosrtfdujgsaeyczcbhtfazrk/Build/Intermediates.noindex/TodoTimers.build/Debug-watchsimulator/TodoTimers\ Watch\ App\ Watch\ App.build/swift-overrides.hmap -emit-const-values -Xfrontend -const-gather-protocols-file -Xfrontend /Users/jeremywatt/Library/Developer/Xcode/DerivedData/TodoTimers-hhkfosrtfdujgsaeyczcbhtfazrk/Build/Intermediates.noindex/TodoTimers.build/Debug-watchsimulator/TodoTimers\ Watch\ App\ Watch\ App.build/Objects-normal/arm64/TodoTimers\ Watch\ App\ Watch\ App_const_extract_protocols.json -Xcc -iquote -Xcc /Users/jeremywatt/Library/Developer/Xcode/DerivedData/TodoTimers-hhkfosrtfdujgsaeyczcbhtfazrk/Build/Intermediates.noindex/TodoTimers.build/Debug-watchsimulator/TodoTimers\ Watch\ App\ Watch\ App.build/TodoTimers\ Watch\ App\ Watch\ App-generated-files.hmap -Xcc -I/Users/jeremywatt/Library/Developer/Xcode/DerivedData/TodoTimers-hhkfosrtfdujgsaeyczcbhtfazrk/Build/Intermediates.noindex/TodoTimers.build/Debug-watchsimulator/TodoTimers\ Watch\ App\ Watch\ App.build/TodoTimers\ Watch\ App\ Watch\ App-own-target-headers.hmap -Xcc -I/Users/jeremywatt/Library/Developer/Xcode/DerivedData/TodoTimers-hhkfosrtfdujgsaeyczcbhtfazrk/Build/Intermediates.noindex/TodoTimers.build/Debug-watchsimulator/TodoTimers\ Watch\ App\ Watch\ App.build/TodoTimers\ Watch\ App\ Watch\ App-all-target-headers.hmap -Xcc -iquote -Xcc /Users/jeremywatt/Library/Developer/Xcode/DerivedData/TodoTimers-hhkfosrtfdujgsaeyczcbhtfazrk/Build/Intermediates.noindex/TodoTimers.build/Debug-watchsimulator/TodoTimers\ Watch\ App\ Watch\ App.build/TodoTimers\ Watch\ App\ Watch\ App-project-headers.hmap -Xcc -I/Users/jeremywatt/Library/Developer/Xcode/DerivedData/TodoTimers-hhkfosrtfdujgsaeyczcbhtfazrk/Build/Products/Debug-watchsimulator/include -Xcc -I/Users/jeremywatt/Library/Developer/Xcode/DerivedData/TodoTimers-hhkfosrtfdujgsaeyczcbhtfazrk/Build/Intermediates.noindex/TodoTimers.build/Debug-watchsimulator/TodoTimers\ Watch\ App\ Watch\ App.build/DerivedSources-normal/arm64 -Xcc -I/Users/jeremywatt/Library/Developer/Xcode/DerivedData/TodoTimers-hhkfosrtfdujgsaeyczcbhtfazrk/Build/Intermediates.noindex/TodoTimers.build/Debug-watchsimulator/TodoTimers\ Watch\ App\ Watch\ App.build/DerivedSources/arm64 -Xcc -I/Users/jeremywatt/Library/Developer/Xcode/DerivedData/TodoTimers-hhkfosrtfdujgsaeyczcbhtfazrk/Build/Intermediates.noindex/TodoTimers.build/Debug-watchsimulator/TodoTimers\ Watch\ App\ Watch\ App.build/DerivedSources -Xcc -DDEBUG\=1 -emit-objc-header -emit-objc-header-path /Users/jeremywatt/Library/Developer/Xcode/DerivedData/TodoTimers-hhkfosrtfdujgsaeyczcbhtfazrk/Build/Intermediates.noindex/TodoTimers.build/Debug-watchsimulator/TodoTimers\ Watch\ App\ Watch\ App.build/Objects-normal/arm64/TodoTimers_Watch_App_Watch_App-Swift.h -working-directory /Users/jeremywatt/Desktop/todo-timers-ios/TodoTimers -experimental-emit-module-separately -disable-cmo

SwiftDriver\ Compilation\ Requirements TodoTimers\ Watch\ App\ Watch\ App normal x86_64 com.apple.xcode.tools.swift.compiler (in target 'TodoTimers Watch App Watch App' from project 'TodoTimers')
    cd /Users/jeremywatt/Desktop/todo-timers-ios/TodoTimers
    builtin-Swift-Compilation-Requirements -- /Applications/Xcode.app/Contents/Developer/Toolchains/XcodeDefault.xctoolchain/usr/bin/swiftc -module-name TodoTimers_Watch_App_Watch_App -Onone -enforce-exclusivity\=checked @/Users/jeremywatt/Library/Developer/Xcode/DerivedData/TodoTimers-hhkfosrtfdujgsaeyczcbhtfazrk/Build/Intermediates.noindex/TodoTimers.build/Debug-watchsimulator/TodoTimers\ Watch\ App\ Watch\ App.build/Objects-normal/x86_64/TodoTimers\ Watch\ App\ Watch\ App.SwiftFileList -DDEBUG -enable-bare-slash-regex -enable-experimental-feature DebugDescriptionMacro -sdk /Applications/Xcode.app/Contents/Developer/Platforms/WatchSimulator.platform/Developer/SDKs/WatchSimulator11.5.sdk -target x86_64-apple-watchos10.0-simulator -g -module-cache-path /Users/jeremywatt/Library/Developer/Xcode/DerivedData/ModuleCache.noindex -Xfrontend -serialize-debugging-options -profile-coverage-mapping -profile-generate -enable-testing -index-store-path /Users/jeremywatt/Library/Developer/Xcode/DerivedData/TodoTimers-hhkfosrtfdujgsaeyczcbhtfazrk/Index.noindex/DataStore -swift-version 5 -I /Users/jeremywatt/Library/Developer/Xcode/DerivedData/TodoTimers-hhkfosrtfdujgsaeyczcbhtfazrk/Build/Products/Debug-watchsimulator -F /Users/jeremywatt/Library/Developer/Xcode/DerivedData/TodoTimers-hhkfosrtfdujgsaeyczcbhtfazrk/Build/Products/Debug-watchsimulator -emit-localized-strings -emit-localized-strings-path /Users/jeremywatt/Library/Developer/Xcode/DerivedData/TodoTimers-hhkfosrtfdujgsaeyczcbhtfazrk/Build/Intermediates.noindex/TodoTimers.build/Debug-watchsimulator/TodoTimers\ Watch\ App\ Watch\ App.build/Objects-normal/x86_64 -c -j10 -enable-batch-mode -incremental -Xcc -ivfsstatcache -Xcc /Users/jeremywatt/Library/Developer/Xcode/DerivedData/SDKStatCaches.noindex/watchsimulator11.5-22T572-f072d36b9981b6dc55608c571d18f8ef.sdkstatcache -output-file-map /Users/jeremywatt/Library/Developer/Xcode/DerivedData/TodoTimers-hhkfosrtfdujgsaeyczcbhtfazrk/Build/Intermediates.noindex/TodoTimers.build/Debug-watchsimulator/TodoTimers\ Watch\ App\ Watch\ App.build/Objects-normal/x86_64/TodoTimers\ Watch\ App\ Watch\ App-OutputFileMap.json -use-frontend-parseable-output -save-temps -no-color-diagnostics -serialize-diagnostics -emit-dependencies -emit-module -emit-module-path /Users/jeremywatt/Library/Developer/Xcode/DerivedData/TodoTimers-hhkfosrtfdujgsaeyczcbhtfazrk/Build/Intermediates.noindex/TodoTimers.build/Debug-watchsimulator/TodoTimers\ Watch\ App\ Watch\ App.build/Objects-normal/x86_64/TodoTimers_Watch_App_Watch_App.swiftmodule -validate-clang-modules-once -clang-build-session-file /Users/jeremywatt/Library/Developer/Xcode/DerivedData/ModuleCache.noindex/Session.modulevalidation -Xcc -I/Users/jeremywatt/Library/Developer/Xcode/DerivedData/TodoTimers-hhkfosrtfdujgsaeyczcbhtfazrk/Build/Intermediates.noindex/TodoTimers.build/Debug-watchsimulator/TodoTimers\ Watch\ App\ Watch\ App.build/swift-overrides.hmap -emit-const-values -Xfrontend -const-gather-protocols-file -Xfrontend /Users/jeremywatt/Library/Developer/Xcode/DerivedData/TodoTimers-hhkfosrtfdujgsaeyczcbhtfazrk/Build/Intermediates.noindex/TodoTimers.build/Debug-watchsimulator/TodoTimers\ Watch\ App\ Watch\ App.build/Objects-normal/x86_64/TodoTimers\ Watch\ App\ Watch\ App_const_extract_protocols.json -Xcc -iquote -Xcc /Users/jeremywatt/Library/Developer/Xcode/DerivedData/TodoTimers-hhkfosrtfdujgsaeyczcbhtfazrk/Build/Intermediates.noindex/TodoTimers.build/Debug-watchsimulator/TodoTimers\ Watch\ App\ Watch\ App.build/TodoTimers\ Watch\ App\ Watch\ App-generated-files.hmap -Xcc -I/Users/jeremywatt/Library/Developer/Xcode/DerivedData/TodoTimers-hhkfosrtfdujgsaeyczcbhtfazrk/Build/Intermediates.noindex/TodoTimers.build/Debug-watchsimulator/TodoTimers\ Watch\ App\ Watch\ App.build/TodoTimers\ Watch\ App\ Watch\ App-own-target-headers.hmap -Xcc -I/Users/jeremywatt/Library/Developer/Xcode/DerivedData/TodoTimers-hhkfosrtfdujgsaeyczcbhtfazrk/Build/Intermediates.noindex/TodoTimers.build/Debug-watchsimulator/TodoTimers\ Watch\ App\ Watch\ App.build/TodoTimers\ Watch\ App\ Watch\ App-all-target-headers.hmap -Xcc -iquote -Xcc /Users/jeremywatt/Library/Developer/Xcode/DerivedData/TodoTimers-hhkfosrtfdujgsaeyczcbhtfazrk/Build/Intermediates.noindex/TodoTimers.build/Debug-watchsimulator/TodoTimers\ Watch\ App\ Watch\ App.build/TodoTimers\ Watch\ App\ Watch\ App-project-headers.hmap -Xcc -I/Users/jeremywatt/Library/Developer/Xcode/DerivedData/TodoTimers-hhkfosrtfdujgsaeyczcbhtfazrk/Build/Products/Debug-watchsimulator/include -Xcc -I/Users/jeremywatt/Library/Developer/Xcode/DerivedData/TodoTimers-hhkfosrtfdujgsaeyczcbhtfazrk/Build/Intermediates.noindex/TodoTimers.build/Debug-watchsimulator/TodoTimers\ Watch\ App\ Watch\ App.build/DerivedSources-normal/x86_64 -Xcc -I/Users/jeremywatt/Library/Developer/Xcode/DerivedData/TodoTimers-hhkfosrtfdujgsaeyczcbhtfazrk/Build/Intermediates.noindex/TodoTimers.build/Debug-watchsimulator/TodoTimers\ Watch\ App\ Watch\ App.build/DerivedSources/x86_64 -Xcc -I/Users/jeremywatt/Library/Developer/Xcode/DerivedData/TodoTimers-hhkfosrtfdujgsaeyczcbhtfazrk/Build/Intermediates.noindex/TodoTimers.build/Debug-watchsimulator/TodoTimers\ Watch\ App\ Watch\ App.build/DerivedSources -Xcc -DDEBUG\=1 -emit-objc-header -emit-objc-header-path /Users/jeremywatt/Library/Developer/Xcode/DerivedData/TodoTimers-hhkfosrtfdujgsaeyczcbhtfazrk/Build/Intermediates.noindex/TodoTimers.build/Debug-watchsimulator/TodoTimers\ Watch\ App\ Watch\ App.build/Objects-normal/x86_64/TodoTimers_Watch_App_Watch_App-Swift.h -working-directory /Users/jeremywatt/Desktop/todo-timers-ios/TodoTimers -experimental-emit-module-separately -disable-cmo

SwiftDriver\ Compilation\ Requirements TodoTimers\ Watch\ App\ Watch\ App normal arm64 com.apple.xcode.tools.swift.compiler (in target 'TodoTimers Watch App Watch App' from project 'TodoTimers')
    cd /Users/jeremywatt/Desktop/todo-timers-ios/TodoTimers
    builtin-Swift-Compilation-Requirements -- /Applications/Xcode.app/Contents/Developer/Toolchains/XcodeDefault.xctoolchain/usr/bin/swiftc -module-name TodoTimers_Watch_App_Watch_App -Onone -enforce-exclusivity\=checked @/Users/jeremywatt/Library/Developer/Xcode/DerivedData/TodoTimers-hhkfosrtfdujgsaeyczcbhtfazrk/Build/Intermediates.noindex/TodoTimers.build/Debug-watchsimulator/TodoTimers\ Watch\ App\ Watch\ App.build/Objects-normal/arm64/TodoTimers\ Watch\ App\ Watch\ App.SwiftFileList -DDEBUG -enable-bare-slash-regex -enable-experimental-feature DebugDescriptionMacro -sdk /Applications/Xcode.app/Contents/Developer/Platforms/WatchSimulator.platform/Developer/SDKs/WatchSimulator11.5.sdk -target arm64-apple-watchos10.0-simulator -g -module-cache-path /Users/jeremywatt/Library/Developer/Xcode/DerivedData/ModuleCache.noindex -Xfrontend -serialize-debugging-options -profile-coverage-mapping -profile-generate -enable-testing -index-store-path /Users/jeremywatt/Library/Developer/Xcode/DerivedData/TodoTimers-hhkfosrtfdujgsaeyczcbhtfazrk/Index.noindex/DataStore -swift-version 5 -I /Users/jeremywatt/Library/Developer/Xcode/DerivedData/TodoTimers-hhkfosrtfdujgsaeyczcbhtfazrk/Build/Products/Debug-watchsimulator -F /Users/jeremywatt/Library/Developer/Xcode/DerivedData/TodoTimers-hhkfosrtfdujgsaeyczcbhtfazrk/Build/Products/Debug-watchsimulator -emit-localized-strings -emit-localized-strings-path /Users/jeremywatt/Library/Developer/Xcode/DerivedData/TodoTimers-hhkfosrtfdujgsaeyczcbhtfazrk/Build/Intermediates.noindex/TodoTimers.build/Debug-watchsimulator/TodoTimers\ Watch\ App\ Watch\ App.build/Objects-normal/arm64 -c -j10 -enable-batch-mode -incremental -Xcc -ivfsstatcache -Xcc /Users/jeremywatt/Library/Developer/Xcode/DerivedData/SDKStatCaches.noindex/watchsimulator11.5-22T572-f072d36b9981b6dc55608c571d18f8ef.sdkstatcache -output-file-map /Users/jeremywatt/Library/Developer/Xcode/DerivedData/TodoTimers-hhkfosrtfdujgsaeyczcbhtfazrk/Build/Intermediates.noindex/TodoTimers.build/Debug-watchsimulator/TodoTimers\ Watch\ App\ Watch\ App.build/Objects-normal/arm64/TodoTimers\ Watch\ App\ Watch\ App-OutputFileMap.json -use-frontend-parseable-output -save-temps -no-color-diagnostics -serialize-diagnostics -emit-dependencies -emit-module -emit-module-path /Users/jeremywatt/Library/Developer/Xcode/DerivedData/TodoTimers-hhkfosrtfdujgsaeyczcbhtfazrk/Build/Intermediates.noindex/TodoTimers.build/Debug-watchsimulator/TodoTimers\ Watch\ App\ Watch\ App.build/Objects-normal/arm64/TodoTimers_Watch_App_Watch_App.swiftmodule -validate-clang-modules-once -clang-build-session-file /Users/jeremywatt/Library/Developer/Xcode/DerivedData/ModuleCache.noindex/Session.modulevalidation -Xcc -I/Users/jeremywatt/Library/Developer/Xcode/DerivedData/TodoTimers-hhkfosrtfdujgsaeyczcbhtfazrk/Build/Intermediates.noindex/TodoTimers.build/Debug-watchsimulator/TodoTimers\ Watch\ App\ Watch\ App.build/swift-overrides.hmap -emit-const-values -Xfrontend -const-gather-protocols-file -Xfrontend /Users/jeremywatt/Library/Developer/Xcode/DerivedData/TodoTimers-hhkfosrtfdujgsaeyczcbhtfazrk/Build/Intermediates.noindex/TodoTimers.build/Debug-watchsimulator/TodoTimers\ Watch\ App\ Watch\ App.build/Objects-normal/arm64/TodoTimers\ Watch\ App\ Watch\ App_const_extract_protocols.json -Xcc -iquote -Xcc /Users/jeremywatt/Library/Developer/Xcode/DerivedData/TodoTimers-hhkfosrtfdujgsaeyczcbhtfazrk/Build/Intermediates.noindex/TodoTimers.build/Debug-watchsimulator/TodoTimers\ Watch\ App\ Watch\ App.build/TodoTimers\ Watch\ App\ Watch\ App-generated-files.hmap -Xcc -I/Users/jeremywatt/Library/Developer/Xcode/DerivedData/TodoTimers-hhkfosrtfdujgsaeyczcbhtfazrk/Build/Intermediates.noindex/TodoTimers.build/Debug-watchsimulator/TodoTimers\ Watch\ App\ Watch\ App.build/TodoTimers\ Watch\ App\ Watch\ App-own-target-headers.hmap -Xcc -I/Users/jeremywatt/Library/Developer/Xcode/DerivedData/TodoTimers-hhkfosrtfdujgsaeyczcbhtfazrk/Build/Intermediates.noindex/TodoTimers.build/Debug-watchsimulator/TodoTimers\ Watch\ App\ Watch\ App.build/TodoTimers\ Watch\ App\ Watch\ App-all-target-headers.hmap -Xcc -iquote -Xcc /Users/jeremywatt/Library/Developer/Xcode/DerivedData/TodoTimers-hhkfosrtfdujgsaeyczcbhtfazrk/Build/Intermediates.noindex/TodoTimers.build/Debug-watchsimulator/TodoTimers\ Watch\ App\ Watch\ App.build/TodoTimers\ Watch\ App\ Watch\ App-project-headers.hmap -Xcc -I/Users/jeremywatt/Library/Developer/Xcode/DerivedData/TodoTimers-hhkfosrtfdujgsaeyczcbhtfazrk/Build/Products/Debug-watchsimulator/include -Xcc -I/Users/jeremywatt/Library/Developer/Xcode/DerivedData/TodoTimers-hhkfosrtfdujgsaeyczcbhtfazrk/Build/Intermediates.noindex/TodoTimers.build/Debug-watchsimulator/TodoTimers\ Watch\ App\ Watch\ App.build/DerivedSources-normal/arm64 -Xcc -I/Users/jeremywatt/Library/Developer/Xcode/DerivedData/TodoTimers-hhkfosrtfdujgsaeyczcbhtfazrk/Build/Intermediates.noindex/TodoTimers.build/Debug-watchsimulator/TodoTimers\ Watch\ App\ Watch\ App.build/DerivedSources/arm64 -Xcc -I/Users/jeremywatt/Library/Developer/Xcode/DerivedData/TodoTimers-hhkfosrtfdujgsaeyczcbhtfazrk/Build/Intermediates.noindex/TodoTimers.build/Debug-watchsimulator/TodoTimers\ Watch\ App\ Watch\ App.build/DerivedSources -Xcc -DDEBUG\=1 -emit-objc-header -emit-objc-header-path /Users/jeremywatt/Library/Developer/Xcode/DerivedData/TodoTimers-hhkfosrtfdujgsaeyczcbhtfazrk/Build/Intermediates.noindex/TodoTimers.build/Debug-watchsimulator/TodoTimers\ Watch\ App\ Watch\ App.build/Objects-normal/arm64/TodoTimers_Watch_App_Watch_App-Swift.h -working-directory /Users/jeremywatt/Desktop/todo-timers-ios/TodoTimers -experimental-emit-module-separately -disable-cmo

SwiftDriver\ Compilation TodoTimers\ Watch\ App\ Watch\ App normal arm64 com.apple.xcode.tools.swift.compiler (in target 'TodoTimers Watch App Watch App' from project 'TodoTimers')
    cd /Users/jeremywatt/Desktop/todo-timers-ios/TodoTimers
    builtin-Swift-Compilation -- /Applications/Xcode.app/Contents/Developer/Toolchains/XcodeDefault.xctoolchain/usr/bin/swiftc -module-name TodoTimers_Watch_App_Watch_App -Onone -enforce-exclusivity\=checked @/Users/jeremywatt/Library/Developer/Xcode/DerivedData/TodoTimers-hhkfosrtfdujgsaeyczcbhtfazrk/Build/Intermediates.noindex/TodoTimers.build/Debug-watchsimulator/TodoTimers\ Watch\ App\ Watch\ App.build/Objects-normal/arm64/TodoTimers\ Watch\ App\ Watch\ App.SwiftFileList -DDEBUG -enable-bare-slash-regex -enable-experimental-feature DebugDescriptionMacro -sdk /Applications/Xcode.app/Contents/Developer/Platforms/WatchSimulator.platform/Developer/SDKs/WatchSimulator11.5.sdk -target arm64-apple-watchos10.0-simulator -g -module-cache-path /Users/jeremywatt/Library/Developer/Xcode/DerivedData/ModuleCache.noindex -Xfrontend -serialize-debugging-options -profile-coverage-mapping -profile-generate -enable-testing -index-store-path /Users/jeremywatt/Library/Developer/Xcode/DerivedData/TodoTimers-hhkfosrtfdujgsaeyczcbhtfazrk/Index.noindex/DataStore -swift-version 5 -I /Users/jeremywatt/Library/Developer/Xcode/DerivedData/TodoTimers-hhkfosrtfdujgsaeyczcbhtfazrk/Build/Products/Debug-watchsimulator -F /Users/jeremywatt/Library/Developer/Xcode/DerivedData/TodoTimers-hhkfosrtfdujgsaeyczcbhtfazrk/Build/Products/Debug-watchsimulator -emit-localized-strings -emit-localized-strings-path /Users/jeremywatt/Library/Developer/Xcode/DerivedData/TodoTimers-hhkfosrtfdujgsaeyczcbhtfazrk/Build/Intermediates.noindex/TodoTimers.build/Debug-watchsimulator/TodoTimers\ Watch\ App\ Watch\ App.build/Objects-normal/arm64 -c -j10 -enable-batch-mode -incremental -Xcc -ivfsstatcache -Xcc /Users/jeremywatt/Library/Developer/Xcode/DerivedData/SDKStatCaches.noindex/watchsimulator11.5-22T572-f072d36b9981b6dc55608c571d18f8ef.sdkstatcache -output-file-map /Users/jeremywatt/Library/Developer/Xcode/DerivedData/TodoTimers-hhkfosrtfdujgsaeyczcbhtfazrk/Build/Intermediates.noindex/TodoTimers.build/Debug-watchsimulator/TodoTimers\ Watch\ App\ Watch\ App.build/Objects-normal/arm64/TodoTimers\ Watch\ App\ Watch\ App-OutputFileMap.json -use-frontend-parseable-output -save-temps -no-color-diagnostics -serialize-diagnostics -emit-dependencies -emit-module -emit-module-path /Users/jeremywatt/Library/Developer/Xcode/DerivedData/TodoTimers-hhkfosrtfdujgsaeyczcbhtfazrk/Build/Intermediates.noindex/TodoTimers.build/Debug-watchsimulator/TodoTimers\ Watch\ App\ Watch\ App.build/Objects-normal/arm64/TodoTimers_Watch_App_Watch_App.swiftmodule -validate-clang-modules-once -clang-build-session-file /Users/jeremywatt/Library/Developer/Xcode/DerivedData/ModuleCache.noindex/Session.modulevalidation -Xcc -I/Users/jeremywatt/Library/Developer/Xcode/DerivedData/TodoTimers-hhkfosrtfdujgsaeyczcbhtfazrk/Build/Intermediates.noindex/TodoTimers.build/Debug-watchsimulator/TodoTimers\ Watch\ App\ Watch\ App.build/swift-overrides.hmap -emit-const-values -Xfrontend -const-gather-protocols-file -Xfrontend /Users/jeremywatt/Library/Developer/Xcode/DerivedData/TodoTimers-hhkfosrtfdujgsaeyczcbhtfazrk/Build/Intermediates.noindex/TodoTimers.build/Debug-watchsimulator/TodoTimers\ Watch\ App\ Watch\ App.build/Objects-normal/arm64/TodoTimers\ Watch\ App\ Watch\ App_const_extract_protocols.json -Xcc -iquote -Xcc /Users/jeremywatt/Library/Developer/Xcode/DerivedData/TodoTimers-hhkfosrtfdujgsaeyczcbhtfazrk/Build/Intermediates.noindex/TodoTimers.build/Debug-watchsimulator/TodoTimers\ Watch\ App\ Watch\ App.build/TodoTimers\ Watch\ App\ Watch\ App-generated-files.hmap -Xcc -I/Users/jeremywatt/Library/Developer/Xcode/DerivedData/TodoTimers-hhkfosrtfdujgsaeyczcbhtfazrk/Build/Intermediates.noindex/TodoTimers.build/Debug-watchsimulator/TodoTimers\ Watch\ App\ Watch\ App.build/TodoTimers\ Watch\ App\ Watch\ App-own-target-headers.hmap -Xcc -I/Users/jeremywatt/Library/Developer/Xcode/DerivedData/TodoTimers-hhkfosrtfdujgsaeyczcbhtfazrk/Build/Intermediates.noindex/TodoTimers.build/Debug-watchsimulator/TodoTimers\ Watch\ App\ Watch\ App.build/TodoTimers\ Watch\ App\ Watch\ App-all-target-headers.hmap -Xcc -iquote -Xcc /Users/jeremywatt/Library/Developer/Xcode/DerivedData/TodoTimers-hhkfosrtfdujgsaeyczcbhtfazrk/Build/Intermediates.noindex/TodoTimers.build/Debug-watchsimulator/TodoTimers\ Watch\ App\ Watch\ App.build/TodoTimers\ Watch\ App\ Watch\ App-project-headers.hmap -Xcc -I/Users/jeremywatt/Library/Developer/Xcode/DerivedData/TodoTimers-hhkfosrtfdujgsaeyczcbhtfazrk/Build/Products/Debug-watchsimulator/include -Xcc -I/Users/jeremywatt/Library/Developer/Xcode/DerivedData/TodoTimers-hhkfosrtfdujgsaeyczcbhtfazrk/Build/Intermediates.noindex/TodoTimers.build/Debug-watchsimulator/TodoTimers\ Watch\ App\ Watch\ App.build/DerivedSources-normal/arm64 -Xcc -I/Users/jeremywatt/Library/Developer/Xcode/DerivedData/TodoTimers-hhkfosrtfdujgsaeyczcbhtfazrk/Build/Intermediates.noindex/TodoTimers.build/Debug-watchsimulator/TodoTimers\ Watch\ App\ Watch\ App.build/DerivedSources/arm64 -Xcc -I/Users/jeremywatt/Library/Developer/Xcode/DerivedData/TodoTimers-hhkfosrtfdujgsaeyczcbhtfazrk/Build/Intermediates.noindex/TodoTimers.build/Debug-watchsimulator/TodoTimers\ Watch\ App\ Watch\ App.build/DerivedSources -Xcc -DDEBUG\=1 -emit-objc-header -emit-objc-header-path /Users/jeremywatt/Library/Developer/Xcode/DerivedData/TodoTimers-hhkfosrtfdujgsaeyczcbhtfazrk/Build/Intermediates.noindex/TodoTimers.build/Debug-watchsimulator/TodoTimers\ Watch\ App\ Watch\ App.build/Objects-normal/arm64/TodoTimers_Watch_App_Watch_App-Swift.h -working-directory /Users/jeremywatt/Desktop/todo-timers-ios/TodoTimers -experimental-emit-module-separately -disable-cmo

SwiftDriver\ Compilation TodoTimers\ Watch\ App\ Watch\ App normal x86_64 com.apple.xcode.tools.swift.compiler (in target 'TodoTimers Watch App Watch App' from project 'TodoTimers')
    cd /Users/jeremywatt/Desktop/todo-timers-ios/TodoTimers
    builtin-Swift-Compilation -- /Applications/Xcode.app/Contents/Developer/Toolchains/XcodeDefault.xctoolchain/usr/bin/swiftc -module-name TodoTimers_Watch_App_Watch_App -Onone -enforce-exclusivity\=checked @/Users/jeremywatt/Library/Developer/Xcode/DerivedData/TodoTimers-hhkfosrtfdujgsaeyczcbhtfazrk/Build/Intermediates.noindex/TodoTimers.build/Debug-watchsimulator/TodoTimers\ Watch\ App\ Watch\ App.build/Objects-normal/x86_64/TodoTimers\ Watch\ App\ Watch\ App.SwiftFileList -DDEBUG -enable-bare-slash-regex -enable-experimental-feature DebugDescriptionMacro -sdk /Applications/Xcode.app/Contents/Developer/Platforms/WatchSimulator.platform/Developer/SDKs/WatchSimulator11.5.sdk -target x86_64-apple-watchos10.0-simulator -g -module-cache-path /Users/jeremywatt/Library/Developer/Xcode/DerivedData/ModuleCache.noindex -Xfrontend -serialize-debugging-options -profile-coverage-mapping -profile-generate -enable-testing -index-store-path /Users/jeremywatt/Library/Developer/Xcode/DerivedData/TodoTimers-hhkfosrtfdujgsaeyczcbhtfazrk/Index.noindex/DataStore -swift-version 5 -I /Users/jeremywatt/Library/Developer/Xcode/DerivedData/TodoTimers-hhkfosrtfdujgsaeyczcbhtfazrk/Build/Products/Debug-watchsimulator -F /Users/jeremywatt/Library/Developer/Xcode/DerivedData/TodoTimers-hhkfosrtfdujgsaeyczcbhtfazrk/Build/Products/Debug-watchsimulator -emit-localized-strings -emit-localized-strings-path /Users/jeremywatt/Library/Developer/Xcode/DerivedData/TodoTimers-hhkfosrtfdujgsaeyczcbhtfazrk/Build/Intermediates.noindex/TodoTimers.build/Debug-watchsimulator/TodoTimers\ Watch\ App\ Watch\ App.build/Objects-normal/x86_64 -c -j10 -enable-batch-mode -incremental -Xcc -ivfsstatcache -Xcc /Users/jeremywatt/Library/Developer/Xcode/DerivedData/SDKStatCaches.noindex/watchsimulator11.5-22T572-f072d36b9981b6dc55608c571d18f8ef.sdkstatcache -output-file-map /Users/jeremywatt/Library/Developer/Xcode/DerivedData/TodoTimers-hhkfosrtfdujgsaeyczcbhtfazrk/Build/Intermediates.noindex/TodoTimers.build/Debug-watchsimulator/TodoTimers\ Watch\ App\ Watch\ App.build/Objects-normal/x86_64/TodoTimers\ Watch\ App\ Watch\ App-OutputFileMap.json -use-frontend-parseable-output -save-temps -no-color-diagnostics -serialize-diagnostics -emit-dependencies -emit-module -emit-module-path /Users/jeremywatt/Library/Developer/Xcode/DerivedData/TodoTimers-hhkfosrtfdujgsaeyczcbhtfazrk/Build/Intermediates.noindex/TodoTimers.build/Debug-watchsimulator/TodoTimers\ Watch\ App\ Watch\ App.build/Objects-normal/x86_64/TodoTimers_Watch_App_Watch_App.swiftmodule -validate-clang-modules-once -clang-build-session-file /Users/jeremywatt/Library/Developer/Xcode/DerivedData/ModuleCache.noindex/Session.modulevalidation -Xcc -I/Users/jeremywatt/Library/Developer/Xcode/DerivedData/TodoTimers-hhkfosrtfdujgsaeyczcbhtfazrk/Build/Intermediates.noindex/TodoTimers.build/Debug-watchsimulator/TodoTimers\ Watch\ App\ Watch\ App.build/swift-overrides.hmap -emit-const-values -Xfrontend -const-gather-protocols-file -Xfrontend /Users/jeremywatt/Library/Developer/Xcode/DerivedData/TodoTimers-hhkfosrtfdujgsaeyczcbhtfazrk/Build/Intermediates.noindex/TodoTimers.build/Debug-watchsimulator/TodoTimers\ Watch\ App\ Watch\ App.build/Objects-normal/x86_64/TodoTimers\ Watch\ App\ Watch\ App_const_extract_protocols.json -Xcc -iquote -Xcc /Users/jeremywatt/Library/Developer/Xcode/DerivedData/TodoTimers-hhkfosrtfdujgsaeyczcbhtfazrk/Build/Intermediates.noindex/TodoTimers.build/Debug-watchsimulator/TodoTimers\ Watch\ App\ Watch\ App.build/TodoTimers\ Watch\ App\ Watch\ App-generated-files.hmap -Xcc -I/Users/jeremywatt/Library/Developer/Xcode/DerivedData/TodoTimers-hhkfosrtfdujgsaeyczcbhtfazrk/Build/Intermediates.noindex/TodoTimers.build/Debug-watchsimulator/TodoTimers\ Watch\ App\ Watch\ App.build/TodoTimers\ Watch\ App\ Watch\ App-own-target-headers.hmap -Xcc -I/Users/jeremywatt/Library/Developer/Xcode/DerivedData/TodoTimers-hhkfosrtfdujgsaeyczcbhtfazrk/Build/Intermediates.noindex/TodoTimers.build/Debug-watchsimulator/TodoTimers\ Watch\ App\ Watch\ App.build/TodoTimers\ Watch\ App\ Watch\ App-all-target-headers.hmap -Xcc -iquote -Xcc /Users/jeremywatt/Library/Developer/Xcode/DerivedData/TodoTimers-hhkfosrtfdujgsaeyczcbhtfazrk/Build/Intermediates.noindex/TodoTimers.build/Debug-watchsimulator/TodoTimers\ Watch\ App\ Watch\ App.build/TodoTimers\ Watch\ App\ Watch\ App-project-headers.hmap -Xcc -I/Users/jeremywatt/Library/Developer/Xcode/DerivedData/TodoTimers-hhkfosrtfdujgsaeyczcbhtfazrk/Build/Products/Debug-watchsimulator/include -Xcc -I/Users/jeremywatt/Library/Developer/Xcode/DerivedData/TodoTimers-hhkfosrtfdujgsaeyczcbhtfazrk/Build/Intermediates.noindex/TodoTimers.build/Debug-watchsimulator/TodoTimers\ Watch\ App\ Watch\ App.build/DerivedSources-normal/x86_64 -Xcc -I/Users/jeremywatt/Library/Developer/Xcode/DerivedData/TodoTimers-hhkfosrtfdujgsaeyczcbhtfazrk/Build/Intermediates.noindex/TodoTimers.build/Debug-watchsimulator/TodoTimers\ Watch\ App\ Watch\ App.build/DerivedSources/x86_64 -Xcc -I/Users/jeremywatt/Library/Developer/Xcode/DerivedData/TodoTimers-hhkfosrtfdujgsaeyczcbhtfazrk/Build/Intermediates.noindex/TodoTimers.build/Debug-watchsimulator/TodoTimers\ Watch\ App\ Watch\ App.build/DerivedSources -Xcc -DDEBUG\=1 -emit-objc-header -emit-objc-header-path /Users/jeremywatt/Library/Developer/Xcode/DerivedData/TodoTimers-hhkfosrtfdujgsaeyczcbhtfazrk/Build/Intermediates.noindex/TodoTimers.build/Debug-watchsimulator/TodoTimers\ Watch\ App\ Watch\ App.build/Objects-normal/x86_64/TodoTimers_Watch_App_Watch_App-Swift.h -working-directory /Users/jeremywatt/Desktop/todo-timers-ios/TodoTimers -experimental-emit-module-separately -disable-cmo

SwiftDriver TodoTimers normal arm64 com.apple.xcode.tools.swift.compiler (in target 'TodoTimers' from project 'TodoTimers')
    cd /Users/jeremywatt/Desktop/todo-timers-ios/TodoTimers
    builtin-SwiftDriver -- /Applications/Xcode.app/Contents/Developer/Toolchains/XcodeDefault.xctoolchain/usr/bin/swiftc -module-name TodoTimers -Onone -enforce-exclusivity\=checked @/Users/jeremywatt/Library/Developer/Xcode/DerivedData/TodoTimers-hhkfosrtfdujgsaeyczcbhtfazrk/Build/Intermediates.noindex/TodoTimers.build/Debug-iphonesimulator/TodoTimers.build/Objects-normal/arm64/TodoTimers.SwiftFileList -DDEBUG -enable-bare-slash-regex -enable-experimental-feature DebugDescriptionMacro -sdk /Applications/Xcode.app/Contents/Developer/Platforms/iPhoneSimulator.platform/Developer/SDKs/iPhoneSimulator18.5.sdk -target arm64-apple-ios17.0-simulator -g -module-cache-path /Users/jeremywatt/Library/Developer/Xcode/DerivedData/ModuleCache.noindex -Xfrontend -serialize-debugging-options -profile-coverage-mapping -profile-generate -enable-testing -index-store-path /Users/jeremywatt/Library/Developer/Xcode/DerivedData/TodoTimers-hhkfosrtfdujgsaeyczcbhtfazrk/Index.noindex/DataStore -swift-version 5 -I /Users/jeremywatt/Library/Developer/Xcode/DerivedData/TodoTimers-hhkfosrtfdujgsaeyczcbhtfazrk/Build/Products/Debug-iphonesimulator -F /Users/jeremywatt/Library/Developer/Xcode/DerivedData/TodoTimers-hhkfosrtfdujgsaeyczcbhtfazrk/Build/Products/Debug-iphonesimulator -emit-localized-strings -emit-localized-strings-path /Users/jeremywatt/Library/Developer/Xcode/DerivedData/TodoTimers-hhkfosrtfdujgsaeyczcbhtfazrk/Build/Intermediates.noindex/TodoTimers.build/Debug-iphonesimulator/TodoTimers.build/Objects-normal/arm64 -c -j10 -enable-batch-mode -incremental -Xcc -ivfsstatcache -Xcc /Users/jeremywatt/Library/Developer/Xcode/DerivedData/SDKStatCaches.noindex/iphonesimulator18.5-22F76-d5fc8ad4295d2ef488fb7d0f804ce0c4.sdkstatcache -output-file-map /Users/jeremywatt/Library/Developer/Xcode/DerivedData/TodoTimers-hhkfosrtfdujgsaeyczcbhtfazrk/Build/Intermediates.noindex/TodoTimers.build/Debug-iphonesimulator/TodoTimers.build/Objects-normal/arm64/TodoTimers-OutputFileMap.json -use-frontend-parseable-output -save-temps -no-color-diagnostics -serialize-diagnostics -emit-dependencies -emit-module -emit-module-path /Users/jeremywatt/Library/Developer/Xcode/DerivedData/TodoTimers-hhkfosrtfdujgsaeyczcbhtfazrk/Build/Intermediates.noindex/TodoTimers.build/Debug-iphonesimulator/TodoTimers.build/Objects-normal/arm64/TodoTimers.swiftmodule -validate-clang-modules-once -clang-build-session-file /Users/jeremywatt/Library/Developer/Xcode/DerivedData/ModuleCache.noindex/Session.modulevalidation -Xcc -I/Users/jeremywatt/Library/Developer/Xcode/DerivedData/TodoTimers-hhkfosrtfdujgsaeyczcbhtfazrk/Build/Intermediates.noindex/TodoTimers.build/Debug-iphonesimulator/TodoTimers.build/swift-overrides.hmap -emit-const-values -Xfrontend -const-gather-protocols-file -Xfrontend /Users/jeremywatt/Library/Developer/Xcode/DerivedData/TodoTimers-hhkfosrtfdujgsaeyczcbhtfazrk/Build/Intermediates.noindex/TodoTimers.build/Debug-iphonesimulator/TodoTimers.build/Objects-normal/arm64/TodoTimers_const_extract_protocols.json -Xcc -iquote -Xcc /Users/jeremywatt/Library/Developer/Xcode/DerivedData/TodoTimers-hhkfosrtfdujgsaeyczcbhtfazrk/Build/Intermediates.noindex/TodoTimers.build/Debug-iphonesimulator/TodoTimers.build/TodoTimers-generated-files.hmap -Xcc -I/Users/jeremywatt/Library/Developer/Xcode/DerivedData/TodoTimers-hhkfosrtfdujgsaeyczcbhtfazrk/Build/Intermediates.noindex/TodoTimers.build/Debug-iphonesimulator/TodoTimers.build/TodoTimers-own-target-headers.hmap -Xcc -I/Users/jeremywatt/Library/Developer/Xcode/DerivedData/TodoTimers-hhkfosrtfdujgsaeyczcbhtfazrk/Build/Intermediates.noindex/TodoTimers.build/Debug-iphonesimulator/TodoTimers.build/TodoTimers-all-target-headers.hmap -Xcc -iquote -Xcc /Users/jeremywatt/Library/Developer/Xcode/DerivedData/TodoTimers-hhkfosrtfdujgsaeyczcbhtfazrk/Build/Intermediates.noindex/TodoTimers.build/Debug-iphonesimulator/TodoTimers.build/TodoTimers-project-headers.hmap -Xcc -I/Users/jeremywatt/Library/Developer/Xcode/DerivedData/TodoTimers-hhkfosrtfdujgsaeyczcbhtfazrk/Build/Products/Debug-iphonesimulator/include -Xcc -I/Users/jeremywatt/Library/Developer/Xcode/DerivedData/TodoTimers-hhkfosrtfdujgsaeyczcbhtfazrk/Build/Intermediates.noindex/TodoTimers.build/Debug-iphonesimulator/TodoTimers.build/DerivedSources-normal/arm64 -Xcc -I/Users/jeremywatt/Library/Developer/Xcode/DerivedData/TodoTimers-hhkfosrtfdujgsaeyczcbhtfazrk/Build/Intermediates.noindex/TodoTimers.build/Debug-iphonesimulator/TodoTimers.build/DerivedSources/arm64 -Xcc -I/Users/jeremywatt/Library/Developer/Xcode/DerivedData/TodoTimers-hhkfosrtfdujgsaeyczcbhtfazrk/Build/Intermediates.noindex/TodoTimers.build/Debug-iphonesimulator/TodoTimers.build/DerivedSources -Xcc -DDEBUG\=1 -emit-objc-header -emit-objc-header-path /Users/jeremywatt/Library/Developer/Xcode/DerivedData/TodoTimers-hhkfosrtfdujgsaeyczcbhtfazrk/Build/Intermediates.noindex/TodoTimers.build/Debug-iphonesimulator/TodoTimers.build/Objects-normal/arm64/TodoTimers-Swift.h -working-directory /Users/jeremywatt/Desktop/todo-timers-ios/TodoTimers -experimental-emit-module-separately -disable-cmo

Ld /Users/jeremywatt/Library/Developer/Xcode/DerivedData/TodoTimers-hhkfosrtfdujgsaeyczcbhtfazrk/Build/Intermediates.noindex/TodoTimers.build/Debug-watchsimulator/TodoTimers\ Watch\ App\ Watch\ App.build/Objects-normal/x86_64/Binary/TodoTimers\ Watch\ App\ Watch\ App.debug.dylib normal x86_64 (in target 'TodoTimers Watch App Watch App' from project 'TodoTimers')
    cd /Users/jeremywatt/Desktop/todo-timers-ios/TodoTimers
    /Applications/Xcode.app/Contents/Developer/Toolchains/XcodeDefault.xctoolchain/usr/bin/clang -Xlinker -reproducible -target x86_64-apple-watchos10.0-simulator -dynamiclib -isysroot /Applications/Xcode.app/Contents/Developer/Platforms/WatchSimulator.platform/Developer/SDKs/WatchSimulator11.5.sdk -O0 -L/Users/jeremywatt/Library/Developer/Xcode/DerivedData/TodoTimers-hhkfosrtfdujgsaeyczcbhtfazrk/Build/Intermediates.noindex/EagerLinkingTBDs/Debug-watchsimulator -L/Users/jeremywatt/Library/Developer/Xcode/DerivedData/TodoTimers-hhkfosrtfdujgsaeyczcbhtfazrk/Build/Products/Debug-watchsimulator -F/Users/jeremywatt/Library/Developer/Xcode/DerivedData/TodoTimers-hhkfosrtfdujgsaeyczcbhtfazrk/Build/Intermediates.noindex/EagerLinkingTBDs/Debug-watchsimulator -F/Users/jeremywatt/Library/Developer/Xcode/DerivedData/TodoTimers-hhkfosrtfdujgsaeyczcbhtfazrk/Build/Products/Debug-watchsimulator -filelist /Users/jeremywatt/Library/Developer/Xcode/DerivedData/TodoTimers-hhkfosrtfdujgsaeyczcbhtfazrk/Build/Intermediates.noindex/TodoTimers.build/Debug-watchsimulator/TodoTimers\ Watch\ App\ Watch\ App.build/Objects-normal/x86_64/TodoTimers\ Watch\ App\ Watch\ App.LinkFileList -install_name @rpath/TodoTimers\ Watch\ App\ Watch\ App.debug.dylib -Xlinker -rpath -Xlinker @executable_path/Frameworks -dead_strip -Xlinker -object_path_lto -Xlinker /Users/jeremywatt/Library/Developer/Xcode/DerivedData/TodoTimers-hhkfosrtfdujgsaeyczcbhtfazrk/Build/Intermediates.noindex/TodoTimers.build/Debug-watchsimulator/TodoTimers\ Watch\ App\ Watch\ App.build/Objects-normal/x86_64/TodoTimers\ Watch\ App\ Watch\ App_lto.o -rdynamic -Xlinker -no_deduplicate -Xlinker -objc_abi_version -Xlinker 2 -Xlinker -debug_variant -Xlinker -dependency_info -Xlinker /Users/jeremywatt/Library/Developer/Xcode/DerivedData/TodoTimers-hhkfosrtfdujgsaeyczcbhtfazrk/Build/Intermediates.noindex/TodoTimers.build/Debug-watchsimulator/TodoTimers\ Watch\ App\ Watch\ App.build/Objects-normal/x86_64/TodoTimers\ Watch\ App\ Watch\ App_dependency_info.dat -fobjc-link-runtime -fprofile-instr-generate -L/Applications/Xcode.app/Contents/Developer/Toolchains/XcodeDefault.xctoolchain/usr/lib/swift/watchsimulator -L/usr/lib/swift -Xlinker -add_ast_path -Xlinker /Users/jeremywatt/Library/Developer/Xcode/DerivedData/TodoTimers-hhkfosrtfdujgsaeyczcbhtfazrk/Build/Intermediates.noindex/TodoTimers.build/Debug-watchsimulator/TodoTimers\ Watch\ App\ Watch\ App.build/Objects-normal/x86_64/TodoTimers_Watch_App_Watch_App.swiftmodule -Xlinker -alias -Xlinker _main -Xlinker ___debug_main_executable_dylib_entry_point -Xlinker -no_adhoc_codesign -o /Users/jeremywatt/Library/Developer/Xcode/DerivedData/TodoTimers-hhkfosrtfdujgsaeyczcbhtfazrk/Build/Intermediates.noindex/TodoTimers.build/Debug-watchsimulator/TodoTimers\ Watch\ App\ Watch\ App.build/Objects-normal/x86_64/Binary/TodoTimers\ Watch\ App\ Watch\ App.debug.dylib

Ld /Users/jeremywatt/Library/Developer/Xcode/DerivedData/TodoTimers-hhkfosrtfdujgsaeyczcbhtfazrk/Build/Intermediates.noindex/TodoTimers.build/Debug-watchsimulator/TodoTimers\ Watch\ App\ Watch\ App.build/Objects-normal/arm64/Binary/TodoTimers\ Watch\ App\ Watch\ App.debug.dylib normal arm64 (in target 'TodoTimers Watch App Watch App' from project 'TodoTimers')
    cd /Users/jeremywatt/Desktop/todo-timers-ios/TodoTimers
    /Applications/Xcode.app/Contents/Developer/Toolchains/XcodeDefault.xctoolchain/usr/bin/clang -Xlinker -reproducible -target arm64-apple-watchos10.0-simulator -dynamiclib -isysroot /Applications/Xcode.app/Contents/Developer/Platforms/WatchSimulator.platform/Developer/SDKs/WatchSimulator11.5.sdk -O0 -L/Users/jeremywatt/Library/Developer/Xcode/DerivedData/TodoTimers-hhkfosrtfdujgsaeyczcbhtfazrk/Build/Intermediates.noindex/EagerLinkingTBDs/Debug-watchsimulator -L/Users/jeremywatt/Library/Developer/Xcode/DerivedData/TodoTimers-hhkfosrtfdujgsaeyczcbhtfazrk/Build/Products/Debug-watchsimulator -F/Users/jeremywatt/Library/Developer/Xcode/DerivedData/TodoTimers-hhkfosrtfdujgsaeyczcbhtfazrk/Build/Intermediates.noindex/EagerLinkingTBDs/Debug-watchsimulator -F/Users/jeremywatt/Library/Developer/Xcode/DerivedData/TodoTimers-hhkfosrtfdujgsaeyczcbhtfazrk/Build/Products/Debug-watchsimulator -filelist /Users/jeremywatt/Library/Developer/Xcode/DerivedData/TodoTimers-hhkfosrtfdujgsaeyczcbhtfazrk/Build/Intermediates.noindex/TodoTimers.build/Debug-watchsimulator/TodoTimers\ Watch\ App\ Watch\ App.build/Objects-normal/arm64/TodoTimers\ Watch\ App\ Watch\ App.LinkFileList -install_name @rpath/TodoTimers\ Watch\ App\ Watch\ App.debug.dylib -Xlinker -rpath -Xlinker @executable_path/Frameworks -dead_strip -Xlinker -object_path_lto -Xlinker /Users/jeremywatt/Library/Developer/Xcode/DerivedData/TodoTimers-hhkfosrtfdujgsaeyczcbhtfazrk/Build/Intermediates.noindex/TodoTimers.build/Debug-watchsimulator/TodoTimers\ Watch\ App\ Watch\ App.build/Objects-normal/arm64/TodoTimers\ Watch\ App\ Watch\ App_lto.o -rdynamic -Xlinker -no_deduplicate -Xlinker -objc_abi_version -Xlinker 2 -Xlinker -debug_variant -Xlinker -dependency_info -Xlinker /Users/jeremywatt/Library/Developer/Xcode/DerivedData/TodoTimers-hhkfosrtfdujgsaeyczcbhtfazrk/Build/Intermediates.noindex/TodoTimers.build/Debug-watchsimulator/TodoTimers\ Watch\ App\ Watch\ App.build/Objects-normal/arm64/TodoTimers\ Watch\ App\ Watch\ App_dependency_info.dat -fobjc-link-runtime -fprofile-instr-generate -L/Applications/Xcode.app/Contents/Developer/Toolchains/XcodeDefault.xctoolchain/usr/lib/swift/watchsimulator -L/usr/lib/swift -Xlinker -add_ast_path -Xlinker /Users/jeremywatt/Library/Developer/Xcode/DerivedData/TodoTimers-hhkfosrtfdujgsaeyczcbhtfazrk/Build/Intermediates.noindex/TodoTimers.build/Debug-watchsimulator/TodoTimers\ Watch\ App\ Watch\ App.build/Objects-normal/arm64/TodoTimers_Watch_App_Watch_App.swiftmodule -Xlinker -alias -Xlinker _main -Xlinker ___debug_main_executable_dylib_entry_point -Xlinker -no_adhoc_codesign -o /Users/jeremywatt/Library/Developer/Xcode/DerivedData/TodoTimers-hhkfosrtfdujgsaeyczcbhtfazrk/Build/Intermediates.noindex/TodoTimers.build/Debug-watchsimulator/TodoTimers\ Watch\ App\ Watch\ App.build/Objects-normal/arm64/Binary/TodoTimers\ Watch\ App\ Watch\ App.debug.dylib

SwiftDriver\ Compilation\ Requirements TodoTimers normal arm64 com.apple.xcode.tools.swift.compiler (in target 'TodoTimers' from project 'TodoTimers')
    cd /Users/jeremywatt/Desktop/todo-timers-ios/TodoTimers
    builtin-Swift-Compilation-Requirements -- /Applications/Xcode.app/Contents/Developer/Toolchains/XcodeDefault.xctoolchain/usr/bin/swiftc -module-name TodoTimers -Onone -enforce-exclusivity\=checked @/Users/jeremywatt/Library/Developer/Xcode/DerivedData/TodoTimers-hhkfosrtfdujgsaeyczcbhtfazrk/Build/Intermediates.noindex/TodoTimers.build/Debug-iphonesimulator/TodoTimers.build/Objects-normal/arm64/TodoTimers.SwiftFileList -DDEBUG -enable-bare-slash-regex -enable-experimental-feature DebugDescriptionMacro -sdk /Applications/Xcode.app/Contents/Developer/Platforms/iPhoneSimulator.platform/Developer/SDKs/iPhoneSimulator18.5.sdk -target arm64-apple-ios17.0-simulator -g -module-cache-path /Users/jeremywatt/Library/Developer/Xcode/DerivedData/ModuleCache.noindex -Xfrontend -serialize-debugging-options -profile-coverage-mapping -profile-generate -enable-testing -index-store-path /Users/jeremywatt/Library/Developer/Xcode/DerivedData/TodoTimers-hhkfosrtfdujgsaeyczcbhtfazrk/Index.noindex/DataStore -swift-version 5 -I /Users/jeremywatt/Library/Developer/Xcode/DerivedData/TodoTimers-hhkfosrtfdujgsaeyczcbhtfazrk/Build/Products/Debug-iphonesimulator -F /Users/jeremywatt/Library/Developer/Xcode/DerivedData/TodoTimers-hhkfosrtfdujgsaeyczcbhtfazrk/Build/Products/Debug-iphonesimulator -emit-localized-strings -emit-localized-strings-path /Users/jeremywatt/Library/Developer/Xcode/DerivedData/TodoTimers-hhkfosrtfdujgsaeyczcbhtfazrk/Build/Intermediates.noindex/TodoTimers.build/Debug-iphonesimulator/TodoTimers.build/Objects-normal/arm64 -c -j10 -enable-batch-mode -incremental -Xcc -ivfsstatcache -Xcc /Users/jeremywatt/Library/Developer/Xcode/DerivedData/SDKStatCaches.noindex/iphonesimulator18.5-22F76-d5fc8ad4295d2ef488fb7d0f804ce0c4.sdkstatcache -output-file-map /Users/jeremywatt/Library/Developer/Xcode/DerivedData/TodoTimers-hhkfosrtfdujgsaeyczcbhtfazrk/Build/Intermediates.noindex/TodoTimers.build/Debug-iphonesimulator/TodoTimers.build/Objects-normal/arm64/TodoTimers-OutputFileMap.json -use-frontend-parseable-output -save-temps -no-color-diagnostics -serialize-diagnostics -emit-dependencies -emit-module -emit-module-path /Users/jeremywatt/Library/Developer/Xcode/DerivedData/TodoTimers-hhkfosrtfdujgsaeyczcbhtfazrk/Build/Intermediates.noindex/TodoTimers.build/Debug-iphonesimulator/TodoTimers.build/Objects-normal/arm64/TodoTimers.swiftmodule -validate-clang-modules-once -clang-build-session-file /Users/jeremywatt/Library/Developer/Xcode/DerivedData/ModuleCache.noindex/Session.modulevalidation -Xcc -I/Users/jeremywatt/Library/Developer/Xcode/DerivedData/TodoTimers-hhkfosrtfdujgsaeyczcbhtfazrk/Build/Intermediates.noindex/TodoTimers.build/Debug-iphonesimulator/TodoTimers.build/swift-overrides.hmap -emit-const-values -Xfrontend -const-gather-protocols-file -Xfrontend /Users/jeremywatt/Library/Developer/Xcode/DerivedData/TodoTimers-hhkfosrtfdujgsaeyczcbhtfazrk/Build/Intermediates.noindex/TodoTimers.build/Debug-iphonesimulator/TodoTimers.build/Objects-normal/arm64/TodoTimers_const_extract_protocols.json -Xcc -iquote -Xcc /Users/jeremywatt/Library/Developer/Xcode/DerivedData/TodoTimers-hhkfosrtfdujgsaeyczcbhtfazrk/Build/Intermediates.noindex/TodoTimers.build/Debug-iphonesimulator/TodoTimers.build/TodoTimers-generated-files.hmap -Xcc -I/Users/jeremywatt/Library/Developer/Xcode/DerivedData/TodoTimers-hhkfosrtfdujgsaeyczcbhtfazrk/Build/Intermediates.noindex/TodoTimers.build/Debug-iphonesimulator/TodoTimers.build/TodoTimers-own-target-headers.hmap -Xcc -I/Users/jeremywatt/Library/Developer/Xcode/DerivedData/TodoTimers-hhkfosrtfdujgsaeyczcbhtfazrk/Build/Intermediates.noindex/TodoTimers.build/Debug-iphonesimulator/TodoTimers.build/TodoTimers-all-target-headers.hmap -Xcc -iquote -Xcc /Users/jeremywatt/Library/Developer/Xcode/DerivedData/TodoTimers-hhkfosrtfdujgsaeyczcbhtfazrk/Build/Intermediates.noindex/TodoTimers.build/Debug-iphonesimulator/TodoTimers.build/TodoTimers-project-headers.hmap -Xcc -I/Users/jeremywatt/Library/Developer/Xcode/DerivedData/TodoTimers-hhkfosrtfdujgsaeyczcbhtfazrk/Build/Products/Debug-iphonesimulator/include -Xcc -I/Users/jeremywatt/Library/Developer/Xcode/DerivedData/TodoTimers-hhkfosrtfdujgsaeyczcbhtfazrk/Build/Intermediates.noindex/TodoTimers.build/Debug-iphonesimulator/TodoTimers.build/DerivedSources-normal/arm64 -Xcc -I/Users/jeremywatt/Library/Developer/Xcode/DerivedData/TodoTimers-hhkfosrtfdujgsaeyczcbhtfazrk/Build/Intermediates.noindex/TodoTimers.build/Debug-iphonesimulator/TodoTimers.build/DerivedSources/arm64 -Xcc -I/Users/jeremywatt/Library/Developer/Xcode/DerivedData/TodoTimers-hhkfosrtfdujgsaeyczcbhtfazrk/Build/Intermediates.noindex/TodoTimers.build/Debug-iphonesimulator/TodoTimers.build/DerivedSources -Xcc -DDEBUG\=1 -emit-objc-header -emit-objc-header-path /Users/jeremywatt/Library/Developer/Xcode/DerivedData/TodoTimers-hhkfosrtfdujgsaeyczcbhtfazrk/Build/Intermediates.noindex/TodoTimers.build/Debug-iphonesimulator/TodoTimers.build/Objects-normal/arm64/TodoTimers-Swift.h -working-directory /Users/jeremywatt/Desktop/todo-timers-ios/TodoTimers -experimental-emit-module-separately -disable-cmo

SwiftDriver\ Compilation TodoTimers normal arm64 com.apple.xcode.tools.swift.compiler (in target 'TodoTimers' from project 'TodoTimers')
    cd /Users/jeremywatt/Desktop/todo-timers-ios/TodoTimers
    builtin-Swift-Compilation -- /Applications/Xcode.app/Contents/Developer/Toolchains/XcodeDefault.xctoolchain/usr/bin/swiftc -module-name TodoTimers -Onone -enforce-exclusivity\=checked @/Users/jeremywatt/Library/Developer/Xcode/DerivedData/TodoTimers-hhkfosrtfdujgsaeyczcbhtfazrk/Build/Intermediates.noindex/TodoTimers.build/Debug-iphonesimulator/TodoTimers.build/Objects-normal/arm64/TodoTimers.SwiftFileList -DDEBUG -enable-bare-slash-regex -enable-experimental-feature DebugDescriptionMacro -sdk /Applications/Xcode.app/Contents/Developer/Platforms/iPhoneSimulator.platform/Developer/SDKs/iPhoneSimulator18.5.sdk -target arm64-apple-ios17.0-simulator -g -module-cache-path /Users/jeremywatt/Library/Developer/Xcode/DerivedData/ModuleCache.noindex -Xfrontend -serialize-debugging-options -profile-coverage-mapping -profile-generate -enable-testing -index-store-path /Users/jeremywatt/Library/Developer/Xcode/DerivedData/TodoTimers-hhkfosrtfdujgsaeyczcbhtfazrk/Index.noindex/DataStore -swift-version 5 -I /Users/jeremywatt/Library/Developer/Xcode/DerivedData/TodoTimers-hhkfosrtfdujgsaeyczcbhtfazrk/Build/Products/Debug-iphonesimulator -F /Users/jeremywatt/Library/Developer/Xcode/DerivedData/TodoTimers-hhkfosrtfdujgsaeyczcbhtfazrk/Build/Products/Debug-iphonesimulator -emit-localized-strings -emit-localized-strings-path /Users/jeremywatt/Library/Developer/Xcode/DerivedData/TodoTimers-hhkfosrtfdujgsaeyczcbhtfazrk/Build/Intermediates.noindex/TodoTimers.build/Debug-iphonesimulator/TodoTimers.build/Objects-normal/arm64 -c -j10 -enable-batch-mode -incremental -Xcc -ivfsstatcache -Xcc /Users/jeremywatt/Library/Developer/Xcode/DerivedData/SDKStatCaches.noindex/iphonesimulator18.5-22F76-d5fc8ad4295d2ef488fb7d0f804ce0c4.sdkstatcache -output-file-map /Users/jeremywatt/Library/Developer/Xcode/DerivedData/TodoTimers-hhkfosrtfdujgsaeyczcbhtfazrk/Build/Intermediates.noindex/TodoTimers.build/Debug-iphonesimulator/TodoTimers.build/Objects-normal/arm64/TodoTimers-OutputFileMap.json -use-frontend-parseable-output -save-temps -no-color-diagnostics -serialize-diagnostics -emit-dependencies -emit-module -emit-module-path /Users/jeremywatt/Library/Developer/Xcode/DerivedData/TodoTimers-hhkfosrtfdujgsaeyczcbhtfazrk/Build/Intermediates.noindex/TodoTimers.build/Debug-iphonesimulator/TodoTimers.build/Objects-normal/arm64/TodoTimers.swiftmodule -validate-clang-modules-once -clang-build-session-file /Users/jeremywatt/Library/Developer/Xcode/DerivedData/ModuleCache.noindex/Session.modulevalidation -Xcc -I/Users/jeremywatt/Library/Developer/Xcode/DerivedData/TodoTimers-hhkfosrtfdujgsaeyczcbhtfazrk/Build/Intermediates.noindex/TodoTimers.build/Debug-iphonesimulator/TodoTimers.build/swift-overrides.hmap -emit-const-values -Xfrontend -const-gather-protocols-file -Xfrontend /Users/jeremywatt/Library/Developer/Xcode/DerivedData/TodoTimers-hhkfosrtfdujgsaeyczcbhtfazrk/Build/Intermediates.noindex/TodoTimers.build/Debug-iphonesimulator/TodoTimers.build/Objects-normal/arm64/TodoTimers_const_extract_protocols.json -Xcc -iquote -Xcc /Users/jeremywatt/Library/Developer/Xcode/DerivedData/TodoTimers-hhkfosrtfdujgsaeyczcbhtfazrk/Build/Intermediates.noindex/TodoTimers.build/Debug-iphonesimulator/TodoTimers.build/TodoTimers-generated-files.hmap -Xcc -I/Users/jeremywatt/Library/Developer/Xcode/DerivedData/TodoTimers-hhkfosrtfdujgsaeyczcbhtfazrk/Build/Intermediates.noindex/TodoTimers.build/Debug-iphonesimulator/TodoTimers.build/TodoTimers-own-target-headers.hmap -Xcc -I/Users/jeremywatt/Library/Developer/Xcode/DerivedData/TodoTimers-hhkfosrtfdujgsaeyczcbhtfazrk/Build/Intermediates.noindex/TodoTimers.build/Debug-iphonesimulator/TodoTimers.build/TodoTimers-all-target-headers.hmap -Xcc -iquote -Xcc /Users/jeremywatt/Library/Developer/Xcode/DerivedData/TodoTimers-hhkfosrtfdujgsaeyczcbhtfazrk/Build/Intermediates.noindex/TodoTimers.build/Debug-iphonesimulator/TodoTimers.build/TodoTimers-project-headers.hmap -Xcc -I/Users/jeremywatt/Library/Developer/Xcode/DerivedData/TodoTimers-hhkfosrtfdujgsaeyczcbhtfazrk/Build/Products/Debug-iphonesimulator/include -Xcc -I/Users/jeremywatt/Library/Developer/Xcode/DerivedData/TodoTimers-hhkfosrtfdujgsaeyczcbhtfazrk/Build/Intermediates.noindex/TodoTimers.build/Debug-iphonesimulator/TodoTimers.build/DerivedSources-normal/arm64 -Xcc -I/Users/jeremywatt/Library/Developer/Xcode/DerivedData/TodoTimers-hhkfosrtfdujgsaeyczcbhtfazrk/Build/Intermediates.noindex/TodoTimers.build/Debug-iphonesimulator/TodoTimers.build/DerivedSources/arm64 -Xcc -I/Users/jeremywatt/Library/Developer/Xcode/DerivedData/TodoTimers-hhkfosrtfdujgsaeyczcbhtfazrk/Build/Intermediates.noindex/TodoTimers.build/Debug-iphonesimulator/TodoTimers.build/DerivedSources -Xcc -DDEBUG\=1 -emit-objc-header -emit-objc-header-path /Users/jeremywatt/Library/Developer/Xcode/DerivedData/TodoTimers-hhkfosrtfdujgsaeyczcbhtfazrk/Build/Intermediates.noindex/TodoTimers.build/Debug-iphonesimulator/TodoTimers.build/Objects-normal/arm64/TodoTimers-Swift.h -working-directory /Users/jeremywatt/Desktop/todo-timers-ios/TodoTimers -experimental-emit-module-separately -disable-cmo

SwiftDriver TodoTimersTests normal arm64 com.apple.xcode.tools.swift.compiler (in target 'TodoTimersTests' from project 'TodoTimers')
    cd /Users/jeremywatt/Desktop/todo-timers-ios/TodoTimers
    builtin-SwiftDriver -- /Applications/Xcode.app/Contents/Developer/Toolchains/XcodeDefault.xctoolchain/usr/bin/swiftc -module-name TodoTimersTests -Onone -enforce-exclusivity\=checked @/Users/jeremywatt/Library/Developer/Xcode/DerivedData/TodoTimers-hhkfosrtfdujgsaeyczcbhtfazrk/Build/Intermediates.noindex/TodoTimers.build/Debug-iphonesimulator/TodoTimersTests.build/Objects-normal/arm64/TodoTimersTests.SwiftFileList -DDEBUG -plugin-path /Applications/Xcode.app/Contents/Developer/Toolchains/XcodeDefault.xctoolchain/usr/lib/swift/host/plugins/testing -enable-bare-slash-regex -enable-experimental-feature DebugDescriptionMacro -sdk /Applications/Xcode.app/Contents/Developer/Platforms/iPhoneSimulator.platform/Developer/SDKs/iPhoneSimulator18.5.sdk -target arm64-apple-ios17.0-simulator -g -module-cache-path /Users/jeremywatt/Library/Developer/Xcode/DerivedData/ModuleCache.noindex -Xfrontend -serialize-debugging-options -profile-coverage-mapping -profile-generate -enable-testing -index-store-path /Users/jeremywatt/Library/Developer/Xcode/DerivedData/TodoTimers-hhkfosrtfdujgsaeyczcbhtfazrk/Index.noindex/DataStore -swift-version 5 -I /Users/jeremywatt/Library/Developer/Xcode/DerivedData/TodoTimers-hhkfosrtfdujgsaeyczcbhtfazrk/Build/Products/Debug-iphonesimulator -I /Applications/Xcode.app/Contents/Developer/Platforms/iPhoneSimulator.platform/Developer/usr/lib -F /Users/jeremywatt/Library/Developer/Xcode/DerivedData/TodoTimers-hhkfosrtfdujgsaeyczcbhtfazrk/Build/Products/Debug-iphonesimulator -F /Applications/Xcode.app/Contents/Developer/Platforms/iPhoneSimulator.platform/Developer/Library/Frameworks -F /Applications/Xcode.app/Contents/Developer/Platforms/iPhoneSimulator.platform/Developer/SDKs/iPhoneSimulator18.5.sdk/Developer/Library/Frameworks -c -j10 -enable-batch-mode -incremental -Xcc -ivfsstatcache -Xcc /Users/jeremywatt/Library/Developer/Xcode/DerivedData/SDKStatCaches.noindex/iphonesimulator18.5-22F76-d5fc8ad4295d2ef488fb7d0f804ce0c4.sdkstatcache -output-file-map /Users/jeremywatt/Library/Developer/Xcode/DerivedData/TodoTimers-hhkfosrtfdujgsaeyczcbhtfazrk/Build/Intermediates.noindex/TodoTimers.build/Debug-iphonesimulator/TodoTimersTests.build/Objects-normal/arm64/TodoTimersTests-OutputFileMap.json -use-frontend-parseable-output -save-temps -no-color-diagnostics -serialize-diagnostics -emit-dependencies -emit-module -emit-module-path /Users/jeremywatt/Library/Developer/Xcode/DerivedData/TodoTimers-hhkfosrtfdujgsaeyczcbhtfazrk/Build/Intermediates.noindex/TodoTimers.build/Debug-iphonesimulator/TodoTimersTests.build/Objects-normal/arm64/TodoTimersTests.swiftmodule -validate-clang-modules-once -clang-build-session-file /Users/jeremywatt/Library/Developer/Xcode/DerivedData/ModuleCache.noindex/Session.modulevalidation -Xcc -I/Users/jeremywatt/Library/Developer/Xcode/DerivedData/TodoTimers-hhkfosrtfdujgsaeyczcbhtfazrk/Build/Intermediates.noindex/TodoTimers.build/Debug-iphonesimulator/TodoTimersTests.build/swift-overrides.hmap -emit-const-values -Xfrontend -const-gather-protocols-file -Xfrontend /Users/jeremywatt/Library/Developer/Xcode/DerivedData/TodoTimers-hhkfosrtfdujgsaeyczcbhtfazrk/Build/Intermediates.noindex/TodoTimers.build/Debug-iphonesimulator/TodoTimersTests.build/Objects-normal/arm64/TodoTimersTests_const_extract_protocols.json -Xcc -iquote -Xcc /Users/jeremywatt/Library/Developer/Xcode/DerivedData/TodoTimers-hhkfosrtfdujgsaeyczcbhtfazrk/Build/Intermediates.noindex/TodoTimers.build/Debug-iphonesimulator/TodoTimersTests.build/TodoTimersTests-generated-files.hmap -Xcc -I/Users/jeremywatt/Library/Developer/Xcode/DerivedData/TodoTimers-hhkfosrtfdujgsaeyczcbhtfazrk/Build/Intermediates.noindex/TodoTimers.build/Debug-iphonesimulator/TodoTimersTests.build/TodoTimersTests-own-target-headers.hmap -Xcc -I/Users/jeremywatt/Library/Developer/Xcode/DerivedData/TodoTimers-hhkfosrtfdujgsaeyczcbhtfazrk/Build/Intermediates.noindex/TodoTimers.build/Debug-iphonesimulator/TodoTimersTests.build/TodoTimersTests-all-target-headers.hmap -Xcc -iquote -Xcc /Users/jeremywatt/Library/Developer/Xcode/DerivedData/TodoTimers-hhkfosrtfdujgsaeyczcbhtfazrk/Build/Intermediates.noindex/TodoTimers.build/Debug-iphonesimulator/TodoTimersTests.build/TodoTimersTests-project-headers.hmap -Xcc -I/Users/jeremywatt/Library/Developer/Xcode/DerivedData/TodoTimers-hhkfosrtfdujgsaeyczcbhtfazrk/Build/Products/Debug-iphonesimulator/include -Xcc -I/Users/jeremywatt/Library/Developer/Xcode/DerivedData/TodoTimers-hhkfosrtfdujgsaeyczcbhtfazrk/Build/Intermediates.noindex/TodoTimers.build/Debug-iphonesimulator/TodoTimersTests.build/DerivedSources-normal/arm64 -Xcc -I/Users/jeremywatt/Library/Developer/Xcode/DerivedData/TodoTimers-hhkfosrtfdujgsaeyczcbhtfazrk/Build/Intermediates.noindex/TodoTimers.build/Debug-iphonesimulator/TodoTimersTests.build/DerivedSources/arm64 -Xcc -I/Users/jeremywatt/Library/Developer/Xcode/DerivedData/TodoTimers-hhkfosrtfdujgsaeyczcbhtfazrk/Build/Intermediates.noindex/TodoTimers.build/Debug-iphonesimulator/TodoTimersTests.build/DerivedSources -Xcc -DDEBUG\=1 -emit-objc-header -emit-objc-header-path /Users/jeremywatt/Library/Developer/Xcode/DerivedData/TodoTimers-hhkfosrtfdujgsaeyczcbhtfazrk/Build/Intermediates.noindex/TodoTimers.build/Debug-iphonesimulator/TodoTimersTests.build/Objects-normal/arm64/TodoTimersTests-Swift.h -working-directory /Users/jeremywatt/Desktop/todo-timers-ios/TodoTimers -experimental-emit-module-separately -disable-cmo

SwiftDriver TodoTimersUITests normal arm64 com.apple.xcode.tools.swift.compiler (in target 'TodoTimersUITests' from project 'TodoTimers')
    cd /Users/jeremywatt/Desktop/todo-timers-ios/TodoTimers
    builtin-SwiftDriver -- /Applications/Xcode.app/Contents/Developer/Toolchains/XcodeDefault.xctoolchain/usr/bin/swiftc -module-name TodoTimersUITests -Onone -enforce-exclusivity\=checked @/Users/jeremywatt/Library/Developer/Xcode/DerivedData/TodoTimers-hhkfosrtfdujgsaeyczcbhtfazrk/Build/Intermediates.noindex/TodoTimers.build/Debug-iphonesimulator/TodoTimersUITests.build/Objects-normal/arm64/TodoTimersUITests.SwiftFileList -DDEBUG -module-alias Testing\=_Testing_Unavailable -plugin-path /Applications/Xcode.app/Contents/Developer/Toolchains/XcodeDefault.xctoolchain/usr/lib/swift/host/plugins/testing -enable-bare-slash-regex -enable-experimental-feature DebugDescriptionMacro -sdk /Applications/Xcode.app/Contents/Developer/Platforms/iPhoneSimulator.platform/Developer/SDKs/iPhoneSimulator18.5.sdk -target arm64-apple-ios17.0-simulator -g -module-cache-path /Users/jeremywatt/Library/Developer/Xcode/DerivedData/ModuleCache.noindex -Xfrontend -serialize-debugging-options -profile-coverage-mapping -profile-generate -enable-testing -index-store-path /Users/jeremywatt/Library/Developer/Xcode/DerivedData/TodoTimers-hhkfosrtfdujgsaeyczcbhtfazrk/Index.noindex/DataStore -swift-version 5 -I /Users/jeremywatt/Library/Developer/Xcode/DerivedData/TodoTimers-hhkfosrtfdujgsaeyczcbhtfazrk/Build/Products/Debug-iphonesimulator -I /Applications/Xcode.app/Contents/Developer/Platforms/iPhoneSimulator.platform/Developer/usr/lib -F /Users/jeremywatt/Library/Developer/Xcode/DerivedData/TodoTimers-hhkfosrtfdujgsaeyczcbhtfazrk/Build/Products/Debug-iphonesimulator -F /Applications/Xcode.app/Contents/Developer/Platforms/iPhoneSimulator.platform/Developer/Library/Frameworks -F /Applications/Xcode.app/Contents/Developer/Platforms/iPhoneSimulator.platform/Developer/SDKs/iPhoneSimulator18.5.sdk/Developer/Library/Frameworks -c -j10 -enable-batch-mode -incremental -Xcc -ivfsstatcache -Xcc /Users/jeremywatt/Library/Developer/Xcode/DerivedData/SDKStatCaches.noindex/iphonesimulator18.5-22F76-d5fc8ad4295d2ef488fb7d0f804ce0c4.sdkstatcache -output-file-map /Users/jeremywatt/Library/Developer/Xcode/DerivedData/TodoTimers-hhkfosrtfdujgsaeyczcbhtfazrk/Build/Intermediates.noindex/TodoTimers.build/Debug-iphonesimulator/TodoTimersUITests.build/Objects-normal/arm64/TodoTimersUITests-OutputFileMap.json -use-frontend-parseable-output -save-temps -no-color-diagnostics -serialize-diagnostics -emit-dependencies -emit-module -emit-module-path /Users/jeremywatt/Library/Developer/Xcode/DerivedData/TodoTimers-hhkfosrtfdujgsaeyczcbhtfazrk/Build/Intermediates.noindex/TodoTimers.build/Debug-iphonesimulator/TodoTimersUITests.build/Objects-normal/arm64/TodoTimersUITests.swiftmodule -validate-clang-modules-once -clang-build-session-file /Users/jeremywatt/Library/Developer/Xcode/DerivedData/ModuleCache.noindex/Session.modulevalidation -Xcc -I/Users/jeremywatt/Library/Developer/Xcode/DerivedData/TodoTimers-hhkfosrtfdujgsaeyczcbhtfazrk/Build/Intermediates.noindex/TodoTimers.build/Debug-iphonesimulator/TodoTimersUITests.build/swift-overrides.hmap -emit-const-values -Xfrontend -const-gather-protocols-file -Xfrontend /Users/jeremywatt/Library/Developer/Xcode/DerivedData/TodoTimers-hhkfosrtfdujgsaeyczcbhtfazrk/Build/Intermediates.noindex/TodoTimers.build/Debug-iphonesimulator/TodoTimersUITests.build/Objects-normal/arm64/TodoTimersUITests_const_extract_protocols.json -Xcc -iquote -Xcc /Users/jeremywatt/Library/Developer/Xcode/DerivedData/TodoTimers-hhkfosrtfdujgsaeyczcbhtfazrk/Build/Intermediates.noindex/TodoTimers.build/Debug-iphonesimulator/TodoTimersUITests.build/TodoTimersUITests-generated-files.hmap -Xcc -I/Users/jeremywatt/Library/Developer/Xcode/DerivedData/TodoTimers-hhkfosrtfdujgsaeyczcbhtfazrk/Build/Intermediates.noindex/TodoTimers.build/Debug-iphonesimulator/TodoTimersUITests.build/TodoTimersUITests-own-target-headers.hmap -Xcc -I/Users/jeremywatt/Library/Developer/Xcode/DerivedData/TodoTimers-hhkfosrtfdujgsaeyczcbhtfazrk/Build/Intermediates.noindex/TodoTimers.build/Debug-iphonesimulator/TodoTimersUITests.build/TodoTimersUITests-all-target-headers.hmap -Xcc -iquote -Xcc /Users/jeremywatt/Library/Developer/Xcode/DerivedData/TodoTimers-hhkfosrtfdujgsaeyczcbhtfazrk/Build/Intermediates.noindex/TodoTimers.build/Debug-iphonesimulator/TodoTimersUITests.build/TodoTimersUITests-project-headers.hmap -Xcc -I/Users/jeremywatt/Library/Developer/Xcode/DerivedData/TodoTimers-hhkfosrtfdujgsaeyczcbhtfazrk/Build/Products/Debug-iphonesimulator/include -Xcc -I/Users/jeremywatt/Library/Developer/Xcode/DerivedData/TodoTimers-hhkfosrtfdujgsaeyczcbhtfazrk/Build/Intermediates.noindex/TodoTimers.build/Debug-iphonesimulator/TodoTimersUITests.build/DerivedSources-normal/arm64 -Xcc -I/Users/jeremywatt/Library/Developer/Xcode/DerivedData/TodoTimers-hhkfosrtfdujgsaeyczcbhtfazrk/Build/Intermediates.noindex/TodoTimers.build/Debug-iphonesimulator/TodoTimersUITests.build/DerivedSources/arm64 -Xcc -I/Users/jeremywatt/Library/Developer/Xcode/DerivedData/TodoTimers-hhkfosrtfdujgsaeyczcbhtfazrk/Build/Intermediates.noindex/TodoTimers.build/Debug-iphonesimulator/TodoTimersUITests.build/DerivedSources -Xcc -DDEBUG\=1 -emit-objc-header -emit-objc-header-path /Users/jeremywatt/Library/Developer/Xcode/DerivedData/TodoTimers-hhkfosrtfdujgsaeyczcbhtfazrk/Build/Intermediates.noindex/TodoTimers.build/Debug-iphonesimulator/TodoTimersUITests.build/Objects-normal/arm64/TodoTimersUITests-Swift.h -working-directory /Users/jeremywatt/Desktop/todo-timers-ios/TodoTimers -experimental-emit-module-separately -disable-cmo

SwiftDriver\ Compilation\ Requirements TodoTimersUITests normal arm64 com.apple.xcode.tools.swift.compiler (in target 'TodoTimersUITests' from project 'TodoTimers')
    cd /Users/jeremywatt/Desktop/todo-timers-ios/TodoTimers
    builtin-Swift-Compilation-Requirements -- /Applications/Xcode.app/Contents/Developer/Toolchains/XcodeDefault.xctoolchain/usr/bin/swiftc -module-name TodoTimersUITests -Onone -enforce-exclusivity\=checked @/Users/jeremywatt/Library/Developer/Xcode/DerivedData/TodoTimers-hhkfosrtfdujgsaeyczcbhtfazrk/Build/Intermediates.noindex/TodoTimers.build/Debug-iphonesimulator/TodoTimersUITests.build/Objects-normal/arm64/TodoTimersUITests.SwiftFileList -DDEBUG -module-alias Testing\=_Testing_Unavailable -plugin-path /Applications/Xcode.app/Contents/Developer/Toolchains/XcodeDefault.xctoolchain/usr/lib/swift/host/plugins/testing -enable-bare-slash-regex -enable-experimental-feature DebugDescriptionMacro -sdk /Applications/Xcode.app/Contents/Developer/Platforms/iPhoneSimulator.platform/Developer/SDKs/iPhoneSimulator18.5.sdk -target arm64-apple-ios17.0-simulator -g -module-cache-path /Users/jeremywatt/Library/Developer/Xcode/DerivedData/ModuleCache.noindex -Xfrontend -serialize-debugging-options -profile-coverage-mapping -profile-generate -enable-testing -index-store-path /Users/jeremywatt/Library/Developer/Xcode/DerivedData/TodoTimers-hhkfosrtfdujgsaeyczcbhtfazrk/Index.noindex/DataStore -swift-version 5 -I /Users/jeremywatt/Library/Developer/Xcode/DerivedData/TodoTimers-hhkfosrtfdujgsaeyczcbhtfazrk/Build/Products/Debug-iphonesimulator -I /Applications/Xcode.app/Contents/Developer/Platforms/iPhoneSimulator.platform/Developer/usr/lib -F /Users/jeremywatt/Library/Developer/Xcode/DerivedData/TodoTimers-hhkfosrtfdujgsaeyczcbhtfazrk/Build/Products/Debug-iphonesimulator -F /Applications/Xcode.app/Contents/Developer/Platforms/iPhoneSimulator.platform/Developer/Library/Frameworks -F /Applications/Xcode.app/Contents/Developer/Platforms/iPhoneSimulator.platform/Developer/SDKs/iPhoneSimulator18.5.sdk/Developer/Library/Frameworks -c -j10 -enable-batch-mode -incremental -Xcc -ivfsstatcache -Xcc /Users/jeremywatt/Library/Developer/Xcode/DerivedData/SDKStatCaches.noindex/iphonesimulator18.5-22F76-d5fc8ad4295d2ef488fb7d0f804ce0c4.sdkstatcache -output-file-map /Users/jeremywatt/Library/Developer/Xcode/DerivedData/TodoTimers-hhkfosrtfdujgsaeyczcbhtfazrk/Build/Intermediates.noindex/TodoTimers.build/Debug-iphonesimulator/TodoTimersUITests.build/Objects-normal/arm64/TodoTimersUITests-OutputFileMap.json -use-frontend-parseable-output -save-temps -no-color-diagnostics -serialize-diagnostics -emit-dependencies -emit-module -emit-module-path /Users/jeremywatt/Library/Developer/Xcode/DerivedData/TodoTimers-hhkfosrtfdujgsaeyczcbhtfazrk/Build/Intermediates.noindex/TodoTimers.build/Debug-iphonesimulator/TodoTimersUITests.build/Objects-normal/arm64/TodoTimersUITests.swiftmodule -validate-clang-modules-once -clang-build-session-file /Users/jeremywatt/Library/Developer/Xcode/DerivedData/ModuleCache.noindex/Session.modulevalidation -Xcc -I/Users/jeremywatt/Library/Developer/Xcode/DerivedData/TodoTimers-hhkfosrtfdujgsaeyczcbhtfazrk/Build/Intermediates.noindex/TodoTimers.build/Debug-iphonesimulator/TodoTimersUITests.build/swift-overrides.hmap -emit-const-values -Xfrontend -const-gather-protocols-file -Xfrontend /Users/jeremywatt/Library/Developer/Xcode/DerivedData/TodoTimers-hhkfosrtfdujgsaeyczcbhtfazrk/Build/Intermediates.noindex/TodoTimers.build/Debug-iphonesimulator/TodoTimersUITests.build/Objects-normal/arm64/TodoTimersUITests_const_extract_protocols.json -Xcc -iquote -Xcc /Users/jeremywatt/Library/Developer/Xcode/DerivedData/TodoTimers-hhkfosrtfdujgsaeyczcbhtfazrk/Build/Intermediates.noindex/TodoTimers.build/Debug-iphonesimulator/TodoTimersUITests.build/TodoTimersUITests-generated-files.hmap -Xcc -I/Users/jeremywatt/Library/Developer/Xcode/DerivedData/TodoTimers-hhkfosrtfdujgsaeyczcbhtfazrk/Build/Intermediates.noindex/TodoTimers.build/Debug-iphonesimulator/TodoTimersUITests.build/TodoTimersUITests-own-target-headers.hmap -Xcc -I/Users/jeremywatt/Library/Developer/Xcode/DerivedData/TodoTimers-hhkfosrtfdujgsaeyczcbhtfazrk/Build/Intermediates.noindex/TodoTimers.build/Debug-iphonesimulator/TodoTimersUITests.build/TodoTimersUITests-all-target-headers.hmap -Xcc -iquote -Xcc /Users/jeremywatt/Library/Developer/Xcode/DerivedData/TodoTimers-hhkfosrtfdujgsaeyczcbhtfazrk/Build/Intermediates.noindex/TodoTimers.build/Debug-iphonesimulator/TodoTimersUITests.build/TodoTimersUITests-project-headers.hmap -Xcc -I/Users/jeremywatt/Library/Developer/Xcode/DerivedData/TodoTimers-hhkfosrtfdujgsaeyczcbhtfazrk/Build/Products/Debug-iphonesimulator/include -Xcc -I/Users/jeremywatt/Library/Developer/Xcode/DerivedData/TodoTimers-hhkfosrtfdujgsaeyczcbhtfazrk/Build/Intermediates.noindex/TodoTimers.build/Debug-iphonesimulator/TodoTimersUITests.build/DerivedSources-normal/arm64 -Xcc -I/Users/jeremywatt/Library/Developer/Xcode/DerivedData/TodoTimers-hhkfosrtfdujgsaeyczcbhtfazrk/Build/Intermediates.noindex/TodoTimers.build/Debug-iphonesimulator/TodoTimersUITests.build/DerivedSources/arm64 -Xcc -I/Users/jeremywatt/Library/Developer/Xcode/DerivedData/TodoTimers-hhkfosrtfdujgsaeyczcbhtfazrk/Build/Intermediates.noindex/TodoTimers.build/Debug-iphonesimulator/TodoTimersUITests.build/DerivedSources -Xcc -DDEBUG\=1 -emit-objc-header -emit-objc-header-path /Users/jeremywatt/Library/Developer/Xcode/DerivedData/TodoTimers-hhkfosrtfdujgsaeyczcbhtfazrk/Build/Intermediates.noindex/TodoTimers.build/Debug-iphonesimulator/TodoTimersUITests.build/Objects-normal/arm64/TodoTimersUITests-Swift.h -working-directory /Users/jeremywatt/Desktop/todo-timers-ios/TodoTimers -experimental-emit-module-separately -disable-cmo

SwiftDriver\ Compilation TodoTimersUITests normal arm64 com.apple.xcode.tools.swift.compiler (in target 'TodoTimersUITests' from project 'TodoTimers')
    cd /Users/jeremywatt/Desktop/todo-timers-ios/TodoTimers
    builtin-Swift-Compilation -- /Applications/Xcode.app/Contents/Developer/Toolchains/XcodeDefault.xctoolchain/usr/bin/swiftc -module-name TodoTimersUITests -Onone -enforce-exclusivity\=checked @/Users/jeremywatt/Library/Developer/Xcode/DerivedData/TodoTimers-hhkfosrtfdujgsaeyczcbhtfazrk/Build/Intermediates.noindex/TodoTimers.build/Debug-iphonesimulator/TodoTimersUITests.build/Objects-normal/arm64/TodoTimersUITests.SwiftFileList -DDEBUG -module-alias Testing\=_Testing_Unavailable -plugin-path /Applications/Xcode.app/Contents/Developer/Toolchains/XcodeDefault.xctoolchain/usr/lib/swift/host/plugins/testing -enable-bare-slash-regex -enable-experimental-feature DebugDescriptionMacro -sdk /Applications/Xcode.app/Contents/Developer/Platforms/iPhoneSimulator.platform/Developer/SDKs/iPhoneSimulator18.5.sdk -target arm64-apple-ios17.0-simulator -g -module-cache-path /Users/jeremywatt/Library/Developer/Xcode/DerivedData/ModuleCache.noindex -Xfrontend -serialize-debugging-options -profile-coverage-mapping -profile-generate -enable-testing -index-store-path /Users/jeremywatt/Library/Developer/Xcode/DerivedData/TodoTimers-hhkfosrtfdujgsaeyczcbhtfazrk/Index.noindex/DataStore -swift-version 5 -I /Users/jeremywatt/Library/Developer/Xcode/DerivedData/TodoTimers-hhkfosrtfdujgsaeyczcbhtfazrk/Build/Products/Debug-iphonesimulator -I /Applications/Xcode.app/Contents/Developer/Platforms/iPhoneSimulator.platform/Developer/usr/lib -F /Users/jeremywatt/Library/Developer/Xcode/DerivedData/TodoTimers-hhkfosrtfdujgsaeyczcbhtfazrk/Build/Products/Debug-iphonesimulator -F /Applications/Xcode.app/Contents/Developer/Platforms/iPhoneSimulator.platform/Developer/Library/Frameworks -F /Applications/Xcode.app/Contents/Developer/Platforms/iPhoneSimulator.platform/Developer/SDKs/iPhoneSimulator18.5.sdk/Developer/Library/Frameworks -c -j10 -enable-batch-mode -incremental -Xcc -ivfsstatcache -Xcc /Users/jeremywatt/Library/Developer/Xcode/DerivedData/SDKStatCaches.noindex/iphonesimulator18.5-22F76-d5fc8ad4295d2ef488fb7d0f804ce0c4.sdkstatcache -output-file-map /Users/jeremywatt/Library/Developer/Xcode/DerivedData/TodoTimers-hhkfosrtfdujgsaeyczcbhtfazrk/Build/Intermediates.noindex/TodoTimers.build/Debug-iphonesimulator/TodoTimersUITests.build/Objects-normal/arm64/TodoTimersUITests-OutputFileMap.json -use-frontend-parseable-output -save-temps -no-color-diagnostics -serialize-diagnostics -emit-dependencies -emit-module -emit-module-path /Users/jeremywatt/Library/Developer/Xcode/DerivedData/TodoTimers-hhkfosrtfdujgsaeyczcbhtfazrk/Build/Intermediates.noindex/TodoTimers.build/Debug-iphonesimulator/TodoTimersUITests.build/Objects-normal/arm64/TodoTimersUITests.swiftmodule -validate-clang-modules-once -clang-build-session-file /Users/jeremywatt/Library/Developer/Xcode/DerivedData/ModuleCache.noindex/Session.modulevalidation -Xcc -I/Users/jeremywatt/Library/Developer/Xcode/DerivedData/TodoTimers-hhkfosrtfdujgsaeyczcbhtfazrk/Build/Intermediates.noindex/TodoTimers.build/Debug-iphonesimulator/TodoTimersUITests.build/swift-overrides.hmap -emit-const-values -Xfrontend -const-gather-protocols-file -Xfrontend /Users/jeremywatt/Library/Developer/Xcode/DerivedData/TodoTimers-hhkfosrtfdujgsaeyczcbhtfazrk/Build/Intermediates.noindex/TodoTimers.build/Debug-iphonesimulator/TodoTimersUITests.build/Objects-normal/arm64/TodoTimersUITests_const_extract_protocols.json -Xcc -iquote -Xcc /Users/jeremywatt/Library/Developer/Xcode/DerivedData/TodoTimers-hhkfosrtfdujgsaeyczcbhtfazrk/Build/Intermediates.noindex/TodoTimers.build/Debug-iphonesimulator/TodoTimersUITests.build/TodoTimersUITests-generated-files.hmap -Xcc -I/Users/jeremywatt/Library/Developer/Xcode/DerivedData/TodoTimers-hhkfosrtfdujgsaeyczcbhtfazrk/Build/Intermediates.noindex/TodoTimers.build/Debug-iphonesimulator/TodoTimersUITests.build/TodoTimersUITests-own-target-headers.hmap -Xcc -I/Users/jeremywatt/Library/Developer/Xcode/DerivedData/TodoTimers-hhkfosrtfdujgsaeyczcbhtfazrk/Build/Intermediates.noindex/TodoTimers.build/Debug-iphonesimulator/TodoTimersUITests.build/TodoTimersUITests-all-target-headers.hmap -Xcc -iquote -Xcc /Users/jeremywatt/Library/Developer/Xcode/DerivedData/TodoTimers-hhkfosrtfdujgsaeyczcbhtfazrk/Build/Intermediates.noindex/TodoTimers.build/Debug-iphonesimulator/TodoTimersUITests.build/TodoTimersUITests-project-headers.hmap -Xcc -I/Users/jeremywatt/Library/Developer/Xcode/DerivedData/TodoTimers-hhkfosrtfdujgsaeyczcbhtfazrk/Build/Products/Debug-iphonesimulator/include -Xcc -I/Users/jeremywatt/Library/Developer/Xcode/DerivedData/TodoTimers-hhkfosrtfdujgsaeyczcbhtfazrk/Build/Intermediates.noindex/TodoTimers.build/Debug-iphonesimulator/TodoTimersUITests.build/DerivedSources-normal/arm64 -Xcc -I/Users/jeremywatt/Library/Developer/Xcode/DerivedData/TodoTimers-hhkfosrtfdujgsaeyczcbhtfazrk/Build/Intermediates.noindex/TodoTimers.build/Debug-iphonesimulator/TodoTimersUITests.build/DerivedSources/arm64 -Xcc -I/Users/jeremywatt/Library/Developer/Xcode/DerivedData/TodoTimers-hhkfosrtfdujgsaeyczcbhtfazrk/Build/Intermediates.noindex/TodoTimers.build/Debug-iphonesimulator/TodoTimersUITests.build/DerivedSources -Xcc -DDEBUG\=1 -emit-objc-header -emit-objc-header-path /Users/jeremywatt/Library/Developer/Xcode/DerivedData/TodoTimers-hhkfosrtfdujgsaeyczcbhtfazrk/Build/Intermediates.noindex/TodoTimers.build/Debug-iphonesimulator/TodoTimersUITests.build/Objects-normal/arm64/TodoTimersUITests-Swift.h -working-directory /Users/jeremywatt/Desktop/todo-timers-ios/TodoTimers -experimental-emit-module-separately -disable-cmo

SwiftDriver\ Compilation\ Requirements TodoTimersTests normal arm64 com.apple.xcode.tools.swift.compiler (in target 'TodoTimersTests' from project 'TodoTimers')
    cd /Users/jeremywatt/Desktop/todo-timers-ios/TodoTimers
    builtin-Swift-Compilation-Requirements -- /Applications/Xcode.app/Contents/Developer/Toolchains/XcodeDefault.xctoolchain/usr/bin/swiftc -module-name TodoTimersTests -Onone -enforce-exclusivity\=checked @/Users/jeremywatt/Library/Developer/Xcode/DerivedData/TodoTimers-hhkfosrtfdujgsaeyczcbhtfazrk/Build/Intermediates.noindex/TodoTimers.build/Debug-iphonesimulator/TodoTimersTests.build/Objects-normal/arm64/TodoTimersTests.SwiftFileList -DDEBUG -plugin-path /Applications/Xcode.app/Contents/Developer/Toolchains/XcodeDefault.xctoolchain/usr/lib/swift/host/plugins/testing -enable-bare-slash-regex -enable-experimental-feature DebugDescriptionMacro -sdk /Applications/Xcode.app/Contents/Developer/Platforms/iPhoneSimulator.platform/Developer/SDKs/iPhoneSimulator18.5.sdk -target arm64-apple-ios17.0-simulator -g -module-cache-path /Users/jeremywatt/Library/Developer/Xcode/DerivedData/ModuleCache.noindex -Xfrontend -serialize-debugging-options -profile-coverage-mapping -profile-generate -enable-testing -index-store-path /Users/jeremywatt/Library/Developer/Xcode/DerivedData/TodoTimers-hhkfosrtfdujgsaeyczcbhtfazrk/Index.noindex/DataStore -swift-version 5 -I /Users/jeremywatt/Library/Developer/Xcode/DerivedData/TodoTimers-hhkfosrtfdujgsaeyczcbhtfazrk/Build/Products/Debug-iphonesimulator -I /Applications/Xcode.app/Contents/Developer/Platforms/iPhoneSimulator.platform/Developer/usr/lib -F /Users/jeremywatt/Library/Developer/Xcode/DerivedData/TodoTimers-hhkfosrtfdujgsaeyczcbhtfazrk/Build/Products/Debug-iphonesimulator -F /Applications/Xcode.app/Contents/Developer/Platforms/iPhoneSimulator.platform/Developer/Library/Frameworks -F /Applications/Xcode.app/Contents/Developer/Platforms/iPhoneSimulator.platform/Developer/SDKs/iPhoneSimulator18.5.sdk/Developer/Library/Frameworks -c -j10 -enable-batch-mode -incremental -Xcc -ivfsstatcache -Xcc /Users/jeremywatt/Library/Developer/Xcode/DerivedData/SDKStatCaches.noindex/iphonesimulator18.5-22F76-d5fc8ad4295d2ef488fb7d0f804ce0c4.sdkstatcache -output-file-map /Users/jeremywatt/Library/Developer/Xcode/DerivedData/TodoTimers-hhkfosrtfdujgsaeyczcbhtfazrk/Build/Intermediates.noindex/TodoTimers.build/Debug-iphonesimulator/TodoTimersTests.build/Objects-normal/arm64/TodoTimersTests-OutputFileMap.json -use-frontend-parseable-output -save-temps -no-color-diagnostics -serialize-diagnostics -emit-dependencies -emit-module -emit-module-path /Users/jeremywatt/Library/Developer/Xcode/DerivedData/TodoTimers-hhkfosrtfdujgsaeyczcbhtfazrk/Build/Intermediates.noindex/TodoTimers.build/Debug-iphonesimulator/TodoTimersTests.build/Objects-normal/arm64/TodoTimersTests.swiftmodule -validate-clang-modules-once -clang-build-session-file /Users/jeremywatt/Library/Developer/Xcode/DerivedData/ModuleCache.noindex/Session.modulevalidation -Xcc -I/Users/jeremywatt/Library/Developer/Xcode/DerivedData/TodoTimers-hhkfosrtfdujgsaeyczcbhtfazrk/Build/Intermediates.noindex/TodoTimers.build/Debug-iphonesimulator/TodoTimersTests.build/swift-overrides.hmap -emit-const-values -Xfrontend -const-gather-protocols-file -Xfrontend /Users/jeremywatt/Library/Developer/Xcode/DerivedData/TodoTimers-hhkfosrtfdujgsaeyczcbhtfazrk/Build/Intermediates.noindex/TodoTimers.build/Debug-iphonesimulator/TodoTimersTests.build/Objects-normal/arm64/TodoTimersTests_const_extract_protocols.json -Xcc -iquote -Xcc /Users/jeremywatt/Library/Developer/Xcode/DerivedData/TodoTimers-hhkfosrtfdujgsaeyczcbhtfazrk/Build/Intermediates.noindex/TodoTimers.build/Debug-iphonesimulator/TodoTimersTests.build/TodoTimersTests-generated-files.hmap -Xcc -I/Users/jeremywatt/Library/Developer/Xcode/DerivedData/TodoTimers-hhkfosrtfdujgsaeyczcbhtfazrk/Build/Intermediates.noindex/TodoTimers.build/Debug-iphonesimulator/TodoTimersTests.build/TodoTimersTests-own-target-headers.hmap -Xcc -I/Users/jeremywatt/Library/Developer/Xcode/DerivedData/TodoTimers-hhkfosrtfdujgsaeyczcbhtfazrk/Build/Intermediates.noindex/TodoTimers.build/Debug-iphonesimulator/TodoTimersTests.build/TodoTimersTests-all-target-headers.hmap -Xcc -iquote -Xcc /Users/jeremywatt/Library/Developer/Xcode/DerivedData/TodoTimers-hhkfosrtfdujgsaeyczcbhtfazrk/Build/Intermediates.noindex/TodoTimers.build/Debug-iphonesimulator/TodoTimersTests.build/TodoTimersTests-project-headers.hmap -Xcc -I/Users/jeremywatt/Library/Developer/Xcode/DerivedData/TodoTimers-hhkfosrtfdujgsaeyczcbhtfazrk/Build/Products/Debug-iphonesimulator/include -Xcc -I/Users/jeremywatt/Library/Developer/Xcode/DerivedData/TodoTimers-hhkfosrtfdujgsaeyczcbhtfazrk/Build/Intermediates.noindex/TodoTimers.build/Debug-iphonesimulator/TodoTimersTests.build/DerivedSources-normal/arm64 -Xcc -I/Users/jeremywatt/Library/Developer/Xcode/DerivedData/TodoTimers-hhkfosrtfdujgsaeyczcbhtfazrk/Build/Intermediates.noindex/TodoTimers.build/Debug-iphonesimulator/TodoTimersTests.build/DerivedSources/arm64 -Xcc -I/Users/jeremywatt/Library/Developer/Xcode/DerivedData/TodoTimers-hhkfosrtfdujgsaeyczcbhtfazrk/Build/Intermediates.noindex/TodoTimers.build/Debug-iphonesimulator/TodoTimersTests.build/DerivedSources -Xcc -DDEBUG\=1 -emit-objc-header -emit-objc-header-path /Users/jeremywatt/Library/Developer/Xcode/DerivedData/TodoTimers-hhkfosrtfdujgsaeyczcbhtfazrk/Build/Intermediates.noindex/TodoTimers.build/Debug-iphonesimulator/TodoTimersTests.build/Objects-normal/arm64/TodoTimersTests-Swift.h -working-directory /Users/jeremywatt/Desktop/todo-timers-ios/TodoTimers -experimental-emit-module-separately -disable-cmo

SwiftDriver\ Compilation TodoTimersTests normal arm64 com.apple.xcode.tools.swift.compiler (in target 'TodoTimersTests' from project 'TodoTimers')
    cd /Users/jeremywatt/Desktop/todo-timers-ios/TodoTimers
    builtin-Swift-Compilation -- /Applications/Xcode.app/Contents/Developer/Toolchains/XcodeDefault.xctoolchain/usr/bin/swiftc -module-name TodoTimersTests -Onone -enforce-exclusivity\=checked @/Users/jeremywatt/Library/Developer/Xcode/DerivedData/TodoTimers-hhkfosrtfdujgsaeyczcbhtfazrk/Build/Intermediates.noindex/TodoTimers.build/Debug-iphonesimulator/TodoTimersTests.build/Objects-normal/arm64/TodoTimersTests.SwiftFileList -DDEBUG -plugin-path /Applications/Xcode.app/Contents/Developer/Toolchains/XcodeDefault.xctoolchain/usr/lib/swift/host/plugins/testing -enable-bare-slash-regex -enable-experimental-feature DebugDescriptionMacro -sdk /Applications/Xcode.app/Contents/Developer/Platforms/iPhoneSimulator.platform/Developer/SDKs/iPhoneSimulator18.5.sdk -target arm64-apple-ios17.0-simulator -g -module-cache-path /Users/jeremywatt/Library/Developer/Xcode/DerivedData/ModuleCache.noindex -Xfrontend -serialize-debugging-options -profile-coverage-mapping -profile-generate -enable-testing -index-store-path /Users/jeremywatt/Library/Developer/Xcode/DerivedData/TodoTimers-hhkfosrtfdujgsaeyczcbhtfazrk/Index.noindex/DataStore -swift-version 5 -I /Users/jeremywatt/Library/Developer/Xcode/DerivedData/TodoTimers-hhkfosrtfdujgsaeyczcbhtfazrk/Build/Products/Debug-iphonesimulator -I /Applications/Xcode.app/Contents/Developer/Platforms/iPhoneSimulator.platform/Developer/usr/lib -F /Users/jeremywatt/Library/Developer/Xcode/DerivedData/TodoTimers-hhkfosrtfdujgsaeyczcbhtfazrk/Build/Products/Debug-iphonesimulator -F /Applications/Xcode.app/Contents/Developer/Platforms/iPhoneSimulator.platform/Developer/Library/Frameworks -F /Applications/Xcode.app/Contents/Developer/Platforms/iPhoneSimulator.platform/Developer/SDKs/iPhoneSimulator18.5.sdk/Developer/Library/Frameworks -c -j10 -enable-batch-mode -incremental -Xcc -ivfsstatcache -Xcc /Users/jeremywatt/Library/Developer/Xcode/DerivedData/SDKStatCaches.noindex/iphonesimulator18.5-22F76-d5fc8ad4295d2ef488fb7d0f804ce0c4.sdkstatcache -output-file-map /Users/jeremywatt/Library/Developer/Xcode/DerivedData/TodoTimers-hhkfosrtfdujgsaeyczcbhtfazrk/Build/Intermediates.noindex/TodoTimers.build/Debug-iphonesimulator/TodoTimersTests.build/Objects-normal/arm64/TodoTimersTests-OutputFileMap.json -use-frontend-parseable-output -save-temps -no-color-diagnostics -serialize-diagnostics -emit-dependencies -emit-module -emit-module-path /Users/jeremywatt/Library/Developer/Xcode/DerivedData/TodoTimers-hhkfosrtfdujgsaeyczcbhtfazrk/Build/Intermediates.noindex/TodoTimers.build/Debug-iphonesimulator/TodoTimersTests.build/Objects-normal/arm64/TodoTimersTests.swiftmodule -validate-clang-modules-once -clang-build-session-file /Users/jeremywatt/Library/Developer/Xcode/DerivedData/ModuleCache.noindex/Session.modulevalidation -Xcc -I/Users/jeremywatt/Library/Developer/Xcode/DerivedData/TodoTimers-hhkfosrtfdujgsaeyczcbhtfazrk/Build/Intermediates.noindex/TodoTimers.build/Debug-iphonesimulator/TodoTimersTests.build/swift-overrides.hmap -emit-const-values -Xfrontend -const-gather-protocols-file -Xfrontend /Users/jeremywatt/Library/Developer/Xcode/DerivedData/TodoTimers-hhkfosrtfdujgsaeyczcbhtfazrk/Build/Intermediates.noindex/TodoTimers.build/Debug-iphonesimulator/TodoTimersTests.build/Objects-normal/arm64/TodoTimersTests_const_extract_protocols.json -Xcc -iquote -Xcc /Users/jeremywatt/Library/Developer/Xcode/DerivedData/TodoTimers-hhkfosrtfdujgsaeyczcbhtfazrk/Build/Intermediates.noindex/TodoTimers.build/Debug-iphonesimulator/TodoTimersTests.build/TodoTimersTests-generated-files.hmap -Xcc -I/Users/jeremywatt/Library/Developer/Xcode/DerivedData/TodoTimers-hhkfosrtfdujgsaeyczcbhtfazrk/Build/Intermediates.noindex/TodoTimers.build/Debug-iphonesimulator/TodoTimersTests.build/TodoTimersTests-own-target-headers.hmap -Xcc -I/Users/jeremywatt/Library/Developer/Xcode/DerivedData/TodoTimers-hhkfosrtfdujgsaeyczcbhtfazrk/Build/Intermediates.noindex/TodoTimers.build/Debug-iphonesimulator/TodoTimersTests.build/TodoTimersTests-all-target-headers.hmap -Xcc -iquote -Xcc /Users/jeremywatt/Library/Developer/Xcode/DerivedData/TodoTimers-hhkfosrtfdujgsaeyczcbhtfazrk/Build/Intermediates.noindex/TodoTimers.build/Debug-iphonesimulator/TodoTimersTests.build/TodoTimersTests-project-headers.hmap -Xcc -I/Users/jeremywatt/Library/Developer/Xcode/DerivedData/TodoTimers-hhkfosrtfdujgsaeyczcbhtfazrk/Build/Products/Debug-iphonesimulator/include -Xcc -I/Users/jeremywatt/Library/Developer/Xcode/DerivedData/TodoTimers-hhkfosrtfdujgsaeyczcbhtfazrk/Build/Intermediates.noindex/TodoTimers.build/Debug-iphonesimulator/TodoTimersTests.build/DerivedSources-normal/arm64 -Xcc -I/Users/jeremywatt/Library/Developer/Xcode/DerivedData/TodoTimers-hhkfosrtfdujgsaeyczcbhtfazrk/Build/Intermediates.noindex/TodoTimers.build/Debug-iphonesimulator/TodoTimersTests.build/DerivedSources/arm64 -Xcc -I/Users/jeremywatt/Library/Developer/Xcode/DerivedData/TodoTimers-hhkfosrtfdujgsaeyczcbhtfazrk/Build/Intermediates.noindex/TodoTimers.build/Debug-iphonesimulator/TodoTimersTests.build/DerivedSources -Xcc -DDEBUG\=1 -emit-objc-header -emit-objc-header-path /Users/jeremywatt/Library/Developer/Xcode/DerivedData/TodoTimers-hhkfosrtfdujgsaeyczcbhtfazrk/Build/Intermediates.noindex/TodoTimers.build/Debug-iphonesimulator/TodoTimersTests.build/Objects-normal/arm64/TodoTimersTests-Swift.h -working-directory /Users/jeremywatt/Desktop/todo-timers-ios/TodoTimers -experimental-emit-module-separately -disable-cmo

ConstructStubExecutorLinkFileList /Users/jeremywatt/Library/Developer/Xcode/DerivedData/TodoTimers-hhkfosrtfdujgsaeyczcbhtfazrk/Build/Intermediates.noindex/TodoTimers.build/Debug-watchsimulator/TodoTimers\ Watch\ App\ Watch\ App.build/TodoTimers\ Watch\ App\ Watch\ App-ExecutorLinkFileList-normal-x86_64.txt (in target 'TodoTimers Watch App Watch App' from project 'TodoTimers')
    cd /Users/jeremywatt/Desktop/todo-timers-ios/TodoTimers
    construct-stub-executor-link-file-list /Users/jeremywatt/Library/Developer/Xcode/DerivedData/TodoTimers-hhkfosrtfdujgsaeyczcbhtfazrk/Build/Intermediates.noindex/TodoTimers.build/Debug-watchsimulator/TodoTimers\ Watch\ App\ Watch\ App.build/Objects-normal/x86_64/Binary/TodoTimers\ Watch\ App\ Watch\ App.debug.dylib /Applications/Xcode.app/Contents/Developer/Platforms/WatchSimulator.platform/Developer/usr/lib/libPreviewsJITStubExecutor_no_swift_entry_point.a /Applications/Xcode.app/Contents/Developer/Platforms/WatchSimulator.platform/Developer/usr/lib/libPreviewsJITStubExecutor.a --output /Users/jeremywatt/Library/Developer/Xcode/DerivedData/TodoTimers-hhkfosrtfdujgsaeyczcbhtfazrk/Build/Intermediates.noindex/TodoTimers.build/Debug-watchsimulator/TodoTimers\ Watch\ App\ Watch\ App.build/TodoTimers\ Watch\ App\ Watch\ App-ExecutorLinkFileList-normal-x86_64.txt
note: Using stub executor library with Swift entry point. (in target 'TodoTimers Watch App Watch App' from project 'TodoTimers')

CreateUniversalBinary /Users/jeremywatt/Library/Developer/Xcode/DerivedData/TodoTimers-hhkfosrtfdujgsaeyczcbhtfazrk/Build/Products/Debug-watchsimulator/TodoTimers\ Watch\ App\ Watch\ App.app/TodoTimers\ Watch\ App\ Watch\ App.debug.dylib normal arm64\ x86_64 (in target 'TodoTimers Watch App Watch App' from project 'TodoTimers')
    cd /Users/jeremywatt/Desktop/todo-timers-ios/TodoTimers
    /Applications/Xcode.app/Contents/Developer/Toolchains/XcodeDefault.xctoolchain/usr/bin/lipo -create /Users/jeremywatt/Library/Developer/Xcode/DerivedData/TodoTimers-hhkfosrtfdujgsaeyczcbhtfazrk/Build/Intermediates.noindex/TodoTimers.build/Debug-watchsimulator/TodoTimers\ Watch\ App\ Watch\ App.build/Objects-normal/arm64/Binary/TodoTimers\ Watch\ App\ Watch\ App.debug.dylib /Users/jeremywatt/Library/Developer/Xcode/DerivedData/TodoTimers-hhkfosrtfdujgsaeyczcbhtfazrk/Build/Intermediates.noindex/TodoTimers.build/Debug-watchsimulator/TodoTimers\ Watch\ App\ Watch\ App.build/Objects-normal/x86_64/Binary/TodoTimers\ Watch\ App\ Watch\ App.debug.dylib -output /Users/jeremywatt/Library/Developer/Xcode/DerivedData/TodoTimers-hhkfosrtfdujgsaeyczcbhtfazrk/Build/Products/Debug-watchsimulator/TodoTimers\ Watch\ App\ Watch\ App.app/TodoTimers\ Watch\ App\ Watch\ App.debug.dylib

ConstructStubExecutorLinkFileList /Users/jeremywatt/Library/Developer/Xcode/DerivedData/TodoTimers-hhkfosrtfdujgsaeyczcbhtfazrk/Build/Intermediates.noindex/TodoTimers.build/Debug-watchsimulator/TodoTimers\ Watch\ App\ Watch\ App.build/TodoTimers\ Watch\ App\ Watch\ App-ExecutorLinkFileList-normal-arm64.txt (in target 'TodoTimers Watch App Watch App' from project 'TodoTimers')
    cd /Users/jeremywatt/Desktop/todo-timers-ios/TodoTimers
    construct-stub-executor-link-file-list /Users/jeremywatt/Library/Developer/Xcode/DerivedData/TodoTimers-hhkfosrtfdujgsaeyczcbhtfazrk/Build/Intermediates.noindex/TodoTimers.build/Debug-watchsimulator/TodoTimers\ Watch\ App\ Watch\ App.build/Objects-normal/arm64/Binary/TodoTimers\ Watch\ App\ Watch\ App.debug.dylib /Applications/Xcode.app/Contents/Developer/Platforms/WatchSimulator.platform/Developer/usr/lib/libPreviewsJITStubExecutor_no_swift_entry_point.a /Applications/Xcode.app/Contents/Developer/Platforms/WatchSimulator.platform/Developer/usr/lib/libPreviewsJITStubExecutor.a --output /Users/jeremywatt/Library/Developer/Xcode/DerivedData/TodoTimers-hhkfosrtfdujgsaeyczcbhtfazrk/Build/Intermediates.noindex/TodoTimers.build/Debug-watchsimulator/TodoTimers\ Watch\ App\ Watch\ App.build/TodoTimers\ Watch\ App\ Watch\ App-ExecutorLinkFileList-normal-arm64.txt
note: Using stub executor library with Swift entry point. (in target 'TodoTimers Watch App Watch App' from project 'TodoTimers')

Ld /Users/jeremywatt/Library/Developer/Xcode/DerivedData/TodoTimers-hhkfosrtfdujgsaeyczcbhtfazrk/Build/Intermediates.noindex/TodoTimers.build/Debug-watchsimulator/TodoTimers\ Watch\ App\ Watch\ App.build/Objects-normal/x86_64/Binary/TodoTimers\ Watch\ App\ Watch\ App normal x86_64 (in target 'TodoTimers Watch App Watch App' from project 'TodoTimers')
    cd /Users/jeremywatt/Desktop/todo-timers-ios/TodoTimers
    /Applications/Xcode.app/Contents/Developer/Toolchains/XcodeDefault.xctoolchain/usr/bin/clang -Xlinker -reproducible -target x86_64-apple-watchos10.0-simulator -isysroot /Applications/Xcode.app/Contents/Developer/Platforms/WatchSimulator.platform/Developer/SDKs/WatchSimulator11.5.sdk -O0 -L/Users/jeremywatt/Library/Developer/Xcode/DerivedData/TodoTimers-hhkfosrtfdujgsaeyczcbhtfazrk/Build/Products/Debug-watchsimulator -F/Users/jeremywatt/Library/Developer/Xcode/DerivedData/TodoTimers-hhkfosrtfdujgsaeyczcbhtfazrk/Build/Products/Debug-watchsimulator -Xlinker -rpath -Xlinker @executable_path -Xlinker -rpath -Xlinker @executable_path/Frameworks -rdynamic -Xlinker -no_deduplicate -Xlinker -objc_abi_version -Xlinker 2 -Xlinker -debug_variant -e ___debug_blank_executor_main -Xlinker -sectcreate -Xlinker __TEXT -Xlinker __debug_dylib -Xlinker /Users/jeremywatt/Library/Developer/Xcode/DerivedData/TodoTimers-hhkfosrtfdujgsaeyczcbhtfazrk/Build/Intermediates.noindex/TodoTimers.build/Debug-watchsimulator/TodoTimers\ Watch\ App\ Watch\ App.build/TodoTimers\ Watch\ App\ Watch\ App-DebugDylibPath-normal-x86_64.txt -Xlinker -sectcreate -Xlinker __TEXT -Xlinker __debug_instlnm -Xlinker /Users/jeremywatt/Library/Developer/Xcode/DerivedData/TodoTimers-hhkfosrtfdujgsaeyczcbhtfazrk/Build/Intermediates.noindex/TodoTimers.build/Debug-watchsimulator/TodoTimers\ Watch\ App\ Watch\ App.build/TodoTimers\ Watch\ App\ Watch\ App-DebugDylibInstallName-normal-x86_64.txt -Xlinker -filelist -Xlinker /Users/jeremywatt/Library/Developer/Xcode/DerivedData/TodoTimers-hhkfosrtfdujgsaeyczcbhtfazrk/Build/Intermediates.noindex/TodoTimers.build/Debug-watchsimulator/TodoTimers\ Watch\ App\ Watch\ App.build/TodoTimers\ Watch\ App\ Watch\ App-ExecutorLinkFileList-normal-x86_64.txt -Xlinker -sectcreate -Xlinker __TEXT -Xlinker __entitlements -Xlinker /Users/jeremywatt/Library/Developer/Xcode/DerivedData/TodoTimers-hhkfosrtfdujgsaeyczcbhtfazrk/Build/Intermediates.noindex/TodoTimers.build/Debug-watchsimulator/TodoTimers\ Watch\ App\ Watch\ App.build/TodoTimers\ Watch\ App\ Watch\ App.app-Simulated.xcent -Xlinker -sectcreate -Xlinker __TEXT -Xlinker __ents_der -Xlinker /Users/jeremywatt/Library/Developer/Xcode/DerivedData/TodoTimers-hhkfosrtfdujgsaeyczcbhtfazrk/Build/Intermediates.noindex/TodoTimers.build/Debug-watchsimulator/TodoTimers\ Watch\ App\ Watch\ App.build/TodoTimers\ Watch\ App\ Watch\ App.app-Simulated.xcent.der /Users/jeremywatt/Library/Developer/Xcode/DerivedData/TodoTimers-hhkfosrtfdujgsaeyczcbhtfazrk/Build/Intermediates.noindex/TodoTimers.build/Debug-watchsimulator/TodoTimers\ Watch\ App\ Watch\ App.build/Objects-normal/x86_64/Binary/TodoTimers\ Watch\ App\ Watch\ App.debug.dylib -Xlinker -no_adhoc_codesign -o /Users/jeremywatt/Library/Developer/Xcode/DerivedData/TodoTimers-hhkfosrtfdujgsaeyczcbhtfazrk/Build/Intermediates.noindex/TodoTimers.build/Debug-watchsimulator/TodoTimers\ Watch\ App\ Watch\ App.build/Objects-normal/x86_64/Binary/TodoTimers\ Watch\ App\ Watch\ App

Ld /Users/jeremywatt/Library/Developer/Xcode/DerivedData/TodoTimers-hhkfosrtfdujgsaeyczcbhtfazrk/Build/Intermediates.noindex/TodoTimers.build/Debug-watchsimulator/TodoTimers\ Watch\ App\ Watch\ App.build/Objects-normal/arm64/Binary/TodoTimers\ Watch\ App\ Watch\ App normal arm64 (in target 'TodoTimers Watch App Watch App' from project 'TodoTimers')
    cd /Users/jeremywatt/Desktop/todo-timers-ios/TodoTimers
    /Applications/Xcode.app/Contents/Developer/Toolchains/XcodeDefault.xctoolchain/usr/bin/clang -Xlinker -reproducible -target arm64-apple-watchos10.0-simulator -isysroot /Applications/Xcode.app/Contents/Developer/Platforms/WatchSimulator.platform/Developer/SDKs/WatchSimulator11.5.sdk -O0 -L/Users/jeremywatt/Library/Developer/Xcode/DerivedData/TodoTimers-hhkfosrtfdujgsaeyczcbhtfazrk/Build/Products/Debug-watchsimulator -F/Users/jeremywatt/Library/Developer/Xcode/DerivedData/TodoTimers-hhkfosrtfdujgsaeyczcbhtfazrk/Build/Products/Debug-watchsimulator -Xlinker -rpath -Xlinker @executable_path -Xlinker -rpath -Xlinker @executable_path/Frameworks -rdynamic -Xlinker -no_deduplicate -Xlinker -objc_abi_version -Xlinker 2 -Xlinker -debug_variant -e ___debug_blank_executor_main -Xlinker -sectcreate -Xlinker __TEXT -Xlinker __debug_dylib -Xlinker /Users/jeremywatt/Library/Developer/Xcode/DerivedData/TodoTimers-hhkfosrtfdujgsaeyczcbhtfazrk/Build/Intermediates.noindex/TodoTimers.build/Debug-watchsimulator/TodoTimers\ Watch\ App\ Watch\ App.build/TodoTimers\ Watch\ App\ Watch\ App-DebugDylibPath-normal-arm64.txt -Xlinker -sectcreate -Xlinker __TEXT -Xlinker __debug_instlnm -Xlinker /Users/jeremywatt/Library/Developer/Xcode/DerivedData/TodoTimers-hhkfosrtfdujgsaeyczcbhtfazrk/Build/Intermediates.noindex/TodoTimers.build/Debug-watchsimulator/TodoTimers\ Watch\ App\ Watch\ App.build/TodoTimers\ Watch\ App\ Watch\ App-DebugDylibInstallName-normal-arm64.txt -Xlinker -filelist -Xlinker /Users/jeremywatt/Library/Developer/Xcode/DerivedData/TodoTimers-hhkfosrtfdujgsaeyczcbhtfazrk/Build/Intermediates.noindex/TodoTimers.build/Debug-watchsimulator/TodoTimers\ Watch\ App\ Watch\ App.build/TodoTimers\ Watch\ App\ Watch\ App-ExecutorLinkFileList-normal-arm64.txt -Xlinker -sectcreate -Xlinker __TEXT -Xlinker __entitlements -Xlinker /Users/jeremywatt/Library/Developer/Xcode/DerivedData/TodoTimers-hhkfosrtfdujgsaeyczcbhtfazrk/Build/Intermediates.noindex/TodoTimers.build/Debug-watchsimulator/TodoTimers\ Watch\ App\ Watch\ App.build/TodoTimers\ Watch\ App\ Watch\ App.app-Simulated.xcent -Xlinker -sectcreate -Xlinker __TEXT -Xlinker __ents_der -Xlinker /Users/jeremywatt/Library/Developer/Xcode/DerivedData/TodoTimers-hhkfosrtfdujgsaeyczcbhtfazrk/Build/Intermediates.noindex/TodoTimers.build/Debug-watchsimulator/TodoTimers\ Watch\ App\ Watch\ App.build/TodoTimers\ Watch\ App\ Watch\ App.app-Simulated.xcent.der /Users/jeremywatt/Library/Developer/Xcode/DerivedData/TodoTimers-hhkfosrtfdujgsaeyczcbhtfazrk/Build/Intermediates.noindex/TodoTimers.build/Debug-watchsimulator/TodoTimers\ Watch\ App\ Watch\ App.build/Objects-normal/arm64/Binary/TodoTimers\ Watch\ App\ Watch\ App.debug.dylib -Xlinker -no_adhoc_codesign -o /Users/jeremywatt/Library/Developer/Xcode/DerivedData/TodoTimers-hhkfosrtfdujgsaeyczcbhtfazrk/Build/Intermediates.noindex/TodoTimers.build/Debug-watchsimulator/TodoTimers\ Watch\ App\ Watch\ App.build/Objects-normal/arm64/Binary/TodoTimers\ Watch\ App\ Watch\ App

CreateUniversalBinary /Users/jeremywatt/Library/Developer/Xcode/DerivedData/TodoTimers-hhkfosrtfdujgsaeyczcbhtfazrk/Build/Products/Debug-watchsimulator/TodoTimers\ Watch\ App\ Watch\ App.app/TodoTimers\ Watch\ App\ Watch\ App normal arm64\ x86_64 (in target 'TodoTimers Watch App Watch App' from project 'TodoTimers')
    cd /Users/jeremywatt/Desktop/todo-timers-ios/TodoTimers
    /Applications/Xcode.app/Contents/Developer/Toolchains/XcodeDefault.xctoolchain/usr/bin/lipo -create /Users/jeremywatt/Library/Developer/Xcode/DerivedData/TodoTimers-hhkfosrtfdujgsaeyczcbhtfazrk/Build/Intermediates.noindex/TodoTimers.build/Debug-watchsimulator/TodoTimers\ Watch\ App\ Watch\ App.build/Objects-normal/arm64/Binary/TodoTimers\ Watch\ App\ Watch\ App /Users/jeremywatt/Library/Developer/Xcode/DerivedData/TodoTimers-hhkfosrtfdujgsaeyczcbhtfazrk/Build/Intermediates.noindex/TodoTimers.build/Debug-watchsimulator/TodoTimers\ Watch\ App\ Watch\ App.build/Objects-normal/x86_64/Binary/TodoTimers\ Watch\ App\ Watch\ App -output /Users/jeremywatt/Library/Developer/Xcode/DerivedData/TodoTimers-hhkfosrtfdujgsaeyczcbhtfazrk/Build/Products/Debug-watchsimulator/TodoTimers\ Watch\ App\ Watch\ App.app/TodoTimers\ Watch\ App\ Watch\ App

CopySwiftLibs /Users/jeremywatt/Library/Developer/Xcode/DerivedData/TodoTimers-hhkfosrtfdujgsaeyczcbhtfazrk/Build/Products/Debug-watchsimulator/TodoTimers\ Watch\ App\ Watch\ App.app (in target 'TodoTimers Watch App Watch App' from project 'TodoTimers')
    cd /Users/jeremywatt/Desktop/todo-timers-ios/TodoTimers
    builtin-swiftStdLibTool --copy --verbose --sign - --scan-executable /Users/jeremywatt/Library/Developer/Xcode/DerivedData/TodoTimers-hhkfosrtfdujgsaeyczcbhtfazrk/Build/Products/Debug-watchsimulator/TodoTimers\ Watch\ App\ Watch\ App.app/TodoTimers\ Watch\ App\ Watch\ App.debug.dylib --scan-folder /Users/jeremywatt/Library/Developer/Xcode/DerivedData/TodoTimers-hhkfosrtfdujgsaeyczcbhtfazrk/Build/Products/Debug-watchsimulator/TodoTimers\ Watch\ App\ Watch\ App.app/Frameworks --scan-folder /Users/jeremywatt/Library/Developer/Xcode/DerivedData/TodoTimers-hhkfosrtfdujgsaeyczcbhtfazrk/Build/Products/Debug-watchsimulator/TodoTimers\ Watch\ App\ Watch\ App.app/PlugIns --scan-folder /Users/jeremywatt/Library/Developer/Xcode/DerivedData/TodoTimers-hhkfosrtfdujgsaeyczcbhtfazrk/Build/Products/Debug-watchsimulator/TodoTimers\ Watch\ App\ Watch\ App.app/SystemExtensions --scan-folder /Users/jeremywatt/Library/Developer/Xcode/DerivedData/TodoTimers-hhkfosrtfdujgsaeyczcbhtfazrk/Build/Products/Debug-watchsimulator/TodoTimers\ Watch\ App\ Watch\ App.app/Extensions --platform watchsimulator --toolchain /Applications/Xcode.app/Contents/Developer/Toolchains/XcodeDefault.xctoolchain --destination /Users/jeremywatt/Library/Developer/Xcode/DerivedData/TodoTimers-hhkfosrtfdujgsaeyczcbhtfazrk/Build/Products/Debug-watchsimulator/TodoTimers\ Watch\ App\ Watch\ App.app/Frameworks --strip-bitcode --strip-bitcode-tool /Applications/Xcode.app/Contents/Developer/Toolchains/XcodeDefault.xctoolchain/usr/bin/bitcode_strip --emit-dependency-info /Users/jeremywatt/Library/Developer/Xcode/DerivedData/TodoTimers-hhkfosrtfdujgsaeyczcbhtfazrk/Build/Intermediates.noindex/TodoTimers.build/Debug-watchsimulator/TodoTimers\ Watch\ App\ Watch\ App.build/SwiftStdLibToolInputDependencies.dep --filter-for-swift-os

ExtractAppIntentsMetadata (in target 'TodoTimers Watch App Watch App' from project 'TodoTimers')
    cd /Users/jeremywatt/Desktop/todo-timers-ios/TodoTimers
    /Applications/Xcode.app/Contents/Developer/Toolchains/XcodeDefault.xctoolchain/usr/bin/appintentsmetadataprocessor --toolchain-dir /Applications/Xcode.app/Contents/Developer/Toolchains/XcodeDefault.xctoolchain --module-name TodoTimers_Watch_App_Watch_App --sdk-root /Applications/Xcode.app/Contents/Developer/Platforms/WatchSimulator.platform/Developer/SDKs/WatchSimulator11.5.sdk --xcode-version 16F6 --platform-family watchOS --deployment-target 10.0 --bundle-identifier neonwatty.TodoTimers.watchkitapp --output /Users/jeremywatt/Library/Developer/Xcode/DerivedData/TodoTimers-hhkfosrtfdujgsaeyczcbhtfazrk/Build/Products/Debug-watchsimulator/TodoTimers\ Watch\ App\ Watch\ App.app --target-triple arm64-apple-watchos10.0-simulator --target-triple x86_64-apple-watchos10.0-simulator --binary-file /Users/jeremywatt/Library/Developer/Xcode/DerivedData/TodoTimers-hhkfosrtfdujgsaeyczcbhtfazrk/Build/Products/Debug-watchsimulator/TodoTimers\ Watch\ App\ Watch\ App.app/TodoTimers\ Watch\ App\ Watch\ App --dependency-file /Users/jeremywatt/Library/Developer/Xcode/DerivedData/TodoTimers-hhkfosrtfdujgsaeyczcbhtfazrk/Build/Intermediates.noindex/TodoTimers.build/Debug-watchsimulator/TodoTimers\ Watch\ App\ Watch\ App.build/Objects-normal/arm64/TodoTimers\ Watch\ App\ Watch\ App_dependency_info.dat --dependency-file /Users/jeremywatt/Library/Developer/Xcode/DerivedData/TodoTimers-hhkfosrtfdujgsaeyczcbhtfazrk/Build/Intermediates.noindex/TodoTimers.build/Debug-watchsimulator/TodoTimers\ Watch\ App\ Watch\ App.build/Objects-normal/x86_64/TodoTimers\ Watch\ App\ Watch\ App_dependency_info.dat --stringsdata-file /Users/jeremywatt/Library/Developer/Xcode/DerivedData/TodoTimers-hhkfosrtfdujgsaeyczcbhtfazrk/Build/Intermediates.noindex/TodoTimers.build/Debug-watchsimulator/TodoTimers\ Watch\ App\ Watch\ App.build/Objects-normal/arm64/ExtractedAppShortcutsMetadata.stringsdata --stringsdata-file /Users/jeremywatt/Library/Developer/Xcode/DerivedData/TodoTimers-hhkfosrtfdujgsaeyczcbhtfazrk/Build/Intermediates.noindex/TodoTimers.build/Debug-watchsimulator/TodoTimers\ Watch\ App\ Watch\ App.build/Objects-normal/x86_64/ExtractedAppShortcutsMetadata.stringsdata --source-file-list /Users/jeremywatt/Library/Developer/Xcode/DerivedData/TodoTimers-hhkfosrtfdujgsaeyczcbhtfazrk/Build/Intermediates.noindex/TodoTimers.build/Debug-watchsimulator/TodoTimers\ Watch\ App\ Watch\ App.build/Objects-normal/arm64/TodoTimers\ Watch\ App\ Watch\ App.SwiftFileList --source-file-list /Users/jeremywatt/Library/Developer/Xcode/DerivedData/TodoTimers-hhkfosrtfdujgsaeyczcbhtfazrk/Build/Intermediates.noindex/TodoTimers.build/Debug-watchsimulator/TodoTimers\ Watch\ App\ Watch\ App.build/Objects-normal/x86_64/TodoTimers\ Watch\ App\ Watch\ App.SwiftFileList --metadata-file-list /Users/jeremywatt/Library/Developer/Xcode/DerivedData/TodoTimers-hhkfosrtfdujgsaeyczcbhtfazrk/Build/Intermediates.noindex/TodoTimers.build/Debug-watchsimulator/TodoTimers\ Watch\ App\ Watch\ App.build/TodoTimers\ Watch\ App\ Watch\ App.DependencyMetadataFileList --static-metadata-file-list /Users/jeremywatt/Library/Developer/Xcode/DerivedData/TodoTimers-hhkfosrtfdujgsaeyczcbhtfazrk/Build/Intermediates.noindex/TodoTimers.build/Debug-watchsimulator/TodoTimers\ Watch\ App\ Watch\ App.build/TodoTimers\ Watch\ App\ Watch\ App.DependencyStaticMetadataFileList --swift-const-vals-list /Users/jeremywatt/Library/Developer/Xcode/DerivedData/TodoTimers-hhkfosrtfdujgsaeyczcbhtfazrk/Build/Intermediates.noindex/TodoTimers.build/Debug-watchsimulator/TodoTimers\ Watch\ App\ Watch\ App.build/Objects-normal/arm64/TodoTimers\ Watch\ App\ Watch\ App.SwiftConstValuesFileList --swift-const-vals-list /Users/jeremywatt/Library/Developer/Xcode/DerivedData/TodoTimers-hhkfosrtfdujgsaeyczcbhtfazrk/Build/Intermediates.noindex/TodoTimers.build/Debug-watchsimulator/TodoTimers\ Watch\ App\ Watch\ App.build/Objects-normal/x86_64/TodoTimers\ Watch\ App\ Watch\ App.SwiftConstValuesFileList --compile-time-extraction --deployment-aware-processing --validate-assistant-intents --no-app-shortcuts-localization
2025-10-18 14:38:25.819 appintentsmetadataprocessor[18669:16250002] Starting appintentsmetadataprocessor export
2025-10-18 14:38:25.841 appintentsmetadataprocessor[18669:16250002] Extracted no relevant App Intents symbols, skipping writing output

CodeSign /Users/jeremywatt/Library/Developer/Xcode/DerivedData/TodoTimers-hhkfosrtfdujgsaeyczcbhtfazrk/Build/Products/Debug-watchsimulator/TodoTimers\ Watch\ App\ Watch\ App.app/TodoTimers\ Watch\ App\ Watch\ App.debug.dylib (in target 'TodoTimers Watch App Watch App' from project 'TodoTimers')
    cd /Users/jeremywatt/Desktop/todo-timers-ios/TodoTimers
    
    Signing Identity:     "Sign to Run Locally"
    
    /usr/bin/codesign --force --sign - --timestamp\=none --generate-entitlement-der /Users/jeremywatt/Library/Developer/Xcode/DerivedData/TodoTimers-hhkfosrtfdujgsaeyczcbhtfazrk/Build/Products/Debug-watchsimulator/TodoTimers\ Watch\ App\ Watch\ App.app/TodoTimers\ Watch\ App\ Watch\ App.debug.dylib

CodeSign /Users/jeremywatt/Library/Developer/Xcode/DerivedData/TodoTimers-hhkfosrtfdujgsaeyczcbhtfazrk/Build/Products/Debug-watchsimulator/TodoTimers\ Watch\ App\ Watch\ App.app (in target 'TodoTimers Watch App Watch App' from project 'TodoTimers')
    cd /Users/jeremywatt/Desktop/todo-timers-ios/TodoTimers
    
    Signing Identity:     "Sign to Run Locally"
    
    /usr/bin/codesign --force --sign - --entitlements /Users/jeremywatt/Library/Developer/Xcode/DerivedData/TodoTimers-hhkfosrtfdujgsaeyczcbhtfazrk/Build/Intermediates.noindex/TodoTimers.build/Debug-watchsimulator/TodoTimers\ Watch\ App\ Watch\ App.build/TodoTimers\ Watch\ App\ Watch\ App.app.xcent --timestamp\=none --generate-entitlement-der /Users/jeremywatt/Library/Developer/Xcode/DerivedData/TodoTimers-hhkfosrtfdujgsaeyczcbhtfazrk/Build/Products/Debug-watchsimulator/TodoTimers\ Watch\ App\ Watch\ App.app

Validate /Users/jeremywatt/Library/Developer/Xcode/DerivedData/TodoTimers-hhkfosrtfdujgsaeyczcbhtfazrk/Build/Products/Debug-watchsimulator/TodoTimers\ Watch\ App\ Watch\ App.app (in target 'TodoTimers Watch App Watch App' from project 'TodoTimers')
    cd /Users/jeremywatt/Desktop/todo-timers-ios/TodoTimers
    builtin-validationUtility /Users/jeremywatt/Library/Developer/Xcode/DerivedData/TodoTimers-hhkfosrtfdujgsaeyczcbhtfazrk/Build/Products/Debug-watchsimulator/TodoTimers\ Watch\ App\ Watch\ App.app -infoplist-subpath Info.plist

Ld /Users/jeremywatt/Library/Developer/Xcode/DerivedData/TodoTimers-hhkfosrtfdujgsaeyczcbhtfazrk/Build/Products/Debug-iphonesimulator/TodoTimers.app/TodoTimers.debug.dylib normal (in target 'TodoTimers' from project 'TodoTimers')
    cd /Users/jeremywatt/Desktop/todo-timers-ios/TodoTimers
    /Applications/Xcode.app/Contents/Developer/Toolchains/XcodeDefault.xctoolchain/usr/bin/clang -Xlinker -reproducible -target arm64-apple-ios17.0-simulator -dynamiclib -isysroot /Applications/Xcode.app/Contents/Developer/Platforms/iPhoneSimulator.platform/Developer/SDKs/iPhoneSimulator18.5.sdk -O0 -L/Users/jeremywatt/Library/Developer/Xcode/DerivedData/TodoTimers-hhkfosrtfdujgsaeyczcbhtfazrk/Build/Intermediates.noindex/EagerLinkingTBDs/Debug-iphonesimulator -L/Users/jeremywatt/Library/Developer/Xcode/DerivedData/TodoTimers-hhkfosrtfdujgsaeyczcbhtfazrk/Build/Products/Debug-iphonesimulator -F/Users/jeremywatt/Library/Developer/Xcode/DerivedData/TodoTimers-hhkfosrtfdujgsaeyczcbhtfazrk/Build/Intermediates.noindex/EagerLinkingTBDs/Debug-iphonesimulator -F/Users/jeremywatt/Library/Developer/Xcode/DerivedData/TodoTimers-hhkfosrtfdujgsaeyczcbhtfazrk/Build/Products/Debug-iphonesimulator -filelist /Users/jeremywatt/Library/Developer/Xcode/DerivedData/TodoTimers-hhkfosrtfdujgsaeyczcbhtfazrk/Build/Intermediates.noindex/TodoTimers.build/Debug-iphonesimulator/TodoTimers.build/Objects-normal/arm64/TodoTimers.LinkFileList -install_name @rpath/TodoTimers.debug.dylib -Xlinker -rpath -Xlinker @executable_path/Frameworks -dead_strip -Xlinker -object_path_lto -Xlinker /Users/jeremywatt/Library/Developer/Xcode/DerivedData/TodoTimers-hhkfosrtfdujgsaeyczcbhtfazrk/Build/Intermediates.noindex/TodoTimers.build/Debug-iphonesimulator/TodoTimers.build/Objects-normal/arm64/TodoTimers_lto.o -rdynamic -Xlinker -no_deduplicate -Xlinker -objc_abi_version -Xlinker 2 -Xlinker -debug_variant -Xlinker -dependency_info -Xlinker /Users/jeremywatt/Library/Developer/Xcode/DerivedData/TodoTimers-hhkfosrtfdujgsaeyczcbhtfazrk/Build/Intermediates.noindex/TodoTimers.build/Debug-iphonesimulator/TodoTimers.build/Objects-normal/arm64/TodoTimers_dependency_info.dat -fobjc-link-runtime -fprofile-instr-generate -L/Applications/Xcode.app/Contents/Developer/Toolchains/XcodeDefault.xctoolchain/usr/lib/swift/iphonesimulator -L/usr/lib/swift -Xlinker -add_ast_path -Xlinker /Users/jeremywatt/Library/Developer/Xcode/DerivedData/TodoTimers-hhkfosrtfdujgsaeyczcbhtfazrk/Build/Intermediates.noindex/TodoTimers.build/Debug-iphonesimulator/TodoTimers.build/Objects-normal/arm64/TodoTimers.swiftmodule -Xlinker -alias -Xlinker _main -Xlinker ___debug_main_executable_dylib_entry_point -Xlinker -no_adhoc_codesign -o /Users/jeremywatt/Library/Developer/Xcode/DerivedData/TodoTimers-hhkfosrtfdujgsaeyczcbhtfazrk/Build/Products/Debug-iphonesimulator/TodoTimers.app/TodoTimers.debug.dylib

ConstructStubExecutorLinkFileList /Users/jeremywatt/Library/Developer/Xcode/DerivedData/TodoTimers-hhkfosrtfdujgsaeyczcbhtfazrk/Build/Intermediates.noindex/TodoTimers.build/Debug-iphonesimulator/TodoTimers.build/TodoTimers-ExecutorLinkFileList-normal-arm64.txt (in target 'TodoTimers' from project 'TodoTimers')
    cd /Users/jeremywatt/Desktop/todo-timers-ios/TodoTimers
    construct-stub-executor-link-file-list /Users/jeremywatt/Library/Developer/Xcode/DerivedData/TodoTimers-hhkfosrtfdujgsaeyczcbhtfazrk/Build/Products/Debug-iphonesimulator/TodoTimers.app/TodoTimers.debug.dylib /Applications/Xcode.app/Contents/Developer/Platforms/iPhoneSimulator.platform/Developer/usr/lib/libPreviewsJITStubExecutor_no_swift_entry_point.a /Applications/Xcode.app/Contents/Developer/Platforms/iPhoneSimulator.platform/Developer/usr/lib/libPreviewsJITStubExecutor.a --output /Users/jeremywatt/Library/Developer/Xcode/DerivedData/TodoTimers-hhkfosrtfdujgsaeyczcbhtfazrk/Build/Intermediates.noindex/TodoTimers.build/Debug-iphonesimulator/TodoTimers.build/TodoTimers-ExecutorLinkFileList-normal-arm64.txt
note: Using stub executor library with Swift entry point. (in target 'TodoTimers' from project 'TodoTimers')

Ld /Users/jeremywatt/Library/Developer/Xcode/DerivedData/TodoTimers-hhkfosrtfdujgsaeyczcbhtfazrk/Build/Products/Debug-iphonesimulator/TodoTimers.app/TodoTimers normal (in target 'TodoTimers' from project 'TodoTimers')
    cd /Users/jeremywatt/Desktop/todo-timers-ios/TodoTimers
    /Applications/Xcode.app/Contents/Developer/Toolchains/XcodeDefault.xctoolchain/usr/bin/clang -Xlinker -reproducible -target arm64-apple-ios17.0-simulator -isysroot /Applications/Xcode.app/Contents/Developer/Platforms/iPhoneSimulator.platform/Developer/SDKs/iPhoneSimulator18.5.sdk -O0 -L/Users/jeremywatt/Library/Developer/Xcode/DerivedData/TodoTimers-hhkfosrtfdujgsaeyczcbhtfazrk/Build/Products/Debug-iphonesimulator -F/Users/jeremywatt/Library/Developer/Xcode/DerivedData/TodoTimers-hhkfosrtfdujgsaeyczcbhtfazrk/Build/Products/Debug-iphonesimulator -Xlinker -rpath -Xlinker @executable_path -Xlinker -rpath -Xlinker @executable_path/Frameworks -rdynamic -Xlinker -no_deduplicate -Xlinker -objc_abi_version -Xlinker 2 -Xlinker -debug_variant -e ___debug_blank_executor_main -Xlinker -sectcreate -Xlinker __TEXT -Xlinker __debug_dylib -Xlinker /Users/jeremywatt/Library/Developer/Xcode/DerivedData/TodoTimers-hhkfosrtfdujgsaeyczcbhtfazrk/Build/Intermediates.noindex/TodoTimers.build/Debug-iphonesimulator/TodoTimers.build/TodoTimers-DebugDylibPath-normal-arm64.txt -Xlinker -sectcreate -Xlinker __TEXT -Xlinker __debug_instlnm -Xlinker /Users/jeremywatt/Library/Developer/Xcode/DerivedData/TodoTimers-hhkfosrtfdujgsaeyczcbhtfazrk/Build/Intermediates.noindex/TodoTimers.build/Debug-iphonesimulator/TodoTimers.build/TodoTimers-DebugDylibInstallName-normal-arm64.txt -Xlinker -filelist -Xlinker /Users/jeremywatt/Library/Developer/Xcode/DerivedData/TodoTimers-hhkfosrtfdujgsaeyczcbhtfazrk/Build/Intermediates.noindex/TodoTimers.build/Debug-iphonesimulator/TodoTimers.build/TodoTimers-ExecutorLinkFileList-normal-arm64.txt -Xlinker -sectcreate -Xlinker __TEXT -Xlinker __entitlements -Xlinker /Users/jeremywatt/Library/Developer/Xcode/DerivedData/TodoTimers-hhkfosrtfdujgsaeyczcbhtfazrk/Build/Intermediates.noindex/TodoTimers.build/Debug-iphonesimulator/TodoTimers.build/TodoTimers.app-Simulated.xcent -Xlinker -sectcreate -Xlinker __TEXT -Xlinker __ents_der -Xlinker /Users/jeremywatt/Library/Developer/Xcode/DerivedData/TodoTimers-hhkfosrtfdujgsaeyczcbhtfazrk/Build/Intermediates.noindex/TodoTimers.build/Debug-iphonesimulator/TodoTimers.build/TodoTimers.app-Simulated.xcent.der /Users/jeremywatt/Library/Developer/Xcode/DerivedData/TodoTimers-hhkfosrtfdujgsaeyczcbhtfazrk/Build/Products/Debug-iphonesimulator/TodoTimers.app/TodoTimers.debug.dylib -Xlinker -no_adhoc_codesign -o /Users/jeremywatt/Library/Developer/Xcode/DerivedData/TodoTimers-hhkfosrtfdujgsaeyczcbhtfazrk/Build/Products/Debug-iphonesimulator/TodoTimers.app/TodoTimers

Copy /Users/jeremywatt/Library/Developer/Xcode/DerivedData/TodoTimers-hhkfosrtfdujgsaeyczcbhtfazrk/Build/Products/Debug-iphonesimulator/TodoTimers.app/Watch/TodoTimers\ Watch\ App\ Watch\ App.app /Users/jeremywatt/Library/Developer/Xcode/DerivedData/TodoTimers-hhkfosrtfdujgsaeyczcbhtfazrk/Build/Products/Debug-watchsimulator/TodoTimers\ Watch\ App\ Watch\ App.app (in target 'TodoTimers' from project 'TodoTimers')
    cd /Users/jeremywatt/Desktop/todo-timers-ios/TodoTimers
    builtin-copy -exclude .DS_Store -exclude CVS -exclude .svn -exclude .git -exclude .hg -exclude Headers -exclude PrivateHeaders -exclude Modules -exclude \*.tbd -resolve-src-symlinks -remove-static-executable /Users/jeremywatt/Library/Developer/Xcode/DerivedData/TodoTimers-hhkfosrtfdujgsaeyczcbhtfazrk/Build/Products/Debug-watchsimulator/TodoTimers\ Watch\ App\ Watch\ App.app /Users/jeremywatt/Library/Developer/Xcode/DerivedData/TodoTimers-hhkfosrtfdujgsaeyczcbhtfazrk/Build/Products/Debug-iphonesimulator/TodoTimers.app/Watch

ProcessInfoPlistFile /Users/jeremywatt/Library/Developer/Xcode/DerivedData/TodoTimers-hhkfosrtfdujgsaeyczcbhtfazrk/Build/Products/Debug-iphonesimulator/TodoTimers.app/Info.plist /Users/jeremywatt/Desktop/todo-timers-ios/TodoTimers/TodoTimers/Info.plist (in target 'TodoTimers' from project 'TodoTimers')
    cd /Users/jeremywatt/Desktop/todo-timers-ios/TodoTimers
    builtin-infoPlistUtility /Users/jeremywatt/Desktop/todo-timers-ios/TodoTimers/TodoTimers/Info.plist -producttype com.apple.product-type.application -genpkginfo /Users/jeremywatt/Library/Developer/Xcode/DerivedData/TodoTimers-hhkfosrtfdujgsaeyczcbhtfazrk/Build/Products/Debug-iphonesimulator/TodoTimers.app/PkgInfo -expandbuildsettings -format binary -platform iphonesimulator -additionalcontentfile /Users/jeremywatt/Library/Developer/Xcode/DerivedData/TodoTimers-hhkfosrtfdujgsaeyczcbhtfazrk/Build/Intermediates.noindex/TodoTimers.build/Debug-iphonesimulator/TodoTimers.build/assetcatalog_generated_info.plist -scanforprivacyfile /Users/jeremywatt/Library/Developer/Xcode/DerivedData/TodoTimers-hhkfosrtfdujgsaeyczcbhtfazrk/Build/Products/Debug-iphonesimulator/TodoTimers.app/Watch/TodoTimers\ Watch\ App\ Watch\ App.app -o /Users/jeremywatt/Library/Developer/Xcode/DerivedData/TodoTimers-hhkfosrtfdujgsaeyczcbhtfazrk/Build/Products/Debug-iphonesimulator/TodoTimers.app/Info.plist

ExtractAppIntentsMetadata (in target 'TodoTimers' from project 'TodoTimers')
    cd /Users/jeremywatt/Desktop/todo-timers-ios/TodoTimers
    /Applications/Xcode.app/Contents/Developer/Toolchains/XcodeDefault.xctoolchain/usr/bin/appintentsmetadataprocessor --toolchain-dir /Applications/Xcode.app/Contents/Developer/Toolchains/XcodeDefault.xctoolchain --module-name TodoTimers --sdk-root /Applications/Xcode.app/Contents/Developer/Platforms/iPhoneSimulator.platform/Developer/SDKs/iPhoneSimulator18.5.sdk --xcode-version 16F6 --platform-family iOS --deployment-target 17.0 --bundle-identifier neonwatty.TodoTimers --output /Users/jeremywatt/Library/Developer/Xcode/DerivedData/TodoTimers-hhkfosrtfdujgsaeyczcbhtfazrk/Build/Products/Debug-iphonesimulator/TodoTimers.app --target-triple arm64-apple-ios17.0-simulator --binary-file /Users/jeremywatt/Library/Developer/Xcode/DerivedData/TodoTimers-hhkfosrtfdujgsaeyczcbhtfazrk/Build/Products/Debug-iphonesimulator/TodoTimers.app/TodoTimers --dependency-file /Users/jeremywatt/Library/Developer/Xcode/DerivedData/TodoTimers-hhkfosrtfdujgsaeyczcbhtfazrk/Build/Intermediates.noindex/TodoTimers.build/Debug-iphonesimulator/TodoTimers.build/Objects-normal/arm64/TodoTimers_dependency_info.dat --stringsdata-file /Users/jeremywatt/Library/Developer/Xcode/DerivedData/TodoTimers-hhkfosrtfdujgsaeyczcbhtfazrk/Build/Intermediates.noindex/TodoTimers.build/Debug-iphonesimulator/TodoTimers.build/Objects-normal/arm64/ExtractedAppShortcutsMetadata.stringsdata --source-file-list /Users/jeremywatt/Library/Developer/Xcode/DerivedData/TodoTimers-hhkfosrtfdujgsaeyczcbhtfazrk/Build/Intermediates.noindex/TodoTimers.build/Debug-iphonesimulator/TodoTimers.build/Objects-normal/arm64/TodoTimers.SwiftFileList --metadata-file-list /Users/jeremywatt/Library/Developer/Xcode/DerivedData/TodoTimers-hhkfosrtfdujgsaeyczcbhtfazrk/Build/Intermediates.noindex/TodoTimers.build/Debug-iphonesimulator/TodoTimers.build/TodoTimers.DependencyMetadataFileList --static-metadata-file-list /Users/jeremywatt/Library/Developer/Xcode/DerivedData/TodoTimers-hhkfosrtfdujgsaeyczcbhtfazrk/Build/Intermediates.noindex/TodoTimers.build/Debug-iphonesimulator/TodoTimers.build/TodoTimers.DependencyStaticMetadataFileList --swift-const-vals-list /Users/jeremywatt/Library/Developer/Xcode/DerivedData/TodoTimers-hhkfosrtfdujgsaeyczcbhtfazrk/Build/Intermediates.noindex/TodoTimers.build/Debug-iphonesimulator/TodoTimers.build/Objects-normal/arm64/TodoTimers.SwiftConstValuesFileList --compile-time-extraction --deployment-aware-processing --validate-assistant-intents --no-app-shortcuts-localization
2025-10-18 14:38:26.035 appintentsmetadataprocessor[18676:16250039] Starting appintentsmetadataprocessor export
2025-10-18 14:38:26.036 appintentsmetadataprocessor[18676:16250039] warning: Metadata extraction skipped. No AppIntents.framework dependency found.

CopySwiftLibs /Users/jeremywatt/Library/Developer/Xcode/DerivedData/TodoTimers-hhkfosrtfdujgsaeyczcbhtfazrk/Build/Products/Debug-iphonesimulator/TodoTimers.app (in target 'TodoTimers' from project 'TodoTimers')
    cd /Users/jeremywatt/Desktop/todo-timers-ios/TodoTimers
    builtin-swiftStdLibTool --copy --verbose --sign - --scan-executable /Users/jeremywatt/Library/Developer/Xcode/DerivedData/TodoTimers-hhkfosrtfdujgsaeyczcbhtfazrk/Build/Products/Debug-iphonesimulator/TodoTimers.app/TodoTimers.debug.dylib --scan-folder /Users/jeremywatt/Library/Developer/Xcode/DerivedData/TodoTimers-hhkfosrtfdujgsaeyczcbhtfazrk/Build/Products/Debug-iphonesimulator/TodoTimers.app/Frameworks --scan-folder /Users/jeremywatt/Library/Developer/Xcode/DerivedData/TodoTimers-hhkfosrtfdujgsaeyczcbhtfazrk/Build/Products/Debug-iphonesimulator/TodoTimers.app/PlugIns --scan-folder /Users/jeremywatt/Library/Developer/Xcode/DerivedData/TodoTimers-hhkfosrtfdujgsaeyczcbhtfazrk/Build/Products/Debug-iphonesimulator/TodoTimers.app/SystemExtensions --scan-folder /Users/jeremywatt/Library/Developer/Xcode/DerivedData/TodoTimers-hhkfosrtfdujgsaeyczcbhtfazrk/Build/Products/Debug-iphonesimulator/TodoTimers.app/Extensions --platform iphonesimulator --toolchain /Applications/Xcode.app/Contents/Developer/Toolchains/XcodeDefault.xctoolchain --destination /Users/jeremywatt/Library/Developer/Xcode/DerivedData/TodoTimers-hhkfosrtfdujgsaeyczcbhtfazrk/Build/Products/Debug-iphonesimulator/TodoTimers.app/Frameworks --strip-bitcode --strip-bitcode-tool /Applications/Xcode.app/Contents/Developer/Toolchains/XcodeDefault.xctoolchain/usr/bin/bitcode_strip --emit-dependency-info /Users/jeremywatt/Library/Developer/Xcode/DerivedData/TodoTimers-hhkfosrtfdujgsaeyczcbhtfazrk/Build/Intermediates.noindex/TodoTimers.build/Debug-iphonesimulator/TodoTimers.build/SwiftStdLibToolInputDependencies.dep --filter-for-swift-os

ProcessInfoPlistFile /Users/jeremywatt/Library/Developer/Xcode/DerivedData/TodoTimers-hhkfosrtfdujgsaeyczcbhtfazrk/Build/Products/Debug-iphonesimulator/TodoTimers.app/PlugIns/TodoTimersTests.xctest/Info.plist /Users/jeremywatt/Library/Developer/Xcode/DerivedData/TodoTimers-hhkfosrtfdujgsaeyczcbhtfazrk/Build/Intermediates.noindex/TodoTimers.build/Debug-iphonesimulator/TodoTimersTests.build/empty-TodoTimersTests.plist (in target 'TodoTimersTests' from project 'TodoTimers')
    cd /Users/jeremywatt/Desktop/todo-timers-ios/TodoTimers
    builtin-infoPlistUtility /Users/jeremywatt/Library/Developer/Xcode/DerivedData/TodoTimers-hhkfosrtfdujgsaeyczcbhtfazrk/Build/Intermediates.noindex/TodoTimers.build/Debug-iphonesimulator/TodoTimersTests.build/empty-TodoTimersTests.plist -producttype com.apple.product-type.bundle.unit-test -expandbuildsettings -format binary -platform iphonesimulator -o /Users/jeremywatt/Library/Developer/Xcode/DerivedData/TodoTimers-hhkfosrtfdujgsaeyczcbhtfazrk/Build/Products/Debug-iphonesimulator/TodoTimers.app/PlugIns/TodoTimersTests.xctest/Info.plist

Ld /Users/jeremywatt/Library/Developer/Xcode/DerivedData/TodoTimers-hhkfosrtfdujgsaeyczcbhtfazrk/Build/Products/Debug-iphonesimulator/TodoTimers.app/PlugIns/TodoTimersTests.xctest/TodoTimersTests normal (in target 'TodoTimersTests' from project 'TodoTimers')
    cd /Users/jeremywatt/Desktop/todo-timers-ios/TodoTimers
    /Applications/Xcode.app/Contents/Developer/Toolchains/XcodeDefault.xctoolchain/usr/bin/clang -Xlinker -reproducible -target arm64-apple-ios17.0-simulator -bundle -isysroot /Applications/Xcode.app/Contents/Developer/Platforms/iPhoneSimulator.platform/Developer/SDKs/iPhoneSimulator18.5.sdk -O0 -L/Users/jeremywatt/Library/Developer/Xcode/DerivedData/TodoTimers-hhkfosrtfdujgsaeyczcbhtfazrk/Build/Intermediates.noindex/EagerLinkingTBDs/Debug-iphonesimulator -L/Users/jeremywatt/Library/Developer/Xcode/DerivedData/TodoTimers-hhkfosrtfdujgsaeyczcbhtfazrk/Build/Products/Debug-iphonesimulator -L/Applications/Xcode.app/Contents/Developer/Platforms/iPhoneSimulator.platform/Developer/usr/lib -F/Users/jeremywatt/Library/Developer/Xcode/DerivedData/TodoTimers-hhkfosrtfdujgsaeyczcbhtfazrk/Build/Intermediates.noindex/EagerLinkingTBDs/Debug-iphonesimulator -F/Users/jeremywatt/Library/Developer/Xcode/DerivedData/TodoTimers-hhkfosrtfdujgsaeyczcbhtfazrk/Build/Products/Debug-iphonesimulator -iframework /Applications/Xcode.app/Contents/Developer/Platforms/iPhoneSimulator.platform/Developer/Library/Frameworks -iframework /Applications/Xcode.app/Contents/Developer/Platforms/iPhoneSimulator.platform/Developer/SDKs/iPhoneSimulator18.5.sdk/Developer/Library/Frameworks -filelist /Users/jeremywatt/Library/Developer/Xcode/DerivedData/TodoTimers-hhkfosrtfdujgsaeyczcbhtfazrk/Build/Intermediates.noindex/TodoTimers.build/Debug-iphonesimulator/TodoTimersTests.build/Objects-normal/arm64/TodoTimersTests.LinkFileList -Xlinker -rpath -Xlinker @loader_path/Frameworks -Xlinker -rpath -Xlinker @executable_path/Frameworks -dead_strip -bundle_loader /Users/jeremywatt/Library/Developer/Xcode/DerivedData/TodoTimers-hhkfosrtfdujgsaeyczcbhtfazrk/Build/Products/Debug-iphonesimulator/TodoTimers.app/TodoTimers -Xlinker -object_path_lto -Xlinker /Users/jeremywatt/Library/Developer/Xcode/DerivedData/TodoTimers-hhkfosrtfdujgsaeyczcbhtfazrk/Build/Intermediates.noindex/TodoTimers.build/Debug-iphonesimulator/TodoTimersTests.build/Objects-normal/arm64/TodoTimersTests_lto.o -rdynamic -Xlinker -no_deduplicate -Xlinker -objc_abi_version -Xlinker 2 -Xlinker -debug_variant -Xlinker -dependency_info -Xlinker /Users/jeremywatt/Library/Developer/Xcode/DerivedData/TodoTimers-hhkfosrtfdujgsaeyczcbhtfazrk/Build/Intermediates.noindex/TodoTimers.build/Debug-iphonesimulator/TodoTimersTests.build/Objects-normal/arm64/TodoTimersTests_dependency_info.dat -fobjc-link-runtime -fprofile-instr-generate -L/Applications/Xcode.app/Contents/Developer/Toolchains/XcodeDefault.xctoolchain/usr/lib/swift/iphonesimulator -L/usr/lib/swift -Xlinker -add_ast_path -Xlinker /Users/jeremywatt/Library/Developer/Xcode/DerivedData/TodoTimers-hhkfosrtfdujgsaeyczcbhtfazrk/Build/Intermediates.noindex/TodoTimers.build/Debug-iphonesimulator/TodoTimersTests.build/Objects-normal/arm64/TodoTimersTests.swiftmodule -framework XCTest -lXCTestSwiftSupport /Users/jeremywatt/Library/Developer/Xcode/DerivedData/TodoTimers-hhkfosrtfdujgsaeyczcbhtfazrk/Build/Products/Debug-iphonesimulator/TodoTimers.app/TodoTimers.debug.dylib -Xlinker -no_adhoc_codesign -o /Users/jeremywatt/Library/Developer/Xcode/DerivedData/TodoTimers-hhkfosrtfdujgsaeyczcbhtfazrk/Build/Products/Debug-iphonesimulator/TodoTimers.app/PlugIns/TodoTimersTests.xctest/TodoTimersTests

CopySwiftLibs /Users/jeremywatt/Library/Developer/Xcode/DerivedData/TodoTimers-hhkfosrtfdujgsaeyczcbhtfazrk/Build/Products/Debug-iphonesimulator/TodoTimers.app/PlugIns/TodoTimersTests.xctest (in target 'TodoTimersTests' from project 'TodoTimers')
    cd /Users/jeremywatt/Desktop/todo-timers-ios/TodoTimers
    builtin-swiftStdLibTool --copy --verbose --sign - --scan-executable /Users/jeremywatt/Library/Developer/Xcode/DerivedData/TodoTimers-hhkfosrtfdujgsaeyczcbhtfazrk/Build/Products/Debug-iphonesimulator/TodoTimers.app/PlugIns/TodoTimersTests.xctest/TodoTimersTests --scan-folder /Users/jeremywatt/Library/Developer/Xcode/DerivedData/TodoTimers-hhkfosrtfdujgsaeyczcbhtfazrk/Build/Products/Debug-iphonesimulator/TodoTimers.app/PlugIns/TodoTimersTests.xctest/Frameworks --scan-folder /Users/jeremywatt/Library/Developer/Xcode/DerivedData/TodoTimers-hhkfosrtfdujgsaeyczcbhtfazrk/Build/Products/Debug-iphonesimulator/TodoTimers.app/PlugIns/TodoTimersTests.xctest/PlugIns --scan-folder /Users/jeremywatt/Library/Developer/Xcode/DerivedData/TodoTimers-hhkfosrtfdujgsaeyczcbhtfazrk/Build/Products/Debug-iphonesimulator/TodoTimers.app/PlugIns/TodoTimersTests.xctest/SystemExtensions --scan-folder /Users/jeremywatt/Library/Developer/Xcode/DerivedData/TodoTimers-hhkfosrtfdujgsaeyczcbhtfazrk/Build/Products/Debug-iphonesimulator/TodoTimers.app/PlugIns/TodoTimersTests.xctest/Extensions --platform iphonesimulator --toolchain /Applications/Xcode.app/Contents/Developer/Toolchains/XcodeDefault.xctoolchain --destination /Users/jeremywatt/Library/Developer/Xcode/DerivedData/TodoTimers-hhkfosrtfdujgsaeyczcbhtfazrk/Build/Products/Debug-iphonesimulator/TodoTimers.app/PlugIns/TodoTimersTests.xctest/Frameworks --strip-bitcode --scan-executable /Applications/Xcode.app/Contents/Developer/Platforms/iPhoneSimulator.platform/Developer/usr/lib/libXCTestSwiftSupport.dylib --strip-bitcode-tool /Applications/Xcode.app/Contents/Developer/Toolchains/XcodeDefault.xctoolchain/usr/bin/bitcode_strip --emit-dependency-info /Users/jeremywatt/Library/Developer/Xcode/DerivedData/TodoTimers-hhkfosrtfdujgsaeyczcbhtfazrk/Build/Intermediates.noindex/TodoTimers.build/Debug-iphonesimulator/TodoTimersTests.build/SwiftStdLibToolInputDependencies.dep --filter-for-swift-os

ExtractAppIntentsMetadata (in target 'TodoTimersTests' from project 'TodoTimers')
    cd /Users/jeremywatt/Desktop/todo-timers-ios/TodoTimers
    /Applications/Xcode.app/Contents/Developer/Toolchains/XcodeDefault.xctoolchain/usr/bin/appintentsmetadataprocessor --toolchain-dir /Applications/Xcode.app/Contents/Developer/Toolchains/XcodeDefault.xctoolchain --module-name TodoTimersTests --sdk-root /Applications/Xcode.app/Contents/Developer/Platforms/iPhoneSimulator.platform/Developer/SDKs/iPhoneSimulator18.5.sdk --xcode-version 16F6 --platform-family iOS --deployment-target 17.0 --bundle-identifier neonwatty.TodoTimersTests --output /Users/jeremywatt/Library/Developer/Xcode/DerivedData/TodoTimers-hhkfosrtfdujgsaeyczcbhtfazrk/Build/Products/Debug-iphonesimulator/TodoTimers.app/PlugIns/TodoTimersTests.xctest --target-triple arm64-apple-ios17.0-simulator --binary-file /Users/jeremywatt/Library/Developer/Xcode/DerivedData/TodoTimers-hhkfosrtfdujgsaeyczcbhtfazrk/Build/Products/Debug-iphonesimulator/TodoTimers.app/PlugIns/TodoTimersTests.xctest/TodoTimersTests --dependency-file /Users/jeremywatt/Library/Developer/Xcode/DerivedData/TodoTimers-hhkfosrtfdujgsaeyczcbhtfazrk/Build/Intermediates.noindex/TodoTimers.build/Debug-iphonesimulator/TodoTimersTests.build/Objects-normal/arm64/TodoTimersTests_dependency_info.dat --stringsdata-file /Users/jeremywatt/Library/Developer/Xcode/DerivedData/TodoTimers-hhkfosrtfdujgsaeyczcbhtfazrk/Build/Intermediates.noindex/TodoTimers.build/Debug-iphonesimulator/TodoTimersTests.build/Objects-normal/arm64/ExtractedAppShortcutsMetadata.stringsdata --source-file-list /Users/jeremywatt/Library/Developer/Xcode/DerivedData/TodoTimers-hhkfosrtfdujgsaeyczcbhtfazrk/Build/Intermediates.noindex/TodoTimers.build/Debug-iphonesimulator/TodoTimersTests.build/Objects-normal/arm64/TodoTimersTests.SwiftFileList --metadata-file-list /Users/jeremywatt/Library/Developer/Xcode/DerivedData/TodoTimers-hhkfosrtfdujgsaeyczcbhtfazrk/Build/Intermediates.noindex/TodoTimers.build/Debug-iphonesimulator/TodoTimersTests.build/TodoTimersTests.DependencyMetadataFileList --static-metadata-file-list /Users/jeremywatt/Library/Developer/Xcode/DerivedData/TodoTimers-hhkfosrtfdujgsaeyczcbhtfazrk/Build/Intermediates.noindex/TodoTimers.build/Debug-iphonesimulator/TodoTimersTests.build/TodoTimersTests.DependencyStaticMetadataFileList --swift-const-vals-list /Users/jeremywatt/Library/Developer/Xcode/DerivedData/TodoTimers-hhkfosrtfdujgsaeyczcbhtfazrk/Build/Intermediates.noindex/TodoTimers.build/Debug-iphonesimulator/TodoTimersTests.build/Objects-normal/arm64/TodoTimersTests.SwiftConstValuesFileList --compile-time-extraction --deployment-aware-processing --validate-assistant-intents --no-app-shortcuts-localization
2025-10-18 14:38:26.199 appintentsmetadataprocessor[18682:16250060] Starting appintentsmetadataprocessor export
2025-10-18 14:38:26.200 appintentsmetadataprocessor[18682:16250060] warning: Metadata extraction skipped. No AppIntents.framework dependency found.

CodeSign /Users/jeremywatt/Library/Developer/Xcode/DerivedData/TodoTimers-hhkfosrtfdujgsaeyczcbhtfazrk/Build/Products/Debug-iphonesimulator/TodoTimers.app/PlugIns/TodoTimersTests.xctest (in target 'TodoTimersTests' from project 'TodoTimers')
    cd /Users/jeremywatt/Desktop/todo-timers-ios/TodoTimers
    
    Signing Identity:     "Sign to Run Locally"
    
    /usr/bin/codesign --force --sign - --timestamp\=none --generate-entitlement-der /Users/jeremywatt/Library/Developer/Xcode/DerivedData/TodoTimers-hhkfosrtfdujgsaeyczcbhtfazrk/Build/Products/Debug-iphonesimulator/TodoTimers.app/PlugIns/TodoTimersTests.xctest

CodeSign /Users/jeremywatt/Library/Developer/Xcode/DerivedData/TodoTimers-hhkfosrtfdujgsaeyczcbhtfazrk/Build/Products/Debug-iphonesimulator/TodoTimers.app/TodoTimers.debug.dylib (in target 'TodoTimers' from project 'TodoTimers')
    cd /Users/jeremywatt/Desktop/todo-timers-ios/TodoTimers
    
    Signing Identity:     "Sign to Run Locally"
    
    /usr/bin/codesign --force --sign - --timestamp\=none --generate-entitlement-der /Users/jeremywatt/Library/Developer/Xcode/DerivedData/TodoTimers-hhkfosrtfdujgsaeyczcbhtfazrk/Build/Products/Debug-iphonesimulator/TodoTimers.app/TodoTimers.debug.dylib

CodeSign /Users/jeremywatt/Library/Developer/Xcode/DerivedData/TodoTimers-hhkfosrtfdujgsaeyczcbhtfazrk/Build/Products/Debug-iphonesimulator/TodoTimers.app/__preview.dylib (in target 'TodoTimers' from project 'TodoTimers')
    cd /Users/jeremywatt/Desktop/todo-timers-ios/TodoTimers
    
    Signing Identity:     "Sign to Run Locally"
    
    /usr/bin/codesign --force --sign - --timestamp\=none --generate-entitlement-der /Users/jeremywatt/Library/Developer/Xcode/DerivedData/TodoTimers-hhkfosrtfdujgsaeyczcbhtfazrk/Build/Products/Debug-iphonesimulator/TodoTimers.app/__preview.dylib
/Users/jeremywatt/Library/Developer/Xcode/DerivedData/TodoTimers-hhkfosrtfdujgsaeyczcbhtfazrk/Build/Products/Debug-iphonesimulator/TodoTimers.app/__preview.dylib: replacing existing signature

CodeSign /Users/jeremywatt/Library/Developer/Xcode/DerivedData/TodoTimers-hhkfosrtfdujgsaeyczcbhtfazrk/Build/Products/Debug-iphonesimulator/TodoTimers.app (in target 'TodoTimers' from project 'TodoTimers')
    cd /Users/jeremywatt/Desktop/todo-timers-ios/TodoTimers
    
    Signing Identity:     "Sign to Run Locally"
    
    /usr/bin/codesign --force --sign - --entitlements /Users/jeremywatt/Library/Developer/Xcode/DerivedData/TodoTimers-hhkfosrtfdujgsaeyczcbhtfazrk/Build/Intermediates.noindex/TodoTimers.build/Debug-iphonesimulator/TodoTimers.build/TodoTimers.app.xcent --timestamp\=none --generate-entitlement-der /Users/jeremywatt/Library/Developer/Xcode/DerivedData/TodoTimers-hhkfosrtfdujgsaeyczcbhtfazrk/Build/Products/Debug-iphonesimulator/TodoTimers.app

Validate /Users/jeremywatt/Library/Developer/Xcode/DerivedData/TodoTimers-hhkfosrtfdujgsaeyczcbhtfazrk/Build/Products/Debug-iphonesimulator/TodoTimers.app (in target 'TodoTimers' from project 'TodoTimers')
    cd /Users/jeremywatt/Desktop/todo-timers-ios/TodoTimers
    builtin-validationUtility /Users/jeremywatt/Library/Developer/Xcode/DerivedData/TodoTimers-hhkfosrtfdujgsaeyczcbhtfazrk/Build/Products/Debug-iphonesimulator/TodoTimers.app -infoplist-subpath Info.plist

ValidateEmbeddedBinary /Users/jeremywatt/Library/Developer/Xcode/DerivedData/TodoTimers-hhkfosrtfdujgsaeyczcbhtfazrk/Build/Products/Debug-iphonesimulator/TodoTimers.app/Watch/TodoTimers\ Watch\ App\ Watch\ App.app (in target 'TodoTimers' from project 'TodoTimers')
    cd /Users/jeremywatt/Desktop/todo-timers-ios/TodoTimers
    /Applications/Xcode.app/Contents/Developer/usr/bin/embeddedBinaryValidationUtility /Users/jeremywatt/Library/Developer/Xcode/DerivedData/TodoTimers-hhkfosrtfdujgsaeyczcbhtfazrk/Build/Products/Debug-iphonesimulator/TodoTimers.app/Watch/TodoTimers\ Watch\ App\ Watch\ App.app -signing-cert - -info-plist-path /Users/jeremywatt/Library/Developer/Xcode/DerivedData/TodoTimers-hhkfosrtfdujgsaeyczcbhtfazrk/Build/Products/Debug-iphonesimulator/TodoTimers.app/Info.plist

Ld /Users/jeremywatt/Library/Developer/Xcode/DerivedData/TodoTimers-hhkfosrtfdujgsaeyczcbhtfazrk/Build/Products/Debug-iphonesimulator/TodoTimersUITests-Runner.app/PlugIns/TodoTimersUITests.xctest/TodoTimersUITests normal (in target 'TodoTimersUITests' from project 'TodoTimers')
    cd /Users/jeremywatt/Desktop/todo-timers-ios/TodoTimers
    /Applications/Xcode.app/Contents/Developer/Toolchains/XcodeDefault.xctoolchain/usr/bin/clang -Xlinker -reproducible -target arm64-apple-ios17.0-simulator -bundle -isysroot /Applications/Xcode.app/Contents/Developer/Platforms/iPhoneSimulator.platform/Developer/SDKs/iPhoneSimulator18.5.sdk -O0 -L/Users/jeremywatt/Library/Developer/Xcode/DerivedData/TodoTimers-hhkfosrtfdujgsaeyczcbhtfazrk/Build/Intermediates.noindex/EagerLinkingTBDs/Debug-iphonesimulator -L/Users/jeremywatt/Library/Developer/Xcode/DerivedData/TodoTimers-hhkfosrtfdujgsaeyczcbhtfazrk/Build/Products/Debug-iphonesimulator -L/Applications/Xcode.app/Contents/Developer/Platforms/iPhoneSimulator.platform/Developer/usr/lib -F/Users/jeremywatt/Library/Developer/Xcode/DerivedData/TodoTimers-hhkfosrtfdujgsaeyczcbhtfazrk/Build/Intermediates.noindex/EagerLinkingTBDs/Debug-iphonesimulator -F/Users/jeremywatt/Library/Developer/Xcode/DerivedData/TodoTimers-hhkfosrtfdujgsaeyczcbhtfazrk/Build/Products/Debug-iphonesimulator -iframework /Applications/Xcode.app/Contents/Developer/Platforms/iPhoneSimulator.platform/Developer/Library/Frameworks -iframework /Applications/Xcode.app/Contents/Developer/Platforms/iPhoneSimulator.platform/Developer/SDKs/iPhoneSimulator18.5.sdk/Developer/Library/Frameworks -filelist /Users/jeremywatt/Library/Developer/Xcode/DerivedData/TodoTimers-hhkfosrtfdujgsaeyczcbhtfazrk/Build/Intermediates.noindex/TodoTimers.build/Debug-iphonesimulator/TodoTimersUITests.build/Objects-normal/arm64/TodoTimersUITests.LinkFileList -Xlinker -rpath -Xlinker @loader_path/Frameworks -dead_strip -Xlinker -object_path_lto -Xlinker /Users/jeremywatt/Library/Developer/Xcode/DerivedData/TodoTimers-hhkfosrtfdujgsaeyczcbhtfazrk/Build/Intermediates.noindex/TodoTimers.build/Debug-iphonesimulator/TodoTimersUITests.build/Objects-normal/arm64/TodoTimersUITests_lto.o -rdynamic -Xlinker -no_deduplicate -Xlinker -objc_abi_version -Xlinker 2 -Xlinker -debug_variant -Xlinker -dependency_info -Xlinker /Users/jeremywatt/Library/Developer/Xcode/DerivedData/TodoTimers-hhkfosrtfdujgsaeyczcbhtfazrk/Build/Intermediates.noindex/TodoTimers.build/Debug-iphonesimulator/TodoTimersUITests.build/Objects-normal/arm64/TodoTimersUITests_dependency_info.dat -fobjc-link-runtime -fprofile-instr-generate -L/Applications/Xcode.app/Contents/Developer/Toolchains/XcodeDefault.xctoolchain/usr/lib/swift/iphonesimulator -L/usr/lib/swift -Xlinker -add_ast_path -Xlinker /Users/jeremywatt/Library/Developer/Xcode/DerivedData/TodoTimers-hhkfosrtfdujgsaeyczcbhtfazrk/Build/Intermediates.noindex/TodoTimers.build/Debug-iphonesimulator/TodoTimersUITests.build/Objects-normal/arm64/TodoTimersUITests.swiftmodule -framework XCTest -lXCTestSwiftSupport -Xlinker -sectcreate -Xlinker __TEXT -Xlinker __entitlements -Xlinker /Users/jeremywatt/Library/Developer/Xcode/DerivedData/TodoTimers-hhkfosrtfdujgsaeyczcbhtfazrk/Build/Intermediates.noindex/TodoTimers.build/Debug-iphonesimulator/TodoTimersUITests.build/TodoTimersUITests.xctest-Simulated.xcent -Xlinker -sectcreate -Xlinker __TEXT -Xlinker __ents_der -Xlinker /Users/jeremywatt/Library/Developer/Xcode/DerivedData/TodoTimers-hhkfosrtfdujgsaeyczcbhtfazrk/Build/Intermediates.noindex/TodoTimers.build/Debug-iphonesimulator/TodoTimersUITests.build/TodoTimersUITests.xctest-Simulated.xcent.der -Xlinker -no_adhoc_codesign -o /Users/jeremywatt/Library/Developer/Xcode/DerivedData/TodoTimers-hhkfosrtfdujgsaeyczcbhtfazrk/Build/Products/Debug-iphonesimulator/TodoTimersUITests-Runner.app/PlugIns/TodoTimersUITests.xctest/TodoTimersUITests

ProcessInfoPlistFile /Users/jeremywatt/Library/Developer/Xcode/DerivedData/TodoTimers-hhkfosrtfdujgsaeyczcbhtfazrk/Build/Products/Debug-iphonesimulator/TodoTimersUITests-Runner.app/PlugIns/TodoTimersUITests.xctest/Info.plist /Users/jeremywatt/Library/Developer/Xcode/DerivedData/TodoTimers-hhkfosrtfdujgsaeyczcbhtfazrk/Build/Intermediates.noindex/TodoTimers.build/Debug-iphonesimulator/TodoTimersUITests.build/empty-TodoTimersUITests.plist (in target 'TodoTimersUITests' from project 'TodoTimers')
    cd /Users/jeremywatt/Desktop/todo-timers-ios/TodoTimers
    builtin-infoPlistUtility /Users/jeremywatt/Library/Developer/Xcode/DerivedData/TodoTimers-hhkfosrtfdujgsaeyczcbhtfazrk/Build/Intermediates.noindex/TodoTimers.build/Debug-iphonesimulator/TodoTimersUITests.build/empty-TodoTimersUITests.plist -producttype com.apple.product-type.bundle.ui-testing -expandbuildsettings -format binary -platform iphonesimulator -additionalcontentfile /Users/jeremywatt/Library/Developer/Xcode/DerivedData/TodoTimers-hhkfosrtfdujgsaeyczcbhtfazrk/Build/Intermediates.noindex/TodoTimers.build/Debug-iphonesimulator/TodoTimersUITests.build/ProductTypeInfoPlistAdditions.plist -o /Users/jeremywatt/Library/Developer/Xcode/DerivedData/TodoTimers-hhkfosrtfdujgsaeyczcbhtfazrk/Build/Products/Debug-iphonesimulator/TodoTimersUITests-Runner.app/PlugIns/TodoTimersUITests.xctest/Info.plist

CopySwiftLibs /Users/jeremywatt/Library/Developer/Xcode/DerivedData/TodoTimers-hhkfosrtfdujgsaeyczcbhtfazrk/Build/Products/Debug-iphonesimulator/TodoTimersUITests-Runner.app/PlugIns/TodoTimersUITests.xctest (in target 'TodoTimersUITests' from project 'TodoTimers')
    cd /Users/jeremywatt/Desktop/todo-timers-ios/TodoTimers
    builtin-swiftStdLibTool --copy --verbose --sign - --scan-executable /Users/jeremywatt/Library/Developer/Xcode/DerivedData/TodoTimers-hhkfosrtfdujgsaeyczcbhtfazrk/Build/Products/Debug-iphonesimulator/TodoTimersUITests-Runner.app/PlugIns/TodoTimersUITests.xctest/TodoTimersUITests --scan-folder /Users/jeremywatt/Library/Developer/Xcode/DerivedData/TodoTimers-hhkfosrtfdujgsaeyczcbhtfazrk/Build/Products/Debug-iphonesimulator/TodoTimersUITests-Runner.app/PlugIns/TodoTimersUITests.xctest/Frameworks --scan-folder /Users/jeremywatt/Library/Developer/Xcode/DerivedData/TodoTimers-hhkfosrtfdujgsaeyczcbhtfazrk/Build/Products/Debug-iphonesimulator/TodoTimersUITests-Runner.app/PlugIns/TodoTimersUITests.xctest/PlugIns --scan-folder /Users/jeremywatt/Library/Developer/Xcode/DerivedData/TodoTimers-hhkfosrtfdujgsaeyczcbhtfazrk/Build/Products/Debug-iphonesimulator/TodoTimersUITests-Runner.app/PlugIns/TodoTimersUITests.xctest/SystemExtensions --scan-folder /Users/jeremywatt/Library/Developer/Xcode/DerivedData/TodoTimers-hhkfosrtfdujgsaeyczcbhtfazrk/Build/Products/Debug-iphonesimulator/TodoTimersUITests-Runner.app/PlugIns/TodoTimersUITests.xctest/Extensions --platform iphonesimulator --toolchain /Applications/Xcode.app/Contents/Developer/Toolchains/XcodeDefault.xctoolchain --destination /Users/jeremywatt/Library/Developer/Xcode/DerivedData/TodoTimers-hhkfosrtfdujgsaeyczcbhtfazrk/Build/Products/Debug-iphonesimulator/TodoTimersUITests-Runner.app/PlugIns/TodoTimersUITests.xctest/Frameworks --strip-bitcode --scan-executable /Applications/Xcode.app/Contents/Developer/Platforms/iPhoneSimulator.platform/Developer/usr/lib/libXCTestSwiftSupport.dylib --strip-bitcode-tool /Applications/Xcode.app/Contents/Developer/Toolchains/XcodeDefault.xctoolchain/usr/bin/bitcode_strip --emit-dependency-info /Users/jeremywatt/Library/Developer/Xcode/DerivedData/TodoTimers-hhkfosrtfdujgsaeyczcbhtfazrk/Build/Intermediates.noindex/TodoTimers.build/Debug-iphonesimulator/TodoTimersUITests.build/SwiftStdLibToolInputDependencies.dep --filter-for-swift-os

ExtractAppIntentsMetadata (in target 'TodoTimersUITests' from project 'TodoTimers')
    cd /Users/jeremywatt/Desktop/todo-timers-ios/TodoTimers
    /Applications/Xcode.app/Contents/Developer/Toolchains/XcodeDefault.xctoolchain/usr/bin/appintentsmetadataprocessor --toolchain-dir /Applications/Xcode.app/Contents/Developer/Toolchains/XcodeDefault.xctoolchain --module-name TodoTimersUITests --sdk-root /Applications/Xcode.app/Contents/Developer/Platforms/iPhoneSimulator.platform/Developer/SDKs/iPhoneSimulator18.5.sdk --xcode-version 16F6 --platform-family iOS --deployment-target 17.0 --bundle-identifier neonwatty.TodoTimersUITests --output /Users/jeremywatt/Library/Developer/Xcode/DerivedData/TodoTimers-hhkfosrtfdujgsaeyczcbhtfazrk/Build/Products/Debug-iphonesimulator/TodoTimersUITests-Runner.app/PlugIns/TodoTimersUITests.xctest --target-triple arm64-apple-ios17.0-simulator --binary-file /Users/jeremywatt/Library/Developer/Xcode/DerivedData/TodoTimers-hhkfosrtfdujgsaeyczcbhtfazrk/Build/Products/Debug-iphonesimulator/TodoTimersUITests-Runner.app/PlugIns/TodoTimersUITests.xctest/TodoTimersUITests --dependency-file /Users/jeremywatt/Library/Developer/Xcode/DerivedData/TodoTimers-hhkfosrtfdujgsaeyczcbhtfazrk/Build/Intermediates.noindex/TodoTimers.build/Debug-iphonesimulator/TodoTimersUITests.build/Objects-normal/arm64/TodoTimersUITests_dependency_info.dat --stringsdata-file /Users/jeremywatt/Library/Developer/Xcode/DerivedData/TodoTimers-hhkfosrtfdujgsaeyczcbhtfazrk/Build/Intermediates.noindex/TodoTimers.build/Debug-iphonesimulator/TodoTimersUITests.build/Objects-normal/arm64/ExtractedAppShortcutsMetadata.stringsdata --source-file-list /Users/jeremywatt/Library/Developer/Xcode/DerivedData/TodoTimers-hhkfosrtfdujgsaeyczcbhtfazrk/Build/Intermediates.noindex/TodoTimers.build/Debug-iphonesimulator/TodoTimersUITests.build/Objects-normal/arm64/TodoTimersUITests.SwiftFileList --metadata-file-list /Users/jeremywatt/Library/Developer/Xcode/DerivedData/TodoTimers-hhkfosrtfdujgsaeyczcbhtfazrk/Build/Intermediates.noindex/TodoTimers.build/Debug-iphonesimulator/TodoTimersUITests.build/TodoTimersUITests.DependencyMetadataFileList --static-metadata-file-list /Users/jeremywatt/Library/Developer/Xcode/DerivedData/TodoTimers-hhkfosrtfdujgsaeyczcbhtfazrk/Build/Intermediates.noindex/TodoTimers.build/Debug-iphonesimulator/TodoTimersUITests.build/TodoTimersUITests.DependencyStaticMetadataFileList --swift-const-vals-list /Users/jeremywatt/Library/Developer/Xcode/DerivedData/TodoTimers-hhkfosrtfdujgsaeyczcbhtfazrk/Build/Intermediates.noindex/TodoTimers.build/Debug-iphonesimulator/TodoTimersUITests.build/Objects-normal/arm64/TodoTimersUITests.SwiftConstValuesFileList --compile-time-extraction --deployment-aware-processing --validate-assistant-intents --no-app-shortcuts-localization
2025-10-18 14:38:26.756 appintentsmetadataprocessor[18691:16250154] Starting appintentsmetadataprocessor export
2025-10-18 14:38:26.757 appintentsmetadataprocessor[18691:16250154] warning: Metadata extraction skipped. No AppIntents.framework dependency found.

CodeSign /Users/jeremywatt/Library/Developer/Xcode/DerivedData/TodoTimers-hhkfosrtfdujgsaeyczcbhtfazrk/Build/Products/Debug-iphonesimulator/TodoTimersUITests-Runner.app/PlugIns/TodoTimersUITests.xctest (in target 'TodoTimersUITests' from project 'TodoTimers')
    cd /Users/jeremywatt/Desktop/todo-timers-ios/TodoTimers
    
    Signing Identity:     "Sign to Run Locally"
    
    /usr/bin/codesign --force --sign - --timestamp\=none --generate-entitlement-der /Users/jeremywatt/Library/Developer/Xcode/DerivedData/TodoTimers-hhkfosrtfdujgsaeyczcbhtfazrk/Build/Products/Debug-iphonesimulator/TodoTimersUITests-Runner.app/PlugIns/TodoTimersUITests.xctest

2025-10-18 14:38:27.505355-0700 TodoTimersUITests-Runner[18693:16250289] [Default] Running tests...
    t =      nans Interface orientation changed to Portrait
Test Suite 'Selected tests' started at 2025-10-18 14:38:28.503.
Test Suite 'TodoTimersUITests.xctest' started at 2025-10-18 14:38:28.503.
Test Suite 'TimerCRUDUITests' started at 2025-10-18 14:38:28.503.
Test Case '-[TodoTimersUITests.TimerCRUDUITests testCreateTimer_Cancel_DoesNotSave]' started.
    t =     0.00s Start Test at 2025-10-18 14:38:28.503
    t =     0.02s Set Up
    t =     0.02s     Open neonwatty.TodoTimers
    t =     0.02s         Launch neonwatty.TodoTimers
    t =     0.44s             Setting up automation session
    t =     0.86s             Wait for neonwatty.TodoTimers to idle
    t =     2.04s Get number of matches for: Elements matching predicate 'identifier BEGINSWITH "timerCard-"'
    t =     2.06s Tap "addTimerButton" Button
    t =     2.06s     Wait for neonwatty.TodoTimers to idle
    t =     2.06s     Find the "addTimerButton" Button
    t =     2.07s     Check for interrupting elements affecting "addTimerButton" Button
    t =     2.08s     Synthesize event
    t =     2.37s     Wait for neonwatty.TodoTimers to idle
    t =     2.85s Waiting 5.0s for "timerNameField" TextField to exist
    t =     3.86s     Checking `Expect predicate `existsNoRetry == 1` for object "timerNameField" TextField`
    t =     3.86s         Checking existence of `"timerNameField" TextField`
    t =     4.08s Find the "timerNameField" TextField
    t =     4.14s Tap "timerNameField" TextField
    t =     4.14s     Wait for neonwatty.TodoTimers to idle
    t =     4.15s     Find the "timerNameField" TextField
    t =     4.21s     Check for interrupting elements affecting "timerNameField" TextField
    t =     4.28s     Synthesize event
    t =     4.56s     Wait for neonwatty.TodoTimers to idle
    t =     4.60s Type '' into "timerNameField" TextField
    t =     4.60s     Wait for neonwatty.TodoTimers to idle
    t =     5.06s     Find the "timerNameField" TextField
    t =     5.16s     Check for interrupting elements affecting "timerNameField" TextField
    t =     5.24s     Synthesize event
    t =     5.70s     Wait for neonwatty.TodoTimers to idle
    t =     5.71s Type 'Canceled Timer' into "timerNameField" TextField
    t =     5.71s     Wait for neonwatty.TodoTimers to idle
    t =     5.71s     Find the "timerNameField" TextField
    t =     5.80s     Check for interrupting elements affecting "timerNameField" TextField
    t =     5.87s     Synthesize event
    t =     6.30s     Wait for neonwatty.TodoTimers to idle
    t =     6.30s Set value of PickerWheel (Element at index 0) to 10
    t =     6.30s     Wait for neonwatty.TodoTimers to idle
    t =     6.31s     Find the PickerWheel (Element at index 0)
    t =     6.48s     Check for interrupting elements affecting "25" PickerWheel
    t =     6.55s     Synthesize event
    t =     6.77s     Wait for neonwatty.TodoTimers to idle
    t =     6.77s Tap "cancelButton" Button
    t =     6.77s     Wait for neonwatty.TodoTimers to idle
    t =     6.77s     Find the "cancelButton" Button
    t =     6.95s     Check for interrupting elements affecting "cancelButton" Button
    t =     7.06s     Synthesize event
    t =     7.35s     Wait for neonwatty.TodoTimers to idle
    t =     7.80s Get number of matches for: Elements matching predicate 'identifier BEGINSWITH "timerCard-"'
    t =     7.90s Tear Down
Test Case '-[TodoTimersUITests.TimerCRUDUITests testCreateTimer_Cancel_DoesNotSave]' passed (8.146 seconds).
Test Case '-[TodoTimersUITests.TimerCRUDUITests testDeleteTimer_RemovesFromList]' started.
    t =     0.00s Start Test at 2025-10-18 14:38:36.651
    t =     0.03s Set Up
    t =     0.03s     Open neonwatty.TodoTimers
    t =     0.03s         Launch neonwatty.TodoTimers
    t =     0.03s             Terminate neonwatty.TodoTimers:18698
    t =     1.31s             Setting up automation session
    t =     1.71s             Wait for neonwatty.TodoTimers to idle
    t =     2.86s Tap "addTimerButton" Button
    t =     2.86s     Wait for neonwatty.TodoTimers to idle
    t =     2.87s     Find the "addTimerButton" Button
    t =     2.91s     Check for interrupting elements affecting "addTimerButton" Button
    t =     2.92s     Synthesize event
    t =     3.21s     Wait for neonwatty.TodoTimers to idle
    t =     3.70s Waiting 5.0s for "timerNameField" TextField to exist
    t =     4.72s     Checking `Expect predicate `existsNoRetry == 1` for object "timerNameField" TextField`
    t =     4.72s         Checking existence of `"timerNameField" TextField`
    t =     4.92s Find the "timerNameField" TextField
    t =     4.99s Tap "timerNameField" TextField
    t =     4.99s     Wait for neonwatty.TodoTimers to idle
    t =     4.99s     Find the "timerNameField" TextField
    t =     5.06s     Check for interrupting elements affecting "timerNameField" TextField
    t =     5.12s     Synthesize event
    t =     5.40s     Wait for neonwatty.TodoTimers to idle
    t =     5.84s Type '' into "timerNameField" TextField
    t =     5.84s     Wait for neonwatty.TodoTimers to idle
    t =     5.84s     Find the "timerNameField" TextField
    t =     5.95s     Check for interrupting elements affecting "timerNameField" TextField
    t =     6.02s     Synthesize event
    t =     6.49s     Wait for neonwatty.TodoTimers to idle
    t =     6.49s Type 'To Delete' into "timerNameField" TextField
    t =     6.49s     Wait for neonwatty.TodoTimers to idle
    t =     6.49s     Find the "timerNameField" TextField
    t =     6.58s     Check for interrupting elements affecting "timerNameField" TextField
    t =     6.65s     Synthesize event
    t =     7.00s     Wait for neonwatty.TodoTimers to idle
    t =     7.00s Set value of PickerWheel (Element at index 0) to 5
    t =     7.00s     Wait for neonwatty.TodoTimers to idle
    t =     7.01s     Find the PickerWheel (Element at index 0)
    t =     7.18s     Check for interrupting elements affecting "25" PickerWheel
    t =     7.25s     Synthesize event
    t =     7.44s     Wait for neonwatty.TodoTimers to idle
    t =     7.45s Tap "doneButton" Button
    t =     7.45s     Wait for neonwatty.TodoTimers to idle
    t =     7.45s     Find the "doneButton" Button
    t =     7.64s     Check for interrupting elements affecting "doneButton" Button
    t =     7.71s     Synthesize event
    t =     7.99s     Wait for neonwatty.TodoTimers to idle
    t =     8.49s Waiting 5.0s for "addTimerButton" Button to exist
    t =     9.50s     Checking `Expect predicate `existsNoRetry == 1` for object "addTimerButton" Button`
    t =     9.50s         Checking existence of `"addTimerButton" Button`
    t =     9.53s Checking existence of `"To Delete" StaticText`
    t =     9.55s Press Button (First Match) for 1.0 seconds
    t =     9.55s     Wait for neonwatty.TodoTimers to idle
    t =     9.55s     Find the Button (First Match)
    t =     9.57s     Check for interrupting elements affecting "timerCard-68AF8177-69FB-49C7-B7A9-B9DD7317D50D" Button
    t =     9.58s     Synthesize event
    t =    10.79s     Wait for neonwatty.TodoTimers to idle
    t =    10.80s Tap "Delete Timer" Button
    t =    10.80s     Wait for neonwatty.TodoTimers to idle
    t =    10.81s     Find the "Delete Timer" Button
    t =    10.84s     Check for interrupting elements affecting "trash" Button
    t =    10.86s     Synthesize event
    t =    11.15s     Wait for neonwatty.TodoTimers to idle
    t =    11.15s Checking existence of `"To Delete" StaticText`
    t =    11.17s Tear Down
Test Case '-[TodoTimersUITests.TimerCRUDUITests testDeleteTimer_RemovesFromList]' passed (11.384 seconds).
Test Case '-[TodoTimersUITests.TimerCRUDUITests testEditTimer_UpdatesValues]' started.
    t =     0.00s Start Test at 2025-10-18 14:38:48.035
    t =     0.03s Set Up
    t =     0.03s     Open neonwatty.TodoTimers
    t =     0.03s         Launch neonwatty.TodoTimers
    t =     0.03s             Terminate neonwatty.TodoTimers:18705
    t =     1.29s             Setting up automation session
    t =     1.67s             Wait for neonwatty.TodoTimers to idle
    t =     2.81s Tap "addTimerButton" Button
    t =     2.82s     Wait for neonwatty.TodoTimers to idle
    t =     2.82s     Find the "addTimerButton" Button
    t =     2.86s     Check for interrupting elements affecting "addTimerButton" Button
    t =     2.88s     Synthesize event
    t =     3.17s     Wait for neonwatty.TodoTimers to idle
    t =     3.66s Waiting 5.0s for "timerNameField" TextField to exist
    t =     4.69s     Checking `Expect predicate `existsNoRetry == 1` for object "timerNameField" TextField`
    t =     4.69s         Checking existence of `"timerNameField" TextField`
    t =     4.90s Find the "timerNameField" TextField
    t =     4.97s Tap "timerNameField" TextField
    t =     4.97s     Wait for neonwatty.TodoTimers to idle
    t =     4.97s     Find the "timerNameField" TextField
    t =     5.03s     Check for interrupting elements affecting "timerNameField" TextField
    t =     5.10s     Synthesize event
    t =     5.38s     Wait for neonwatty.TodoTimers to idle
    t =     5.81s Type '' into "timerNameField" TextField
    t =     5.81s     Wait for neonwatty.TodoTimers to idle
    t =     5.81s     Find the "timerNameField" TextField
    t =     5.92s     Check for interrupting elements affecting "timerNameField" TextField
    t =     5.99s     Synthesize event
    t =     6.45s     Wait for neonwatty.TodoTimers to idle
    t =     6.45s Type 'Original Name' into "timerNameField" TextField
    t =     6.45s     Wait for neonwatty.TodoTimers to idle
    t =     6.46s     Find the "timerNameField" TextField
    t =     6.55s     Check for interrupting elements affecting "timerNameField" TextField
    t =     6.62s     Synthesize event
    t =     7.03s     Wait for neonwatty.TodoTimers to idle
    t =     7.04s Set value of PickerWheel (Element at index 0) to 5
    t =     7.04s     Wait for neonwatty.TodoTimers to idle
    t =     7.04s     Find the PickerWheel (Element at index 0)
    t =     7.21s     Check for interrupting elements affecting "25" PickerWheel
    t =     7.28s     Synthesize event
    t =     7.53s     Wait for neonwatty.TodoTimers to idle
    t =     7.53s Tap "doneButton" Button
    t =     7.53s     Wait for neonwatty.TodoTimers to idle
    t =     7.56s     Find the "doneButton" Button
    t =     7.72s     Check for interrupting elements affecting "doneButton" Button
    t =     7.80s     Synthesize event
    t =     8.08s     Wait for neonwatty.TodoTimers to idle
    t =     8.57s Waiting 5.0s for "addTimerButton" Button to exist
    t =     9.59s     Checking `Expect predicate `existsNoRetry == 1` for object "addTimerButton" Button`
    t =     9.59s         Checking existence of `"addTimerButton" Button`
    t =     9.62s Tap Button (First Match)
    t =     9.62s     Wait for neonwatty.TodoTimers to idle
    t =     9.62s     Find the Button (First Match)
    t =     9.64s     Check for interrupting elements affecting "timerCard-07A7CE3C-1240-4DE1-866D-D933E25B613F" Button
    t =     9.66s     Synthesize event
    t =     9.94s     Wait for neonwatty.TodoTimers to idle
    t =     9.95s Tap "editTimerButton" Button
    t =     9.95s     Wait for neonwatty.TodoTimers to idle
    t =     9.95s     Find the "editTimerButton" Button
    t =    10.97s         Find the "editTimerButton" Button (retry 1)
    t =    12.01s         Find the "editTimerButton" Button (retry 2)
    t =    12.04s Requesting snapshot of accessibility hierarchy for app with pid 18711
<unknown>:0: error: -[TodoTimersUITests.TimerCRUDUITests testEditTimer_UpdatesValues] : Failed to tap "editTimerButton" Button: No matches found for Elements matching predicate '"editTimerButton" IN identifiers' from input {(
    Button, label: 'Drag',
    Button, identifier: 'addTimerButton', label: 'Add',
    Button,
    Button, identifier: 'timerCard-07A7CE3C-1240-4DE1-866D-D933E25B613F', label: 'Original Name, 5:00, 0 to-dos, No notes',
    Button, identifier: 'listPauseButton-07A7CE3C-1240-4DE1-866D-D933E25B613F', label: 'Pause',
    Button, identifier: 'listResetButton-07A7CE3C-1240-4DE1-866D-D933E25B613F', label: 'arrow.counterclockwise'
)}
Possibly caused by runtime issues:
Automation type mismatch: computed Button from legacy attributes vs PopUpButton from modern attribute. Input attributes and values: {
    "XC_kAXXCAttributeAutomationType" = 14;
    "XC_kAXXCAttributeElementBaseType" = UIResponder;
    "XC_kAXXCAttributeElementType" = "SwiftUI.AccessibilityNode";
    "XC_kAXXCAttributeTraits" = 1108101562369;
}
See test report attachments for more detail.
    t =    12.08s Tear Down
Test Case '-[TodoTimersUITests.TimerCRUDUITests testEditTimer_UpdatesValues]' failed (12.316 seconds).
Test Case '-[TodoTimersUITests.TimerCRUDUITests testTimerList_EmptyState_ShowsMessage]' started.
    t =     0.00s Start Test at 2025-10-18 14:39:00.352
    t =     0.03s Set Up
    t =     0.03s     Open neonwatty.TodoTimers
    t =     0.03s         Launch neonwatty.TodoTimers
    t =     0.03s             Terminate neonwatty.TodoTimers:18711
    t =     1.28s             Setting up automation session
    t =     1.67s             Wait for neonwatty.TodoTimers to idle
    t =     4.83s Get number of matches for: Elements matching predicate 'identifier BEGINSWITH "timerCard-"'
🔍 [EmptyStateTest] Timer card count: 0
    t =     4.88s Checking existence of `"emptyStateView" Other`
🔍 [EmptyStateTest] Empty state (otherElements) exists: false
    t =     4.89s Checking existence of `"emptyStateView" Any`
🔍 [EmptyStateTest] Empty state (descendants) exists: true
    t =     4.90s Checking existence of `"No Timers Yet" StaticText`
🔍 [EmptyStateTest] 'No Timers Yet' text exists: true
🔍 [EmptyStateTest] View hierarchy:
    t =     4.91s Requesting snapshot of accessibility hierarchy for app with pid 18722
    t =     4.94s Requesting snapshot of accessibility hierarchy for app with pid 18722
Optional(Attributes: Application, 0x10583ea20, pid: 18722, label: 'TodoTimers'
Element subtree:
 →Application, 0x10583ea20, pid: 18722, label: 'TodoTimers'
    Window (Main), 0x105838140, {{0.0, 0.0}, {393.0, 852.0}}
      Other, 0x10583f7f0, {{0.0, 0.0}, {393.0, 852.0}}
        Other, 0x10583edb0, {{0.0, 0.0}, {393.0, 852.0}}
          Other, 0x105838b80, {{0.0, 0.0}, {393.0, 852.0}}
            Other, 0x1058408d0, {{0.0, 0.0}, {393.0, 852.0}}
              Other, 0x105839d80, {{0.0, 0.0}, {393.0, 852.0}}
                NavigationBar, 0x10583a460, {{0.0, 53.7}, {393.0, 96.0}}, identifier: 'My Timers'
                  Other, 0x1058399f0, {{16.0, 64.3}, {35.0, 23.0}}, label: 'Drag'
                    Other, 0x105841300, {{16.0, 64.3}, {35.0, 23.0}}
                      Button, 0x10583c130, {{16.0, 64.3}, {35.0, 23.0}}, label: 'Drag'
                        Button, 0x10583c810, {{16.0, 64.3}, {35.0, 23.0}}
                          Other, 0x10583a0d0, {{16.0, 64.3}, {35.0, 23.0}}
                            Image, 0x105838810, {{16.0, 64.3}, {35.0, 23.0}}, identifier: 'line.3.horizontal', label: 'Drag'
                  Other, 0x1058396a0, {{345.7, 60.7}, {31.3, 30.0}}, identifier: 'addTimerButton', label: 'Add'
                    Other, 0x1058384b0, {{345.7, 60.7}, {31.3, 30.0}}
                      Button, 0x10583a7b0, {{345.7, 60.7}, {31.3, 30.0}}, identifier: 'addTimerButton', label: 'Add'
                  StaticText, 0x10583ab10, {{16.0, 101.3}, {164.0, 40.7}}, label: 'My Timers'
                Other, 0x10583ae60, {{0.0, 0.0}, {393.0, 852.0}}
                  Other, 0x10583b1b0, {{0.0, 0.0}, {393.0, 852.0}}
                    Other, 0x10583b520, {{0.0, 0.0}, {393.0, 852.0}}
                      Other, 0x10583b880, {{0.0, 0.0}, {393.0, 852.0}}
                        Image, 0x10583bbf0, {{166.7, 414.7}, {60.0, 60.0}}, identifier: 'emptyStateView', label: 'Timer'
                        StaticText, 0x105840540, {{127.0, 494.5}, {139.0, 26.3}}, identifier: 'emptyStateView', label: 'No Timers Yet'
                        StaticText, 0x105840c30, {{81.7, 536.8}, {229.7, 20.3}}, identifier: 'emptyStateView', label: 'Tap + to create your first timer'
Path to element:
 →Application, 0x10583ea20, pid: 18722, label: 'TodoTimers'
Query chain:
 →Find: Target Application 'neonwatty.TodoTimers'
  Output: {
    Application, 0x103d20590, pid: 18722, label: 'TodoTimers'
  }
)
    t =     4.95s Checking existence of `"emptyStateView" Other`
    t =     4.95s Waiting 5.0s for "emptyStateView" Any to exist
    t =     5.96s     Checking `Expect predicate `existsNoRetry == 1` for object "emptyStateView" Any`
    t =     5.97s         Checking existence of `"emptyStateView" Any`
    t =     5.99s Tear Down
Test Case '-[TodoTimersUITests.TimerCRUDUITests testTimerList_EmptyState_ShowsMessage]' passed (6.200 seconds).
Test Case '-[TodoTimersUITests.TimerCRUDUITests testCreateTimer_AllFields_SavesCorrectly]' started.
    t =     0.00s Start Test at 2025-10-18 14:39:06.553
    t =     0.03s Set Up
    t =     0.03s     Open neonwatty.TodoTimers
    t =     0.03s         Launch neonwatty.TodoTimers
    t =     0.03s             Terminate neonwatty.TodoTimers:18722
    t =     1.29s             Setting up automation session
    t =     1.68s             Wait for neonwatty.TodoTimers to idle
    t =     2.82s Tap "addTimerButton" Button
    t =     2.82s     Wait for neonwatty.TodoTimers to idle
    t =     2.82s     Find the "addTimerButton" Button
    t =     2.87s     Check for interrupting elements affecting "addTimerButton" Button
    t =     2.88s     Synthesize event
    t =     3.17s     Wait for neonwatty.TodoTimers to idle
    t =     3.66s Waiting 5.0s for "timerNameField" TextField to exist
    t =     4.68s     Checking `Expect predicate `existsNoRetry == 1` for object "timerNameField" TextField`
    t =     4.68s         Checking existence of `"timerNameField" TextField`
    t =     4.88s Find the "timerNameField" TextField
    t =     4.95s Tap "timerNameField" TextField
    t =     4.95s     Wait for neonwatty.TodoTimers to idle
    t =     4.95s     Find the "timerNameField" TextField
    t =     5.02s     Check for interrupting elements affecting "timerNameField" TextField
    t =     5.08s     Synthesize event
    t =     5.37s     Wait for neonwatty.TodoTimers to idle
    t =     5.86s Type '' into "timerNameField" TextField
    t =     5.86s     Wait for neonwatty.TodoTimers to idle
    t =     5.86s     Find the "timerNameField" TextField
    t =     5.97s     Check for interrupting elements affecting "timerNameField" TextField
    t =     6.04s     Synthesize event
    t =     6.51s     Wait for neonwatty.TodoTimers to idle
    t =     6.51s Type 'Study Session' into "timerNameField" TextField
    t =     6.51s     Wait for neonwatty.TodoTimers to idle
    t =     6.52s     Find the "timerNameField" TextField
    t =     6.61s     Check for interrupting elements affecting "timerNameField" TextField
    t =     6.68s     Synthesize event
    t =     7.09s     Wait for neonwatty.TodoTimers to idle
    t =     7.09s Set value of PickerWheel (Element at index 0) to 1
    t =     7.09s     Wait for neonwatty.TodoTimers to idle
    t =     7.09s     Find the PickerWheel (Element at index 0)
    t =     7.27s     Check for interrupting elements affecting "0" PickerWheel
    t =     7.34s     Synthesize event
    t =     7.34s     Wait for neonwatty.TodoTimers to idle
    t =     7.35s Set value of PickerWheel (Element at index 0) to 30
    t =     7.35s     Wait for neonwatty.TodoTimers to idle
    t =     7.35s     Find the PickerWheel (Element at index 0)
    t =     7.55s     Check for interrupting elements affecting "25" PickerWheel
    t =     7.62s     Synthesize event
    t =     7.64s     Wait for neonwatty.TodoTimers to idle
    t =     7.65s Set value of PickerWheel (Element at index 0) to 15
    t =     7.65s     Wait for neonwatty.TodoTimers to idle
    t =     7.69s     Find the PickerWheel (Element at index 0)
    t =     7.86s     Check for interrupting elements affecting "0" PickerWheel
    t =     7.93s     Synthesize event
    t =     8.21s     Wait for neonwatty.TodoTimers to idle
    t =     8.21s Checking existence of `Button (Element at index 1)`
    t =     8.41s Tap Button (Element at index 1)
    t =     8.41s     Wait for neonwatty.TodoTimers to idle
    t =     8.41s     Find the Button (Element at index 1)
    t =     8.57s     Check for interrupting elements affecting "icon-figure.run" Button
    t =     8.65s     Synthesize event
    t =     8.93s     Wait for neonwatty.TodoTimers to idle
    t =     8.94s Checking existence of `Button (Element at index 2)`
    t =     9.11s Tap Button (Element at index 2)
    t =     9.11s     Wait for neonwatty.TodoTimers to idle
    t =     9.11s     Find the Button (Element at index 2)
    t =     9.19s     Check for interrupting elements affecting "color-#FFCC00" Button
    t =     9.26s     Synthesize event
    t =     9.27s         Scroll element to visible
    t =     9.27s         Find the "color-#FFCC00" Button
    t =     9.35s         Computed hit point {118.66666666666667, 465} after scrolling to visible
    t =     9.62s     Wait for neonwatty.TodoTimers to idle
    t =     9.62s Tap "doneButton" Button
    t =     9.62s     Wait for neonwatty.TodoTimers to idle
    t =     9.63s     Find the "doneButton" Button
    t =     9.82s     Check for interrupting elements affecting "doneButton" Button
    t =     9.89s     Synthesize event
    t =    10.18s     Wait for neonwatty.TodoTimers to idle
    t =    10.23s Waiting 5.0s for "Study Session" StaticText to exist
    t =    11.25s     Checking `Expect predicate `existsNoRetry == 1` for object "Study Session" StaticText`
    t =    11.25s         Checking existence of `"Study Session" StaticText`
    t =    11.28s Tear Down
Test Case '-[TodoTimersUITests.TimerCRUDUITests testCreateTimer_AllFields_SavesCorrectly]' passed (11.492 seconds).
Test Case '-[TodoTimersUITests.TimerCRUDUITests testOpenTimerDetail_DisplaysCorrectInfo]' started.
    t =     0.00s Start Test at 2025-10-18 14:39:18.046
    t =     0.03s Set Up
    t =     0.03s     Open neonwatty.TodoTimers
    t =     0.03s         Launch neonwatty.TodoTimers
    t =     0.03s             Terminate neonwatty.TodoTimers:18728
    t =     1.28s             Setting up automation session
    t =     1.67s             Wait for neonwatty.TodoTimers to idle
    t =     2.83s Tap "addTimerButton" Button
    t =     2.83s     Wait for neonwatty.TodoTimers to idle
    t =     2.83s     Find the "addTimerButton" Button
    t =     2.87s     Check for interrupting elements affecting "addTimerButton" Button
    t =     2.89s     Synthesize event
    t =     3.17s     Wait for neonwatty.TodoTimers to idle
    t =     3.66s Waiting 5.0s for "timerNameField" TextField to exist
    t =     4.68s     Checking `Expect predicate `existsNoRetry == 1` for object "timerNameField" TextField`
    t =     4.68s         Checking existence of `"timerNameField" TextField`
    t =     4.89s Find the "timerNameField" TextField
    t =     4.95s Tap "timerNameField" TextField
    t =     4.95s     Wait for neonwatty.TodoTimers to idle
    t =     4.95s     Find the "timerNameField" TextField
    t =     5.02s     Check for interrupting elements affecting "timerNameField" TextField
    t =     5.09s     Synthesize event
    t =     5.37s     Wait for neonwatty.TodoTimers to idle
    t =     5.81s Type '' into "timerNameField" TextField
    t =     5.81s     Wait for neonwatty.TodoTimers to idle
    t =     5.82s     Find the "timerNameField" TextField
    t =     5.92s     Check for interrupting elements affecting "timerNameField" TextField
    t =     6.00s     Synthesize event
    t =     6.46s     Wait for neonwatty.TodoTimers to idle
    t =     6.46s Type 'Detail Test' into "timerNameField" TextField
    t =     6.46s     Wait for neonwatty.TodoTimers to idle
    t =     6.46s     Find the "timerNameField" TextField
    t =     6.55s     Check for interrupting elements affecting "timerNameField" TextField
    t =     6.62s     Synthesize event
    t =     7.01s     Wait for neonwatty.TodoTimers to idle
    t =     7.01s Set value of PickerWheel (Element at index 0) to 10
    t =     7.01s     Wait for neonwatty.TodoTimers to idle
    t =     7.01s     Find the PickerWheel (Element at index 0)
    t =     7.18s     Check for interrupting elements affecting "25" PickerWheel
    t =     7.25s     Synthesize event
    t =     7.39s     Wait for neonwatty.TodoTimers to idle
    t =     7.42s Tap "doneButton" Button
    t =     7.42s     Wait for neonwatty.TodoTimers to idle
    t =     7.42s     Find the "doneButton" Button
    t =     7.58s     Check for interrupting elements affecting "doneButton" Button
    t =     7.66s     Synthesize event
    t =     7.94s     Wait for neonwatty.TodoTimers to idle
    t =     8.41s Waiting 5.0s for "addTimerButton" Button to exist
    t =     9.44s     Checking `Expect predicate `existsNoRetry == 1` for object "addTimerButton" Button`
    t =     9.44s         Checking existence of `"addTimerButton" Button`
    t =     9.47s Waiting 5.0s for Button (First Match) to exist
    t =    10.49s     Checking `Expect predicate `existsNoRetry == 1` for object Button (First Match)`
    t =    10.49s         Checking existence of `Button (First Match)`
    t =    10.53s Tap Button (First Match)
    t =    10.53s     Wait for neonwatty.TodoTimers to idle
    t =    10.53s     Find the Button (First Match)
    t =    10.55s     Check for interrupting elements affecting "timerCard-0006147D-B4E6-46F4-AA85-0807B68501EA" Button
    t =    10.56s     Synthesize event
    t =    10.85s     Wait for neonwatty.TodoTimers to idle
    t =    10.85s Waiting 5.0s for "Detail Test" NavigationBar to exist
    t =    11.86s     Checking `Expect predicate `existsNoRetry == 1` for object "Detail Test" NavigationBar`
    t =    11.86s         Checking existence of `"Detail Test" NavigationBar`
    t =    11.89s         Capturing element debug description
    t =    12.90s     Checking `Expect predicate `existsNoRetry == 1` for object "Detail Test" NavigationBar`
    t =    12.91s         Checking existence of `"Detail Test" NavigationBar`
    t =    12.94s         Capturing element debug description
    t =    13.95s     Checking `Expect predicate `existsNoRetry == 1` for object "Detail Test" NavigationBar`
    t =    13.96s         Checking existence of `"Detail Test" NavigationBar`
    t =    13.98s         Capturing element debug description
    t =    14.91s     Checking `Expect predicate `existsNoRetry == 1` for object "Detail Test" NavigationBar`
    t =    14.91s         Checking existence of `"Detail Test" NavigationBar`
    t =    14.94s         Capturing element debug description
    t =    15.86s     Checking `Expect predicate `existsNoRetry == 1` for object "Detail Test" NavigationBar`
    t =    15.86s         Checking existence of `"Detail Test" NavigationBar`
    t =    15.89s         Capturing element debug description
    t =    15.89s     Checking existence of `"Detail Test" NavigationBar`
    t =    15.91s Collecting debug information to assist test failure triage
    t =    15.91s     Requesting snapshot of accessibility hierarchy for app with pid 18734
/Users/jeremywatt/Desktop/todo-timers-ios/TodoTimers/TodoTimersUITests/E2ETests/TimerCRUDUITests.swift:160: error: -[TodoTimersUITests.TimerCRUDUITests testOpenTimerDetail_DisplaysCorrectInfo] : XCTAssertTrue failed
    t =    15.93s Tear Down
Test Case '-[TodoTimersUITests.TimerCRUDUITests testOpenTimerDetail_DisplaysCorrectInfo]' failed (16.157 seconds).
Test Case '-[TodoTimersUITests.TimerCRUDUITests testCreateTimer_ValidInput_AppearsInList]' started.
    t =     0.00s Start Test at 2025-10-18 14:39:34.203
    t =     0.03s Set Up
    t =     0.03s     Open neonwatty.TodoTimers
    t =     0.03s         Launch neonwatty.TodoTimers
    t =     0.03s             Terminate neonwatty.TodoTimers:18734
    t =     1.29s             Setting up automation session
    t =     1.68s             Wait for neonwatty.TodoTimers to idle
    t =     2.84s Tap "addTimerButton" Button
    t =     2.84s     Wait for neonwatty.TodoTimers to idle
    t =     2.84s     Find the "addTimerButton" Button
    t =     2.89s     Check for interrupting elements affecting "addTimerButton" Button
    t =     2.90s     Synthesize event
    t =     3.18s     Wait for neonwatty.TodoTimers to idle
    t =     3.67s Waiting 5.0s for "timerNameField" TextField to exist
    t =     4.68s     Checking `Expect predicate `existsNoRetry == 1` for object "timerNameField" TextField`
    t =     4.68s         Checking existence of `"timerNameField" TextField`
    t =     4.89s Find the "timerNameField" TextField
    t =     4.96s Tap "timerNameField" TextField
    t =     4.96s     Wait for neonwatty.TodoTimers to idle
    t =     4.96s     Find the "timerNameField" TextField
    t =     5.03s     Check for interrupting elements affecting "timerNameField" TextField
    t =     5.09s     Synthesize event
    t =     5.37s     Wait for neonwatty.TodoTimers to idle
    t =     5.87s Type '' into "timerNameField" TextField
    t =     5.88s     Wait for neonwatty.TodoTimers to idle
    t =     5.88s     Find the "timerNameField" TextField
    t =     5.98s     Check for interrupting elements affecting "timerNameField" TextField
    t =     6.06s     Synthesize event
    t =     6.52s     Wait for neonwatty.TodoTimers to idle
    t =     6.53s Type 'Workout Timer' into "timerNameField" TextField
    t =     6.53s     Wait for neonwatty.TodoTimers to idle
    t =     6.53s     Find the "timerNameField" TextField
    t =     6.62s     Check for interrupting elements affecting "timerNameField" TextField
    t =     6.69s     Synthesize event
    t =     7.11s     Wait for neonwatty.TodoTimers to idle
    t =     7.11s Set value of PickerWheel (Element at index 0) to 25
    t =     7.11s     Wait for neonwatty.TodoTimers to idle
    t =     7.11s     Find the PickerWheel (Element at index 0)
    t =     7.27s     Check for interrupting elements affecting "25" PickerWheel
    t =     7.34s     Synthesize event
    t =     7.35s     Wait for neonwatty.TodoTimers to idle
    t =     7.35s Tap "doneButton" Button
    t =     7.35s     Wait for neonwatty.TodoTimers to idle
    t =     7.35s     Find the "doneButton" Button
    t =     7.43s     Check for interrupting elements affecting "doneButton" Button
    t =     7.50s     Synthesize event
    t =     7.79s     Wait for neonwatty.TodoTimers to idle
    t =     8.27s Waiting 5.0s for Button (First Match) to exist
    t =     9.28s     Checking `Expect predicate `existsNoRetry == 1` for object Button (First Match)`
    t =     9.28s         Checking existence of `Button (First Match)`
    t =     9.33s Checking existence of `"Workout Timer" StaticText`
    t =     9.34s Tear Down
Test Case '-[TodoTimersUITests.TimerCRUDUITests testCreateTimer_ValidInput_AppearsInList]' passed (9.554 seconds).
Test Case '-[TodoTimersUITests.TimerCRUDUITests testEditTimer_Cancel_DoesNotSaveChanges]' started.
    t =     0.00s Start Test at 2025-10-18 14:39:43.758
    t =     0.03s Set Up
    t =     0.03s     Open neonwatty.TodoTimers
    t =     0.03s         Launch neonwatty.TodoTimers
    t =     0.03s             Terminate neonwatty.TodoTimers:18741
    t =     1.28s             Setting up automation session
    t =     1.67s             Wait for neonwatty.TodoTimers to idle
    t =     2.83s Tap "addTimerButton" Button
    t =     2.83s     Wait for neonwatty.TodoTimers to idle
    t =     2.83s     Find the "addTimerButton" Button
    t =     2.88s     Check for interrupting elements affecting "addTimerButton" Button
    t =     2.89s     Synthesize event
    t =     3.18s     Wait for neonwatty.TodoTimers to idle
    t =     3.66s Waiting 5.0s for "timerNameField" TextField to exist
    t =     4.67s     Checking `Expect predicate `existsNoRetry == 1` for object "timerNameField" TextField`
    t =     4.67s         Checking existence of `"timerNameField" TextField`
    t =     4.88s Find the "timerNameField" TextField
    t =     4.95s Tap "timerNameField" TextField
    t =     4.95s     Wait for neonwatty.TodoTimers to idle
    t =     4.95s     Find the "timerNameField" TextField
    t =     5.02s     Check for interrupting elements affecting "timerNameField" TextField
    t =     5.09s     Synthesize event
    t =     5.38s     Wait for neonwatty.TodoTimers to idle
    t =     5.82s Type '' into "timerNameField" TextField
    t =     5.82s     Wait for neonwatty.TodoTimers to idle
    t =     5.82s     Find the "timerNameField" TextField
    t =     5.93s     Check for interrupting elements affecting "timerNameField" TextField
    t =     6.01s     Synthesize event
    t =     6.47s     Wait for neonwatty.TodoTimers to idle
    t =     6.47s Type 'No Changes' into "timerNameField" TextField
    t =     6.47s     Wait for neonwatty.TodoTimers to idle
    t =     6.48s     Find the "timerNameField" TextField
    t =     6.57s     Check for interrupting elements affecting "timerNameField" TextField
    t =     6.64s     Synthesize event
    t =     7.01s     Wait for neonwatty.TodoTimers to idle
    t =     7.02s Set value of PickerWheel (Element at index 0) to 10
    t =     7.02s     Wait for neonwatty.TodoTimers to idle
    t =     7.02s     Find the PickerWheel (Element at index 0)
    t =     7.19s     Check for interrupting elements affecting "25" PickerWheel
    t =     7.27s     Synthesize event
    t =     7.38s     Wait for neonwatty.TodoTimers to idle
    t =     7.38s Tap "doneButton" Button
    t =     7.38s     Wait for neonwatty.TodoTimers to idle
    t =     7.41s     Find the "doneButton" Button
    t =     7.57s     Check for interrupting elements affecting "doneButton" Button
    t =     7.65s     Synthesize event
    t =     7.94s     Wait for neonwatty.TodoTimers to idle
    t =     8.44s Waiting 5.0s for "addTimerButton" Button to exist
    t =     9.45s     Checking `Expect predicate `existsNoRetry == 1` for object "addTimerButton" Button`
    t =     9.45s         Checking existence of `"addTimerButton" Button`
    t =     9.48s Tap Button (First Match)
    t =     9.48s     Wait for neonwatty.TodoTimers to idle
    t =     9.48s     Find the Button (First Match)
    t =     9.50s     Check for interrupting elements affecting "timerCard-BA2E0A8A-9ED7-4388-8AFF-0D58D8FD2EC6" Button
    t =     9.52s     Synthesize event
    t =     9.80s     Wait for neonwatty.TodoTimers to idle
    t =     9.81s Tap "editTimerButton" Button
    t =     9.81s     Wait for neonwatty.TodoTimers to idle
    t =     9.81s     Find the "editTimerButton" Button
    t =    10.83s         Find the "editTimerButton" Button (retry 1)
    t =    11.87s         Find the "editTimerButton" Button (retry 2)
    t =    11.90s Requesting snapshot of accessibility hierarchy for app with pid 18747
<unknown>:0: error: -[TodoTimersUITests.TimerCRUDUITests testEditTimer_Cancel_DoesNotSaveChanges] : Failed to tap "editTimerButton" Button: No matches found for Elements matching predicate '"editTimerButton" IN identifiers' from input {(
    Button, label: 'Drag',
    Button, identifier: 'addTimerButton', label: 'Add',
    Button,
    Button, identifier: 'timerCard-BA2E0A8A-9ED7-4388-8AFF-0D58D8FD2EC6', label: 'No Changes, 10:00, 0 to-dos, No notes',
    Button, identifier: 'listPauseButton-BA2E0A8A-9ED7-4388-8AFF-0D58D8FD2EC6', label: 'Pause',
    Button, identifier: 'listResetButton-BA2E0A8A-9ED7-4388-8AFF-0D58D8FD2EC6', label: 'arrow.counterclockwise'
)}
Possibly caused by runtime issues:
Automation type mismatch: computed Button from legacy attributes vs PopUpButton from modern attribute. Input attributes and values: {
    "XC_kAXXCAttributeAutomationType" = 14;
    "XC_kAXXCAttributeElementBaseType" = UIResponder;
    "XC_kAXXCAttributeElementType" = "SwiftUI.AccessibilityNode";
    "XC_kAXXCAttributeTraits" = 1108101562369;
}
See test report attachments for more detail.
    t =    11.93s Tear Down
Test Case '-[TodoTimersUITests.TimerCRUDUITests testEditTimer_Cancel_DoesNotSaveChanges]' failed (12.163 seconds).
Test Suite 'TimerCRUDUITests' failed at 2025-10-18 14:39:55.921.
	 Executed 8 tests, with 3 failures (0 unexpected) in 87.411 (87.418) seconds
Test Suite 'TodoTimersUITests.xctest' failed at 2025-10-18 14:39:55.922.
	 Executed 8 tests, with 3 failures (0 unexpected) in 87.411 (87.419) seconds
Test Suite 'Selected tests' failed at 2025-10-18 14:39:55.923.
	 Executed 8 tests, with 3 failures (0 unexpected) in 87.411 (87.420) seconds
2025-10-18 14:39:56.275 xcodebuild[18639:16249801]  IDETestOperationsObserverDebug: Failure collecting diagnostics from simulator: Process exited with error 72:
 xcrun: error: unable to find utility "simctl", not a developer tool or in PATH

2025-10-18 14:39:56.284 xcodebuild[18639:16249793] [MT] IDETestOperationsObserverDebug: 89.512 elapsed -- Testing started completed.
2025-10-18 14:39:56.284 xcodebuild[18639:16249793] [MT] IDETestOperationsObserverDebug: 0.000 sec, +0.000 sec -- start
2025-10-18 14:39:56.284 xcodebuild[18639:16249793] [MT] IDETestOperationsObserverDebug: 89.512 sec, +89.512 sec -- end

Test session results, code coverage, and logs:
	/Users/jeremywatt/Library/Developer/Xcode/DerivedData/TodoTimers-hhkfosrtfdujgsaeyczcbhtfazrk/Logs/Test/Test-TodoTimers-2025.10.18_14-38-22--0700.xcresult

Failing tests:
	TimerCRUDUITests.testEditTimer_UpdatesValues()
	TimerCRUDUITests.testOpenTimerDetail_DisplaysCorrectInfo()
	TimerCRUDUITests.testEditTimer_Cancel_DoesNotSaveChanges()

** TEST FAILED **

Testing started
