Command line invocation:
    /Applications/Xcode.app/Contents/Developer/usr/bin/xcodebuild test -project TodoTimers.xcodeproj -scheme TodoTimers -destination "platform=iOS Simulator,name=iPhone 16" "-only-testing:TodoTimersUITests/TodoManagementUITests" -parallel-testing-enabled NO

--- xcodebuild: WARNING: Using the first of multiple matching destinations:
{ platform:iOS Simulator, arch:arm64, id:002673DD-F669-4F62-A9BB-B5009A96E818, OS:18.6, name:iPhone 16 }
{ platform:iOS Simulator, arch:x86_64, id:002673DD-F669-4F62-A9BB-B5009A96E818, OS:18.6, name:iPhone 16 }
ComputePackagePrebuildTargetDependencyGraph

Prepare packages

CreateBuildRequest

SendProjectDescription

CreateBuildOperation

ComputeTargetDependencyGraph
note: Building targets in dependency order
note: Target dependency graph (4 targets)
    Target 'TodoTimersUITests' in project 'TodoTimers'
        ➜ Explicit dependency on target 'TodoTimers' in project 'TodoTimers'
    Target 'TodoTimersTests' in project 'TodoTimers'
        ➜ Explicit dependency on target 'TodoTimers' in project 'TodoTimers'
    Target 'TodoTimers' in project 'TodoTimers'
        ➜ Explicit dependency on target 'TodoTimers Watch App Watch App' in project 'TodoTimers'
    Target 'TodoTimers Watch App Watch App' in project 'TodoTimers' (no dependencies)

GatherProvisioningInputs

CreateBuildDescription

ExecuteExternalTool /Applications/Xcode.app/Contents/Developer/usr/bin/actool --print-asset-tag-combinations --output-format xml1 /Users/jeremywatt/Desktop/todo-timers-ios/TodoTimers/TodoTimers Watch App Watch App/Assets.xcassets

ExecuteExternalTool /Applications/Xcode.app/Contents/Developer/usr/bin/actool --print-asset-tag-combinations --output-format xml1 /Users/jeremywatt/Desktop/todo-timers-ios/TodoTimers/TodoTimers/Assets.xcassets

ExecuteExternalTool /Applications/Xcode.app/Contents/Developer/Toolchains/XcodeDefault.xctoolchain/usr/bin/swiftc --version

ExecuteExternalTool /Applications/Xcode.app/Contents/Developer/Toolchains/XcodeDefault.xctoolchain/usr/bin/clang -v -E -dM -isysroot /Applications/Xcode.app/Contents/Developer/Platforms/WatchSimulator.platform/Developer/SDKs/WatchSimulator11.5.sdk -x c -c /dev/null

ExecuteExternalTool /Applications/Xcode.app/Contents/Developer/Toolchains/XcodeDefault.xctoolchain/usr/bin/clang -v -E -dM -isysroot /Applications/Xcode.app/Contents/Developer/Platforms/iPhoneSimulator.platform/Developer/SDKs/iPhoneSimulator18.5.sdk -x c -c /dev/null

ExecuteExternalTool /Applications/Xcode.app/Contents/Developer/Toolchains/XcodeDefault.xctoolchain/usr/bin/ld -version_details

ExecuteExternalTool /Applications/Xcode.app/Contents/Developer/usr/bin/actool --version --output-format xml1

Build description signature: e5041e0b1a226d79772fc3792c2733e4
Build description path: /Users/jeremywatt/Library/Developer/Xcode/DerivedData/TodoTimers-hhkfosrtfdujgsaeyczcbhtfazrk/Build/Intermediates.noindex/XCBuildData/e5041e0b1a226d79772fc3792c2733e4.xcbuilddata
ClangStatCache /Applications/Xcode.app/Contents/Developer/Toolchains/XcodeDefault.xctoolchain/usr/bin/clang-stat-cache /Applications/Xcode.app/Contents/Developer/Platforms/iPhoneSimulator.platform/Developer/SDKs/iPhoneSimulator18.5.sdk /Users/jeremywatt/Library/Developer/Xcode/DerivedData/SDKStatCaches.noindex/iphonesimulator18.5-22F76-d5fc8ad4295d2ef488fb7d0f804ce0c4.sdkstatcache
    cd /Users/jeremywatt/Desktop/todo-timers-ios/TodoTimers/TodoTimers.xcodeproj
    /Applications/Xcode.app/Contents/Developer/Toolchains/XcodeDefault.xctoolchain/usr/bin/clang-stat-cache /Applications/Xcode.app/Contents/Developer/Platforms/iPhoneSimulator.platform/Developer/SDKs/iPhoneSimulator18.5.sdk -o /Users/jeremywatt/Library/Developer/Xcode/DerivedData/SDKStatCaches.noindex/iphonesimulator18.5-22F76-d5fc8ad4295d2ef488fb7d0f804ce0c4.sdkstatcache

ClangStatCache /Applications/Xcode.app/Contents/Developer/Toolchains/XcodeDefault.xctoolchain/usr/bin/clang-stat-cache /Applications/Xcode.app/Contents/Developer/Platforms/WatchSimulator.platform/Developer/SDKs/WatchSimulator11.5.sdk /Users/jeremywatt/Library/Developer/Xcode/DerivedData/SDKStatCaches.noindex/watchsimulator11.5-22T572-f072d36b9981b6dc55608c571d18f8ef.sdkstatcache
    cd /Users/jeremywatt/Desktop/todo-timers-ios/TodoTimers/TodoTimers.xcodeproj
    /Applications/Xcode.app/Contents/Developer/Toolchains/XcodeDefault.xctoolchain/usr/bin/clang-stat-cache /Applications/Xcode.app/Contents/Developer/Platforms/WatchSimulator.platform/Developer/SDKs/WatchSimulator11.5.sdk -o /Users/jeremywatt/Library/Developer/Xcode/DerivedData/SDKStatCaches.noindex/watchsimulator11.5-22T572-f072d36b9981b6dc55608c571d18f8ef.sdkstatcache

WriteAuxiliaryFile /Users/jeremywatt/Library/Developer/Xcode/DerivedData/TodoTimers-hhkfosrtfdujgsaeyczcbhtfazrk/Build/Intermediates.noindex/TodoTimers.build/Debug-watchsimulator/TodoTimers\ Watch\ App\ Watch\ App.build/Objects-normal/x86_64/TodoTimers\ Watch\ App\ Watch\ App.LinkFileList (in target 'TodoTimers Watch App Watch App' from project 'TodoTimers')
    cd /Users/jeremywatt/Desktop/todo-timers-ios/TodoTimers
    write-file /Users/jeremywatt/Library/Developer/Xcode/DerivedData/TodoTimers-hhkfosrtfdujgsaeyczcbhtfazrk/Build/Intermediates.noindex/TodoTimers.build/Debug-watchsimulator/TodoTimers\ Watch\ App\ Watch\ App.build/Objects-normal/x86_64/TodoTimers\ Watch\ App\ Watch\ App.LinkFileList

WriteAuxiliaryFile /Users/jeremywatt/Library/Developer/Xcode/DerivedData/TodoTimers-hhkfosrtfdujgsaeyczcbhtfazrk/Build/Intermediates.noindex/TodoTimers.build/Debug-iphonesimulator/TodoTimersUITests.build/Objects-normal/arm64/TodoTimersUITests.SwiftFileList (in target 'TodoTimersUITests' from project 'TodoTimers')
    cd /Users/jeremywatt/Desktop/todo-timers-ios/TodoTimers
    write-file /Users/jeremywatt/Library/Developer/Xcode/DerivedData/TodoTimers-hhkfosrtfdujgsaeyczcbhtfazrk/Build/Intermediates.noindex/TodoTimers.build/Debug-iphonesimulator/TodoTimersUITests.build/Objects-normal/arm64/TodoTimersUITests.SwiftFileList

WriteAuxiliaryFile /Users/jeremywatt/Library/Developer/Xcode/DerivedData/TodoTimers-hhkfosrtfdujgsaeyczcbhtfazrk/Build/Intermediates.noindex/TodoTimers.build/Debug-iphonesimulator/TodoTimersUITests.build/Objects-normal/arm64/TodoTimersUITests.SwiftConstValuesFileList (in target 'TodoTimersUITests' from project 'TodoTimers')
    cd /Users/jeremywatt/Desktop/todo-timers-ios/TodoTimers
    write-file /Users/jeremywatt/Library/Developer/Xcode/DerivedData/TodoTimers-hhkfosrtfdujgsaeyczcbhtfazrk/Build/Intermediates.noindex/TodoTimers.build/Debug-iphonesimulator/TodoTimersUITests.build/Objects-normal/arm64/TodoTimersUITests.SwiftConstValuesFileList

WriteAuxiliaryFile /Users/jeremywatt/Library/Developer/Xcode/DerivedData/TodoTimers-hhkfosrtfdujgsaeyczcbhtfazrk/Build/Intermediates.noindex/TodoTimers.build/Debug-iphonesimulator/TodoTimersUITests.build/Objects-normal/arm64/TodoTimersUITests.LinkFileList (in target 'TodoTimersUITests' from project 'TodoTimers')
    cd /Users/jeremywatt/Desktop/todo-timers-ios/TodoTimers
    write-file /Users/jeremywatt/Library/Developer/Xcode/DerivedData/TodoTimers-hhkfosrtfdujgsaeyczcbhtfazrk/Build/Intermediates.noindex/TodoTimers.build/Debug-iphonesimulator/TodoTimersUITests.build/Objects-normal/arm64/TodoTimersUITests.LinkFileList

WriteAuxiliaryFile /Users/jeremywatt/Library/Developer/Xcode/DerivedData/TodoTimers-hhkfosrtfdujgsaeyczcbhtfazrk/Build/Intermediates.noindex/TodoTimers.build/Debug-iphonesimulator/TodoTimersTests.build/Objects-normal/arm64/TodoTimersTests.SwiftFileList (in target 'TodoTimersTests' from project 'TodoTimers')
    cd /Users/jeremywatt/Desktop/todo-timers-ios/TodoTimers
    write-file /Users/jeremywatt/Library/Developer/Xcode/DerivedData/TodoTimers-hhkfosrtfdujgsaeyczcbhtfazrk/Build/Intermediates.noindex/TodoTimers.build/Debug-iphonesimulator/TodoTimersTests.build/Objects-normal/arm64/TodoTimersTests.SwiftFileList

WriteAuxiliaryFile /Users/jeremywatt/Library/Developer/Xcode/DerivedData/TodoTimers-hhkfosrtfdujgsaeyczcbhtfazrk/Build/Intermediates.noindex/TodoTimers.build/Debug-iphonesimulator/TodoTimersTests.build/Objects-normal/arm64/TodoTimersTests.SwiftConstValuesFileList (in target 'TodoTimersTests' from project 'TodoTimers')
    cd /Users/jeremywatt/Desktop/todo-timers-ios/TodoTimers
    write-file /Users/jeremywatt/Library/Developer/Xcode/DerivedData/TodoTimers-hhkfosrtfdujgsaeyczcbhtfazrk/Build/Intermediates.noindex/TodoTimers.build/Debug-iphonesimulator/TodoTimersTests.build/Objects-normal/arm64/TodoTimersTests.SwiftConstValuesFileList

WriteAuxiliaryFile /Users/jeremywatt/Library/Developer/Xcode/DerivedData/TodoTimers-hhkfosrtfdujgsaeyczcbhtfazrk/Build/Intermediates.noindex/TodoTimers.build/Debug-iphonesimulator/TodoTimersTests.build/Objects-normal/arm64/TodoTimersTests.LinkFileList (in target 'TodoTimersTests' from project 'TodoTimers')
    cd /Users/jeremywatt/Desktop/todo-timers-ios/TodoTimers
    write-file /Users/jeremywatt/Library/Developer/Xcode/DerivedData/TodoTimers-hhkfosrtfdujgsaeyczcbhtfazrk/Build/Intermediates.noindex/TodoTimers.build/Debug-iphonesimulator/TodoTimersTests.build/Objects-normal/arm64/TodoTimersTests.LinkFileList

WriteAuxiliaryFile /Users/jeremywatt/Library/Developer/Xcode/DerivedData/TodoTimers-hhkfosrtfdujgsaeyczcbhtfazrk/Build/Intermediates.noindex/TodoTimers.build/Debug-iphonesimulator/TodoTimers.build/Objects-normal/arm64/TodoTimers.SwiftFileList (in target 'TodoTimers' from project 'TodoTimers')
    cd /Users/jeremywatt/Desktop/todo-timers-ios/TodoTimers
    write-file /Users/jeremywatt/Library/Developer/Xcode/DerivedData/TodoTimers-hhkfosrtfdujgsaeyczcbhtfazrk/Build/Intermediates.noindex/TodoTimers.build/Debug-iphonesimulator/TodoTimers.build/Objects-normal/arm64/TodoTimers.SwiftFileList

WriteAuxiliaryFile /Users/jeremywatt/Library/Developer/Xcode/DerivedData/TodoTimers-hhkfosrtfdujgsaeyczcbhtfazrk/Build/Intermediates.noindex/TodoTimers.build/Debug-iphonesimulator/TodoTimers.build/Objects-normal/arm64/TodoTimers.SwiftConstValuesFileList (in target 'TodoTimers' from project 'TodoTimers')
    cd /Users/jeremywatt/Desktop/todo-timers-ios/TodoTimers
    write-file /Users/jeremywatt/Library/Developer/Xcode/DerivedData/TodoTimers-hhkfosrtfdujgsaeyczcbhtfazrk/Build/Intermediates.noindex/TodoTimers.build/Debug-iphonesimulator/TodoTimers.build/Objects-normal/arm64/TodoTimers.SwiftConstValuesFileList

WriteAuxiliaryFile /Users/jeremywatt/Library/Developer/Xcode/DerivedData/TodoTimers-hhkfosrtfdujgsaeyczcbhtfazrk/Build/Intermediates.noindex/TodoTimers.build/Debug-iphonesimulator/TodoTimers.build/Objects-normal/arm64/TodoTimers.LinkFileList (in target 'TodoTimers' from project 'TodoTimers')
    cd /Users/jeremywatt/Desktop/todo-timers-ios/TodoTimers
    write-file /Users/jeremywatt/Library/Developer/Xcode/DerivedData/TodoTimers-hhkfosrtfdujgsaeyczcbhtfazrk/Build/Intermediates.noindex/TodoTimers.build/Debug-iphonesimulator/TodoTimers.build/Objects-normal/arm64/TodoTimers.LinkFileList

WriteAuxiliaryFile /Users/jeremywatt/Library/Developer/Xcode/DerivedData/TodoTimers-hhkfosrtfdujgsaeyczcbhtfazrk/Build/Intermediates.noindex/TodoTimers.build/Debug-watchsimulator/TodoTimers\ Watch\ App\ Watch\ App.build/Objects-normal/x86_64/TodoTimers\ Watch\ App\ Watch\ App.SwiftFileList (in target 'TodoTimers Watch App Watch App' from project 'TodoTimers')
    cd /Users/jeremywatt/Desktop/todo-timers-ios/TodoTimers
    write-file /Users/jeremywatt/Library/Developer/Xcode/DerivedData/TodoTimers-hhkfosrtfdujgsaeyczcbhtfazrk/Build/Intermediates.noindex/TodoTimers.build/Debug-watchsimulator/TodoTimers\ Watch\ App\ Watch\ App.build/Objects-normal/x86_64/TodoTimers\ Watch\ App\ Watch\ App.SwiftFileList

WriteAuxiliaryFile /Users/jeremywatt/Library/Developer/Xcode/DerivedData/TodoTimers-hhkfosrtfdujgsaeyczcbhtfazrk/Build/Intermediates.noindex/TodoTimers.build/Debug-watchsimulator/TodoTimers\ Watch\ App\ Watch\ App.build/Objects-normal/x86_64/TodoTimers\ Watch\ App\ Watch\ App.SwiftConstValuesFileList (in target 'TodoTimers Watch App Watch App' from project 'TodoTimers')
    cd /Users/jeremywatt/Desktop/todo-timers-ios/TodoTimers
    write-file /Users/jeremywatt/Library/Developer/Xcode/DerivedData/TodoTimers-hhkfosrtfdujgsaeyczcbhtfazrk/Build/Intermediates.noindex/TodoTimers.build/Debug-watchsimulator/TodoTimers\ Watch\ App\ Watch\ App.build/Objects-normal/x86_64/TodoTimers\ Watch\ App\ Watch\ App.SwiftConstValuesFileList

WriteAuxiliaryFile /Users/jeremywatt/Library/Developer/Xcode/DerivedData/TodoTimers-hhkfosrtfdujgsaeyczcbhtfazrk/Build/Intermediates.noindex/TodoTimers.build/Debug-watchsimulator/TodoTimers\ Watch\ App\ Watch\ App.build/Objects-normal/arm64/TodoTimers\ Watch\ App\ Watch\ App.SwiftFileList (in target 'TodoTimers Watch App Watch App' from project 'TodoTimers')
    cd /Users/jeremywatt/Desktop/todo-timers-ios/TodoTimers
    write-file /Users/jeremywatt/Library/Developer/Xcode/DerivedData/TodoTimers-hhkfosrtfdujgsaeyczcbhtfazrk/Build/Intermediates.noindex/TodoTimers.build/Debug-watchsimulator/TodoTimers\ Watch\ App\ Watch\ App.build/Objects-normal/arm64/TodoTimers\ Watch\ App\ Watch\ App.SwiftFileList

WriteAuxiliaryFile /Users/jeremywatt/Library/Developer/Xcode/DerivedData/TodoTimers-hhkfosrtfdujgsaeyczcbhtfazrk/Build/Intermediates.noindex/TodoTimers.build/Debug-watchsimulator/TodoTimers\ Watch\ App\ Watch\ App.build/Objects-normal/arm64/TodoTimers\ Watch\ App\ Watch\ App.SwiftConstValuesFileList (in target 'TodoTimers Watch App Watch App' from project 'TodoTimers')
    cd /Users/jeremywatt/Desktop/todo-timers-ios/TodoTimers
    write-file /Users/jeremywatt/Library/Developer/Xcode/DerivedData/TodoTimers-hhkfosrtfdujgsaeyczcbhtfazrk/Build/Intermediates.noindex/TodoTimers.build/Debug-watchsimulator/TodoTimers\ Watch\ App\ Watch\ App.build/Objects-normal/arm64/TodoTimers\ Watch\ App\ Watch\ App.SwiftConstValuesFileList

WriteAuxiliaryFile /Users/jeremywatt/Library/Developer/Xcode/DerivedData/TodoTimers-hhkfosrtfdujgsaeyczcbhtfazrk/Build/Intermediates.noindex/TodoTimers.build/Debug-watchsimulator/TodoTimers\ Watch\ App\ Watch\ App.build/Objects-normal/arm64/TodoTimers\ Watch\ App\ Watch\ App.LinkFileList (in target 'TodoTimers Watch App Watch App' from project 'TodoTimers')
    cd /Users/jeremywatt/Desktop/todo-timers-ios/TodoTimers
    write-file /Users/jeremywatt/Library/Developer/Xcode/DerivedData/TodoTimers-hhkfosrtfdujgsaeyczcbhtfazrk/Build/Intermediates.noindex/TodoTimers.build/Debug-watchsimulator/TodoTimers\ Watch\ App\ Watch\ App.build/Objects-normal/arm64/TodoTimers\ Watch\ App\ Watch\ App.LinkFileList

ProcessInfoPlistFile /Users/jeremywatt/Library/Developer/Xcode/DerivedData/TodoTimers-hhkfosrtfdujgsaeyczcbhtfazrk/Build/Products/Debug-watchsimulator/TodoTimers\ Watch\ App\ Watch\ App.app/Info.plist /Users/jeremywatt/Library/Developer/Xcode/DerivedData/TodoTimers-hhkfosrtfdujgsaeyczcbhtfazrk/Build/Intermediates.noindex/TodoTimers.build/Debug-watchsimulator/TodoTimers\ Watch\ App\ Watch\ App.build/empty-TodoTimers\ Watch\ App\ Watch\ App.plist (in target 'TodoTimers Watch App Watch App' from project 'TodoTimers')
    cd /Users/jeremywatt/Desktop/todo-timers-ios/TodoTimers
    builtin-infoPlistUtility /Users/jeremywatt/Library/Developer/Xcode/DerivedData/TodoTimers-hhkfosrtfdujgsaeyczcbhtfazrk/Build/Intermediates.noindex/TodoTimers.build/Debug-watchsimulator/TodoTimers\ Watch\ App\ Watch\ App.build/empty-TodoTimers\ Watch\ App\ Watch\ App.plist -producttype com.apple.product-type.application -genpkginfo /Users/jeremywatt/Library/Developer/Xcode/DerivedData/TodoTimers-hhkfosrtfdujgsaeyczcbhtfazrk/Build/Products/Debug-watchsimulator/TodoTimers\ Watch\ App\ Watch\ App.app/PkgInfo -expandbuildsettings -format binary -platform watchsimulator -additionalcontentfile /Users/jeremywatt/Library/Developer/Xcode/DerivedData/TodoTimers-hhkfosrtfdujgsaeyczcbhtfazrk/Build/Intermediates.noindex/TodoTimers.build/Debug-watchsimulator/TodoTimers\ Watch\ App\ Watch\ App.build/assetcatalog_generated_info.plist -o /Users/jeremywatt/Library/Developer/Xcode/DerivedData/TodoTimers-hhkfosrtfdujgsaeyczcbhtfazrk/Build/Products/Debug-watchsimulator/TodoTimers\ Watch\ App\ Watch\ App.app/Info.plist

SwiftDriver TodoTimers\ Watch\ App\ Watch\ App normal arm64 com.apple.xcode.tools.swift.compiler (in target 'TodoTimers Watch App Watch App' from project 'TodoTimers')
    cd /Users/jeremywatt/Desktop/todo-timers-ios/TodoTimers
    builtin-SwiftDriver -- /Applications/Xcode.app/Contents/Developer/Toolchains/XcodeDefault.xctoolchain/usr/bin/swiftc -module-name TodoTimers_Watch_App_Watch_App -Onone -enforce-exclusivity\=checked @/Users/jeremywatt/Library/Developer/Xcode/DerivedData/TodoTimers-hhkfosrtfdujgsaeyczcbhtfazrk/Build/Intermediates.noindex/TodoTimers.build/Debug-watchsimulator/TodoTimers\ Watch\ App\ Watch\ App.build/Objects-normal/arm64/TodoTimers\ Watch\ App\ Watch\ App.SwiftFileList -DDEBUG -enable-bare-slash-regex -enable-experimental-feature DebugDescriptionMacro -sdk /Applications/Xcode.app/Contents/Developer/Platforms/WatchSimulator.platform/Developer/SDKs/WatchSimulator11.5.sdk -target arm64-apple-watchos10.0-simulator -g -module-cache-path /Users/jeremywatt/Library/Developer/Xcode/DerivedData/ModuleCache.noindex -Xfrontend -serialize-debugging-options -profile-coverage-mapping -profile-generate -enable-testing -index-store-path /Users/jeremywatt/Library/Developer/Xcode/DerivedData/TodoTimers-hhkfosrtfdujgsaeyczcbhtfazrk/Index.noindex/DataStore -swift-version 5 -I /Users/jeremywatt/Library/Developer/Xcode/DerivedData/TodoTimers-hhkfosrtfdujgsaeyczcbhtfazrk/Build/Products/Debug-watchsimulator -F /Users/jeremywatt/Library/Developer/Xcode/DerivedData/TodoTimers-hhkfosrtfdujgsaeyczcbhtfazrk/Build/Products/Debug-watchsimulator -emit-localized-strings -emit-localized-strings-path /Users/jeremywatt/Library/Developer/Xcode/DerivedData/TodoTimers-hhkfosrtfdujgsaeyczcbhtfazrk/Build/Intermediates.noindex/TodoTimers.build/Debug-watchsimulator/TodoTimers\ Watch\ App\ Watch\ App.build/Objects-normal/arm64 -c -j10 -enable-batch-mode -incremental -Xcc -ivfsstatcache -Xcc /Users/jeremywatt/Library/Developer/Xcode/DerivedData/SDKStatCaches.noindex/watchsimulator11.5-22T572-f072d36b9981b6dc55608c571d18f8ef.sdkstatcache -output-file-map /Users/jeremywatt/Library/Developer/Xcode/DerivedData/TodoTimers-hhkfosrtfdujgsaeyczcbhtfazrk/Build/Intermediates.noindex/TodoTimers.build/Debug-watchsimulator/TodoTimers\ Watch\ App\ Watch\ App.build/Objects-normal/arm64/TodoTimers\ Watch\ App\ Watch\ App-OutputFileMap.json -use-frontend-parseable-output -save-temps -no-color-diagnostics -serialize-diagnostics -emit-dependencies -emit-module -emit-module-path /Users/jeremywatt/Library/Developer/Xcode/DerivedData/TodoTimers-hhkfosrtfdujgsaeyczcbhtfazrk/Build/Intermediates.noindex/TodoTimers.build/Debug-watchsimulator/TodoTimers\ Watch\ App\ Watch\ App.build/Objects-normal/arm64/TodoTimers_Watch_App_Watch_App.swiftmodule -validate-clang-modules-once -clang-build-session-file /Users/jeremywatt/Library/Developer/Xcode/DerivedData/ModuleCache.noindex/Session.modulevalidation -Xcc -I/Users/jeremywatt/Library/Developer/Xcode/DerivedData/TodoTimers-hhkfosrtfdujgsaeyczcbhtfazrk/Build/Intermediates.noindex/TodoTimers.build/Debug-watchsimulator/TodoTimers\ Watch\ App\ Watch\ App.build/swift-overrides.hmap -emit-const-values -Xfrontend -const-gather-protocols-file -Xfrontend /Users/jeremywatt/Library/Developer/Xcode/DerivedData/TodoTimers-hhkfosrtfdujgsaeyczcbhtfazrk/Build/Intermediates.noindex/TodoTimers.build/Debug-watchsimulator/TodoTimers\ Watch\ App\ Watch\ App.build/Objects-normal/arm64/TodoTimers\ Watch\ App\ Watch\ App_const_extract_protocols.json -Xcc -iquote -Xcc /Users/jeremywatt/Library/Developer/Xcode/DerivedData/TodoTimers-hhkfosrtfdujgsaeyczcbhtfazrk/Build/Intermediates.noindex/TodoTimers.build/Debug-watchsimulator/TodoTimers\ Watch\ App\ Watch\ App.build/TodoTimers\ Watch\ App\ Watch\ App-generated-files.hmap -Xcc -I/Users/jeremywatt/Library/Developer/Xcode/DerivedData/TodoTimers-hhkfosrtfdujgsaeyczcbhtfazrk/Build/Intermediates.noindex/TodoTimers.build/Debug-watchsimulator/TodoTimers\ Watch\ App\ Watch\ App.build/TodoTimers\ Watch\ App\ Watch\ App-own-target-headers.hmap -Xcc -I/Users/jeremywatt/Library/Developer/Xcode/DerivedData/TodoTimers-hhkfosrtfdujgsaeyczcbhtfazrk/Build/Intermediates.noindex/TodoTimers.build/Debug-watchsimulator/TodoTimers\ Watch\ App\ Watch\ App.build/TodoTimers\ Watch\ App\ Watch\ App-all-target-headers.hmap -Xcc -iquote -Xcc /Users/jeremywatt/Library/Developer/Xcode/DerivedData/TodoTimers-hhkfosrtfdujgsaeyczcbhtfazrk/Build/Intermediates.noindex/TodoTimers.build/Debug-watchsimulator/TodoTimers\ Watch\ App\ Watch\ App.build/TodoTimers\ Watch\ App\ Watch\ App-project-headers.hmap -Xcc -I/Users/jeremywatt/Library/Developer/Xcode/DerivedData/TodoTimers-hhkfosrtfdujgsaeyczcbhtfazrk/Build/Products/Debug-watchsimulator/include -Xcc -I/Users/jeremywatt/Library/Developer/Xcode/DerivedData/TodoTimers-hhkfosrtfdujgsaeyczcbhtfazrk/Build/Intermediates.noindex/TodoTimers.build/Debug-watchsimulator/TodoTimers\ Watch\ App\ Watch\ App.build/DerivedSources-normal/arm64 -Xcc -I/Users/jeremywatt/Library/Developer/Xcode/DerivedData/TodoTimers-hhkfosrtfdujgsaeyczcbhtfazrk/Build/Intermediates.noindex/TodoTimers.build/Debug-watchsimulator/TodoTimers\ Watch\ App\ Watch\ App.build/DerivedSources/arm64 -Xcc -I/Users/jeremywatt/Library/Developer/Xcode/DerivedData/TodoTimers-hhkfosrtfdujgsaeyczcbhtfazrk/Build/Intermediates.noindex/TodoTimers.build/Debug-watchsimulator/TodoTimers\ Watch\ App\ Watch\ App.build/DerivedSources -Xcc -DDEBUG\=1 -emit-objc-header -emit-objc-header-path /Users/jeremywatt/Library/Developer/Xcode/DerivedData/TodoTimers-hhkfosrtfdujgsaeyczcbhtfazrk/Build/Intermediates.noindex/TodoTimers.build/Debug-watchsimulator/TodoTimers\ Watch\ App\ Watch\ App.build/Objects-normal/arm64/TodoTimers_Watch_App_Watch_App-Swift.h -working-directory /Users/jeremywatt/Desktop/todo-timers-ios/TodoTimers -experimental-emit-module-separately -disable-cmo

SwiftDriver TodoTimers\ Watch\ App\ Watch\ App normal x86_64 com.apple.xcode.tools.swift.compiler (in target 'TodoTimers Watch App Watch App' from project 'TodoTimers')
    cd /Users/jeremywatt/Desktop/todo-timers-ios/TodoTimers
    builtin-SwiftDriver -- /Applications/Xcode.app/Contents/Developer/Toolchains/XcodeDefault.xctoolchain/usr/bin/swiftc -module-name TodoTimers_Watch_App_Watch_App -Onone -enforce-exclusivity\=checked @/Users/jeremywatt/Library/Developer/Xcode/DerivedData/TodoTimers-hhkfosrtfdujgsaeyczcbhtfazrk/Build/Intermediates.noindex/TodoTimers.build/Debug-watchsimulator/TodoTimers\ Watch\ App\ Watch\ App.build/Objects-normal/x86_64/TodoTimers\ Watch\ App\ Watch\ App.SwiftFileList -DDEBUG -enable-bare-slash-regex -enable-experimental-feature DebugDescriptionMacro -sdk /Applications/Xcode.app/Contents/Developer/Platforms/WatchSimulator.platform/Developer/SDKs/WatchSimulator11.5.sdk -target x86_64-apple-watchos10.0-simulator -g -module-cache-path /Users/jeremywatt/Library/Developer/Xcode/DerivedData/ModuleCache.noindex -Xfrontend -serialize-debugging-options -profile-coverage-mapping -profile-generate -enable-testing -index-store-path /Users/jeremywatt/Library/Developer/Xcode/DerivedData/TodoTimers-hhkfosrtfdujgsaeyczcbhtfazrk/Index.noindex/DataStore -swift-version 5 -I /Users/jeremywatt/Library/Developer/Xcode/DerivedData/TodoTimers-hhkfosrtfdujgsaeyczcbhtfazrk/Build/Products/Debug-watchsimulator -F /Users/jeremywatt/Library/Developer/Xcode/DerivedData/TodoTimers-hhkfosrtfdujgsaeyczcbhtfazrk/Build/Products/Debug-watchsimulator -emit-localized-strings -emit-localized-strings-path /Users/jeremywatt/Library/Developer/Xcode/DerivedData/TodoTimers-hhkfosrtfdujgsaeyczcbhtfazrk/Build/Intermediates.noindex/TodoTimers.build/Debug-watchsimulator/TodoTimers\ Watch\ App\ Watch\ App.build/Objects-normal/x86_64 -c -j10 -enable-batch-mode -incremental -Xcc -ivfsstatcache -Xcc /Users/jeremywatt/Library/Developer/Xcode/DerivedData/SDKStatCaches.noindex/watchsimulator11.5-22T572-f072d36b9981b6dc55608c571d18f8ef.sdkstatcache -output-file-map /Users/jeremywatt/Library/Developer/Xcode/DerivedData/TodoTimers-hhkfosrtfdujgsaeyczcbhtfazrk/Build/Intermediates.noindex/TodoTimers.build/Debug-watchsimulator/TodoTimers\ Watch\ App\ Watch\ App.build/Objects-normal/x86_64/TodoTimers\ Watch\ App\ Watch\ App-OutputFileMap.json -use-frontend-parseable-output -save-temps -no-color-diagnostics -serialize-diagnostics -emit-dependencies -emit-module -emit-module-path /Users/jeremywatt/Library/Developer/Xcode/DerivedData/TodoTimers-hhkfosrtfdujgsaeyczcbhtfazrk/Build/Intermediates.noindex/TodoTimers.build/Debug-watchsimulator/TodoTimers\ Watch\ App\ Watch\ App.build/Objects-normal/x86_64/TodoTimers_Watch_App_Watch_App.swiftmodule -validate-clang-modules-once -clang-build-session-file /Users/jeremywatt/Library/Developer/Xcode/DerivedData/ModuleCache.noindex/Session.modulevalidation -Xcc -I/Users/jeremywatt/Library/Developer/Xcode/DerivedData/TodoTimers-hhkfosrtfdujgsaeyczcbhtfazrk/Build/Intermediates.noindex/TodoTimers.build/Debug-watchsimulator/TodoTimers\ Watch\ App\ Watch\ App.build/swift-overrides.hmap -emit-const-values -Xfrontend -const-gather-protocols-file -Xfrontend /Users/jeremywatt/Library/Developer/Xcode/DerivedData/TodoTimers-hhkfosrtfdujgsaeyczcbhtfazrk/Build/Intermediates.noindex/TodoTimers.build/Debug-watchsimulator/TodoTimers\ Watch\ App\ Watch\ App.build/Objects-normal/x86_64/TodoTimers\ Watch\ App\ Watch\ App_const_extract_protocols.json -Xcc -iquote -Xcc /Users/jeremywatt/Library/Developer/Xcode/DerivedData/TodoTimers-hhkfosrtfdujgsaeyczcbhtfazrk/Build/Intermediates.noindex/TodoTimers.build/Debug-watchsimulator/TodoTimers\ Watch\ App\ Watch\ App.build/TodoTimers\ Watch\ App\ Watch\ App-generated-files.hmap -Xcc -I/Users/jeremywatt/Library/Developer/Xcode/DerivedData/TodoTimers-hhkfosrtfdujgsaeyczcbhtfazrk/Build/Intermediates.noindex/TodoTimers.build/Debug-watchsimulator/TodoTimers\ Watch\ App\ Watch\ App.build/TodoTimers\ Watch\ App\ Watch\ App-own-target-headers.hmap -Xcc -I/Users/jeremywatt/Library/Developer/Xcode/DerivedData/TodoTimers-hhkfosrtfdujgsaeyczcbhtfazrk/Build/Intermediates.noindex/TodoTimers.build/Debug-watchsimulator/TodoTimers\ Watch\ App\ Watch\ App.build/TodoTimers\ Watch\ App\ Watch\ App-all-target-headers.hmap -Xcc -iquote -Xcc /Users/jeremywatt/Library/Developer/Xcode/DerivedData/TodoTimers-hhkfosrtfdujgsaeyczcbhtfazrk/Build/Intermediates.noindex/TodoTimers.build/Debug-watchsimulator/TodoTimers\ Watch\ App\ Watch\ App.build/TodoTimers\ Watch\ App\ Watch\ App-project-headers.hmap -Xcc -I/Users/jeremywatt/Library/Developer/Xcode/DerivedData/TodoTimers-hhkfosrtfdujgsaeyczcbhtfazrk/Build/Products/Debug-watchsimulator/include -Xcc -I/Users/jeremywatt/Library/Developer/Xcode/DerivedData/TodoTimers-hhkfosrtfdujgsaeyczcbhtfazrk/Build/Intermediates.noindex/TodoTimers.build/Debug-watchsimulator/TodoTimers\ Watch\ App\ Watch\ App.build/DerivedSources-normal/x86_64 -Xcc -I/Users/jeremywatt/Library/Developer/Xcode/DerivedData/TodoTimers-hhkfosrtfdujgsaeyczcbhtfazrk/Build/Intermediates.noindex/TodoTimers.build/Debug-watchsimulator/TodoTimers\ Watch\ App\ Watch\ App.build/DerivedSources/x86_64 -Xcc -I/Users/jeremywatt/Library/Developer/Xcode/DerivedData/TodoTimers-hhkfosrtfdujgsaeyczcbhtfazrk/Build/Intermediates.noindex/TodoTimers.build/Debug-watchsimulator/TodoTimers\ Watch\ App\ Watch\ App.build/DerivedSources -Xcc -DDEBUG\=1 -emit-objc-header -emit-objc-header-path /Users/jeremywatt/Library/Developer/Xcode/DerivedData/TodoTimers-hhkfosrtfdujgsaeyczcbhtfazrk/Build/Intermediates.noindex/TodoTimers.build/Debug-watchsimulator/TodoTimers\ Watch\ App\ Watch\ App.build/Objects-normal/x86_64/TodoTimers_Watch_App_Watch_App-Swift.h -working-directory /Users/jeremywatt/Desktop/todo-timers-ios/TodoTimers -experimental-emit-module-separately -disable-cmo

SwiftDriver\ Compilation\ Requirements TodoTimers\ Watch\ App\ Watch\ App normal arm64 com.apple.xcode.tools.swift.compiler (in target 'TodoTimers Watch App Watch App' from project 'TodoTimers')
    cd /Users/jeremywatt/Desktop/todo-timers-ios/TodoTimers
    builtin-Swift-Compilation-Requirements -- /Applications/Xcode.app/Contents/Developer/Toolchains/XcodeDefault.xctoolchain/usr/bin/swiftc -module-name TodoTimers_Watch_App_Watch_App -Onone -enforce-exclusivity\=checked @/Users/jeremywatt/Library/Developer/Xcode/DerivedData/TodoTimers-hhkfosrtfdujgsaeyczcbhtfazrk/Build/Intermediates.noindex/TodoTimers.build/Debug-watchsimulator/TodoTimers\ Watch\ App\ Watch\ App.build/Objects-normal/arm64/TodoTimers\ Watch\ App\ Watch\ App.SwiftFileList -DDEBUG -enable-bare-slash-regex -enable-experimental-feature DebugDescriptionMacro -sdk /Applications/Xcode.app/Contents/Developer/Platforms/WatchSimulator.platform/Developer/SDKs/WatchSimulator11.5.sdk -target arm64-apple-watchos10.0-simulator -g -module-cache-path /Users/jeremywatt/Library/Developer/Xcode/DerivedData/ModuleCache.noindex -Xfrontend -serialize-debugging-options -profile-coverage-mapping -profile-generate -enable-testing -index-store-path /Users/jeremywatt/Library/Developer/Xcode/DerivedData/TodoTimers-hhkfosrtfdujgsaeyczcbhtfazrk/Index.noindex/DataStore -swift-version 5 -I /Users/jeremywatt/Library/Developer/Xcode/DerivedData/TodoTimers-hhkfosrtfdujgsaeyczcbhtfazrk/Build/Products/Debug-watchsimulator -F /Users/jeremywatt/Library/Developer/Xcode/DerivedData/TodoTimers-hhkfosrtfdujgsaeyczcbhtfazrk/Build/Products/Debug-watchsimulator -emit-localized-strings -emit-localized-strings-path /Users/jeremywatt/Library/Developer/Xcode/DerivedData/TodoTimers-hhkfosrtfdujgsaeyczcbhtfazrk/Build/Intermediates.noindex/TodoTimers.build/Debug-watchsimulator/TodoTimers\ Watch\ App\ Watch\ App.build/Objects-normal/arm64 -c -j10 -enable-batch-mode -incremental -Xcc -ivfsstatcache -Xcc /Users/jeremywatt/Library/Developer/Xcode/DerivedData/SDKStatCaches.noindex/watchsimulator11.5-22T572-f072d36b9981b6dc55608c571d18f8ef.sdkstatcache -output-file-map /Users/jeremywatt/Library/Developer/Xcode/DerivedData/TodoTimers-hhkfosrtfdujgsaeyczcbhtfazrk/Build/Intermediates.noindex/TodoTimers.build/Debug-watchsimulator/TodoTimers\ Watch\ App\ Watch\ App.build/Objects-normal/arm64/TodoTimers\ Watch\ App\ Watch\ App-OutputFileMap.json -use-frontend-parseable-output -save-temps -no-color-diagnostics -serialize-diagnostics -emit-dependencies -emit-module -emit-module-path /Users/jeremywatt/Library/Developer/Xcode/DerivedData/TodoTimers-hhkfosrtfdujgsaeyczcbhtfazrk/Build/Intermediates.noindex/TodoTimers.build/Debug-watchsimulator/TodoTimers\ Watch\ App\ Watch\ App.build/Objects-normal/arm64/TodoTimers_Watch_App_Watch_App.swiftmodule -validate-clang-modules-once -clang-build-session-file /Users/jeremywatt/Library/Developer/Xcode/DerivedData/ModuleCache.noindex/Session.modulevalidation -Xcc -I/Users/jeremywatt/Library/Developer/Xcode/DerivedData/TodoTimers-hhkfosrtfdujgsaeyczcbhtfazrk/Build/Intermediates.noindex/TodoTimers.build/Debug-watchsimulator/TodoTimers\ Watch\ App\ Watch\ App.build/swift-overrides.hmap -emit-const-values -Xfrontend -const-gather-protocols-file -Xfrontend /Users/jeremywatt/Library/Developer/Xcode/DerivedData/TodoTimers-hhkfosrtfdujgsaeyczcbhtfazrk/Build/Intermediates.noindex/TodoTimers.build/Debug-watchsimulator/TodoTimers\ Watch\ App\ Watch\ App.build/Objects-normal/arm64/TodoTimers\ Watch\ App\ Watch\ App_const_extract_protocols.json -Xcc -iquote -Xcc /Users/jeremywatt/Library/Developer/Xcode/DerivedData/TodoTimers-hhkfosrtfdujgsaeyczcbhtfazrk/Build/Intermediates.noindex/TodoTimers.build/Debug-watchsimulator/TodoTimers\ Watch\ App\ Watch\ App.build/TodoTimers\ Watch\ App\ Watch\ App-generated-files.hmap -Xcc -I/Users/jeremywatt/Library/Developer/Xcode/DerivedData/TodoTimers-hhkfosrtfdujgsaeyczcbhtfazrk/Build/Intermediates.noindex/TodoTimers.build/Debug-watchsimulator/TodoTimers\ Watch\ App\ Watch\ App.build/TodoTimers\ Watch\ App\ Watch\ App-own-target-headers.hmap -Xcc -I/Users/jeremywatt/Library/Developer/Xcode/DerivedData/TodoTimers-hhkfosrtfdujgsaeyczcbhtfazrk/Build/Intermediates.noindex/TodoTimers.build/Debug-watchsimulator/TodoTimers\ Watch\ App\ Watch\ App.build/TodoTimers\ Watch\ App\ Watch\ App-all-target-headers.hmap -Xcc -iquote -Xcc /Users/jeremywatt/Library/Developer/Xcode/DerivedData/TodoTimers-hhkfosrtfdujgsaeyczcbhtfazrk/Build/Intermediates.noindex/TodoTimers.build/Debug-watchsimulator/TodoTimers\ Watch\ App\ Watch\ App.build/TodoTimers\ Watch\ App\ Watch\ App-project-headers.hmap -Xcc -I/Users/jeremywatt/Library/Developer/Xcode/DerivedData/TodoTimers-hhkfosrtfdujgsaeyczcbhtfazrk/Build/Products/Debug-watchsimulator/include -Xcc -I/Users/jeremywatt/Library/Developer/Xcode/DerivedData/TodoTimers-hhkfosrtfdujgsaeyczcbhtfazrk/Build/Intermediates.noindex/TodoTimers.build/Debug-watchsimulator/TodoTimers\ Watch\ App\ Watch\ App.build/DerivedSources-normal/arm64 -Xcc -I/Users/jeremywatt/Library/Developer/Xcode/DerivedData/TodoTimers-hhkfosrtfdujgsaeyczcbhtfazrk/Build/Intermediates.noindex/TodoTimers.build/Debug-watchsimulator/TodoTimers\ Watch\ App\ Watch\ App.build/DerivedSources/arm64 -Xcc -I/Users/jeremywatt/Library/Developer/Xcode/DerivedData/TodoTimers-hhkfosrtfdujgsaeyczcbhtfazrk/Build/Intermediates.noindex/TodoTimers.build/Debug-watchsimulator/TodoTimers\ Watch\ App\ Watch\ App.build/DerivedSources -Xcc -DDEBUG\=1 -emit-objc-header -emit-objc-header-path /Users/jeremywatt/Library/Developer/Xcode/DerivedData/TodoTimers-hhkfosrtfdujgsaeyczcbhtfazrk/Build/Intermediates.noindex/TodoTimers.build/Debug-watchsimulator/TodoTimers\ Watch\ App\ Watch\ App.build/Objects-normal/arm64/TodoTimers_Watch_App_Watch_App-Swift.h -working-directory /Users/jeremywatt/Desktop/todo-timers-ios/TodoTimers -experimental-emit-module-separately -disable-cmo

SwiftDriver\ Compilation\ Requirements TodoTimers\ Watch\ App\ Watch\ App normal x86_64 com.apple.xcode.tools.swift.compiler (in target 'TodoTimers Watch App Watch App' from project 'TodoTimers')
    cd /Users/jeremywatt/Desktop/todo-timers-ios/TodoTimers
    builtin-Swift-Compilation-Requirements -- /Applications/Xcode.app/Contents/Developer/Toolchains/XcodeDefault.xctoolchain/usr/bin/swiftc -module-name TodoTimers_Watch_App_Watch_App -Onone -enforce-exclusivity\=checked @/Users/jeremywatt/Library/Developer/Xcode/DerivedData/TodoTimers-hhkfosrtfdujgsaeyczcbhtfazrk/Build/Intermediates.noindex/TodoTimers.build/Debug-watchsimulator/TodoTimers\ Watch\ App\ Watch\ App.build/Objects-normal/x86_64/TodoTimers\ Watch\ App\ Watch\ App.SwiftFileList -DDEBUG -enable-bare-slash-regex -enable-experimental-feature DebugDescriptionMacro -sdk /Applications/Xcode.app/Contents/Developer/Platforms/WatchSimulator.platform/Developer/SDKs/WatchSimulator11.5.sdk -target x86_64-apple-watchos10.0-simulator -g -module-cache-path /Users/jeremywatt/Library/Developer/Xcode/DerivedData/ModuleCache.noindex -Xfrontend -serialize-debugging-options -profile-coverage-mapping -profile-generate -enable-testing -index-store-path /Users/jeremywatt/Library/Developer/Xcode/DerivedData/TodoTimers-hhkfosrtfdujgsaeyczcbhtfazrk/Index.noindex/DataStore -swift-version 5 -I /Users/jeremywatt/Library/Developer/Xcode/DerivedData/TodoTimers-hhkfosrtfdujgsaeyczcbhtfazrk/Build/Products/Debug-watchsimulator -F /Users/jeremywatt/Library/Developer/Xcode/DerivedData/TodoTimers-hhkfosrtfdujgsaeyczcbhtfazrk/Build/Products/Debug-watchsimulator -emit-localized-strings -emit-localized-strings-path /Users/jeremywatt/Library/Developer/Xcode/DerivedData/TodoTimers-hhkfosrtfdujgsaeyczcbhtfazrk/Build/Intermediates.noindex/TodoTimers.build/Debug-watchsimulator/TodoTimers\ Watch\ App\ Watch\ App.build/Objects-normal/x86_64 -c -j10 -enable-batch-mode -incremental -Xcc -ivfsstatcache -Xcc /Users/jeremywatt/Library/Developer/Xcode/DerivedData/SDKStatCaches.noindex/watchsimulator11.5-22T572-f072d36b9981b6dc55608c571d18f8ef.sdkstatcache -output-file-map /Users/jeremywatt/Library/Developer/Xcode/DerivedData/TodoTimers-hhkfosrtfdujgsaeyczcbhtfazrk/Build/Intermediates.noindex/TodoTimers.build/Debug-watchsimulator/TodoTimers\ Watch\ App\ Watch\ App.build/Objects-normal/x86_64/TodoTimers\ Watch\ App\ Watch\ App-OutputFileMap.json -use-frontend-parseable-output -save-temps -no-color-diagnostics -serialize-diagnostics -emit-dependencies -emit-module -emit-module-path /Users/jeremywatt/Library/Developer/Xcode/DerivedData/TodoTimers-hhkfosrtfdujgsaeyczcbhtfazrk/Build/Intermediates.noindex/TodoTimers.build/Debug-watchsimulator/TodoTimers\ Watch\ App\ Watch\ App.build/Objects-normal/x86_64/TodoTimers_Watch_App_Watch_App.swiftmodule -validate-clang-modules-once -clang-build-session-file /Users/jeremywatt/Library/Developer/Xcode/DerivedData/ModuleCache.noindex/Session.modulevalidation -Xcc -I/Users/jeremywatt/Library/Developer/Xcode/DerivedData/TodoTimers-hhkfosrtfdujgsaeyczcbhtfazrk/Build/Intermediates.noindex/TodoTimers.build/Debug-watchsimulator/TodoTimers\ Watch\ App\ Watch\ App.build/swift-overrides.hmap -emit-const-values -Xfrontend -const-gather-protocols-file -Xfrontend /Users/jeremywatt/Library/Developer/Xcode/DerivedData/TodoTimers-hhkfosrtfdujgsaeyczcbhtfazrk/Build/Intermediates.noindex/TodoTimers.build/Debug-watchsimulator/TodoTimers\ Watch\ App\ Watch\ App.build/Objects-normal/x86_64/TodoTimers\ Watch\ App\ Watch\ App_const_extract_protocols.json -Xcc -iquote -Xcc /Users/jeremywatt/Library/Developer/Xcode/DerivedData/TodoTimers-hhkfosrtfdujgsaeyczcbhtfazrk/Build/Intermediates.noindex/TodoTimers.build/Debug-watchsimulator/TodoTimers\ Watch\ App\ Watch\ App.build/TodoTimers\ Watch\ App\ Watch\ App-generated-files.hmap -Xcc -I/Users/jeremywatt/Library/Developer/Xcode/DerivedData/TodoTimers-hhkfosrtfdujgsaeyczcbhtfazrk/Build/Intermediates.noindex/TodoTimers.build/Debug-watchsimulator/TodoTimers\ Watch\ App\ Watch\ App.build/TodoTimers\ Watch\ App\ Watch\ App-own-target-headers.hmap -Xcc -I/Users/jeremywatt/Library/Developer/Xcode/DerivedData/TodoTimers-hhkfosrtfdujgsaeyczcbhtfazrk/Build/Intermediates.noindex/TodoTimers.build/Debug-watchsimulator/TodoTimers\ Watch\ App\ Watch\ App.build/TodoTimers\ Watch\ App\ Watch\ App-all-target-headers.hmap -Xcc -iquote -Xcc /Users/jeremywatt/Library/Developer/Xcode/DerivedData/TodoTimers-hhkfosrtfdujgsaeyczcbhtfazrk/Build/Intermediates.noindex/TodoTimers.build/Debug-watchsimulator/TodoTimers\ Watch\ App\ Watch\ App.build/TodoTimers\ Watch\ App\ Watch\ App-project-headers.hmap -Xcc -I/Users/jeremywatt/Library/Developer/Xcode/DerivedData/TodoTimers-hhkfosrtfdujgsaeyczcbhtfazrk/Build/Products/Debug-watchsimulator/include -Xcc -I/Users/jeremywatt/Library/Developer/Xcode/DerivedData/TodoTimers-hhkfosrtfdujgsaeyczcbhtfazrk/Build/Intermediates.noindex/TodoTimers.build/Debug-watchsimulator/TodoTimers\ Watch\ App\ Watch\ App.build/DerivedSources-normal/x86_64 -Xcc -I/Users/jeremywatt/Library/Developer/Xcode/DerivedData/TodoTimers-hhkfosrtfdujgsaeyczcbhtfazrk/Build/Intermediates.noindex/TodoTimers.build/Debug-watchsimulator/TodoTimers\ Watch\ App\ Watch\ App.build/DerivedSources/x86_64 -Xcc -I/Users/jeremywatt/Library/Developer/Xcode/DerivedData/TodoTimers-hhkfosrtfdujgsaeyczcbhtfazrk/Build/Intermediates.noindex/TodoTimers.build/Debug-watchsimulator/TodoTimers\ Watch\ App\ Watch\ App.build/DerivedSources -Xcc -DDEBUG\=1 -emit-objc-header -emit-objc-header-path /Users/jeremywatt/Library/Developer/Xcode/DerivedData/TodoTimers-hhkfosrtfdujgsaeyczcbhtfazrk/Build/Intermediates.noindex/TodoTimers.build/Debug-watchsimulator/TodoTimers\ Watch\ App\ Watch\ App.build/Objects-normal/x86_64/TodoTimers_Watch_App_Watch_App-Swift.h -working-directory /Users/jeremywatt/Desktop/todo-timers-ios/TodoTimers -experimental-emit-module-separately -disable-cmo

SwiftDriver\ Compilation TodoTimers\ Watch\ App\ Watch\ App normal x86_64 com.apple.xcode.tools.swift.compiler (in target 'TodoTimers Watch App Watch App' from project 'TodoTimers')
    cd /Users/jeremywatt/Desktop/todo-timers-ios/TodoTimers
    builtin-Swift-Compilation -- /Applications/Xcode.app/Contents/Developer/Toolchains/XcodeDefault.xctoolchain/usr/bin/swiftc -module-name TodoTimers_Watch_App_Watch_App -Onone -enforce-exclusivity\=checked @/Users/jeremywatt/Library/Developer/Xcode/DerivedData/TodoTimers-hhkfosrtfdujgsaeyczcbhtfazrk/Build/Intermediates.noindex/TodoTimers.build/Debug-watchsimulator/TodoTimers\ Watch\ App\ Watch\ App.build/Objects-normal/x86_64/TodoTimers\ Watch\ App\ Watch\ App.SwiftFileList -DDEBUG -enable-bare-slash-regex -enable-experimental-feature DebugDescriptionMacro -sdk /Applications/Xcode.app/Contents/Developer/Platforms/WatchSimulator.platform/Developer/SDKs/WatchSimulator11.5.sdk -target x86_64-apple-watchos10.0-simulator -g -module-cache-path /Users/jeremywatt/Library/Developer/Xcode/DerivedData/ModuleCache.noindex -Xfrontend -serialize-debugging-options -profile-coverage-mapping -profile-generate -enable-testing -index-store-path /Users/jeremywatt/Library/Developer/Xcode/DerivedData/TodoTimers-hhkfosrtfdujgsaeyczcbhtfazrk/Index.noindex/DataStore -swift-version 5 -I /Users/jeremywatt/Library/Developer/Xcode/DerivedData/TodoTimers-hhkfosrtfdujgsaeyczcbhtfazrk/Build/Products/Debug-watchsimulator -F /Users/jeremywatt/Library/Developer/Xcode/DerivedData/TodoTimers-hhkfosrtfdujgsaeyczcbhtfazrk/Build/Products/Debug-watchsimulator -emit-localized-strings -emit-localized-strings-path /Users/jeremywatt/Library/Developer/Xcode/DerivedData/TodoTimers-hhkfosrtfdujgsaeyczcbhtfazrk/Build/Intermediates.noindex/TodoTimers.build/Debug-watchsimulator/TodoTimers\ Watch\ App\ Watch\ App.build/Objects-normal/x86_64 -c -j10 -enable-batch-mode -incremental -Xcc -ivfsstatcache -Xcc /Users/jeremywatt/Library/Developer/Xcode/DerivedData/SDKStatCaches.noindex/watchsimulator11.5-22T572-f072d36b9981b6dc55608c571d18f8ef.sdkstatcache -output-file-map /Users/jeremywatt/Library/Developer/Xcode/DerivedData/TodoTimers-hhkfosrtfdujgsaeyczcbhtfazrk/Build/Intermediates.noindex/TodoTimers.build/Debug-watchsimulator/TodoTimers\ Watch\ App\ Watch\ App.build/Objects-normal/x86_64/TodoTimers\ Watch\ App\ Watch\ App-OutputFileMap.json -use-frontend-parseable-output -save-temps -no-color-diagnostics -serialize-diagnostics -emit-dependencies -emit-module -emit-module-path /Users/jeremywatt/Library/Developer/Xcode/DerivedData/TodoTimers-hhkfosrtfdujgsaeyczcbhtfazrk/Build/Intermediates.noindex/TodoTimers.build/Debug-watchsimulator/TodoTimers\ Watch\ App\ Watch\ App.build/Objects-normal/x86_64/TodoTimers_Watch_App_Watch_App.swiftmodule -validate-clang-modules-once -clang-build-session-file /Users/jeremywatt/Library/Developer/Xcode/DerivedData/ModuleCache.noindex/Session.modulevalidation -Xcc -I/Users/jeremywatt/Library/Developer/Xcode/DerivedData/TodoTimers-hhkfosrtfdujgsaeyczcbhtfazrk/Build/Intermediates.noindex/TodoTimers.build/Debug-watchsimulator/TodoTimers\ Watch\ App\ Watch\ App.build/swift-overrides.hmap -emit-const-values -Xfrontend -const-gather-protocols-file -Xfrontend /Users/jeremywatt/Library/Developer/Xcode/DerivedData/TodoTimers-hhkfosrtfdujgsaeyczcbhtfazrk/Build/Intermediates.noindex/TodoTimers.build/Debug-watchsimulator/TodoTimers\ Watch\ App\ Watch\ App.build/Objects-normal/x86_64/TodoTimers\ Watch\ App\ Watch\ App_const_extract_protocols.json -Xcc -iquote -Xcc /Users/jeremywatt/Library/Developer/Xcode/DerivedData/TodoTimers-hhkfosrtfdujgsaeyczcbhtfazrk/Build/Intermediates.noindex/TodoTimers.build/Debug-watchsimulator/TodoTimers\ Watch\ App\ Watch\ App.build/TodoTimers\ Watch\ App\ Watch\ App-generated-files.hmap -Xcc -I/Users/jeremywatt/Library/Developer/Xcode/DerivedData/TodoTimers-hhkfosrtfdujgsaeyczcbhtfazrk/Build/Intermediates.noindex/TodoTimers.build/Debug-watchsimulator/TodoTimers\ Watch\ App\ Watch\ App.build/TodoTimers\ Watch\ App\ Watch\ App-own-target-headers.hmap -Xcc -I/Users/jeremywatt/Library/Developer/Xcode/DerivedData/TodoTimers-hhkfosrtfdujgsaeyczcbhtfazrk/Build/Intermediates.noindex/TodoTimers.build/Debug-watchsimulator/TodoTimers\ Watch\ App\ Watch\ App.build/TodoTimers\ Watch\ App\ Watch\ App-all-target-headers.hmap -Xcc -iquote -Xcc /Users/jeremywatt/Library/Developer/Xcode/DerivedData/TodoTimers-hhkfosrtfdujgsaeyczcbhtfazrk/Build/Intermediates.noindex/TodoTimers.build/Debug-watchsimulator/TodoTimers\ Watch\ App\ Watch\ App.build/TodoTimers\ Watch\ App\ Watch\ App-project-headers.hmap -Xcc -I/Users/jeremywatt/Library/Developer/Xcode/DerivedData/TodoTimers-hhkfosrtfdujgsaeyczcbhtfazrk/Build/Products/Debug-watchsimulator/include -Xcc -I/Users/jeremywatt/Library/Developer/Xcode/DerivedData/TodoTimers-hhkfosrtfdujgsaeyczcbhtfazrk/Build/Intermediates.noindex/TodoTimers.build/Debug-watchsimulator/TodoTimers\ Watch\ App\ Watch\ App.build/DerivedSources-normal/x86_64 -Xcc -I/Users/jeremywatt/Library/Developer/Xcode/DerivedData/TodoTimers-hhkfosrtfdujgsaeyczcbhtfazrk/Build/Intermediates.noindex/TodoTimers.build/Debug-watchsimulator/TodoTimers\ Watch\ App\ Watch\ App.build/DerivedSources/x86_64 -Xcc -I/Users/jeremywatt/Library/Developer/Xcode/DerivedData/TodoTimers-hhkfosrtfdujgsaeyczcbhtfazrk/Build/Intermediates.noindex/TodoTimers.build/Debug-watchsimulator/TodoTimers\ Watch\ App\ Watch\ App.build/DerivedSources -Xcc -DDEBUG\=1 -emit-objc-header -emit-objc-header-path /Users/jeremywatt/Library/Developer/Xcode/DerivedData/TodoTimers-hhkfosrtfdujgsaeyczcbhtfazrk/Build/Intermediates.noindex/TodoTimers.build/Debug-watchsimulator/TodoTimers\ Watch\ App\ Watch\ App.build/Objects-normal/x86_64/TodoTimers_Watch_App_Watch_App-Swift.h -working-directory /Users/jeremywatt/Desktop/todo-timers-ios/TodoTimers -experimental-emit-module-separately -disable-cmo

SwiftDriver\ Compilation TodoTimers\ Watch\ App\ Watch\ App normal arm64 com.apple.xcode.tools.swift.compiler (in target 'TodoTimers Watch App Watch App' from project 'TodoTimers')
    cd /Users/jeremywatt/Desktop/todo-timers-ios/TodoTimers
    builtin-Swift-Compilation -- /Applications/Xcode.app/Contents/Developer/Toolchains/XcodeDefault.xctoolchain/usr/bin/swiftc -module-name TodoTimers_Watch_App_Watch_App -Onone -enforce-exclusivity\=checked @/Users/jeremywatt/Library/Developer/Xcode/DerivedData/TodoTimers-hhkfosrtfdujgsaeyczcbhtfazrk/Build/Intermediates.noindex/TodoTimers.build/Debug-watchsimulator/TodoTimers\ Watch\ App\ Watch\ App.build/Objects-normal/arm64/TodoTimers\ Watch\ App\ Watch\ App.SwiftFileList -DDEBUG -enable-bare-slash-regex -enable-experimental-feature DebugDescriptionMacro -sdk /Applications/Xcode.app/Contents/Developer/Platforms/WatchSimulator.platform/Developer/SDKs/WatchSimulator11.5.sdk -target arm64-apple-watchos10.0-simulator -g -module-cache-path /Users/jeremywatt/Library/Developer/Xcode/DerivedData/ModuleCache.noindex -Xfrontend -serialize-debugging-options -profile-coverage-mapping -profile-generate -enable-testing -index-store-path /Users/jeremywatt/Library/Developer/Xcode/DerivedData/TodoTimers-hhkfosrtfdujgsaeyczcbhtfazrk/Index.noindex/DataStore -swift-version 5 -I /Users/jeremywatt/Library/Developer/Xcode/DerivedData/TodoTimers-hhkfosrtfdujgsaeyczcbhtfazrk/Build/Products/Debug-watchsimulator -F /Users/jeremywatt/Library/Developer/Xcode/DerivedData/TodoTimers-hhkfosrtfdujgsaeyczcbhtfazrk/Build/Products/Debug-watchsimulator -emit-localized-strings -emit-localized-strings-path /Users/jeremywatt/Library/Developer/Xcode/DerivedData/TodoTimers-hhkfosrtfdujgsaeyczcbhtfazrk/Build/Intermediates.noindex/TodoTimers.build/Debug-watchsimulator/TodoTimers\ Watch\ App\ Watch\ App.build/Objects-normal/arm64 -c -j10 -enable-batch-mode -incremental -Xcc -ivfsstatcache -Xcc /Users/jeremywatt/Library/Developer/Xcode/DerivedData/SDKStatCaches.noindex/watchsimulator11.5-22T572-f072d36b9981b6dc55608c571d18f8ef.sdkstatcache -output-file-map /Users/jeremywatt/Library/Developer/Xcode/DerivedData/TodoTimers-hhkfosrtfdujgsaeyczcbhtfazrk/Build/Intermediates.noindex/TodoTimers.build/Debug-watchsimulator/TodoTimers\ Watch\ App\ Watch\ App.build/Objects-normal/arm64/TodoTimers\ Watch\ App\ Watch\ App-OutputFileMap.json -use-frontend-parseable-output -save-temps -no-color-diagnostics -serialize-diagnostics -emit-dependencies -emit-module -emit-module-path /Users/jeremywatt/Library/Developer/Xcode/DerivedData/TodoTimers-hhkfosrtfdujgsaeyczcbhtfazrk/Build/Intermediates.noindex/TodoTimers.build/Debug-watchsimulator/TodoTimers\ Watch\ App\ Watch\ App.build/Objects-normal/arm64/TodoTimers_Watch_App_Watch_App.swiftmodule -validate-clang-modules-once -clang-build-session-file /Users/jeremywatt/Library/Developer/Xcode/DerivedData/ModuleCache.noindex/Session.modulevalidation -Xcc -I/Users/jeremywatt/Library/Developer/Xcode/DerivedData/TodoTimers-hhkfosrtfdujgsaeyczcbhtfazrk/Build/Intermediates.noindex/TodoTimers.build/Debug-watchsimulator/TodoTimers\ Watch\ App\ Watch\ App.build/swift-overrides.hmap -emit-const-values -Xfrontend -const-gather-protocols-file -Xfrontend /Users/jeremywatt/Library/Developer/Xcode/DerivedData/TodoTimers-hhkfosrtfdujgsaeyczcbhtfazrk/Build/Intermediates.noindex/TodoTimers.build/Debug-watchsimulator/TodoTimers\ Watch\ App\ Watch\ App.build/Objects-normal/arm64/TodoTimers\ Watch\ App\ Watch\ App_const_extract_protocols.json -Xcc -iquote -Xcc /Users/jeremywatt/Library/Developer/Xcode/DerivedData/TodoTimers-hhkfosrtfdujgsaeyczcbhtfazrk/Build/Intermediates.noindex/TodoTimers.build/Debug-watchsimulator/TodoTimers\ Watch\ App\ Watch\ App.build/TodoTimers\ Watch\ App\ Watch\ App-generated-files.hmap -Xcc -I/Users/jeremywatt/Library/Developer/Xcode/DerivedData/TodoTimers-hhkfosrtfdujgsaeyczcbhtfazrk/Build/Intermediates.noindex/TodoTimers.build/Debug-watchsimulator/TodoTimers\ Watch\ App\ Watch\ App.build/TodoTimers\ Watch\ App\ Watch\ App-own-target-headers.hmap -Xcc -I/Users/jeremywatt/Library/Developer/Xcode/DerivedData/TodoTimers-hhkfosrtfdujgsaeyczcbhtfazrk/Build/Intermediates.noindex/TodoTimers.build/Debug-watchsimulator/TodoTimers\ Watch\ App\ Watch\ App.build/TodoTimers\ Watch\ App\ Watch\ App-all-target-headers.hmap -Xcc -iquote -Xcc /Users/jeremywatt/Library/Developer/Xcode/DerivedData/TodoTimers-hhkfosrtfdujgsaeyczcbhtfazrk/Build/Intermediates.noindex/TodoTimers.build/Debug-watchsimulator/TodoTimers\ Watch\ App\ Watch\ App.build/TodoTimers\ Watch\ App\ Watch\ App-project-headers.hmap -Xcc -I/Users/jeremywatt/Library/Developer/Xcode/DerivedData/TodoTimers-hhkfosrtfdujgsaeyczcbhtfazrk/Build/Products/Debug-watchsimulator/include -Xcc -I/Users/jeremywatt/Library/Developer/Xcode/DerivedData/TodoTimers-hhkfosrtfdujgsaeyczcbhtfazrk/Build/Intermediates.noindex/TodoTimers.build/Debug-watchsimulator/TodoTimers\ Watch\ App\ Watch\ App.build/DerivedSources-normal/arm64 -Xcc -I/Users/jeremywatt/Library/Developer/Xcode/DerivedData/TodoTimers-hhkfosrtfdujgsaeyczcbhtfazrk/Build/Intermediates.noindex/TodoTimers.build/Debug-watchsimulator/TodoTimers\ Watch\ App\ Watch\ App.build/DerivedSources/arm64 -Xcc -I/Users/jeremywatt/Library/Developer/Xcode/DerivedData/TodoTimers-hhkfosrtfdujgsaeyczcbhtfazrk/Build/Intermediates.noindex/TodoTimers.build/Debug-watchsimulator/TodoTimers\ Watch\ App\ Watch\ App.build/DerivedSources -Xcc -DDEBUG\=1 -emit-objc-header -emit-objc-header-path /Users/jeremywatt/Library/Developer/Xcode/DerivedData/TodoTimers-hhkfosrtfdujgsaeyczcbhtfazrk/Build/Intermediates.noindex/TodoTimers.build/Debug-watchsimulator/TodoTimers\ Watch\ App\ Watch\ App.build/Objects-normal/arm64/TodoTimers_Watch_App_Watch_App-Swift.h -working-directory /Users/jeremywatt/Desktop/todo-timers-ios/TodoTimers -experimental-emit-module-separately -disable-cmo

SwiftDriver TodoTimers normal arm64 com.apple.xcode.tools.swift.compiler (in target 'TodoTimers' from project 'TodoTimers')
    cd /Users/jeremywatt/Desktop/todo-timers-ios/TodoTimers
    builtin-SwiftDriver -- /Applications/Xcode.app/Contents/Developer/Toolchains/XcodeDefault.xctoolchain/usr/bin/swiftc -module-name TodoTimers -Onone -enforce-exclusivity\=checked @/Users/jeremywatt/Library/Developer/Xcode/DerivedData/TodoTimers-hhkfosrtfdujgsaeyczcbhtfazrk/Build/Intermediates.noindex/TodoTimers.build/Debug-iphonesimulator/TodoTimers.build/Objects-normal/arm64/TodoTimers.SwiftFileList -DDEBUG -enable-bare-slash-regex -enable-experimental-feature DebugDescriptionMacro -sdk /Applications/Xcode.app/Contents/Developer/Platforms/iPhoneSimulator.platform/Developer/SDKs/iPhoneSimulator18.5.sdk -target arm64-apple-ios17.0-simulator -g -module-cache-path /Users/jeremywatt/Library/Developer/Xcode/DerivedData/ModuleCache.noindex -Xfrontend -serialize-debugging-options -profile-coverage-mapping -profile-generate -enable-testing -index-store-path /Users/jeremywatt/Library/Developer/Xcode/DerivedData/TodoTimers-hhkfosrtfdujgsaeyczcbhtfazrk/Index.noindex/DataStore -swift-version 5 -I /Users/jeremywatt/Library/Developer/Xcode/DerivedData/TodoTimers-hhkfosrtfdujgsaeyczcbhtfazrk/Build/Products/Debug-iphonesimulator -F /Users/jeremywatt/Library/Developer/Xcode/DerivedData/TodoTimers-hhkfosrtfdujgsaeyczcbhtfazrk/Build/Products/Debug-iphonesimulator -emit-localized-strings -emit-localized-strings-path /Users/jeremywatt/Library/Developer/Xcode/DerivedData/TodoTimers-hhkfosrtfdujgsaeyczcbhtfazrk/Build/Intermediates.noindex/TodoTimers.build/Debug-iphonesimulator/TodoTimers.build/Objects-normal/arm64 -c -j10 -enable-batch-mode -incremental -Xcc -ivfsstatcache -Xcc /Users/jeremywatt/Library/Developer/Xcode/DerivedData/SDKStatCaches.noindex/iphonesimulator18.5-22F76-d5fc8ad4295d2ef488fb7d0f804ce0c4.sdkstatcache -output-file-map /Users/jeremywatt/Library/Developer/Xcode/DerivedData/TodoTimers-hhkfosrtfdujgsaeyczcbhtfazrk/Build/Intermediates.noindex/TodoTimers.build/Debug-iphonesimulator/TodoTimers.build/Objects-normal/arm64/TodoTimers-OutputFileMap.json -use-frontend-parseable-output -save-temps -no-color-diagnostics -serialize-diagnostics -emit-dependencies -emit-module -emit-module-path /Users/jeremywatt/Library/Developer/Xcode/DerivedData/TodoTimers-hhkfosrtfdujgsaeyczcbhtfazrk/Build/Intermediates.noindex/TodoTimers.build/Debug-iphonesimulator/TodoTimers.build/Objects-normal/arm64/TodoTimers.swiftmodule -validate-clang-modules-once -clang-build-session-file /Users/jeremywatt/Library/Developer/Xcode/DerivedData/ModuleCache.noindex/Session.modulevalidation -Xcc -I/Users/jeremywatt/Library/Developer/Xcode/DerivedData/TodoTimers-hhkfosrtfdujgsaeyczcbhtfazrk/Build/Intermediates.noindex/TodoTimers.build/Debug-iphonesimulator/TodoTimers.build/swift-overrides.hmap -emit-const-values -Xfrontend -const-gather-protocols-file -Xfrontend /Users/jeremywatt/Library/Developer/Xcode/DerivedData/TodoTimers-hhkfosrtfdujgsaeyczcbhtfazrk/Build/Intermediates.noindex/TodoTimers.build/Debug-iphonesimulator/TodoTimers.build/Objects-normal/arm64/TodoTimers_const_extract_protocols.json -Xcc -iquote -Xcc /Users/jeremywatt/Library/Developer/Xcode/DerivedData/TodoTimers-hhkfosrtfdujgsaeyczcbhtfazrk/Build/Intermediates.noindex/TodoTimers.build/Debug-iphonesimulator/TodoTimers.build/TodoTimers-generated-files.hmap -Xcc -I/Users/jeremywatt/Library/Developer/Xcode/DerivedData/TodoTimers-hhkfosrtfdujgsaeyczcbhtfazrk/Build/Intermediates.noindex/TodoTimers.build/Debug-iphonesimulator/TodoTimers.build/TodoTimers-own-target-headers.hmap -Xcc -I/Users/jeremywatt/Library/Developer/Xcode/DerivedData/TodoTimers-hhkfosrtfdujgsaeyczcbhtfazrk/Build/Intermediates.noindex/TodoTimers.build/Debug-iphonesimulator/TodoTimers.build/TodoTimers-all-target-headers.hmap -Xcc -iquote -Xcc /Users/jeremywatt/Library/Developer/Xcode/DerivedData/TodoTimers-hhkfosrtfdujgsaeyczcbhtfazrk/Build/Intermediates.noindex/TodoTimers.build/Debug-iphonesimulator/TodoTimers.build/TodoTimers-project-headers.hmap -Xcc -I/Users/jeremywatt/Library/Developer/Xcode/DerivedData/TodoTimers-hhkfosrtfdujgsaeyczcbhtfazrk/Build/Products/Debug-iphonesimulator/include -Xcc -I/Users/jeremywatt/Library/Developer/Xcode/DerivedData/TodoTimers-hhkfosrtfdujgsaeyczcbhtfazrk/Build/Intermediates.noindex/TodoTimers.build/Debug-iphonesimulator/TodoTimers.build/DerivedSources-normal/arm64 -Xcc -I/Users/jeremywatt/Library/Developer/Xcode/DerivedData/TodoTimers-hhkfosrtfdujgsaeyczcbhtfazrk/Build/Intermediates.noindex/TodoTimers.build/Debug-iphonesimulator/TodoTimers.build/DerivedSources/arm64 -Xcc -I/Users/jeremywatt/Library/Developer/Xcode/DerivedData/TodoTimers-hhkfosrtfdujgsaeyczcbhtfazrk/Build/Intermediates.noindex/TodoTimers.build/Debug-iphonesimulator/TodoTimers.build/DerivedSources -Xcc -DDEBUG\=1 -emit-objc-header -emit-objc-header-path /Users/jeremywatt/Library/Developer/Xcode/DerivedData/TodoTimers-hhkfosrtfdujgsaeyczcbhtfazrk/Build/Intermediates.noindex/TodoTimers.build/Debug-iphonesimulator/TodoTimers.build/Objects-normal/arm64/TodoTimers-Swift.h -working-directory /Users/jeremywatt/Desktop/todo-timers-ios/TodoTimers -experimental-emit-module-separately -disable-cmo

Ld /Users/jeremywatt/Library/Developer/Xcode/DerivedData/TodoTimers-hhkfosrtfdujgsaeyczcbhtfazrk/Build/Intermediates.noindex/TodoTimers.build/Debug-watchsimulator/TodoTimers\ Watch\ App\ Watch\ App.build/Objects-normal/x86_64/Binary/TodoTimers\ Watch\ App\ Watch\ App.debug.dylib normal x86_64 (in target 'TodoTimers Watch App Watch App' from project 'TodoTimers')
    cd /Users/jeremywatt/Desktop/todo-timers-ios/TodoTimers
    /Applications/Xcode.app/Contents/Developer/Toolchains/XcodeDefault.xctoolchain/usr/bin/clang -Xlinker -reproducible -target x86_64-apple-watchos10.0-simulator -dynamiclib -isysroot /Applications/Xcode.app/Contents/Developer/Platforms/WatchSimulator.platform/Developer/SDKs/WatchSimulator11.5.sdk -O0 -L/Users/jeremywatt/Library/Developer/Xcode/DerivedData/TodoTimers-hhkfosrtfdujgsaeyczcbhtfazrk/Build/Intermediates.noindex/EagerLinkingTBDs/Debug-watchsimulator -L/Users/jeremywatt/Library/Developer/Xcode/DerivedData/TodoTimers-hhkfosrtfdujgsaeyczcbhtfazrk/Build/Products/Debug-watchsimulator -F/Users/jeremywatt/Library/Developer/Xcode/DerivedData/TodoTimers-hhkfosrtfdujgsaeyczcbhtfazrk/Build/Intermediates.noindex/EagerLinkingTBDs/Debug-watchsimulator -F/Users/jeremywatt/Library/Developer/Xcode/DerivedData/TodoTimers-hhkfosrtfdujgsaeyczcbhtfazrk/Build/Products/Debug-watchsimulator -filelist /Users/jeremywatt/Library/Developer/Xcode/DerivedData/TodoTimers-hhkfosrtfdujgsaeyczcbhtfazrk/Build/Intermediates.noindex/TodoTimers.build/Debug-watchsimulator/TodoTimers\ Watch\ App\ Watch\ App.build/Objects-normal/x86_64/TodoTimers\ Watch\ App\ Watch\ App.LinkFileList -install_name @rpath/TodoTimers\ Watch\ App\ Watch\ App.debug.dylib -Xlinker -rpath -Xlinker @executable_path/Frameworks -dead_strip -Xlinker -object_path_lto -Xlinker /Users/jeremywatt/Library/Developer/Xcode/DerivedData/TodoTimers-hhkfosrtfdujgsaeyczcbhtfazrk/Build/Intermediates.noindex/TodoTimers.build/Debug-watchsimulator/TodoTimers\ Watch\ App\ Watch\ App.build/Objects-normal/x86_64/TodoTimers\ Watch\ App\ Watch\ App_lto.o -rdynamic -Xlinker -no_deduplicate -Xlinker -objc_abi_version -Xlinker 2 -Xlinker -debug_variant -Xlinker -dependency_info -Xlinker /Users/jeremywatt/Library/Developer/Xcode/DerivedData/TodoTimers-hhkfosrtfdujgsaeyczcbhtfazrk/Build/Intermediates.noindex/TodoTimers.build/Debug-watchsimulator/TodoTimers\ Watch\ App\ Watch\ App.build/Objects-normal/x86_64/TodoTimers\ Watch\ App\ Watch\ App_dependency_info.dat -fobjc-link-runtime -fprofile-instr-generate -L/Applications/Xcode.app/Contents/Developer/Toolchains/XcodeDefault.xctoolchain/usr/lib/swift/watchsimulator -L/usr/lib/swift -Xlinker -add_ast_path -Xlinker /Users/jeremywatt/Library/Developer/Xcode/DerivedData/TodoTimers-hhkfosrtfdujgsaeyczcbhtfazrk/Build/Intermediates.noindex/TodoTimers.build/Debug-watchsimulator/TodoTimers\ Watch\ App\ Watch\ App.build/Objects-normal/x86_64/TodoTimers_Watch_App_Watch_App.swiftmodule -Xlinker -alias -Xlinker _main -Xlinker ___debug_main_executable_dylib_entry_point -Xlinker -no_adhoc_codesign -o /Users/jeremywatt/Library/Developer/Xcode/DerivedData/TodoTimers-hhkfosrtfdujgsaeyczcbhtfazrk/Build/Intermediates.noindex/TodoTimers.build/Debug-watchsimulator/TodoTimers\ Watch\ App\ Watch\ App.build/Objects-normal/x86_64/Binary/TodoTimers\ Watch\ App\ Watch\ App.debug.dylib

Ld /Users/jeremywatt/Library/Developer/Xcode/DerivedData/TodoTimers-hhkfosrtfdujgsaeyczcbhtfazrk/Build/Intermediates.noindex/TodoTimers.build/Debug-watchsimulator/TodoTimers\ Watch\ App\ Watch\ App.build/Objects-normal/arm64/Binary/TodoTimers\ Watch\ App\ Watch\ App.debug.dylib normal arm64 (in target 'TodoTimers Watch App Watch App' from project 'TodoTimers')
    cd /Users/jeremywatt/Desktop/todo-timers-ios/TodoTimers
    /Applications/Xcode.app/Contents/Developer/Toolchains/XcodeDefault.xctoolchain/usr/bin/clang -Xlinker -reproducible -target arm64-apple-watchos10.0-simulator -dynamiclib -isysroot /Applications/Xcode.app/Contents/Developer/Platforms/WatchSimulator.platform/Developer/SDKs/WatchSimulator11.5.sdk -O0 -L/Users/jeremywatt/Library/Developer/Xcode/DerivedData/TodoTimers-hhkfosrtfdujgsaeyczcbhtfazrk/Build/Intermediates.noindex/EagerLinkingTBDs/Debug-watchsimulator -L/Users/jeremywatt/Library/Developer/Xcode/DerivedData/TodoTimers-hhkfosrtfdujgsaeyczcbhtfazrk/Build/Products/Debug-watchsimulator -F/Users/jeremywatt/Library/Developer/Xcode/DerivedData/TodoTimers-hhkfosrtfdujgsaeyczcbhtfazrk/Build/Intermediates.noindex/EagerLinkingTBDs/Debug-watchsimulator -F/Users/jeremywatt/Library/Developer/Xcode/DerivedData/TodoTimers-hhkfosrtfdujgsaeyczcbhtfazrk/Build/Products/Debug-watchsimulator -filelist /Users/jeremywatt/Library/Developer/Xcode/DerivedData/TodoTimers-hhkfosrtfdujgsaeyczcbhtfazrk/Build/Intermediates.noindex/TodoTimers.build/Debug-watchsimulator/TodoTimers\ Watch\ App\ Watch\ App.build/Objects-normal/arm64/TodoTimers\ Watch\ App\ Watch\ App.LinkFileList -install_name @rpath/TodoTimers\ Watch\ App\ Watch\ App.debug.dylib -Xlinker -rpath -Xlinker @executable_path/Frameworks -dead_strip -Xlinker -object_path_lto -Xlinker /Users/jeremywatt/Library/Developer/Xcode/DerivedData/TodoTimers-hhkfosrtfdujgsaeyczcbhtfazrk/Build/Intermediates.noindex/TodoTimers.build/Debug-watchsimulator/TodoTimers\ Watch\ App\ Watch\ App.build/Objects-normal/arm64/TodoTimers\ Watch\ App\ Watch\ App_lto.o -rdynamic -Xlinker -no_deduplicate -Xlinker -objc_abi_version -Xlinker 2 -Xlinker -debug_variant -Xlinker -dependency_info -Xlinker /Users/jeremywatt/Library/Developer/Xcode/DerivedData/TodoTimers-hhkfosrtfdujgsaeyczcbhtfazrk/Build/Intermediates.noindex/TodoTimers.build/Debug-watchsimulator/TodoTimers\ Watch\ App\ Watch\ App.build/Objects-normal/arm64/TodoTimers\ Watch\ App\ Watch\ App_dependency_info.dat -fobjc-link-runtime -fprofile-instr-generate -L/Applications/Xcode.app/Contents/Developer/Toolchains/XcodeDefault.xctoolchain/usr/lib/swift/watchsimulator -L/usr/lib/swift -Xlinker -add_ast_path -Xlinker /Users/jeremywatt/Library/Developer/Xcode/DerivedData/TodoTimers-hhkfosrtfdujgsaeyczcbhtfazrk/Build/Intermediates.noindex/TodoTimers.build/Debug-watchsimulator/TodoTimers\ Watch\ App\ Watch\ App.build/Objects-normal/arm64/TodoTimers_Watch_App_Watch_App.swiftmodule -Xlinker -alias -Xlinker _main -Xlinker ___debug_main_executable_dylib_entry_point -Xlinker -no_adhoc_codesign -o /Users/jeremywatt/Library/Developer/Xcode/DerivedData/TodoTimers-hhkfosrtfdujgsaeyczcbhtfazrk/Build/Intermediates.noindex/TodoTimers.build/Debug-watchsimulator/TodoTimers\ Watch\ App\ Watch\ App.build/Objects-normal/arm64/Binary/TodoTimers\ Watch\ App\ Watch\ App.debug.dylib

SwiftDriver\ Compilation\ Requirements TodoTimers normal arm64 com.apple.xcode.tools.swift.compiler (in target 'TodoTimers' from project 'TodoTimers')
    cd /Users/jeremywatt/Desktop/todo-timers-ios/TodoTimers
    builtin-Swift-Compilation-Requirements -- /Applications/Xcode.app/Contents/Developer/Toolchains/XcodeDefault.xctoolchain/usr/bin/swiftc -module-name TodoTimers -Onone -enforce-exclusivity\=checked @/Users/jeremywatt/Library/Developer/Xcode/DerivedData/TodoTimers-hhkfosrtfdujgsaeyczcbhtfazrk/Build/Intermediates.noindex/TodoTimers.build/Debug-iphonesimulator/TodoTimers.build/Objects-normal/arm64/TodoTimers.SwiftFileList -DDEBUG -enable-bare-slash-regex -enable-experimental-feature DebugDescriptionMacro -sdk /Applications/Xcode.app/Contents/Developer/Platforms/iPhoneSimulator.platform/Developer/SDKs/iPhoneSimulator18.5.sdk -target arm64-apple-ios17.0-simulator -g -module-cache-path /Users/jeremywatt/Library/Developer/Xcode/DerivedData/ModuleCache.noindex -Xfrontend -serialize-debugging-options -profile-coverage-mapping -profile-generate -enable-testing -index-store-path /Users/jeremywatt/Library/Developer/Xcode/DerivedData/TodoTimers-hhkfosrtfdujgsaeyczcbhtfazrk/Index.noindex/DataStore -swift-version 5 -I /Users/jeremywatt/Library/Developer/Xcode/DerivedData/TodoTimers-hhkfosrtfdujgsaeyczcbhtfazrk/Build/Products/Debug-iphonesimulator -F /Users/jeremywatt/Library/Developer/Xcode/DerivedData/TodoTimers-hhkfosrtfdujgsaeyczcbhtfazrk/Build/Products/Debug-iphonesimulator -emit-localized-strings -emit-localized-strings-path /Users/jeremywatt/Library/Developer/Xcode/DerivedData/TodoTimers-hhkfosrtfdujgsaeyczcbhtfazrk/Build/Intermediates.noindex/TodoTimers.build/Debug-iphonesimulator/TodoTimers.build/Objects-normal/arm64 -c -j10 -enable-batch-mode -incremental -Xcc -ivfsstatcache -Xcc /Users/jeremywatt/Library/Developer/Xcode/DerivedData/SDKStatCaches.noindex/iphonesimulator18.5-22F76-d5fc8ad4295d2ef488fb7d0f804ce0c4.sdkstatcache -output-file-map /Users/jeremywatt/Library/Developer/Xcode/DerivedData/TodoTimers-hhkfosrtfdujgsaeyczcbhtfazrk/Build/Intermediates.noindex/TodoTimers.build/Debug-iphonesimulator/TodoTimers.build/Objects-normal/arm64/TodoTimers-OutputFileMap.json -use-frontend-parseable-output -save-temps -no-color-diagnostics -serialize-diagnostics -emit-dependencies -emit-module -emit-module-path /Users/jeremywatt/Library/Developer/Xcode/DerivedData/TodoTimers-hhkfosrtfdujgsaeyczcbhtfazrk/Build/Intermediates.noindex/TodoTimers.build/Debug-iphonesimulator/TodoTimers.build/Objects-normal/arm64/TodoTimers.swiftmodule -validate-clang-modules-once -clang-build-session-file /Users/jeremywatt/Library/Developer/Xcode/DerivedData/ModuleCache.noindex/Session.modulevalidation -Xcc -I/Users/jeremywatt/Library/Developer/Xcode/DerivedData/TodoTimers-hhkfosrtfdujgsaeyczcbhtfazrk/Build/Intermediates.noindex/TodoTimers.build/Debug-iphonesimulator/TodoTimers.build/swift-overrides.hmap -emit-const-values -Xfrontend -const-gather-protocols-file -Xfrontend /Users/jeremywatt/Library/Developer/Xcode/DerivedData/TodoTimers-hhkfosrtfdujgsaeyczcbhtfazrk/Build/Intermediates.noindex/TodoTimers.build/Debug-iphonesimulator/TodoTimers.build/Objects-normal/arm64/TodoTimers_const_extract_protocols.json -Xcc -iquote -Xcc /Users/jeremywatt/Library/Developer/Xcode/DerivedData/TodoTimers-hhkfosrtfdujgsaeyczcbhtfazrk/Build/Intermediates.noindex/TodoTimers.build/Debug-iphonesimulator/TodoTimers.build/TodoTimers-generated-files.hmap -Xcc -I/Users/jeremywatt/Library/Developer/Xcode/DerivedData/TodoTimers-hhkfosrtfdujgsaeyczcbhtfazrk/Build/Intermediates.noindex/TodoTimers.build/Debug-iphonesimulator/TodoTimers.build/TodoTimers-own-target-headers.hmap -Xcc -I/Users/jeremywatt/Library/Developer/Xcode/DerivedData/TodoTimers-hhkfosrtfdujgsaeyczcbhtfazrk/Build/Intermediates.noindex/TodoTimers.build/Debug-iphonesimulator/TodoTimers.build/TodoTimers-all-target-headers.hmap -Xcc -iquote -Xcc /Users/jeremywatt/Library/Developer/Xcode/DerivedData/TodoTimers-hhkfosrtfdujgsaeyczcbhtfazrk/Build/Intermediates.noindex/TodoTimers.build/Debug-iphonesimulator/TodoTimers.build/TodoTimers-project-headers.hmap -Xcc -I/Users/jeremywatt/Library/Developer/Xcode/DerivedData/TodoTimers-hhkfosrtfdujgsaeyczcbhtfazrk/Build/Products/Debug-iphonesimulator/include -Xcc -I/Users/jeremywatt/Library/Developer/Xcode/DerivedData/TodoTimers-hhkfosrtfdujgsaeyczcbhtfazrk/Build/Intermediates.noindex/TodoTimers.build/Debug-iphonesimulator/TodoTimers.build/DerivedSources-normal/arm64 -Xcc -I/Users/jeremywatt/Library/Developer/Xcode/DerivedData/TodoTimers-hhkfosrtfdujgsaeyczcbhtfazrk/Build/Intermediates.noindex/TodoTimers.build/Debug-iphonesimulator/TodoTimers.build/DerivedSources/arm64 -Xcc -I/Users/jeremywatt/Library/Developer/Xcode/DerivedData/TodoTimers-hhkfosrtfdujgsaeyczcbhtfazrk/Build/Intermediates.noindex/TodoTimers.build/Debug-iphonesimulator/TodoTimers.build/DerivedSources -Xcc -DDEBUG\=1 -emit-objc-header -emit-objc-header-path /Users/jeremywatt/Library/Developer/Xcode/DerivedData/TodoTimers-hhkfosrtfdujgsaeyczcbhtfazrk/Build/Intermediates.noindex/TodoTimers.build/Debug-iphonesimulator/TodoTimers.build/Objects-normal/arm64/TodoTimers-Swift.h -working-directory /Users/jeremywatt/Desktop/todo-timers-ios/TodoTimers -experimental-emit-module-separately -disable-cmo

SwiftDriver\ Compilation TodoTimers normal arm64 com.apple.xcode.tools.swift.compiler (in target 'TodoTimers' from project 'TodoTimers')
    cd /Users/jeremywatt/Desktop/todo-timers-ios/TodoTimers
    builtin-Swift-Compilation -- /Applications/Xcode.app/Contents/Developer/Toolchains/XcodeDefault.xctoolchain/usr/bin/swiftc -module-name TodoTimers -Onone -enforce-exclusivity\=checked @/Users/jeremywatt/Library/Developer/Xcode/DerivedData/TodoTimers-hhkfosrtfdujgsaeyczcbhtfazrk/Build/Intermediates.noindex/TodoTimers.build/Debug-iphonesimulator/TodoTimers.build/Objects-normal/arm64/TodoTimers.SwiftFileList -DDEBUG -enable-bare-slash-regex -enable-experimental-feature DebugDescriptionMacro -sdk /Applications/Xcode.app/Contents/Developer/Platforms/iPhoneSimulator.platform/Developer/SDKs/iPhoneSimulator18.5.sdk -target arm64-apple-ios17.0-simulator -g -module-cache-path /Users/jeremywatt/Library/Developer/Xcode/DerivedData/ModuleCache.noindex -Xfrontend -serialize-debugging-options -profile-coverage-mapping -profile-generate -enable-testing -index-store-path /Users/jeremywatt/Library/Developer/Xcode/DerivedData/TodoTimers-hhkfosrtfdujgsaeyczcbhtfazrk/Index.noindex/DataStore -swift-version 5 -I /Users/jeremywatt/Library/Developer/Xcode/DerivedData/TodoTimers-hhkfosrtfdujgsaeyczcbhtfazrk/Build/Products/Debug-iphonesimulator -F /Users/jeremywatt/Library/Developer/Xcode/DerivedData/TodoTimers-hhkfosrtfdujgsaeyczcbhtfazrk/Build/Products/Debug-iphonesimulator -emit-localized-strings -emit-localized-strings-path /Users/jeremywatt/Library/Developer/Xcode/DerivedData/TodoTimers-hhkfosrtfdujgsaeyczcbhtfazrk/Build/Intermediates.noindex/TodoTimers.build/Debug-iphonesimulator/TodoTimers.build/Objects-normal/arm64 -c -j10 -enable-batch-mode -incremental -Xcc -ivfsstatcache -Xcc /Users/jeremywatt/Library/Developer/Xcode/DerivedData/SDKStatCaches.noindex/iphonesimulator18.5-22F76-d5fc8ad4295d2ef488fb7d0f804ce0c4.sdkstatcache -output-file-map /Users/jeremywatt/Library/Developer/Xcode/DerivedData/TodoTimers-hhkfosrtfdujgsaeyczcbhtfazrk/Build/Intermediates.noindex/TodoTimers.build/Debug-iphonesimulator/TodoTimers.build/Objects-normal/arm64/TodoTimers-OutputFileMap.json -use-frontend-parseable-output -save-temps -no-color-diagnostics -serialize-diagnostics -emit-dependencies -emit-module -emit-module-path /Users/jeremywatt/Library/Developer/Xcode/DerivedData/TodoTimers-hhkfosrtfdujgsaeyczcbhtfazrk/Build/Intermediates.noindex/TodoTimers.build/Debug-iphonesimulator/TodoTimers.build/Objects-normal/arm64/TodoTimers.swiftmodule -validate-clang-modules-once -clang-build-session-file /Users/jeremywatt/Library/Developer/Xcode/DerivedData/ModuleCache.noindex/Session.modulevalidation -Xcc -I/Users/jeremywatt/Library/Developer/Xcode/DerivedData/TodoTimers-hhkfosrtfdujgsaeyczcbhtfazrk/Build/Intermediates.noindex/TodoTimers.build/Debug-iphonesimulator/TodoTimers.build/swift-overrides.hmap -emit-const-values -Xfrontend -const-gather-protocols-file -Xfrontend /Users/jeremywatt/Library/Developer/Xcode/DerivedData/TodoTimers-hhkfosrtfdujgsaeyczcbhtfazrk/Build/Intermediates.noindex/TodoTimers.build/Debug-iphonesimulator/TodoTimers.build/Objects-normal/arm64/TodoTimers_const_extract_protocols.json -Xcc -iquote -Xcc /Users/jeremywatt/Library/Developer/Xcode/DerivedData/TodoTimers-hhkfosrtfdujgsaeyczcbhtfazrk/Build/Intermediates.noindex/TodoTimers.build/Debug-iphonesimulator/TodoTimers.build/TodoTimers-generated-files.hmap -Xcc -I/Users/jeremywatt/Library/Developer/Xcode/DerivedData/TodoTimers-hhkfosrtfdujgsaeyczcbhtfazrk/Build/Intermediates.noindex/TodoTimers.build/Debug-iphonesimulator/TodoTimers.build/TodoTimers-own-target-headers.hmap -Xcc -I/Users/jeremywatt/Library/Developer/Xcode/DerivedData/TodoTimers-hhkfosrtfdujgsaeyczcbhtfazrk/Build/Intermediates.noindex/TodoTimers.build/Debug-iphonesimulator/TodoTimers.build/TodoTimers-all-target-headers.hmap -Xcc -iquote -Xcc /Users/jeremywatt/Library/Developer/Xcode/DerivedData/TodoTimers-hhkfosrtfdujgsaeyczcbhtfazrk/Build/Intermediates.noindex/TodoTimers.build/Debug-iphonesimulator/TodoTimers.build/TodoTimers-project-headers.hmap -Xcc -I/Users/jeremywatt/Library/Developer/Xcode/DerivedData/TodoTimers-hhkfosrtfdujgsaeyczcbhtfazrk/Build/Products/Debug-iphonesimulator/include -Xcc -I/Users/jeremywatt/Library/Developer/Xcode/DerivedData/TodoTimers-hhkfosrtfdujgsaeyczcbhtfazrk/Build/Intermediates.noindex/TodoTimers.build/Debug-iphonesimulator/TodoTimers.build/DerivedSources-normal/arm64 -Xcc -I/Users/jeremywatt/Library/Developer/Xcode/DerivedData/TodoTimers-hhkfosrtfdujgsaeyczcbhtfazrk/Build/Intermediates.noindex/TodoTimers.build/Debug-iphonesimulator/TodoTimers.build/DerivedSources/arm64 -Xcc -I/Users/jeremywatt/Library/Developer/Xcode/DerivedData/TodoTimers-hhkfosrtfdujgsaeyczcbhtfazrk/Build/Intermediates.noindex/TodoTimers.build/Debug-iphonesimulator/TodoTimers.build/DerivedSources -Xcc -DDEBUG\=1 -emit-objc-header -emit-objc-header-path /Users/jeremywatt/Library/Developer/Xcode/DerivedData/TodoTimers-hhkfosrtfdujgsaeyczcbhtfazrk/Build/Intermediates.noindex/TodoTimers.build/Debug-iphonesimulator/TodoTimers.build/Objects-normal/arm64/TodoTimers-Swift.h -working-directory /Users/jeremywatt/Desktop/todo-timers-ios/TodoTimers -experimental-emit-module-separately -disable-cmo

SwiftDriver TodoTimersUITests normal arm64 com.apple.xcode.tools.swift.compiler (in target 'TodoTimersUITests' from project 'TodoTimers')
    cd /Users/jeremywatt/Desktop/todo-timers-ios/TodoTimers
    builtin-SwiftDriver -- /Applications/Xcode.app/Contents/Developer/Toolchains/XcodeDefault.xctoolchain/usr/bin/swiftc -module-name TodoTimersUITests -Onone -enforce-exclusivity\=checked @/Users/jeremywatt/Library/Developer/Xcode/DerivedData/TodoTimers-hhkfosrtfdujgsaeyczcbhtfazrk/Build/Intermediates.noindex/TodoTimers.build/Debug-iphonesimulator/TodoTimersUITests.build/Objects-normal/arm64/TodoTimersUITests.SwiftFileList -DDEBUG -module-alias Testing\=_Testing_Unavailable -plugin-path /Applications/Xcode.app/Contents/Developer/Toolchains/XcodeDefault.xctoolchain/usr/lib/swift/host/plugins/testing -enable-bare-slash-regex -enable-experimental-feature DebugDescriptionMacro -sdk /Applications/Xcode.app/Contents/Developer/Platforms/iPhoneSimulator.platform/Developer/SDKs/iPhoneSimulator18.5.sdk -target arm64-apple-ios17.0-simulator -g -module-cache-path /Users/jeremywatt/Library/Developer/Xcode/DerivedData/ModuleCache.noindex -Xfrontend -serialize-debugging-options -profile-coverage-mapping -profile-generate -enable-testing -index-store-path /Users/jeremywatt/Library/Developer/Xcode/DerivedData/TodoTimers-hhkfosrtfdujgsaeyczcbhtfazrk/Index.noindex/DataStore -swift-version 5 -I /Users/jeremywatt/Library/Developer/Xcode/DerivedData/TodoTimers-hhkfosrtfdujgsaeyczcbhtfazrk/Build/Products/Debug-iphonesimulator -I /Applications/Xcode.app/Contents/Developer/Platforms/iPhoneSimulator.platform/Developer/usr/lib -F /Users/jeremywatt/Library/Developer/Xcode/DerivedData/TodoTimers-hhkfosrtfdujgsaeyczcbhtfazrk/Build/Products/Debug-iphonesimulator -F /Applications/Xcode.app/Contents/Developer/Platforms/iPhoneSimulator.platform/Developer/Library/Frameworks -F /Applications/Xcode.app/Contents/Developer/Platforms/iPhoneSimulator.platform/Developer/SDKs/iPhoneSimulator18.5.sdk/Developer/Library/Frameworks -c -j10 -enable-batch-mode -incremental -Xcc -ivfsstatcache -Xcc /Users/jeremywatt/Library/Developer/Xcode/DerivedData/SDKStatCaches.noindex/iphonesimulator18.5-22F76-d5fc8ad4295d2ef488fb7d0f804ce0c4.sdkstatcache -output-file-map /Users/jeremywatt/Library/Developer/Xcode/DerivedData/TodoTimers-hhkfosrtfdujgsaeyczcbhtfazrk/Build/Intermediates.noindex/TodoTimers.build/Debug-iphonesimulator/TodoTimersUITests.build/Objects-normal/arm64/TodoTimersUITests-OutputFileMap.json -use-frontend-parseable-output -save-temps -no-color-diagnostics -serialize-diagnostics -emit-dependencies -emit-module -emit-module-path /Users/jeremywatt/Library/Developer/Xcode/DerivedData/TodoTimers-hhkfosrtfdujgsaeyczcbhtfazrk/Build/Intermediates.noindex/TodoTimers.build/Debug-iphonesimulator/TodoTimersUITests.build/Objects-normal/arm64/TodoTimersUITests.swiftmodule -validate-clang-modules-once -clang-build-session-file /Users/jeremywatt/Library/Developer/Xcode/DerivedData/ModuleCache.noindex/Session.modulevalidation -Xcc -I/Users/jeremywatt/Library/Developer/Xcode/DerivedData/TodoTimers-hhkfosrtfdujgsaeyczcbhtfazrk/Build/Intermediates.noindex/TodoTimers.build/Debug-iphonesimulator/TodoTimersUITests.build/swift-overrides.hmap -emit-const-values -Xfrontend -const-gather-protocols-file -Xfrontend /Users/jeremywatt/Library/Developer/Xcode/DerivedData/TodoTimers-hhkfosrtfdujgsaeyczcbhtfazrk/Build/Intermediates.noindex/TodoTimers.build/Debug-iphonesimulator/TodoTimersUITests.build/Objects-normal/arm64/TodoTimersUITests_const_extract_protocols.json -Xcc -iquote -Xcc /Users/jeremywatt/Library/Developer/Xcode/DerivedData/TodoTimers-hhkfosrtfdujgsaeyczcbhtfazrk/Build/Intermediates.noindex/TodoTimers.build/Debug-iphonesimulator/TodoTimersUITests.build/TodoTimersUITests-generated-files.hmap -Xcc -I/Users/jeremywatt/Library/Developer/Xcode/DerivedData/TodoTimers-hhkfosrtfdujgsaeyczcbhtfazrk/Build/Intermediates.noindex/TodoTimers.build/Debug-iphonesimulator/TodoTimersUITests.build/TodoTimersUITests-own-target-headers.hmap -Xcc -I/Users/jeremywatt/Library/Developer/Xcode/DerivedData/TodoTimers-hhkfosrtfdujgsaeyczcbhtfazrk/Build/Intermediates.noindex/TodoTimers.build/Debug-iphonesimulator/TodoTimersUITests.build/TodoTimersUITests-all-target-headers.hmap -Xcc -iquote -Xcc /Users/jeremywatt/Library/Developer/Xcode/DerivedData/TodoTimers-hhkfosrtfdujgsaeyczcbhtfazrk/Build/Intermediates.noindex/TodoTimers.build/Debug-iphonesimulator/TodoTimersUITests.build/TodoTimersUITests-project-headers.hmap -Xcc -I/Users/jeremywatt/Library/Developer/Xcode/DerivedData/TodoTimers-hhkfosrtfdujgsaeyczcbhtfazrk/Build/Products/Debug-iphonesimulator/include -Xcc -I/Users/jeremywatt/Library/Developer/Xcode/DerivedData/TodoTimers-hhkfosrtfdujgsaeyczcbhtfazrk/Build/Intermediates.noindex/TodoTimers.build/Debug-iphonesimulator/TodoTimersUITests.build/DerivedSources-normal/arm64 -Xcc -I/Users/jeremywatt/Library/Developer/Xcode/DerivedData/TodoTimers-hhkfosrtfdujgsaeyczcbhtfazrk/Build/Intermediates.noindex/TodoTimers.build/Debug-iphonesimulator/TodoTimersUITests.build/DerivedSources/arm64 -Xcc -I/Users/jeremywatt/Library/Developer/Xcode/DerivedData/TodoTimers-hhkfosrtfdujgsaeyczcbhtfazrk/Build/Intermediates.noindex/TodoTimers.build/Debug-iphonesimulator/TodoTimersUITests.build/DerivedSources -Xcc -DDEBUG\=1 -emit-objc-header -emit-objc-header-path /Users/jeremywatt/Library/Developer/Xcode/DerivedData/TodoTimers-hhkfosrtfdujgsaeyczcbhtfazrk/Build/Intermediates.noindex/TodoTimers.build/Debug-iphonesimulator/TodoTimersUITests.build/Objects-normal/arm64/TodoTimersUITests-Swift.h -working-directory /Users/jeremywatt/Desktop/todo-timers-ios/TodoTimers -experimental-emit-module-separately -disable-cmo

SwiftDriver TodoTimersTests normal arm64 com.apple.xcode.tools.swift.compiler (in target 'TodoTimersTests' from project 'TodoTimers')
    cd /Users/jeremywatt/Desktop/todo-timers-ios/TodoTimers
    builtin-SwiftDriver -- /Applications/Xcode.app/Contents/Developer/Toolchains/XcodeDefault.xctoolchain/usr/bin/swiftc -module-name TodoTimersTests -Onone -enforce-exclusivity\=checked @/Users/jeremywatt/Library/Developer/Xcode/DerivedData/TodoTimers-hhkfosrtfdujgsaeyczcbhtfazrk/Build/Intermediates.noindex/TodoTimers.build/Debug-iphonesimulator/TodoTimersTests.build/Objects-normal/arm64/TodoTimersTests.SwiftFileList -DDEBUG -plugin-path /Applications/Xcode.app/Contents/Developer/Toolchains/XcodeDefault.xctoolchain/usr/lib/swift/host/plugins/testing -enable-bare-slash-regex -enable-experimental-feature DebugDescriptionMacro -sdk /Applications/Xcode.app/Contents/Developer/Platforms/iPhoneSimulator.platform/Developer/SDKs/iPhoneSimulator18.5.sdk -target arm64-apple-ios17.0-simulator -g -module-cache-path /Users/jeremywatt/Library/Developer/Xcode/DerivedData/ModuleCache.noindex -Xfrontend -serialize-debugging-options -profile-coverage-mapping -profile-generate -enable-testing -index-store-path /Users/jeremywatt/Library/Developer/Xcode/DerivedData/TodoTimers-hhkfosrtfdujgsaeyczcbhtfazrk/Index.noindex/DataStore -swift-version 5 -I /Users/jeremywatt/Library/Developer/Xcode/DerivedData/TodoTimers-hhkfosrtfdujgsaeyczcbhtfazrk/Build/Products/Debug-iphonesimulator -I /Applications/Xcode.app/Contents/Developer/Platforms/iPhoneSimulator.platform/Developer/usr/lib -F /Users/jeremywatt/Library/Developer/Xcode/DerivedData/TodoTimers-hhkfosrtfdujgsaeyczcbhtfazrk/Build/Products/Debug-iphonesimulator -F /Applications/Xcode.app/Contents/Developer/Platforms/iPhoneSimulator.platform/Developer/Library/Frameworks -F /Applications/Xcode.app/Contents/Developer/Platforms/iPhoneSimulator.platform/Developer/SDKs/iPhoneSimulator18.5.sdk/Developer/Library/Frameworks -c -j10 -enable-batch-mode -incremental -Xcc -ivfsstatcache -Xcc /Users/jeremywatt/Library/Developer/Xcode/DerivedData/SDKStatCaches.noindex/iphonesimulator18.5-22F76-d5fc8ad4295d2ef488fb7d0f804ce0c4.sdkstatcache -output-file-map /Users/jeremywatt/Library/Developer/Xcode/DerivedData/TodoTimers-hhkfosrtfdujgsaeyczcbhtfazrk/Build/Intermediates.noindex/TodoTimers.build/Debug-iphonesimulator/TodoTimersTests.build/Objects-normal/arm64/TodoTimersTests-OutputFileMap.json -use-frontend-parseable-output -save-temps -no-color-diagnostics -serialize-diagnostics -emit-dependencies -emit-module -emit-module-path /Users/jeremywatt/Library/Developer/Xcode/DerivedData/TodoTimers-hhkfosrtfdujgsaeyczcbhtfazrk/Build/Intermediates.noindex/TodoTimers.build/Debug-iphonesimulator/TodoTimersTests.build/Objects-normal/arm64/TodoTimersTests.swiftmodule -validate-clang-modules-once -clang-build-session-file /Users/jeremywatt/Library/Developer/Xcode/DerivedData/ModuleCache.noindex/Session.modulevalidation -Xcc -I/Users/jeremywatt/Library/Developer/Xcode/DerivedData/TodoTimers-hhkfosrtfdujgsaeyczcbhtfazrk/Build/Intermediates.noindex/TodoTimers.build/Debug-iphonesimulator/TodoTimersTests.build/swift-overrides.hmap -emit-const-values -Xfrontend -const-gather-protocols-file -Xfrontend /Users/jeremywatt/Library/Developer/Xcode/DerivedData/TodoTimers-hhkfosrtfdujgsaeyczcbhtfazrk/Build/Intermediates.noindex/TodoTimers.build/Debug-iphonesimulator/TodoTimersTests.build/Objects-normal/arm64/TodoTimersTests_const_extract_protocols.json -Xcc -iquote -Xcc /Users/jeremywatt/Library/Developer/Xcode/DerivedData/TodoTimers-hhkfosrtfdujgsaeyczcbhtfazrk/Build/Intermediates.noindex/TodoTimers.build/Debug-iphonesimulator/TodoTimersTests.build/TodoTimersTests-generated-files.hmap -Xcc -I/Users/jeremywatt/Library/Developer/Xcode/DerivedData/TodoTimers-hhkfosrtfdujgsaeyczcbhtfazrk/Build/Intermediates.noindex/TodoTimers.build/Debug-iphonesimulator/TodoTimersTests.build/TodoTimersTests-own-target-headers.hmap -Xcc -I/Users/jeremywatt/Library/Developer/Xcode/DerivedData/TodoTimers-hhkfosrtfdujgsaeyczcbhtfazrk/Build/Intermediates.noindex/TodoTimers.build/Debug-iphonesimulator/TodoTimersTests.build/TodoTimersTests-all-target-headers.hmap -Xcc -iquote -Xcc /Users/jeremywatt/Library/Developer/Xcode/DerivedData/TodoTimers-hhkfosrtfdujgsaeyczcbhtfazrk/Build/Intermediates.noindex/TodoTimers.build/Debug-iphonesimulator/TodoTimersTests.build/TodoTimersTests-project-headers.hmap -Xcc -I/Users/jeremywatt/Library/Developer/Xcode/DerivedData/TodoTimers-hhkfosrtfdujgsaeyczcbhtfazrk/Build/Products/Debug-iphonesimulator/include -Xcc -I/Users/jeremywatt/Library/Developer/Xcode/DerivedData/TodoTimers-hhkfosrtfdujgsaeyczcbhtfazrk/Build/Intermediates.noindex/TodoTimers.build/Debug-iphonesimulator/TodoTimersTests.build/DerivedSources-normal/arm64 -Xcc -I/Users/jeremywatt/Library/Developer/Xcode/DerivedData/TodoTimers-hhkfosrtfdujgsaeyczcbhtfazrk/Build/Intermediates.noindex/TodoTimers.build/Debug-iphonesimulator/TodoTimersTests.build/DerivedSources/arm64 -Xcc -I/Users/jeremywatt/Library/Developer/Xcode/DerivedData/TodoTimers-hhkfosrtfdujgsaeyczcbhtfazrk/Build/Intermediates.noindex/TodoTimers.build/Debug-iphonesimulator/TodoTimersTests.build/DerivedSources -Xcc -DDEBUG\=1 -emit-objc-header -emit-objc-header-path /Users/jeremywatt/Library/Developer/Xcode/DerivedData/TodoTimers-hhkfosrtfdujgsaeyczcbhtfazrk/Build/Intermediates.noindex/TodoTimers.build/Debug-iphonesimulator/TodoTimersTests.build/Objects-normal/arm64/TodoTimersTests-Swift.h -working-directory /Users/jeremywatt/Desktop/todo-timers-ios/TodoTimers -experimental-emit-module-separately -disable-cmo

SwiftDriver\ Compilation\ Requirements TodoTimersUITests normal arm64 com.apple.xcode.tools.swift.compiler (in target 'TodoTimersUITests' from project 'TodoTimers')
    cd /Users/jeremywatt/Desktop/todo-timers-ios/TodoTimers
    builtin-Swift-Compilation-Requirements -- /Applications/Xcode.app/Contents/Developer/Toolchains/XcodeDefault.xctoolchain/usr/bin/swiftc -module-name TodoTimersUITests -Onone -enforce-exclusivity\=checked @/Users/jeremywatt/Library/Developer/Xcode/DerivedData/TodoTimers-hhkfosrtfdujgsaeyczcbhtfazrk/Build/Intermediates.noindex/TodoTimers.build/Debug-iphonesimulator/TodoTimersUITests.build/Objects-normal/arm64/TodoTimersUITests.SwiftFileList -DDEBUG -module-alias Testing\=_Testing_Unavailable -plugin-path /Applications/Xcode.app/Contents/Developer/Toolchains/XcodeDefault.xctoolchain/usr/lib/swift/host/plugins/testing -enable-bare-slash-regex -enable-experimental-feature DebugDescriptionMacro -sdk /Applications/Xcode.app/Contents/Developer/Platforms/iPhoneSimulator.platform/Developer/SDKs/iPhoneSimulator18.5.sdk -target arm64-apple-ios17.0-simulator -g -module-cache-path /Users/jeremywatt/Library/Developer/Xcode/DerivedData/ModuleCache.noindex -Xfrontend -serialize-debugging-options -profile-coverage-mapping -profile-generate -enable-testing -index-store-path /Users/jeremywatt/Library/Developer/Xcode/DerivedData/TodoTimers-hhkfosrtfdujgsaeyczcbhtfazrk/Index.noindex/DataStore -swift-version 5 -I /Users/jeremywatt/Library/Developer/Xcode/DerivedData/TodoTimers-hhkfosrtfdujgsaeyczcbhtfazrk/Build/Products/Debug-iphonesimulator -I /Applications/Xcode.app/Contents/Developer/Platforms/iPhoneSimulator.platform/Developer/usr/lib -F /Users/jeremywatt/Library/Developer/Xcode/DerivedData/TodoTimers-hhkfosrtfdujgsaeyczcbhtfazrk/Build/Products/Debug-iphonesimulator -F /Applications/Xcode.app/Contents/Developer/Platforms/iPhoneSimulator.platform/Developer/Library/Frameworks -F /Applications/Xcode.app/Contents/Developer/Platforms/iPhoneSimulator.platform/Developer/SDKs/iPhoneSimulator18.5.sdk/Developer/Library/Frameworks -c -j10 -enable-batch-mode -incremental -Xcc -ivfsstatcache -Xcc /Users/jeremywatt/Library/Developer/Xcode/DerivedData/SDKStatCaches.noindex/iphonesimulator18.5-22F76-d5fc8ad4295d2ef488fb7d0f804ce0c4.sdkstatcache -output-file-map /Users/jeremywatt/Library/Developer/Xcode/DerivedData/TodoTimers-hhkfosrtfdujgsaeyczcbhtfazrk/Build/Intermediates.noindex/TodoTimers.build/Debug-iphonesimulator/TodoTimersUITests.build/Objects-normal/arm64/TodoTimersUITests-OutputFileMap.json -use-frontend-parseable-output -save-temps -no-color-diagnostics -serialize-diagnostics -emit-dependencies -emit-module -emit-module-path /Users/jeremywatt/Library/Developer/Xcode/DerivedData/TodoTimers-hhkfosrtfdujgsaeyczcbhtfazrk/Build/Intermediates.noindex/TodoTimers.build/Debug-iphonesimulator/TodoTimersUITests.build/Objects-normal/arm64/TodoTimersUITests.swiftmodule -validate-clang-modules-once -clang-build-session-file /Users/jeremywatt/Library/Developer/Xcode/DerivedData/ModuleCache.noindex/Session.modulevalidation -Xcc -I/Users/jeremywatt/Library/Developer/Xcode/DerivedData/TodoTimers-hhkfosrtfdujgsaeyczcbhtfazrk/Build/Intermediates.noindex/TodoTimers.build/Debug-iphonesimulator/TodoTimersUITests.build/swift-overrides.hmap -emit-const-values -Xfrontend -const-gather-protocols-file -Xfrontend /Users/jeremywatt/Library/Developer/Xcode/DerivedData/TodoTimers-hhkfosrtfdujgsaeyczcbhtfazrk/Build/Intermediates.noindex/TodoTimers.build/Debug-iphonesimulator/TodoTimersUITests.build/Objects-normal/arm64/TodoTimersUITests_const_extract_protocols.json -Xcc -iquote -Xcc /Users/jeremywatt/Library/Developer/Xcode/DerivedData/TodoTimers-hhkfosrtfdujgsaeyczcbhtfazrk/Build/Intermediates.noindex/TodoTimers.build/Debug-iphonesimulator/TodoTimersUITests.build/TodoTimersUITests-generated-files.hmap -Xcc -I/Users/jeremywatt/Library/Developer/Xcode/DerivedData/TodoTimers-hhkfosrtfdujgsaeyczcbhtfazrk/Build/Intermediates.noindex/TodoTimers.build/Debug-iphonesimulator/TodoTimersUITests.build/TodoTimersUITests-own-target-headers.hmap -Xcc -I/Users/jeremywatt/Library/Developer/Xcode/DerivedData/TodoTimers-hhkfosrtfdujgsaeyczcbhtfazrk/Build/Intermediates.noindex/TodoTimers.build/Debug-iphonesimulator/TodoTimersUITests.build/TodoTimersUITests-all-target-headers.hmap -Xcc -iquote -Xcc /Users/jeremywatt/Library/Developer/Xcode/DerivedData/TodoTimers-hhkfosrtfdujgsaeyczcbhtfazrk/Build/Intermediates.noindex/TodoTimers.build/Debug-iphonesimulator/TodoTimersUITests.build/TodoTimersUITests-project-headers.hmap -Xcc -I/Users/jeremywatt/Library/Developer/Xcode/DerivedData/TodoTimers-hhkfosrtfdujgsaeyczcbhtfazrk/Build/Products/Debug-iphonesimulator/include -Xcc -I/Users/jeremywatt/Library/Developer/Xcode/DerivedData/TodoTimers-hhkfosrtfdujgsaeyczcbhtfazrk/Build/Intermediates.noindex/TodoTimers.build/Debug-iphonesimulator/TodoTimersUITests.build/DerivedSources-normal/arm64 -Xcc -I/Users/jeremywatt/Library/Developer/Xcode/DerivedData/TodoTimers-hhkfosrtfdujgsaeyczcbhtfazrk/Build/Intermediates.noindex/TodoTimers.build/Debug-iphonesimulator/TodoTimersUITests.build/DerivedSources/arm64 -Xcc -I/Users/jeremywatt/Library/Developer/Xcode/DerivedData/TodoTimers-hhkfosrtfdujgsaeyczcbhtfazrk/Build/Intermediates.noindex/TodoTimers.build/Debug-iphonesimulator/TodoTimersUITests.build/DerivedSources -Xcc -DDEBUG\=1 -emit-objc-header -emit-objc-header-path /Users/jeremywatt/Library/Developer/Xcode/DerivedData/TodoTimers-hhkfosrtfdujgsaeyczcbhtfazrk/Build/Intermediates.noindex/TodoTimers.build/Debug-iphonesimulator/TodoTimersUITests.build/Objects-normal/arm64/TodoTimersUITests-Swift.h -working-directory /Users/jeremywatt/Desktop/todo-timers-ios/TodoTimers -experimental-emit-module-separately -disable-cmo

SwiftDriver\ Compilation TodoTimersUITests normal arm64 com.apple.xcode.tools.swift.compiler (in target 'TodoTimersUITests' from project 'TodoTimers')
    cd /Users/jeremywatt/Desktop/todo-timers-ios/TodoTimers
    builtin-Swift-Compilation -- /Applications/Xcode.app/Contents/Developer/Toolchains/XcodeDefault.xctoolchain/usr/bin/swiftc -module-name TodoTimersUITests -Onone -enforce-exclusivity\=checked @/Users/jeremywatt/Library/Developer/Xcode/DerivedData/TodoTimers-hhkfosrtfdujgsaeyczcbhtfazrk/Build/Intermediates.noindex/TodoTimers.build/Debug-iphonesimulator/TodoTimersUITests.build/Objects-normal/arm64/TodoTimersUITests.SwiftFileList -DDEBUG -module-alias Testing\=_Testing_Unavailable -plugin-path /Applications/Xcode.app/Contents/Developer/Toolchains/XcodeDefault.xctoolchain/usr/lib/swift/host/plugins/testing -enable-bare-slash-regex -enable-experimental-feature DebugDescriptionMacro -sdk /Applications/Xcode.app/Contents/Developer/Platforms/iPhoneSimulator.platform/Developer/SDKs/iPhoneSimulator18.5.sdk -target arm64-apple-ios17.0-simulator -g -module-cache-path /Users/jeremywatt/Library/Developer/Xcode/DerivedData/ModuleCache.noindex -Xfrontend -serialize-debugging-options -profile-coverage-mapping -profile-generate -enable-testing -index-store-path /Users/jeremywatt/Library/Developer/Xcode/DerivedData/TodoTimers-hhkfosrtfdujgsaeyczcbhtfazrk/Index.noindex/DataStore -swift-version 5 -I /Users/jeremywatt/Library/Developer/Xcode/DerivedData/TodoTimers-hhkfosrtfdujgsaeyczcbhtfazrk/Build/Products/Debug-iphonesimulator -I /Applications/Xcode.app/Contents/Developer/Platforms/iPhoneSimulator.platform/Developer/usr/lib -F /Users/jeremywatt/Library/Developer/Xcode/DerivedData/TodoTimers-hhkfosrtfdujgsaeyczcbhtfazrk/Build/Products/Debug-iphonesimulator -F /Applications/Xcode.app/Contents/Developer/Platforms/iPhoneSimulator.platform/Developer/Library/Frameworks -F /Applications/Xcode.app/Contents/Developer/Platforms/iPhoneSimulator.platform/Developer/SDKs/iPhoneSimulator18.5.sdk/Developer/Library/Frameworks -c -j10 -enable-batch-mode -incremental -Xcc -ivfsstatcache -Xcc /Users/jeremywatt/Library/Developer/Xcode/DerivedData/SDKStatCaches.noindex/iphonesimulator18.5-22F76-d5fc8ad4295d2ef488fb7d0f804ce0c4.sdkstatcache -output-file-map /Users/jeremywatt/Library/Developer/Xcode/DerivedData/TodoTimers-hhkfosrtfdujgsaeyczcbhtfazrk/Build/Intermediates.noindex/TodoTimers.build/Debug-iphonesimulator/TodoTimersUITests.build/Objects-normal/arm64/TodoTimersUITests-OutputFileMap.json -use-frontend-parseable-output -save-temps -no-color-diagnostics -serialize-diagnostics -emit-dependencies -emit-module -emit-module-path /Users/jeremywatt/Library/Developer/Xcode/DerivedData/TodoTimers-hhkfosrtfdujgsaeyczcbhtfazrk/Build/Intermediates.noindex/TodoTimers.build/Debug-iphonesimulator/TodoTimersUITests.build/Objects-normal/arm64/TodoTimersUITests.swiftmodule -validate-clang-modules-once -clang-build-session-file /Users/jeremywatt/Library/Developer/Xcode/DerivedData/ModuleCache.noindex/Session.modulevalidation -Xcc -I/Users/jeremywatt/Library/Developer/Xcode/DerivedData/TodoTimers-hhkfosrtfdujgsaeyczcbhtfazrk/Build/Intermediates.noindex/TodoTimers.build/Debug-iphonesimulator/TodoTimersUITests.build/swift-overrides.hmap -emit-const-values -Xfrontend -const-gather-protocols-file -Xfrontend /Users/jeremywatt/Library/Developer/Xcode/DerivedData/TodoTimers-hhkfosrtfdujgsaeyczcbhtfazrk/Build/Intermediates.noindex/TodoTimers.build/Debug-iphonesimulator/TodoTimersUITests.build/Objects-normal/arm64/TodoTimersUITests_const_extract_protocols.json -Xcc -iquote -Xcc /Users/jeremywatt/Library/Developer/Xcode/DerivedData/TodoTimers-hhkfosrtfdujgsaeyczcbhtfazrk/Build/Intermediates.noindex/TodoTimers.build/Debug-iphonesimulator/TodoTimersUITests.build/TodoTimersUITests-generated-files.hmap -Xcc -I/Users/jeremywatt/Library/Developer/Xcode/DerivedData/TodoTimers-hhkfosrtfdujgsaeyczcbhtfazrk/Build/Intermediates.noindex/TodoTimers.build/Debug-iphonesimulator/TodoTimersUITests.build/TodoTimersUITests-own-target-headers.hmap -Xcc -I/Users/jeremywatt/Library/Developer/Xcode/DerivedData/TodoTimers-hhkfosrtfdujgsaeyczcbhtfazrk/Build/Intermediates.noindex/TodoTimers.build/Debug-iphonesimulator/TodoTimersUITests.build/TodoTimersUITests-all-target-headers.hmap -Xcc -iquote -Xcc /Users/jeremywatt/Library/Developer/Xcode/DerivedData/TodoTimers-hhkfosrtfdujgsaeyczcbhtfazrk/Build/Intermediates.noindex/TodoTimers.build/Debug-iphonesimulator/TodoTimersUITests.build/TodoTimersUITests-project-headers.hmap -Xcc -I/Users/jeremywatt/Library/Developer/Xcode/DerivedData/TodoTimers-hhkfosrtfdujgsaeyczcbhtfazrk/Build/Products/Debug-iphonesimulator/include -Xcc -I/Users/jeremywatt/Library/Developer/Xcode/DerivedData/TodoTimers-hhkfosrtfdujgsaeyczcbhtfazrk/Build/Intermediates.noindex/TodoTimers.build/Debug-iphonesimulator/TodoTimersUITests.build/DerivedSources-normal/arm64 -Xcc -I/Users/jeremywatt/Library/Developer/Xcode/DerivedData/TodoTimers-hhkfosrtfdujgsaeyczcbhtfazrk/Build/Intermediates.noindex/TodoTimers.build/Debug-iphonesimulator/TodoTimersUITests.build/DerivedSources/arm64 -Xcc -I/Users/jeremywatt/Library/Developer/Xcode/DerivedData/TodoTimers-hhkfosrtfdujgsaeyczcbhtfazrk/Build/Intermediates.noindex/TodoTimers.build/Debug-iphonesimulator/TodoTimersUITests.build/DerivedSources -Xcc -DDEBUG\=1 -emit-objc-header -emit-objc-header-path /Users/jeremywatt/Library/Developer/Xcode/DerivedData/TodoTimers-hhkfosrtfdujgsaeyczcbhtfazrk/Build/Intermediates.noindex/TodoTimers.build/Debug-iphonesimulator/TodoTimersUITests.build/Objects-normal/arm64/TodoTimersUITests-Swift.h -working-directory /Users/jeremywatt/Desktop/todo-timers-ios/TodoTimers -experimental-emit-module-separately -disable-cmo

SwiftDriver\ Compilation TodoTimersTests normal arm64 com.apple.xcode.tools.swift.compiler (in target 'TodoTimersTests' from project 'TodoTimers')
    cd /Users/jeremywatt/Desktop/todo-timers-ios/TodoTimers
    builtin-Swift-Compilation -- /Applications/Xcode.app/Contents/Developer/Toolchains/XcodeDefault.xctoolchain/usr/bin/swiftc -module-name TodoTimersTests -Onone -enforce-exclusivity\=checked @/Users/jeremywatt/Library/Developer/Xcode/DerivedData/TodoTimers-hhkfosrtfdujgsaeyczcbhtfazrk/Build/Intermediates.noindex/TodoTimers.build/Debug-iphonesimulator/TodoTimersTests.build/Objects-normal/arm64/TodoTimersTests.SwiftFileList -DDEBUG -plugin-path /Applications/Xcode.app/Contents/Developer/Toolchains/XcodeDefault.xctoolchain/usr/lib/swift/host/plugins/testing -enable-bare-slash-regex -enable-experimental-feature DebugDescriptionMacro -sdk /Applications/Xcode.app/Contents/Developer/Platforms/iPhoneSimulator.platform/Developer/SDKs/iPhoneSimulator18.5.sdk -target arm64-apple-ios17.0-simulator -g -module-cache-path /Users/jeremywatt/Library/Developer/Xcode/DerivedData/ModuleCache.noindex -Xfrontend -serialize-debugging-options -profile-coverage-mapping -profile-generate -enable-testing -index-store-path /Users/jeremywatt/Library/Developer/Xcode/DerivedData/TodoTimers-hhkfosrtfdujgsaeyczcbhtfazrk/Index.noindex/DataStore -swift-version 5 -I /Users/jeremywatt/Library/Developer/Xcode/DerivedData/TodoTimers-hhkfosrtfdujgsaeyczcbhtfazrk/Build/Products/Debug-iphonesimulator -I /Applications/Xcode.app/Contents/Developer/Platforms/iPhoneSimulator.platform/Developer/usr/lib -F /Users/jeremywatt/Library/Developer/Xcode/DerivedData/TodoTimers-hhkfosrtfdujgsaeyczcbhtfazrk/Build/Products/Debug-iphonesimulator -F /Applications/Xcode.app/Contents/Developer/Platforms/iPhoneSimulator.platform/Developer/Library/Frameworks -F /Applications/Xcode.app/Contents/Developer/Platforms/iPhoneSimulator.platform/Developer/SDKs/iPhoneSimulator18.5.sdk/Developer/Library/Frameworks -c -j10 -enable-batch-mode -incremental -Xcc -ivfsstatcache -Xcc /Users/jeremywatt/Library/Developer/Xcode/DerivedData/SDKStatCaches.noindex/iphonesimulator18.5-22F76-d5fc8ad4295d2ef488fb7d0f804ce0c4.sdkstatcache -output-file-map /Users/jeremywatt/Library/Developer/Xcode/DerivedData/TodoTimers-hhkfosrtfdujgsaeyczcbhtfazrk/Build/Intermediates.noindex/TodoTimers.build/Debug-iphonesimulator/TodoTimersTests.build/Objects-normal/arm64/TodoTimersTests-OutputFileMap.json -use-frontend-parseable-output -save-temps -no-color-diagnostics -serialize-diagnostics -emit-dependencies -emit-module -emit-module-path /Users/jeremywatt/Library/Developer/Xcode/DerivedData/TodoTimers-hhkfosrtfdujgsaeyczcbhtfazrk/Build/Intermediates.noindex/TodoTimers.build/Debug-iphonesimulator/TodoTimersTests.build/Objects-normal/arm64/TodoTimersTests.swiftmodule -validate-clang-modules-once -clang-build-session-file /Users/jeremywatt/Library/Developer/Xcode/DerivedData/ModuleCache.noindex/Session.modulevalidation -Xcc -I/Users/jeremywatt/Library/Developer/Xcode/DerivedData/TodoTimers-hhkfosrtfdujgsaeyczcbhtfazrk/Build/Intermediates.noindex/TodoTimers.build/Debug-iphonesimulator/TodoTimersTests.build/swift-overrides.hmap -emit-const-values -Xfrontend -const-gather-protocols-file -Xfrontend /Users/jeremywatt/Library/Developer/Xcode/DerivedData/TodoTimers-hhkfosrtfdujgsaeyczcbhtfazrk/Build/Intermediates.noindex/TodoTimers.build/Debug-iphonesimulator/TodoTimersTests.build/Objects-normal/arm64/TodoTimersTests_const_extract_protocols.json -Xcc -iquote -Xcc /Users/jeremywatt/Library/Developer/Xcode/DerivedData/TodoTimers-hhkfosrtfdujgsaeyczcbhtfazrk/Build/Intermediates.noindex/TodoTimers.build/Debug-iphonesimulator/TodoTimersTests.build/TodoTimersTests-generated-files.hmap -Xcc -I/Users/jeremywatt/Library/Developer/Xcode/DerivedData/TodoTimers-hhkfosrtfdujgsaeyczcbhtfazrk/Build/Intermediates.noindex/TodoTimers.build/Debug-iphonesimulator/TodoTimersTests.build/TodoTimersTests-own-target-headers.hmap -Xcc -I/Users/jeremywatt/Library/Developer/Xcode/DerivedData/TodoTimers-hhkfosrtfdujgsaeyczcbhtfazrk/Build/Intermediates.noindex/TodoTimers.build/Debug-iphonesimulator/TodoTimersTests.build/TodoTimersTests-all-target-headers.hmap -Xcc -iquote -Xcc /Users/jeremywatt/Library/Developer/Xcode/DerivedData/TodoTimers-hhkfosrtfdujgsaeyczcbhtfazrk/Build/Intermediates.noindex/TodoTimers.build/Debug-iphonesimulator/TodoTimersTests.build/TodoTimersTests-project-headers.hmap -Xcc -I/Users/jeremywatt/Library/Developer/Xcode/DerivedData/TodoTimers-hhkfosrtfdujgsaeyczcbhtfazrk/Build/Products/Debug-iphonesimulator/include -Xcc -I/Users/jeremywatt/Library/Developer/Xcode/DerivedData/TodoTimers-hhkfosrtfdujgsaeyczcbhtfazrk/Build/Intermediates.noindex/TodoTimers.build/Debug-iphonesimulator/TodoTimersTests.build/DerivedSources-normal/arm64 -Xcc -I/Users/jeremywatt/Library/Developer/Xcode/DerivedData/TodoTimers-hhkfosrtfdujgsaeyczcbhtfazrk/Build/Intermediates.noindex/TodoTimers.build/Debug-iphonesimulator/TodoTimersTests.build/DerivedSources/arm64 -Xcc -I/Users/jeremywatt/Library/Developer/Xcode/DerivedData/TodoTimers-hhkfosrtfdujgsaeyczcbhtfazrk/Build/Intermediates.noindex/TodoTimers.build/Debug-iphonesimulator/TodoTimersTests.build/DerivedSources -Xcc -DDEBUG\=1 -emit-objc-header -emit-objc-header-path /Users/jeremywatt/Library/Developer/Xcode/DerivedData/TodoTimers-hhkfosrtfdujgsaeyczcbhtfazrk/Build/Intermediates.noindex/TodoTimers.build/Debug-iphonesimulator/TodoTimersTests.build/Objects-normal/arm64/TodoTimersTests-Swift.h -working-directory /Users/jeremywatt/Desktop/todo-timers-ios/TodoTimers -experimental-emit-module-separately -disable-cmo

SwiftDriver\ Compilation\ Requirements TodoTimersTests normal arm64 com.apple.xcode.tools.swift.compiler (in target 'TodoTimersTests' from project 'TodoTimers')
    cd /Users/jeremywatt/Desktop/todo-timers-ios/TodoTimers
    builtin-Swift-Compilation-Requirements -- /Applications/Xcode.app/Contents/Developer/Toolchains/XcodeDefault.xctoolchain/usr/bin/swiftc -module-name TodoTimersTests -Onone -enforce-exclusivity\=checked @/Users/jeremywatt/Library/Developer/Xcode/DerivedData/TodoTimers-hhkfosrtfdujgsaeyczcbhtfazrk/Build/Intermediates.noindex/TodoTimers.build/Debug-iphonesimulator/TodoTimersTests.build/Objects-normal/arm64/TodoTimersTests.SwiftFileList -DDEBUG -plugin-path /Applications/Xcode.app/Contents/Developer/Toolchains/XcodeDefault.xctoolchain/usr/lib/swift/host/plugins/testing -enable-bare-slash-regex -enable-experimental-feature DebugDescriptionMacro -sdk /Applications/Xcode.app/Contents/Developer/Platforms/iPhoneSimulator.platform/Developer/SDKs/iPhoneSimulator18.5.sdk -target arm64-apple-ios17.0-simulator -g -module-cache-path /Users/jeremywatt/Library/Developer/Xcode/DerivedData/ModuleCache.noindex -Xfrontend -serialize-debugging-options -profile-coverage-mapping -profile-generate -enable-testing -index-store-path /Users/jeremywatt/Library/Developer/Xcode/DerivedData/TodoTimers-hhkfosrtfdujgsaeyczcbhtfazrk/Index.noindex/DataStore -swift-version 5 -I /Users/jeremywatt/Library/Developer/Xcode/DerivedData/TodoTimers-hhkfosrtfdujgsaeyczcbhtfazrk/Build/Products/Debug-iphonesimulator -I /Applications/Xcode.app/Contents/Developer/Platforms/iPhoneSimulator.platform/Developer/usr/lib -F /Users/jeremywatt/Library/Developer/Xcode/DerivedData/TodoTimers-hhkfosrtfdujgsaeyczcbhtfazrk/Build/Products/Debug-iphonesimulator -F /Applications/Xcode.app/Contents/Developer/Platforms/iPhoneSimulator.platform/Developer/Library/Frameworks -F /Applications/Xcode.app/Contents/Developer/Platforms/iPhoneSimulator.platform/Developer/SDKs/iPhoneSimulator18.5.sdk/Developer/Library/Frameworks -c -j10 -enable-batch-mode -incremental -Xcc -ivfsstatcache -Xcc /Users/jeremywatt/Library/Developer/Xcode/DerivedData/SDKStatCaches.noindex/iphonesimulator18.5-22F76-d5fc8ad4295d2ef488fb7d0f804ce0c4.sdkstatcache -output-file-map /Users/jeremywatt/Library/Developer/Xcode/DerivedData/TodoTimers-hhkfosrtfdujgsaeyczcbhtfazrk/Build/Intermediates.noindex/TodoTimers.build/Debug-iphonesimulator/TodoTimersTests.build/Objects-normal/arm64/TodoTimersTests-OutputFileMap.json -use-frontend-parseable-output -save-temps -no-color-diagnostics -serialize-diagnostics -emit-dependencies -emit-module -emit-module-path /Users/jeremywatt/Library/Developer/Xcode/DerivedData/TodoTimers-hhkfosrtfdujgsaeyczcbhtfazrk/Build/Intermediates.noindex/TodoTimers.build/Debug-iphonesimulator/TodoTimersTests.build/Objects-normal/arm64/TodoTimersTests.swiftmodule -validate-clang-modules-once -clang-build-session-file /Users/jeremywatt/Library/Developer/Xcode/DerivedData/ModuleCache.noindex/Session.modulevalidation -Xcc -I/Users/jeremywatt/Library/Developer/Xcode/DerivedData/TodoTimers-hhkfosrtfdujgsaeyczcbhtfazrk/Build/Intermediates.noindex/TodoTimers.build/Debug-iphonesimulator/TodoTimersTests.build/swift-overrides.hmap -emit-const-values -Xfrontend -const-gather-protocols-file -Xfrontend /Users/jeremywatt/Library/Developer/Xcode/DerivedData/TodoTimers-hhkfosrtfdujgsaeyczcbhtfazrk/Build/Intermediates.noindex/TodoTimers.build/Debug-iphonesimulator/TodoTimersTests.build/Objects-normal/arm64/TodoTimersTests_const_extract_protocols.json -Xcc -iquote -Xcc /Users/jeremywatt/Library/Developer/Xcode/DerivedData/TodoTimers-hhkfosrtfdujgsaeyczcbhtfazrk/Build/Intermediates.noindex/TodoTimers.build/Debug-iphonesimulator/TodoTimersTests.build/TodoTimersTests-generated-files.hmap -Xcc -I/Users/jeremywatt/Library/Developer/Xcode/DerivedData/TodoTimers-hhkfosrtfdujgsaeyczcbhtfazrk/Build/Intermediates.noindex/TodoTimers.build/Debug-iphonesimulator/TodoTimersTests.build/TodoTimersTests-own-target-headers.hmap -Xcc -I/Users/jeremywatt/Library/Developer/Xcode/DerivedData/TodoTimers-hhkfosrtfdujgsaeyczcbhtfazrk/Build/Intermediates.noindex/TodoTimers.build/Debug-iphonesimulator/TodoTimersTests.build/TodoTimersTests-all-target-headers.hmap -Xcc -iquote -Xcc /Users/jeremywatt/Library/Developer/Xcode/DerivedData/TodoTimers-hhkfosrtfdujgsaeyczcbhtfazrk/Build/Intermediates.noindex/TodoTimers.build/Debug-iphonesimulator/TodoTimersTests.build/TodoTimersTests-project-headers.hmap -Xcc -I/Users/jeremywatt/Library/Developer/Xcode/DerivedData/TodoTimers-hhkfosrtfdujgsaeyczcbhtfazrk/Build/Products/Debug-iphonesimulator/include -Xcc -I/Users/jeremywatt/Library/Developer/Xcode/DerivedData/TodoTimers-hhkfosrtfdujgsaeyczcbhtfazrk/Build/Intermediates.noindex/TodoTimers.build/Debug-iphonesimulator/TodoTimersTests.build/DerivedSources-normal/arm64 -Xcc -I/Users/jeremywatt/Library/Developer/Xcode/DerivedData/TodoTimers-hhkfosrtfdujgsaeyczcbhtfazrk/Build/Intermediates.noindex/TodoTimers.build/Debug-iphonesimulator/TodoTimersTests.build/DerivedSources/arm64 -Xcc -I/Users/jeremywatt/Library/Developer/Xcode/DerivedData/TodoTimers-hhkfosrtfdujgsaeyczcbhtfazrk/Build/Intermediates.noindex/TodoTimers.build/Debug-iphonesimulator/TodoTimersTests.build/DerivedSources -Xcc -DDEBUG\=1 -emit-objc-header -emit-objc-header-path /Users/jeremywatt/Library/Developer/Xcode/DerivedData/TodoTimers-hhkfosrtfdujgsaeyczcbhtfazrk/Build/Intermediates.noindex/TodoTimers.build/Debug-iphonesimulator/TodoTimersTests.build/Objects-normal/arm64/TodoTimersTests-Swift.h -working-directory /Users/jeremywatt/Desktop/todo-timers-ios/TodoTimers -experimental-emit-module-separately -disable-cmo

ConstructStubExecutorLinkFileList /Users/jeremywatt/Library/Developer/Xcode/DerivedData/TodoTimers-hhkfosrtfdujgsaeyczcbhtfazrk/Build/Intermediates.noindex/TodoTimers.build/Debug-watchsimulator/TodoTimers\ Watch\ App\ Watch\ App.build/TodoTimers\ Watch\ App\ Watch\ App-ExecutorLinkFileList-normal-x86_64.txt (in target 'TodoTimers Watch App Watch App' from project 'TodoTimers')
    cd /Users/jeremywatt/Desktop/todo-timers-ios/TodoTimers
    construct-stub-executor-link-file-list /Users/jeremywatt/Library/Developer/Xcode/DerivedData/TodoTimers-hhkfosrtfdujgsaeyczcbhtfazrk/Build/Intermediates.noindex/TodoTimers.build/Debug-watchsimulator/TodoTimers\ Watch\ App\ Watch\ App.build/Objects-normal/x86_64/Binary/TodoTimers\ Watch\ App\ Watch\ App.debug.dylib /Applications/Xcode.app/Contents/Developer/Platforms/WatchSimulator.platform/Developer/usr/lib/libPreviewsJITStubExecutor_no_swift_entry_point.a /Applications/Xcode.app/Contents/Developer/Platforms/WatchSimulator.platform/Developer/usr/lib/libPreviewsJITStubExecutor.a --output /Users/jeremywatt/Library/Developer/Xcode/DerivedData/TodoTimers-hhkfosrtfdujgsaeyczcbhtfazrk/Build/Intermediates.noindex/TodoTimers.build/Debug-watchsimulator/TodoTimers\ Watch\ App\ Watch\ App.build/TodoTimers\ Watch\ App\ Watch\ App-ExecutorLinkFileList-normal-x86_64.txt
note: Using stub executor library with Swift entry point. (in target 'TodoTimers Watch App Watch App' from project 'TodoTimers')

CreateUniversalBinary /Users/jeremywatt/Library/Developer/Xcode/DerivedData/TodoTimers-hhkfosrtfdujgsaeyczcbhtfazrk/Build/Products/Debug-watchsimulator/TodoTimers\ Watch\ App\ Watch\ App.app/TodoTimers\ Watch\ App\ Watch\ App.debug.dylib normal arm64\ x86_64 (in target 'TodoTimers Watch App Watch App' from project 'TodoTimers')
    cd /Users/jeremywatt/Desktop/todo-timers-ios/TodoTimers
    /Applications/Xcode.app/Contents/Developer/Toolchains/XcodeDefault.xctoolchain/usr/bin/lipo -create /Users/jeremywatt/Library/Developer/Xcode/DerivedData/TodoTimers-hhkfosrtfdujgsaeyczcbhtfazrk/Build/Intermediates.noindex/TodoTimers.build/Debug-watchsimulator/TodoTimers\ Watch\ App\ Watch\ App.build/Objects-normal/arm64/Binary/TodoTimers\ Watch\ App\ Watch\ App.debug.dylib /Users/jeremywatt/Library/Developer/Xcode/DerivedData/TodoTimers-hhkfosrtfdujgsaeyczcbhtfazrk/Build/Intermediates.noindex/TodoTimers.build/Debug-watchsimulator/TodoTimers\ Watch\ App\ Watch\ App.build/Objects-normal/x86_64/Binary/TodoTimers\ Watch\ App\ Watch\ App.debug.dylib -output /Users/jeremywatt/Library/Developer/Xcode/DerivedData/TodoTimers-hhkfosrtfdujgsaeyczcbhtfazrk/Build/Products/Debug-watchsimulator/TodoTimers\ Watch\ App\ Watch\ App.app/TodoTimers\ Watch\ App\ Watch\ App.debug.dylib

ConstructStubExecutorLinkFileList /Users/jeremywatt/Library/Developer/Xcode/DerivedData/TodoTimers-hhkfosrtfdujgsaeyczcbhtfazrk/Build/Intermediates.noindex/TodoTimers.build/Debug-watchsimulator/TodoTimers\ Watch\ App\ Watch\ App.build/TodoTimers\ Watch\ App\ Watch\ App-ExecutorLinkFileList-normal-arm64.txt (in target 'TodoTimers Watch App Watch App' from project 'TodoTimers')
    cd /Users/jeremywatt/Desktop/todo-timers-ios/TodoTimers
    construct-stub-executor-link-file-list /Users/jeremywatt/Library/Developer/Xcode/DerivedData/TodoTimers-hhkfosrtfdujgsaeyczcbhtfazrk/Build/Intermediates.noindex/TodoTimers.build/Debug-watchsimulator/TodoTimers\ Watch\ App\ Watch\ App.build/Objects-normal/arm64/Binary/TodoTimers\ Watch\ App\ Watch\ App.debug.dylib /Applications/Xcode.app/Contents/Developer/Platforms/WatchSimulator.platform/Developer/usr/lib/libPreviewsJITStubExecutor_no_swift_entry_point.a /Applications/Xcode.app/Contents/Developer/Platforms/WatchSimulator.platform/Developer/usr/lib/libPreviewsJITStubExecutor.a --output /Users/jeremywatt/Library/Developer/Xcode/DerivedData/TodoTimers-hhkfosrtfdujgsaeyczcbhtfazrk/Build/Intermediates.noindex/TodoTimers.build/Debug-watchsimulator/TodoTimers\ Watch\ App\ Watch\ App.build/TodoTimers\ Watch\ App\ Watch\ App-ExecutorLinkFileList-normal-arm64.txt
note: Using stub executor library with Swift entry point. (in target 'TodoTimers Watch App Watch App' from project 'TodoTimers')

Ld /Users/jeremywatt/Library/Developer/Xcode/DerivedData/TodoTimers-hhkfosrtfdujgsaeyczcbhtfazrk/Build/Intermediates.noindex/TodoTimers.build/Debug-watchsimulator/TodoTimers\ Watch\ App\ Watch\ App.build/Objects-normal/x86_64/Binary/TodoTimers\ Watch\ App\ Watch\ App normal x86_64 (in target 'TodoTimers Watch App Watch App' from project 'TodoTimers')
    cd /Users/jeremywatt/Desktop/todo-timers-ios/TodoTimers
    /Applications/Xcode.app/Contents/Developer/Toolchains/XcodeDefault.xctoolchain/usr/bin/clang -Xlinker -reproducible -target x86_64-apple-watchos10.0-simulator -isysroot /Applications/Xcode.app/Contents/Developer/Platforms/WatchSimulator.platform/Developer/SDKs/WatchSimulator11.5.sdk -O0 -L/Users/jeremywatt/Library/Developer/Xcode/DerivedData/TodoTimers-hhkfosrtfdujgsaeyczcbhtfazrk/Build/Products/Debug-watchsimulator -F/Users/jeremywatt/Library/Developer/Xcode/DerivedData/TodoTimers-hhkfosrtfdujgsaeyczcbhtfazrk/Build/Products/Debug-watchsimulator -Xlinker -rpath -Xlinker @executable_path -Xlinker -rpath -Xlinker @executable_path/Frameworks -rdynamic -Xlinker -no_deduplicate -Xlinker -objc_abi_version -Xlinker 2 -Xlinker -debug_variant -e ___debug_blank_executor_main -Xlinker -sectcreate -Xlinker __TEXT -Xlinker __debug_dylib -Xlinker /Users/jeremywatt/Library/Developer/Xcode/DerivedData/TodoTimers-hhkfosrtfdujgsaeyczcbhtfazrk/Build/Intermediates.noindex/TodoTimers.build/Debug-watchsimulator/TodoTimers\ Watch\ App\ Watch\ App.build/TodoTimers\ Watch\ App\ Watch\ App-DebugDylibPath-normal-x86_64.txt -Xlinker -sectcreate -Xlinker __TEXT -Xlinker __debug_instlnm -Xlinker /Users/jeremywatt/Library/Developer/Xcode/DerivedData/TodoTimers-hhkfosrtfdujgsaeyczcbhtfazrk/Build/Intermediates.noindex/TodoTimers.build/Debug-watchsimulator/TodoTimers\ Watch\ App\ Watch\ App.build/TodoTimers\ Watch\ App\ Watch\ App-DebugDylibInstallName-normal-x86_64.txt -Xlinker -filelist -Xlinker /Users/jeremywatt/Library/Developer/Xcode/DerivedData/TodoTimers-hhkfosrtfdujgsaeyczcbhtfazrk/Build/Intermediates.noindex/TodoTimers.build/Debug-watchsimulator/TodoTimers\ Watch\ App\ Watch\ App.build/TodoTimers\ Watch\ App\ Watch\ App-ExecutorLinkFileList-normal-x86_64.txt -Xlinker -sectcreate -Xlinker __TEXT -Xlinker __entitlements -Xlinker /Users/jeremywatt/Library/Developer/Xcode/DerivedData/TodoTimers-hhkfosrtfdujgsaeyczcbhtfazrk/Build/Intermediates.noindex/TodoTimers.build/Debug-watchsimulator/TodoTimers\ Watch\ App\ Watch\ App.build/TodoTimers\ Watch\ App\ Watch\ App.app-Simulated.xcent -Xlinker -sectcreate -Xlinker __TEXT -Xlinker __ents_der -Xlinker /Users/jeremywatt/Library/Developer/Xcode/DerivedData/TodoTimers-hhkfosrtfdujgsaeyczcbhtfazrk/Build/Intermediates.noindex/TodoTimers.build/Debug-watchsimulator/TodoTimers\ Watch\ App\ Watch\ App.build/TodoTimers\ Watch\ App\ Watch\ App.app-Simulated.xcent.der /Users/jeremywatt/Library/Developer/Xcode/DerivedData/TodoTimers-hhkfosrtfdujgsaeyczcbhtfazrk/Build/Intermediates.noindex/TodoTimers.build/Debug-watchsimulator/TodoTimers\ Watch\ App\ Watch\ App.build/Objects-normal/x86_64/Binary/TodoTimers\ Watch\ App\ Watch\ App.debug.dylib -Xlinker -no_adhoc_codesign -o /Users/jeremywatt/Library/Developer/Xcode/DerivedData/TodoTimers-hhkfosrtfdujgsaeyczcbhtfazrk/Build/Intermediates.noindex/TodoTimers.build/Debug-watchsimulator/TodoTimers\ Watch\ App\ Watch\ App.build/Objects-normal/x86_64/Binary/TodoTimers\ Watch\ App\ Watch\ App

Ld /Users/jeremywatt/Library/Developer/Xcode/DerivedData/TodoTimers-hhkfosrtfdujgsaeyczcbhtfazrk/Build/Intermediates.noindex/TodoTimers.build/Debug-watchsimulator/TodoTimers\ Watch\ App\ Watch\ App.build/Objects-normal/arm64/Binary/TodoTimers\ Watch\ App\ Watch\ App normal arm64 (in target 'TodoTimers Watch App Watch App' from project 'TodoTimers')
    cd /Users/jeremywatt/Desktop/todo-timers-ios/TodoTimers
    /Applications/Xcode.app/Contents/Developer/Toolchains/XcodeDefault.xctoolchain/usr/bin/clang -Xlinker -reproducible -target arm64-apple-watchos10.0-simulator -isysroot /Applications/Xcode.app/Contents/Developer/Platforms/WatchSimulator.platform/Developer/SDKs/WatchSimulator11.5.sdk -O0 -L/Users/jeremywatt/Library/Developer/Xcode/DerivedData/TodoTimers-hhkfosrtfdujgsaeyczcbhtfazrk/Build/Products/Debug-watchsimulator -F/Users/jeremywatt/Library/Developer/Xcode/DerivedData/TodoTimers-hhkfosrtfdujgsaeyczcbhtfazrk/Build/Products/Debug-watchsimulator -Xlinker -rpath -Xlinker @executable_path -Xlinker -rpath -Xlinker @executable_path/Frameworks -rdynamic -Xlinker -no_deduplicate -Xlinker -objc_abi_version -Xlinker 2 -Xlinker -debug_variant -e ___debug_blank_executor_main -Xlinker -sectcreate -Xlinker __TEXT -Xlinker __debug_dylib -Xlinker /Users/jeremywatt/Library/Developer/Xcode/DerivedData/TodoTimers-hhkfosrtfdujgsaeyczcbhtfazrk/Build/Intermediates.noindex/TodoTimers.build/Debug-watchsimulator/TodoTimers\ Watch\ App\ Watch\ App.build/TodoTimers\ Watch\ App\ Watch\ App-DebugDylibPath-normal-arm64.txt -Xlinker -sectcreate -Xlinker __TEXT -Xlinker __debug_instlnm -Xlinker /Users/jeremywatt/Library/Developer/Xcode/DerivedData/TodoTimers-hhkfosrtfdujgsaeyczcbhtfazrk/Build/Intermediates.noindex/TodoTimers.build/Debug-watchsimulator/TodoTimers\ Watch\ App\ Watch\ App.build/TodoTimers\ Watch\ App\ Watch\ App-DebugDylibInstallName-normal-arm64.txt -Xlinker -filelist -Xlinker /Users/jeremywatt/Library/Developer/Xcode/DerivedData/TodoTimers-hhkfosrtfdujgsaeyczcbhtfazrk/Build/Intermediates.noindex/TodoTimers.build/Debug-watchsimulator/TodoTimers\ Watch\ App\ Watch\ App.build/TodoTimers\ Watch\ App\ Watch\ App-ExecutorLinkFileList-normal-arm64.txt -Xlinker -sectcreate -Xlinker __TEXT -Xlinker __entitlements -Xlinker /Users/jeremywatt/Library/Developer/Xcode/DerivedData/TodoTimers-hhkfosrtfdujgsaeyczcbhtfazrk/Build/Intermediates.noindex/TodoTimers.build/Debug-watchsimulator/TodoTimers\ Watch\ App\ Watch\ App.build/TodoTimers\ Watch\ App\ Watch\ App.app-Simulated.xcent -Xlinker -sectcreate -Xlinker __TEXT -Xlinker __ents_der -Xlinker /Users/jeremywatt/Library/Developer/Xcode/DerivedData/TodoTimers-hhkfosrtfdujgsaeyczcbhtfazrk/Build/Intermediates.noindex/TodoTimers.build/Debug-watchsimulator/TodoTimers\ Watch\ App\ Watch\ App.build/TodoTimers\ Watch\ App\ Watch\ App.app-Simulated.xcent.der /Users/jeremywatt/Library/Developer/Xcode/DerivedData/TodoTimers-hhkfosrtfdujgsaeyczcbhtfazrk/Build/Intermediates.noindex/TodoTimers.build/Debug-watchsimulator/TodoTimers\ Watch\ App\ Watch\ App.build/Objects-normal/arm64/Binary/TodoTimers\ Watch\ App\ Watch\ App.debug.dylib -Xlinker -no_adhoc_codesign -o /Users/jeremywatt/Library/Developer/Xcode/DerivedData/TodoTimers-hhkfosrtfdujgsaeyczcbhtfazrk/Build/Intermediates.noindex/TodoTimers.build/Debug-watchsimulator/TodoTimers\ Watch\ App\ Watch\ App.build/Objects-normal/arm64/Binary/TodoTimers\ Watch\ App\ Watch\ App

CreateUniversalBinary /Users/jeremywatt/Library/Developer/Xcode/DerivedData/TodoTimers-hhkfosrtfdujgsaeyczcbhtfazrk/Build/Products/Debug-watchsimulator/TodoTimers\ Watch\ App\ Watch\ App.app/TodoTimers\ Watch\ App\ Watch\ App normal arm64\ x86_64 (in target 'TodoTimers Watch App Watch App' from project 'TodoTimers')
    cd /Users/jeremywatt/Desktop/todo-timers-ios/TodoTimers
    /Applications/Xcode.app/Contents/Developer/Toolchains/XcodeDefault.xctoolchain/usr/bin/lipo -create /Users/jeremywatt/Library/Developer/Xcode/DerivedData/TodoTimers-hhkfosrtfdujgsaeyczcbhtfazrk/Build/Intermediates.noindex/TodoTimers.build/Debug-watchsimulator/TodoTimers\ Watch\ App\ Watch\ App.build/Objects-normal/arm64/Binary/TodoTimers\ Watch\ App\ Watch\ App /Users/jeremywatt/Library/Developer/Xcode/DerivedData/TodoTimers-hhkfosrtfdujgsaeyczcbhtfazrk/Build/Intermediates.noindex/TodoTimers.build/Debug-watchsimulator/TodoTimers\ Watch\ App\ Watch\ App.build/Objects-normal/x86_64/Binary/TodoTimers\ Watch\ App\ Watch\ App -output /Users/jeremywatt/Library/Developer/Xcode/DerivedData/TodoTimers-hhkfosrtfdujgsaeyczcbhtfazrk/Build/Products/Debug-watchsimulator/TodoTimers\ Watch\ App\ Watch\ App.app/TodoTimers\ Watch\ App\ Watch\ App

CopySwiftLibs /Users/jeremywatt/Library/Developer/Xcode/DerivedData/TodoTimers-hhkfosrtfdujgsaeyczcbhtfazrk/Build/Products/Debug-watchsimulator/TodoTimers\ Watch\ App\ Watch\ App.app (in target 'TodoTimers Watch App Watch App' from project 'TodoTimers')
    cd /Users/jeremywatt/Desktop/todo-timers-ios/TodoTimers
    builtin-swiftStdLibTool --copy --verbose --sign - --scan-executable /Users/jeremywatt/Library/Developer/Xcode/DerivedData/TodoTimers-hhkfosrtfdujgsaeyczcbhtfazrk/Build/Products/Debug-watchsimulator/TodoTimers\ Watch\ App\ Watch\ App.app/TodoTimers\ Watch\ App\ Watch\ App.debug.dylib --scan-folder /Users/jeremywatt/Library/Developer/Xcode/DerivedData/TodoTimers-hhkfosrtfdujgsaeyczcbhtfazrk/Build/Products/Debug-watchsimulator/TodoTimers\ Watch\ App\ Watch\ App.app/Frameworks --scan-folder /Users/jeremywatt/Library/Developer/Xcode/DerivedData/TodoTimers-hhkfosrtfdujgsaeyczcbhtfazrk/Build/Products/Debug-watchsimulator/TodoTimers\ Watch\ App\ Watch\ App.app/PlugIns --scan-folder /Users/jeremywatt/Library/Developer/Xcode/DerivedData/TodoTimers-hhkfosrtfdujgsaeyczcbhtfazrk/Build/Products/Debug-watchsimulator/TodoTimers\ Watch\ App\ Watch\ App.app/SystemExtensions --scan-folder /Users/jeremywatt/Library/Developer/Xcode/DerivedData/TodoTimers-hhkfosrtfdujgsaeyczcbhtfazrk/Build/Products/Debug-watchsimulator/TodoTimers\ Watch\ App\ Watch\ App.app/Extensions --platform watchsimulator --toolchain /Applications/Xcode.app/Contents/Developer/Toolchains/XcodeDefault.xctoolchain --destination /Users/jeremywatt/Library/Developer/Xcode/DerivedData/TodoTimers-hhkfosrtfdujgsaeyczcbhtfazrk/Build/Products/Debug-watchsimulator/TodoTimers\ Watch\ App\ Watch\ App.app/Frameworks --strip-bitcode --strip-bitcode-tool /Applications/Xcode.app/Contents/Developer/Toolchains/XcodeDefault.xctoolchain/usr/bin/bitcode_strip --emit-dependency-info /Users/jeremywatt/Library/Developer/Xcode/DerivedData/TodoTimers-hhkfosrtfdujgsaeyczcbhtfazrk/Build/Intermediates.noindex/TodoTimers.build/Debug-watchsimulator/TodoTimers\ Watch\ App\ Watch\ App.build/SwiftStdLibToolInputDependencies.dep --filter-for-swift-os

ExtractAppIntentsMetadata (in target 'TodoTimers Watch App Watch App' from project 'TodoTimers')
    cd /Users/jeremywatt/Desktop/todo-timers-ios/TodoTimers
    /Applications/Xcode.app/Contents/Developer/Toolchains/XcodeDefault.xctoolchain/usr/bin/appintentsmetadataprocessor --toolchain-dir /Applications/Xcode.app/Contents/Developer/Toolchains/XcodeDefault.xctoolchain --module-name TodoTimers_Watch_App_Watch_App --sdk-root /Applications/Xcode.app/Contents/Developer/Platforms/WatchSimulator.platform/Developer/SDKs/WatchSimulator11.5.sdk --xcode-version 16F6 --platform-family watchOS --deployment-target 10.0 --bundle-identifier neonwatty.TodoTimers.watchkitapp --output /Users/jeremywatt/Library/Developer/Xcode/DerivedData/TodoTimers-hhkfosrtfdujgsaeyczcbhtfazrk/Build/Products/Debug-watchsimulator/TodoTimers\ Watch\ App\ Watch\ App.app --target-triple arm64-apple-watchos10.0-simulator --target-triple x86_64-apple-watchos10.0-simulator --binary-file /Users/jeremywatt/Library/Developer/Xcode/DerivedData/TodoTimers-hhkfosrtfdujgsaeyczcbhtfazrk/Build/Products/Debug-watchsimulator/TodoTimers\ Watch\ App\ Watch\ App.app/TodoTimers\ Watch\ App\ Watch\ App --dependency-file /Users/jeremywatt/Library/Developer/Xcode/DerivedData/TodoTimers-hhkfosrtfdujgsaeyczcbhtfazrk/Build/Intermediates.noindex/TodoTimers.build/Debug-watchsimulator/TodoTimers\ Watch\ App\ Watch\ App.build/Objects-normal/arm64/TodoTimers\ Watch\ App\ Watch\ App_dependency_info.dat --dependency-file /Users/jeremywatt/Library/Developer/Xcode/DerivedData/TodoTimers-hhkfosrtfdujgsaeyczcbhtfazrk/Build/Intermediates.noindex/TodoTimers.build/Debug-watchsimulator/TodoTimers\ Watch\ App\ Watch\ App.build/Objects-normal/x86_64/TodoTimers\ Watch\ App\ Watch\ App_dependency_info.dat --stringsdata-file /Users/jeremywatt/Library/Developer/Xcode/DerivedData/TodoTimers-hhkfosrtfdujgsaeyczcbhtfazrk/Build/Intermediates.noindex/TodoTimers.build/Debug-watchsimulator/TodoTimers\ Watch\ App\ Watch\ App.build/Objects-normal/arm64/ExtractedAppShortcutsMetadata.stringsdata --stringsdata-file /Users/jeremywatt/Library/Developer/Xcode/DerivedData/TodoTimers-hhkfosrtfdujgsaeyczcbhtfazrk/Build/Intermediates.noindex/TodoTimers.build/Debug-watchsimulator/TodoTimers\ Watch\ App\ Watch\ App.build/Objects-normal/x86_64/ExtractedAppShortcutsMetadata.stringsdata --source-file-list /Users/jeremywatt/Library/Developer/Xcode/DerivedData/TodoTimers-hhkfosrtfdujgsaeyczcbhtfazrk/Build/Intermediates.noindex/TodoTimers.build/Debug-watchsimulator/TodoTimers\ Watch\ App\ Watch\ App.build/Objects-normal/arm64/TodoTimers\ Watch\ App\ Watch\ App.SwiftFileList --source-file-list /Users/jeremywatt/Library/Developer/Xcode/DerivedData/TodoTimers-hhkfosrtfdujgsaeyczcbhtfazrk/Build/Intermediates.noindex/TodoTimers.build/Debug-watchsimulator/TodoTimers\ Watch\ App\ Watch\ App.build/Objects-normal/x86_64/TodoTimers\ Watch\ App\ Watch\ App.SwiftFileList --metadata-file-list /Users/jeremywatt/Library/Developer/Xcode/DerivedData/TodoTimers-hhkfosrtfdujgsaeyczcbhtfazrk/Build/Intermediates.noindex/TodoTimers.build/Debug-watchsimulator/TodoTimers\ Watch\ App\ Watch\ App.build/TodoTimers\ Watch\ App\ Watch\ App.DependencyMetadataFileList --static-metadata-file-list /Users/jeremywatt/Library/Developer/Xcode/DerivedData/TodoTimers-hhkfosrtfdujgsaeyczcbhtfazrk/Build/Intermediates.noindex/TodoTimers.build/Debug-watchsimulator/TodoTimers\ Watch\ App\ Watch\ App.build/TodoTimers\ Watch\ App\ Watch\ App.DependencyStaticMetadataFileList --swift-const-vals-list /Users/jeremywatt/Library/Developer/Xcode/DerivedData/TodoTimers-hhkfosrtfdujgsaeyczcbhtfazrk/Build/Intermediates.noindex/TodoTimers.build/Debug-watchsimulator/TodoTimers\ Watch\ App\ Watch\ App.build/Objects-normal/arm64/TodoTimers\ Watch\ App\ Watch\ App.SwiftConstValuesFileList --swift-const-vals-list /Users/jeremywatt/Library/Developer/Xcode/DerivedData/TodoTimers-hhkfosrtfdujgsaeyczcbhtfazrk/Build/Intermediates.noindex/TodoTimers.build/Debug-watchsimulator/TodoTimers\ Watch\ App\ Watch\ App.build/Objects-normal/x86_64/TodoTimers\ Watch\ App\ Watch\ App.SwiftConstValuesFileList --compile-time-extraction --deployment-aware-processing --validate-assistant-intents --no-app-shortcuts-localization
2025-10-18 11:44:03.395 appintentsmetadataprocessor[94605:16109335] Starting appintentsmetadataprocessor export
2025-10-18 11:44:03.417 appintentsmetadataprocessor[94605:16109335] Extracted no relevant App Intents symbols, skipping writing output

CodeSign /Users/jeremywatt/Library/Developer/Xcode/DerivedData/TodoTimers-hhkfosrtfdujgsaeyczcbhtfazrk/Build/Products/Debug-watchsimulator/TodoTimers\ Watch\ App\ Watch\ App.app/TodoTimers\ Watch\ App\ Watch\ App.debug.dylib (in target 'TodoTimers Watch App Watch App' from project 'TodoTimers')
    cd /Users/jeremywatt/Desktop/todo-timers-ios/TodoTimers
    
    Signing Identity:     "Sign to Run Locally"
    
    /usr/bin/codesign --force --sign - --timestamp\=none --generate-entitlement-der /Users/jeremywatt/Library/Developer/Xcode/DerivedData/TodoTimers-hhkfosrtfdujgsaeyczcbhtfazrk/Build/Products/Debug-watchsimulator/TodoTimers\ Watch\ App\ Watch\ App.app/TodoTimers\ Watch\ App\ Watch\ App.debug.dylib

CodeSign /Users/jeremywatt/Library/Developer/Xcode/DerivedData/TodoTimers-hhkfosrtfdujgsaeyczcbhtfazrk/Build/Products/Debug-watchsimulator/TodoTimers\ Watch\ App\ Watch\ App.app (in target 'TodoTimers Watch App Watch App' from project 'TodoTimers')
    cd /Users/jeremywatt/Desktop/todo-timers-ios/TodoTimers
    
    Signing Identity:     "Sign to Run Locally"
    
    /usr/bin/codesign --force --sign - --entitlements /Users/jeremywatt/Library/Developer/Xcode/DerivedData/TodoTimers-hhkfosrtfdujgsaeyczcbhtfazrk/Build/Intermediates.noindex/TodoTimers.build/Debug-watchsimulator/TodoTimers\ Watch\ App\ Watch\ App.build/TodoTimers\ Watch\ App\ Watch\ App.app.xcent --timestamp\=none --generate-entitlement-der /Users/jeremywatt/Library/Developer/Xcode/DerivedData/TodoTimers-hhkfosrtfdujgsaeyczcbhtfazrk/Build/Products/Debug-watchsimulator/TodoTimers\ Watch\ App\ Watch\ App.app

Validate /Users/jeremywatt/Library/Developer/Xcode/DerivedData/TodoTimers-hhkfosrtfdujgsaeyczcbhtfazrk/Build/Products/Debug-watchsimulator/TodoTimers\ Watch\ App\ Watch\ App.app (in target 'TodoTimers Watch App Watch App' from project 'TodoTimers')
    cd /Users/jeremywatt/Desktop/todo-timers-ios/TodoTimers
    builtin-validationUtility /Users/jeremywatt/Library/Developer/Xcode/DerivedData/TodoTimers-hhkfosrtfdujgsaeyczcbhtfazrk/Build/Products/Debug-watchsimulator/TodoTimers\ Watch\ App\ Watch\ App.app -infoplist-subpath Info.plist

Ld /Users/jeremywatt/Library/Developer/Xcode/DerivedData/TodoTimers-hhkfosrtfdujgsaeyczcbhtfazrk/Build/Products/Debug-iphonesimulator/TodoTimers.app/TodoTimers.debug.dylib normal (in target 'TodoTimers' from project 'TodoTimers')
    cd /Users/jeremywatt/Desktop/todo-timers-ios/TodoTimers
    /Applications/Xcode.app/Contents/Developer/Toolchains/XcodeDefault.xctoolchain/usr/bin/clang -Xlinker -reproducible -target arm64-apple-ios17.0-simulator -dynamiclib -isysroot /Applications/Xcode.app/Contents/Developer/Platforms/iPhoneSimulator.platform/Developer/SDKs/iPhoneSimulator18.5.sdk -O0 -L/Users/jeremywatt/Library/Developer/Xcode/DerivedData/TodoTimers-hhkfosrtfdujgsaeyczcbhtfazrk/Build/Intermediates.noindex/EagerLinkingTBDs/Debug-iphonesimulator -L/Users/jeremywatt/Library/Developer/Xcode/DerivedData/TodoTimers-hhkfosrtfdujgsaeyczcbhtfazrk/Build/Products/Debug-iphonesimulator -F/Users/jeremywatt/Library/Developer/Xcode/DerivedData/TodoTimers-hhkfosrtfdujgsaeyczcbhtfazrk/Build/Intermediates.noindex/EagerLinkingTBDs/Debug-iphonesimulator -F/Users/jeremywatt/Library/Developer/Xcode/DerivedData/TodoTimers-hhkfosrtfdujgsaeyczcbhtfazrk/Build/Products/Debug-iphonesimulator -filelist /Users/jeremywatt/Library/Developer/Xcode/DerivedData/TodoTimers-hhkfosrtfdujgsaeyczcbhtfazrk/Build/Intermediates.noindex/TodoTimers.build/Debug-iphonesimulator/TodoTimers.build/Objects-normal/arm64/TodoTimers.LinkFileList -install_name @rpath/TodoTimers.debug.dylib -Xlinker -rpath -Xlinker @executable_path/Frameworks -dead_strip -Xlinker -object_path_lto -Xlinker /Users/jeremywatt/Library/Developer/Xcode/DerivedData/TodoTimers-hhkfosrtfdujgsaeyczcbhtfazrk/Build/Intermediates.noindex/TodoTimers.build/Debug-iphonesimulator/TodoTimers.build/Objects-normal/arm64/TodoTimers_lto.o -rdynamic -Xlinker -no_deduplicate -Xlinker -objc_abi_version -Xlinker 2 -Xlinker -debug_variant -Xlinker -dependency_info -Xlinker /Users/jeremywatt/Library/Developer/Xcode/DerivedData/TodoTimers-hhkfosrtfdujgsaeyczcbhtfazrk/Build/Intermediates.noindex/TodoTimers.build/Debug-iphonesimulator/TodoTimers.build/Objects-normal/arm64/TodoTimers_dependency_info.dat -fobjc-link-runtime -fprofile-instr-generate -L/Applications/Xcode.app/Contents/Developer/Toolchains/XcodeDefault.xctoolchain/usr/lib/swift/iphonesimulator -L/usr/lib/swift -Xlinker -add_ast_path -Xlinker /Users/jeremywatt/Library/Developer/Xcode/DerivedData/TodoTimers-hhkfosrtfdujgsaeyczcbhtfazrk/Build/Intermediates.noindex/TodoTimers.build/Debug-iphonesimulator/TodoTimers.build/Objects-normal/arm64/TodoTimers.swiftmodule -Xlinker -alias -Xlinker _main -Xlinker ___debug_main_executable_dylib_entry_point -Xlinker -no_adhoc_codesign -o /Users/jeremywatt/Library/Developer/Xcode/DerivedData/TodoTimers-hhkfosrtfdujgsaeyczcbhtfazrk/Build/Products/Debug-iphonesimulator/TodoTimers.app/TodoTimers.debug.dylib

ConstructStubExecutorLinkFileList /Users/jeremywatt/Library/Developer/Xcode/DerivedData/TodoTimers-hhkfosrtfdujgsaeyczcbhtfazrk/Build/Intermediates.noindex/TodoTimers.build/Debug-iphonesimulator/TodoTimers.build/TodoTimers-ExecutorLinkFileList-normal-arm64.txt (in target 'TodoTimers' from project 'TodoTimers')
    cd /Users/jeremywatt/Desktop/todo-timers-ios/TodoTimers
    construct-stub-executor-link-file-list /Users/jeremywatt/Library/Developer/Xcode/DerivedData/TodoTimers-hhkfosrtfdujgsaeyczcbhtfazrk/Build/Products/Debug-iphonesimulator/TodoTimers.app/TodoTimers.debug.dylib /Applications/Xcode.app/Contents/Developer/Platforms/iPhoneSimulator.platform/Developer/usr/lib/libPreviewsJITStubExecutor_no_swift_entry_point.a /Applications/Xcode.app/Contents/Developer/Platforms/iPhoneSimulator.platform/Developer/usr/lib/libPreviewsJITStubExecutor.a --output /Users/jeremywatt/Library/Developer/Xcode/DerivedData/TodoTimers-hhkfosrtfdujgsaeyczcbhtfazrk/Build/Intermediates.noindex/TodoTimers.build/Debug-iphonesimulator/TodoTimers.build/TodoTimers-ExecutorLinkFileList-normal-arm64.txt
note: Using stub executor library with Swift entry point. (in target 'TodoTimers' from project 'TodoTimers')

Ld /Users/jeremywatt/Library/Developer/Xcode/DerivedData/TodoTimers-hhkfosrtfdujgsaeyczcbhtfazrk/Build/Products/Debug-iphonesimulator/TodoTimers.app/TodoTimers normal (in target 'TodoTimers' from project 'TodoTimers')
    cd /Users/jeremywatt/Desktop/todo-timers-ios/TodoTimers
    /Applications/Xcode.app/Contents/Developer/Toolchains/XcodeDefault.xctoolchain/usr/bin/clang -Xlinker -reproducible -target arm64-apple-ios17.0-simulator -isysroot /Applications/Xcode.app/Contents/Developer/Platforms/iPhoneSimulator.platform/Developer/SDKs/iPhoneSimulator18.5.sdk -O0 -L/Users/jeremywatt/Library/Developer/Xcode/DerivedData/TodoTimers-hhkfosrtfdujgsaeyczcbhtfazrk/Build/Products/Debug-iphonesimulator -F/Users/jeremywatt/Library/Developer/Xcode/DerivedData/TodoTimers-hhkfosrtfdujgsaeyczcbhtfazrk/Build/Products/Debug-iphonesimulator -Xlinker -rpath -Xlinker @executable_path -Xlinker -rpath -Xlinker @executable_path/Frameworks -rdynamic -Xlinker -no_deduplicate -Xlinker -objc_abi_version -Xlinker 2 -Xlinker -debug_variant -e ___debug_blank_executor_main -Xlinker -sectcreate -Xlinker __TEXT -Xlinker __debug_dylib -Xlinker /Users/jeremywatt/Library/Developer/Xcode/DerivedData/TodoTimers-hhkfosrtfdujgsaeyczcbhtfazrk/Build/Intermediates.noindex/TodoTimers.build/Debug-iphonesimulator/TodoTimers.build/TodoTimers-DebugDylibPath-normal-arm64.txt -Xlinker -sectcreate -Xlinker __TEXT -Xlinker __debug_instlnm -Xlinker /Users/jeremywatt/Library/Developer/Xcode/DerivedData/TodoTimers-hhkfosrtfdujgsaeyczcbhtfazrk/Build/Intermediates.noindex/TodoTimers.build/Debug-iphonesimulator/TodoTimers.build/TodoTimers-DebugDylibInstallName-normal-arm64.txt -Xlinker -filelist -Xlinker /Users/jeremywatt/Library/Developer/Xcode/DerivedData/TodoTimers-hhkfosrtfdujgsaeyczcbhtfazrk/Build/Intermediates.noindex/TodoTimers.build/Debug-iphonesimulator/TodoTimers.build/TodoTimers-ExecutorLinkFileList-normal-arm64.txt -Xlinker -sectcreate -Xlinker __TEXT -Xlinker __entitlements -Xlinker /Users/jeremywatt/Library/Developer/Xcode/DerivedData/TodoTimers-hhkfosrtfdujgsaeyczcbhtfazrk/Build/Intermediates.noindex/TodoTimers.build/Debug-iphonesimulator/TodoTimers.build/TodoTimers.app-Simulated.xcent -Xlinker -sectcreate -Xlinker __TEXT -Xlinker __ents_der -Xlinker /Users/jeremywatt/Library/Developer/Xcode/DerivedData/TodoTimers-hhkfosrtfdujgsaeyczcbhtfazrk/Build/Intermediates.noindex/TodoTimers.build/Debug-iphonesimulator/TodoTimers.build/TodoTimers.app-Simulated.xcent.der /Users/jeremywatt/Library/Developer/Xcode/DerivedData/TodoTimers-hhkfosrtfdujgsaeyczcbhtfazrk/Build/Products/Debug-iphonesimulator/TodoTimers.app/TodoTimers.debug.dylib -Xlinker -no_adhoc_codesign -o /Users/jeremywatt/Library/Developer/Xcode/DerivedData/TodoTimers-hhkfosrtfdujgsaeyczcbhtfazrk/Build/Products/Debug-iphonesimulator/TodoTimers.app/TodoTimers

Copy /Users/jeremywatt/Library/Developer/Xcode/DerivedData/TodoTimers-hhkfosrtfdujgsaeyczcbhtfazrk/Build/Products/Debug-iphonesimulator/TodoTimers.app/Watch/TodoTimers\ Watch\ App\ Watch\ App.app /Users/jeremywatt/Library/Developer/Xcode/DerivedData/TodoTimers-hhkfosrtfdujgsaeyczcbhtfazrk/Build/Products/Debug-watchsimulator/TodoTimers\ Watch\ App\ Watch\ App.app (in target 'TodoTimers' from project 'TodoTimers')
    cd /Users/jeremywatt/Desktop/todo-timers-ios/TodoTimers
    builtin-copy -exclude .DS_Store -exclude CVS -exclude .svn -exclude .git -exclude .hg -exclude Headers -exclude PrivateHeaders -exclude Modules -exclude \*.tbd -resolve-src-symlinks -remove-static-executable /Users/jeremywatt/Library/Developer/Xcode/DerivedData/TodoTimers-hhkfosrtfdujgsaeyczcbhtfazrk/Build/Products/Debug-watchsimulator/TodoTimers\ Watch\ App\ Watch\ App.app /Users/jeremywatt/Library/Developer/Xcode/DerivedData/TodoTimers-hhkfosrtfdujgsaeyczcbhtfazrk/Build/Products/Debug-iphonesimulator/TodoTimers.app/Watch

CopySwiftLibs /Users/jeremywatt/Library/Developer/Xcode/DerivedData/TodoTimers-hhkfosrtfdujgsaeyczcbhtfazrk/Build/Products/Debug-iphonesimulator/TodoTimers.app (in target 'TodoTimers' from project 'TodoTimers')
    cd /Users/jeremywatt/Desktop/todo-timers-ios/TodoTimers
    builtin-swiftStdLibTool --copy --verbose --sign - --scan-executable /Users/jeremywatt/Library/Developer/Xcode/DerivedData/TodoTimers-hhkfosrtfdujgsaeyczcbhtfazrk/Build/Products/Debug-iphonesimulator/TodoTimers.app/TodoTimers.debug.dylib --scan-folder /Users/jeremywatt/Library/Developer/Xcode/DerivedData/TodoTimers-hhkfosrtfdujgsaeyczcbhtfazrk/Build/Products/Debug-iphonesimulator/TodoTimers.app/Frameworks --scan-folder /Users/jeremywatt/Library/Developer/Xcode/DerivedData/TodoTimers-hhkfosrtfdujgsaeyczcbhtfazrk/Build/Products/Debug-iphonesimulator/TodoTimers.app/PlugIns --scan-folder /Users/jeremywatt/Library/Developer/Xcode/DerivedData/TodoTimers-hhkfosrtfdujgsaeyczcbhtfazrk/Build/Products/Debug-iphonesimulator/TodoTimers.app/SystemExtensions --scan-folder /Users/jeremywatt/Library/Developer/Xcode/DerivedData/TodoTimers-hhkfosrtfdujgsaeyczcbhtfazrk/Build/Products/Debug-iphonesimulator/TodoTimers.app/Extensions --platform iphonesimulator --toolchain /Applications/Xcode.app/Contents/Developer/Toolchains/XcodeDefault.xctoolchain --destination /Users/jeremywatt/Library/Developer/Xcode/DerivedData/TodoTimers-hhkfosrtfdujgsaeyczcbhtfazrk/Build/Products/Debug-iphonesimulator/TodoTimers.app/Frameworks --strip-bitcode --strip-bitcode-tool /Applications/Xcode.app/Contents/Developer/Toolchains/XcodeDefault.xctoolchain/usr/bin/bitcode_strip --emit-dependency-info /Users/jeremywatt/Library/Developer/Xcode/DerivedData/TodoTimers-hhkfosrtfdujgsaeyczcbhtfazrk/Build/Intermediates.noindex/TodoTimers.build/Debug-iphonesimulator/TodoTimers.build/SwiftStdLibToolInputDependencies.dep --filter-for-swift-os

ProcessInfoPlistFile /Users/jeremywatt/Library/Developer/Xcode/DerivedData/TodoTimers-hhkfosrtfdujgsaeyczcbhtfazrk/Build/Products/Debug-iphonesimulator/TodoTimers.app/Info.plist /Users/jeremywatt/Desktop/todo-timers-ios/TodoTimers/TodoTimers/Info.plist (in target 'TodoTimers' from project 'TodoTimers')
    cd /Users/jeremywatt/Desktop/todo-timers-ios/TodoTimers
    builtin-infoPlistUtility /Users/jeremywatt/Desktop/todo-timers-ios/TodoTimers/TodoTimers/Info.plist -producttype com.apple.product-type.application -genpkginfo /Users/jeremywatt/Library/Developer/Xcode/DerivedData/TodoTimers-hhkfosrtfdujgsaeyczcbhtfazrk/Build/Products/Debug-iphonesimulator/TodoTimers.app/PkgInfo -expandbuildsettings -format binary -platform iphonesimulator -additionalcontentfile /Users/jeremywatt/Library/Developer/Xcode/DerivedData/TodoTimers-hhkfosrtfdujgsaeyczcbhtfazrk/Build/Intermediates.noindex/TodoTimers.build/Debug-iphonesimulator/TodoTimers.build/assetcatalog_generated_info.plist -scanforprivacyfile /Users/jeremywatt/Library/Developer/Xcode/DerivedData/TodoTimers-hhkfosrtfdujgsaeyczcbhtfazrk/Build/Products/Debug-iphonesimulator/TodoTimers.app/Watch/TodoTimers\ Watch\ App\ Watch\ App.app -o /Users/jeremywatt/Library/Developer/Xcode/DerivedData/TodoTimers-hhkfosrtfdujgsaeyczcbhtfazrk/Build/Products/Debug-iphonesimulator/TodoTimers.app/Info.plist

ExtractAppIntentsMetadata (in target 'TodoTimers' from project 'TodoTimers')
    cd /Users/jeremywatt/Desktop/todo-timers-ios/TodoTimers
    /Applications/Xcode.app/Contents/Developer/Toolchains/XcodeDefault.xctoolchain/usr/bin/appintentsmetadataprocessor --toolchain-dir /Applications/Xcode.app/Contents/Developer/Toolchains/XcodeDefault.xctoolchain --module-name TodoTimers --sdk-root /Applications/Xcode.app/Contents/Developer/Platforms/iPhoneSimulator.platform/Developer/SDKs/iPhoneSimulator18.5.sdk --xcode-version 16F6 --platform-family iOS --deployment-target 17.0 --bundle-identifier neonwatty.TodoTimers --output /Users/jeremywatt/Library/Developer/Xcode/DerivedData/TodoTimers-hhkfosrtfdujgsaeyczcbhtfazrk/Build/Products/Debug-iphonesimulator/TodoTimers.app --target-triple arm64-apple-ios17.0-simulator --binary-file /Users/jeremywatt/Library/Developer/Xcode/DerivedData/TodoTimers-hhkfosrtfdujgsaeyczcbhtfazrk/Build/Products/Debug-iphonesimulator/TodoTimers.app/TodoTimers --dependency-file /Users/jeremywatt/Library/Developer/Xcode/DerivedData/TodoTimers-hhkfosrtfdujgsaeyczcbhtfazrk/Build/Intermediates.noindex/TodoTimers.build/Debug-iphonesimulator/TodoTimers.build/Objects-normal/arm64/TodoTimers_dependency_info.dat --stringsdata-file /Users/jeremywatt/Library/Developer/Xcode/DerivedData/TodoTimers-hhkfosrtfdujgsaeyczcbhtfazrk/Build/Intermediates.noindex/TodoTimers.build/Debug-iphonesimulator/TodoTimers.build/Objects-normal/arm64/ExtractedAppShortcutsMetadata.stringsdata --source-file-list /Users/jeremywatt/Library/Developer/Xcode/DerivedData/TodoTimers-hhkfosrtfdujgsaeyczcbhtfazrk/Build/Intermediates.noindex/TodoTimers.build/Debug-iphonesimulator/TodoTimers.build/Objects-normal/arm64/TodoTimers.SwiftFileList --metadata-file-list /Users/jeremywatt/Library/Developer/Xcode/DerivedData/TodoTimers-hhkfosrtfdujgsaeyczcbhtfazrk/Build/Intermediates.noindex/TodoTimers.build/Debug-iphonesimulator/TodoTimers.build/TodoTimers.DependencyMetadataFileList --static-metadata-file-list /Users/jeremywatt/Library/Developer/Xcode/DerivedData/TodoTimers-hhkfosrtfdujgsaeyczcbhtfazrk/Build/Intermediates.noindex/TodoTimers.build/Debug-iphonesimulator/TodoTimers.build/TodoTimers.DependencyStaticMetadataFileList --swift-const-vals-list /Users/jeremywatt/Library/Developer/Xcode/DerivedData/TodoTimers-hhkfosrtfdujgsaeyczcbhtfazrk/Build/Intermediates.noindex/TodoTimers.build/Debug-iphonesimulator/TodoTimers.build/Objects-normal/arm64/TodoTimers.SwiftConstValuesFileList --compile-time-extraction --deployment-aware-processing --validate-assistant-intents --no-app-shortcuts-localization
2025-10-18 11:44:03.617 appintentsmetadataprocessor[94612:16109371] Starting appintentsmetadataprocessor export
2025-10-18 11:44:03.618 appintentsmetadataprocessor[94612:16109371] warning: Metadata extraction skipped. No AppIntents.framework dependency found.

ProcessInfoPlistFile /Users/jeremywatt/Library/Developer/Xcode/DerivedData/TodoTimers-hhkfosrtfdujgsaeyczcbhtfazrk/Build/Products/Debug-iphonesimulator/TodoTimers.app/PlugIns/TodoTimersTests.xctest/Info.plist /Users/jeremywatt/Library/Developer/Xcode/DerivedData/TodoTimers-hhkfosrtfdujgsaeyczcbhtfazrk/Build/Intermediates.noindex/TodoTimers.build/Debug-iphonesimulator/TodoTimersTests.build/empty-TodoTimersTests.plist (in target 'TodoTimersTests' from project 'TodoTimers')
    cd /Users/jeremywatt/Desktop/todo-timers-ios/TodoTimers
    builtin-infoPlistUtility /Users/jeremywatt/Library/Developer/Xcode/DerivedData/TodoTimers-hhkfosrtfdujgsaeyczcbhtfazrk/Build/Intermediates.noindex/TodoTimers.build/Debug-iphonesimulator/TodoTimersTests.build/empty-TodoTimersTests.plist -producttype com.apple.product-type.bundle.unit-test -expandbuildsettings -format binary -platform iphonesimulator -o /Users/jeremywatt/Library/Developer/Xcode/DerivedData/TodoTimers-hhkfosrtfdujgsaeyczcbhtfazrk/Build/Products/Debug-iphonesimulator/TodoTimers.app/PlugIns/TodoTimersTests.xctest/Info.plist

Ld /Users/jeremywatt/Library/Developer/Xcode/DerivedData/TodoTimers-hhkfosrtfdujgsaeyczcbhtfazrk/Build/Products/Debug-iphonesimulator/TodoTimers.app/PlugIns/TodoTimersTests.xctest/TodoTimersTests normal (in target 'TodoTimersTests' from project 'TodoTimers')
    cd /Users/jeremywatt/Desktop/todo-timers-ios/TodoTimers
    /Applications/Xcode.app/Contents/Developer/Toolchains/XcodeDefault.xctoolchain/usr/bin/clang -Xlinker -reproducible -target arm64-apple-ios17.0-simulator -bundle -isysroot /Applications/Xcode.app/Contents/Developer/Platforms/iPhoneSimulator.platform/Developer/SDKs/iPhoneSimulator18.5.sdk -O0 -L/Users/jeremywatt/Library/Developer/Xcode/DerivedData/TodoTimers-hhkfosrtfdujgsaeyczcbhtfazrk/Build/Intermediates.noindex/EagerLinkingTBDs/Debug-iphonesimulator -L/Users/jeremywatt/Library/Developer/Xcode/DerivedData/TodoTimers-hhkfosrtfdujgsaeyczcbhtfazrk/Build/Products/Debug-iphonesimulator -L/Applications/Xcode.app/Contents/Developer/Platforms/iPhoneSimulator.platform/Developer/usr/lib -F/Users/jeremywatt/Library/Developer/Xcode/DerivedData/TodoTimers-hhkfosrtfdujgsaeyczcbhtfazrk/Build/Intermediates.noindex/EagerLinkingTBDs/Debug-iphonesimulator -F/Users/jeremywatt/Library/Developer/Xcode/DerivedData/TodoTimers-hhkfosrtfdujgsaeyczcbhtfazrk/Build/Products/Debug-iphonesimulator -iframework /Applications/Xcode.app/Contents/Developer/Platforms/iPhoneSimulator.platform/Developer/Library/Frameworks -iframework /Applications/Xcode.app/Contents/Developer/Platforms/iPhoneSimulator.platform/Developer/SDKs/iPhoneSimulator18.5.sdk/Developer/Library/Frameworks -filelist /Users/jeremywatt/Library/Developer/Xcode/DerivedData/TodoTimers-hhkfosrtfdujgsaeyczcbhtfazrk/Build/Intermediates.noindex/TodoTimers.build/Debug-iphonesimulator/TodoTimersTests.build/Objects-normal/arm64/TodoTimersTests.LinkFileList -Xlinker -rpath -Xlinker @loader_path/Frameworks -Xlinker -rpath -Xlinker @executable_path/Frameworks -dead_strip -bundle_loader /Users/jeremywatt/Library/Developer/Xcode/DerivedData/TodoTimers-hhkfosrtfdujgsaeyczcbhtfazrk/Build/Products/Debug-iphonesimulator/TodoTimers.app/TodoTimers -Xlinker -object_path_lto -Xlinker /Users/jeremywatt/Library/Developer/Xcode/DerivedData/TodoTimers-hhkfosrtfdujgsaeyczcbhtfazrk/Build/Intermediates.noindex/TodoTimers.build/Debug-iphonesimulator/TodoTimersTests.build/Objects-normal/arm64/TodoTimersTests_lto.o -rdynamic -Xlinker -no_deduplicate -Xlinker -objc_abi_version -Xlinker 2 -Xlinker -debug_variant -Xlinker -dependency_info -Xlinker /Users/jeremywatt/Library/Developer/Xcode/DerivedData/TodoTimers-hhkfosrtfdujgsaeyczcbhtfazrk/Build/Intermediates.noindex/TodoTimers.build/Debug-iphonesimulator/TodoTimersTests.build/Objects-normal/arm64/TodoTimersTests_dependency_info.dat -fobjc-link-runtime -fprofile-instr-generate -L/Applications/Xcode.app/Contents/Developer/Toolchains/XcodeDefault.xctoolchain/usr/lib/swift/iphonesimulator -L/usr/lib/swift -Xlinker -add_ast_path -Xlinker /Users/jeremywatt/Library/Developer/Xcode/DerivedData/TodoTimers-hhkfosrtfdujgsaeyczcbhtfazrk/Build/Intermediates.noindex/TodoTimers.build/Debug-iphonesimulator/TodoTimersTests.build/Objects-normal/arm64/TodoTimersTests.swiftmodule -framework XCTest -lXCTestSwiftSupport /Users/jeremywatt/Library/Developer/Xcode/DerivedData/TodoTimers-hhkfosrtfdujgsaeyczcbhtfazrk/Build/Products/Debug-iphonesimulator/TodoTimers.app/TodoTimers.debug.dylib -Xlinker -no_adhoc_codesign -o /Users/jeremywatt/Library/Developer/Xcode/DerivedData/TodoTimers-hhkfosrtfdujgsaeyczcbhtfazrk/Build/Products/Debug-iphonesimulator/TodoTimers.app/PlugIns/TodoTimersTests.xctest/TodoTimersTests

CopySwiftLibs /Users/jeremywatt/Library/Developer/Xcode/DerivedData/TodoTimers-hhkfosrtfdujgsaeyczcbhtfazrk/Build/Products/Debug-iphonesimulator/TodoTimers.app/PlugIns/TodoTimersTests.xctest (in target 'TodoTimersTests' from project 'TodoTimers')
    cd /Users/jeremywatt/Desktop/todo-timers-ios/TodoTimers
    builtin-swiftStdLibTool --copy --verbose --sign - --scan-executable /Users/jeremywatt/Library/Developer/Xcode/DerivedData/TodoTimers-hhkfosrtfdujgsaeyczcbhtfazrk/Build/Products/Debug-iphonesimulator/TodoTimers.app/PlugIns/TodoTimersTests.xctest/TodoTimersTests --scan-folder /Users/jeremywatt/Library/Developer/Xcode/DerivedData/TodoTimers-hhkfosrtfdujgsaeyczcbhtfazrk/Build/Products/Debug-iphonesimulator/TodoTimers.app/PlugIns/TodoTimersTests.xctest/Frameworks --scan-folder /Users/jeremywatt/Library/Developer/Xcode/DerivedData/TodoTimers-hhkfosrtfdujgsaeyczcbhtfazrk/Build/Products/Debug-iphonesimulator/TodoTimers.app/PlugIns/TodoTimersTests.xctest/PlugIns --scan-folder /Users/jeremywatt/Library/Developer/Xcode/DerivedData/TodoTimers-hhkfosrtfdujgsaeyczcbhtfazrk/Build/Products/Debug-iphonesimulator/TodoTimers.app/PlugIns/TodoTimersTests.xctest/SystemExtensions --scan-folder /Users/jeremywatt/Library/Developer/Xcode/DerivedData/TodoTimers-hhkfosrtfdujgsaeyczcbhtfazrk/Build/Products/Debug-iphonesimulator/TodoTimers.app/PlugIns/TodoTimersTests.xctest/Extensions --platform iphonesimulator --toolchain /Applications/Xcode.app/Contents/Developer/Toolchains/XcodeDefault.xctoolchain --destination /Users/jeremywatt/Library/Developer/Xcode/DerivedData/TodoTimers-hhkfosrtfdujgsaeyczcbhtfazrk/Build/Products/Debug-iphonesimulator/TodoTimers.app/PlugIns/TodoTimersTests.xctest/Frameworks --strip-bitcode --scan-executable /Applications/Xcode.app/Contents/Developer/Platforms/iPhoneSimulator.platform/Developer/usr/lib/libXCTestSwiftSupport.dylib --strip-bitcode-tool /Applications/Xcode.app/Contents/Developer/Toolchains/XcodeDefault.xctoolchain/usr/bin/bitcode_strip --emit-dependency-info /Users/jeremywatt/Library/Developer/Xcode/DerivedData/TodoTimers-hhkfosrtfdujgsaeyczcbhtfazrk/Build/Intermediates.noindex/TodoTimers.build/Debug-iphonesimulator/TodoTimersTests.build/SwiftStdLibToolInputDependencies.dep --filter-for-swift-os

ExtractAppIntentsMetadata (in target 'TodoTimersTests' from project 'TodoTimers')
    cd /Users/jeremywatt/Desktop/todo-timers-ios/TodoTimers
    /Applications/Xcode.app/Contents/Developer/Toolchains/XcodeDefault.xctoolchain/usr/bin/appintentsmetadataprocessor --toolchain-dir /Applications/Xcode.app/Contents/Developer/Toolchains/XcodeDefault.xctoolchain --module-name TodoTimersTests --sdk-root /Applications/Xcode.app/Contents/Developer/Platforms/iPhoneSimulator.platform/Developer/SDKs/iPhoneSimulator18.5.sdk --xcode-version 16F6 --platform-family iOS --deployment-target 17.0 --bundle-identifier neonwatty.TodoTimersTests --output /Users/jeremywatt/Library/Developer/Xcode/DerivedData/TodoTimers-hhkfosrtfdujgsaeyczcbhtfazrk/Build/Products/Debug-iphonesimulator/TodoTimers.app/PlugIns/TodoTimersTests.xctest --target-triple arm64-apple-ios17.0-simulator --binary-file /Users/jeremywatt/Library/Developer/Xcode/DerivedData/TodoTimers-hhkfosrtfdujgsaeyczcbhtfazrk/Build/Products/Debug-iphonesimulator/TodoTimers.app/PlugIns/TodoTimersTests.xctest/TodoTimersTests --dependency-file /Users/jeremywatt/Library/Developer/Xcode/DerivedData/TodoTimers-hhkfosrtfdujgsaeyczcbhtfazrk/Build/Intermediates.noindex/TodoTimers.build/Debug-iphonesimulator/TodoTimersTests.build/Objects-normal/arm64/TodoTimersTests_dependency_info.dat --stringsdata-file /Users/jeremywatt/Library/Developer/Xcode/DerivedData/TodoTimers-hhkfosrtfdujgsaeyczcbhtfazrk/Build/Intermediates.noindex/TodoTimers.build/Debug-iphonesimulator/TodoTimersTests.build/Objects-normal/arm64/ExtractedAppShortcutsMetadata.stringsdata --source-file-list /Users/jeremywatt/Library/Developer/Xcode/DerivedData/TodoTimers-hhkfosrtfdujgsaeyczcbhtfazrk/Build/Intermediates.noindex/TodoTimers.build/Debug-iphonesimulator/TodoTimersTests.build/Objects-normal/arm64/TodoTimersTests.SwiftFileList --metadata-file-list /Users/jeremywatt/Library/Developer/Xcode/DerivedData/TodoTimers-hhkfosrtfdujgsaeyczcbhtfazrk/Build/Intermediates.noindex/TodoTimers.build/Debug-iphonesimulator/TodoTimersTests.build/TodoTimersTests.DependencyMetadataFileList --static-metadata-file-list /Users/jeremywatt/Library/Developer/Xcode/DerivedData/TodoTimers-hhkfosrtfdujgsaeyczcbhtfazrk/Build/Intermediates.noindex/TodoTimers.build/Debug-iphonesimulator/TodoTimersTests.build/TodoTimersTests.DependencyStaticMetadataFileList --swift-const-vals-list /Users/jeremywatt/Library/Developer/Xcode/DerivedData/TodoTimers-hhkfosrtfdujgsaeyczcbhtfazrk/Build/Intermediates.noindex/TodoTimers.build/Debug-iphonesimulator/TodoTimersTests.build/Objects-normal/arm64/TodoTimersTests.SwiftConstValuesFileList --compile-time-extraction --deployment-aware-processing --validate-assistant-intents --no-app-shortcuts-localization
2025-10-18 11:44:03.769 appintentsmetadataprocessor[94616:16109389] Starting appintentsmetadataprocessor export
2025-10-18 11:44:03.770 appintentsmetadataprocessor[94616:16109389] warning: Metadata extraction skipped. No AppIntents.framework dependency found.

CodeSign /Users/jeremywatt/Library/Developer/Xcode/DerivedData/TodoTimers-hhkfosrtfdujgsaeyczcbhtfazrk/Build/Products/Debug-iphonesimulator/TodoTimers.app/PlugIns/TodoTimersTests.xctest (in target 'TodoTimersTests' from project 'TodoTimers')
    cd /Users/jeremywatt/Desktop/todo-timers-ios/TodoTimers
    
    Signing Identity:     "Sign to Run Locally"
    
    /usr/bin/codesign --force --sign - --timestamp\=none --generate-entitlement-der /Users/jeremywatt/Library/Developer/Xcode/DerivedData/TodoTimers-hhkfosrtfdujgsaeyczcbhtfazrk/Build/Products/Debug-iphonesimulator/TodoTimers.app/PlugIns/TodoTimersTests.xctest

CodeSign /Users/jeremywatt/Library/Developer/Xcode/DerivedData/TodoTimers-hhkfosrtfdujgsaeyczcbhtfazrk/Build/Products/Debug-iphonesimulator/TodoTimers.app/TodoTimers.debug.dylib (in target 'TodoTimers' from project 'TodoTimers')
    cd /Users/jeremywatt/Desktop/todo-timers-ios/TodoTimers
    
    Signing Identity:     "Sign to Run Locally"
    
    /usr/bin/codesign --force --sign - --timestamp\=none --generate-entitlement-der /Users/jeremywatt/Library/Developer/Xcode/DerivedData/TodoTimers-hhkfosrtfdujgsaeyczcbhtfazrk/Build/Products/Debug-iphonesimulator/TodoTimers.app/TodoTimers.debug.dylib

CodeSign /Users/jeremywatt/Library/Developer/Xcode/DerivedData/TodoTimers-hhkfosrtfdujgsaeyczcbhtfazrk/Build/Products/Debug-iphonesimulator/TodoTimers.app/__preview.dylib (in target 'TodoTimers' from project 'TodoTimers')
    cd /Users/jeremywatt/Desktop/todo-timers-ios/TodoTimers
    
    Signing Identity:     "Sign to Run Locally"
    
    /usr/bin/codesign --force --sign - --timestamp\=none --generate-entitlement-der /Users/jeremywatt/Library/Developer/Xcode/DerivedData/TodoTimers-hhkfosrtfdujgsaeyczcbhtfazrk/Build/Products/Debug-iphonesimulator/TodoTimers.app/__preview.dylib
/Users/jeremywatt/Library/Developer/Xcode/DerivedData/TodoTimers-hhkfosrtfdujgsaeyczcbhtfazrk/Build/Products/Debug-iphonesimulator/TodoTimers.app/__preview.dylib: replacing existing signature

CodeSign /Users/jeremywatt/Library/Developer/Xcode/DerivedData/TodoTimers-hhkfosrtfdujgsaeyczcbhtfazrk/Build/Products/Debug-iphonesimulator/TodoTimers.app (in target 'TodoTimers' from project 'TodoTimers')
    cd /Users/jeremywatt/Desktop/todo-timers-ios/TodoTimers
    
    Signing Identity:     "Sign to Run Locally"
    
    /usr/bin/codesign --force --sign - --entitlements /Users/jeremywatt/Library/Developer/Xcode/DerivedData/TodoTimers-hhkfosrtfdujgsaeyczcbhtfazrk/Build/Intermediates.noindex/TodoTimers.build/Debug-iphonesimulator/TodoTimers.build/TodoTimers.app.xcent --timestamp\=none --generate-entitlement-der /Users/jeremywatt/Library/Developer/Xcode/DerivedData/TodoTimers-hhkfosrtfdujgsaeyczcbhtfazrk/Build/Products/Debug-iphonesimulator/TodoTimers.app

Validate /Users/jeremywatt/Library/Developer/Xcode/DerivedData/TodoTimers-hhkfosrtfdujgsaeyczcbhtfazrk/Build/Products/Debug-iphonesimulator/TodoTimers.app (in target 'TodoTimers' from project 'TodoTimers')
    cd /Users/jeremywatt/Desktop/todo-timers-ios/TodoTimers
    builtin-validationUtility /Users/jeremywatt/Library/Developer/Xcode/DerivedData/TodoTimers-hhkfosrtfdujgsaeyczcbhtfazrk/Build/Products/Debug-iphonesimulator/TodoTimers.app -infoplist-subpath Info.plist

ValidateEmbeddedBinary /Users/jeremywatt/Library/Developer/Xcode/DerivedData/TodoTimers-hhkfosrtfdujgsaeyczcbhtfazrk/Build/Products/Debug-iphonesimulator/TodoTimers.app/Watch/TodoTimers\ Watch\ App\ Watch\ App.app (in target 'TodoTimers' from project 'TodoTimers')
    cd /Users/jeremywatt/Desktop/todo-timers-ios/TodoTimers
    /Applications/Xcode.app/Contents/Developer/usr/bin/embeddedBinaryValidationUtility /Users/jeremywatt/Library/Developer/Xcode/DerivedData/TodoTimers-hhkfosrtfdujgsaeyczcbhtfazrk/Build/Products/Debug-iphonesimulator/TodoTimers.app/Watch/TodoTimers\ Watch\ App\ Watch\ App.app -signing-cert - -info-plist-path /Users/jeremywatt/Library/Developer/Xcode/DerivedData/TodoTimers-hhkfosrtfdujgsaeyczcbhtfazrk/Build/Products/Debug-iphonesimulator/TodoTimers.app/Info.plist

ProcessInfoPlistFile /Users/jeremywatt/Library/Developer/Xcode/DerivedData/TodoTimers-hhkfosrtfdujgsaeyczcbhtfazrk/Build/Products/Debug-iphonesimulator/TodoTimersUITests-Runner.app/PlugIns/TodoTimersUITests.xctest/Info.plist /Users/jeremywatt/Library/Developer/Xcode/DerivedData/TodoTimers-hhkfosrtfdujgsaeyczcbhtfazrk/Build/Intermediates.noindex/TodoTimers.build/Debug-iphonesimulator/TodoTimersUITests.build/empty-TodoTimersUITests.plist (in target 'TodoTimersUITests' from project 'TodoTimers')
    cd /Users/jeremywatt/Desktop/todo-timers-ios/TodoTimers
    builtin-infoPlistUtility /Users/jeremywatt/Library/Developer/Xcode/DerivedData/TodoTimers-hhkfosrtfdujgsaeyczcbhtfazrk/Build/Intermediates.noindex/TodoTimers.build/Debug-iphonesimulator/TodoTimersUITests.build/empty-TodoTimersUITests.plist -producttype com.apple.product-type.bundle.ui-testing -expandbuildsettings -format binary -platform iphonesimulator -additionalcontentfile /Users/jeremywatt/Library/Developer/Xcode/DerivedData/TodoTimers-hhkfosrtfdujgsaeyczcbhtfazrk/Build/Intermediates.noindex/TodoTimers.build/Debug-iphonesimulator/TodoTimersUITests.build/ProductTypeInfoPlistAdditions.plist -o /Users/jeremywatt/Library/Developer/Xcode/DerivedData/TodoTimers-hhkfosrtfdujgsaeyczcbhtfazrk/Build/Products/Debug-iphonesimulator/TodoTimersUITests-Runner.app/PlugIns/TodoTimersUITests.xctest/Info.plist

Ld /Users/jeremywatt/Library/Developer/Xcode/DerivedData/TodoTimers-hhkfosrtfdujgsaeyczcbhtfazrk/Build/Products/Debug-iphonesimulator/TodoTimersUITests-Runner.app/PlugIns/TodoTimersUITests.xctest/TodoTimersUITests normal (in target 'TodoTimersUITests' from project 'TodoTimers')
    cd /Users/jeremywatt/Desktop/todo-timers-ios/TodoTimers
    /Applications/Xcode.app/Contents/Developer/Toolchains/XcodeDefault.xctoolchain/usr/bin/clang -Xlinker -reproducible -target arm64-apple-ios17.0-simulator -bundle -isysroot /Applications/Xcode.app/Contents/Developer/Platforms/iPhoneSimulator.platform/Developer/SDKs/iPhoneSimulator18.5.sdk -O0 -L/Users/jeremywatt/Library/Developer/Xcode/DerivedData/TodoTimers-hhkfosrtfdujgsaeyczcbhtfazrk/Build/Intermediates.noindex/EagerLinkingTBDs/Debug-iphonesimulator -L/Users/jeremywatt/Library/Developer/Xcode/DerivedData/TodoTimers-hhkfosrtfdujgsaeyczcbhtfazrk/Build/Products/Debug-iphonesimulator -L/Applications/Xcode.app/Contents/Developer/Platforms/iPhoneSimulator.platform/Developer/usr/lib -F/Users/jeremywatt/Library/Developer/Xcode/DerivedData/TodoTimers-hhkfosrtfdujgsaeyczcbhtfazrk/Build/Intermediates.noindex/EagerLinkingTBDs/Debug-iphonesimulator -F/Users/jeremywatt/Library/Developer/Xcode/DerivedData/TodoTimers-hhkfosrtfdujgsaeyczcbhtfazrk/Build/Products/Debug-iphonesimulator -iframework /Applications/Xcode.app/Contents/Developer/Platforms/iPhoneSimulator.platform/Developer/Library/Frameworks -iframework /Applications/Xcode.app/Contents/Developer/Platforms/iPhoneSimulator.platform/Developer/SDKs/iPhoneSimulator18.5.sdk/Developer/Library/Frameworks -filelist /Users/jeremywatt/Library/Developer/Xcode/DerivedData/TodoTimers-hhkfosrtfdujgsaeyczcbhtfazrk/Build/Intermediates.noindex/TodoTimers.build/Debug-iphonesimulator/TodoTimersUITests.build/Objects-normal/arm64/TodoTimersUITests.LinkFileList -Xlinker -rpath -Xlinker @loader_path/Frameworks -dead_strip -Xlinker -object_path_lto -Xlinker /Users/jeremywatt/Library/Developer/Xcode/DerivedData/TodoTimers-hhkfosrtfdujgsaeyczcbhtfazrk/Build/Intermediates.noindex/TodoTimers.build/Debug-iphonesimulator/TodoTimersUITests.build/Objects-normal/arm64/TodoTimersUITests_lto.o -rdynamic -Xlinker -no_deduplicate -Xlinker -objc_abi_version -Xlinker 2 -Xlinker -debug_variant -Xlinker -dependency_info -Xlinker /Users/jeremywatt/Library/Developer/Xcode/DerivedData/TodoTimers-hhkfosrtfdujgsaeyczcbhtfazrk/Build/Intermediates.noindex/TodoTimers.build/Debug-iphonesimulator/TodoTimersUITests.build/Objects-normal/arm64/TodoTimersUITests_dependency_info.dat -fobjc-link-runtime -fprofile-instr-generate -L/Applications/Xcode.app/Contents/Developer/Toolchains/XcodeDefault.xctoolchain/usr/lib/swift/iphonesimulator -L/usr/lib/swift -Xlinker -add_ast_path -Xlinker /Users/jeremywatt/Library/Developer/Xcode/DerivedData/TodoTimers-hhkfosrtfdujgsaeyczcbhtfazrk/Build/Intermediates.noindex/TodoTimers.build/Debug-iphonesimulator/TodoTimersUITests.build/Objects-normal/arm64/TodoTimersUITests.swiftmodule -framework XCTest -lXCTestSwiftSupport -Xlinker -sectcreate -Xlinker __TEXT -Xlinker __entitlements -Xlinker /Users/jeremywatt/Library/Developer/Xcode/DerivedData/TodoTimers-hhkfosrtfdujgsaeyczcbhtfazrk/Build/Intermediates.noindex/TodoTimers.build/Debug-iphonesimulator/TodoTimersUITests.build/TodoTimersUITests.xctest-Simulated.xcent -Xlinker -sectcreate -Xlinker __TEXT -Xlinker __ents_der -Xlinker /Users/jeremywatt/Library/Developer/Xcode/DerivedData/TodoTimers-hhkfosrtfdujgsaeyczcbhtfazrk/Build/Intermediates.noindex/TodoTimers.build/Debug-iphonesimulator/TodoTimersUITests.build/TodoTimersUITests.xctest-Simulated.xcent.der -Xlinker -no_adhoc_codesign -o /Users/jeremywatt/Library/Developer/Xcode/DerivedData/TodoTimers-hhkfosrtfdujgsaeyczcbhtfazrk/Build/Products/Debug-iphonesimulator/TodoTimersUITests-Runner.app/PlugIns/TodoTimersUITests.xctest/TodoTimersUITests

CopySwiftLibs /Users/jeremywatt/Library/Developer/Xcode/DerivedData/TodoTimers-hhkfosrtfdujgsaeyczcbhtfazrk/Build/Products/Debug-iphonesimulator/TodoTimersUITests-Runner.app/PlugIns/TodoTimersUITests.xctest (in target 'TodoTimersUITests' from project 'TodoTimers')
    cd /Users/jeremywatt/Desktop/todo-timers-ios/TodoTimers
    builtin-swiftStdLibTool --copy --verbose --sign - --scan-executable /Users/jeremywatt/Library/Developer/Xcode/DerivedData/TodoTimers-hhkfosrtfdujgsaeyczcbhtfazrk/Build/Products/Debug-iphonesimulator/TodoTimersUITests-Runner.app/PlugIns/TodoTimersUITests.xctest/TodoTimersUITests --scan-folder /Users/jeremywatt/Library/Developer/Xcode/DerivedData/TodoTimers-hhkfosrtfdujgsaeyczcbhtfazrk/Build/Products/Debug-iphonesimulator/TodoTimersUITests-Runner.app/PlugIns/TodoTimersUITests.xctest/Frameworks --scan-folder /Users/jeremywatt/Library/Developer/Xcode/DerivedData/TodoTimers-hhkfosrtfdujgsaeyczcbhtfazrk/Build/Products/Debug-iphonesimulator/TodoTimersUITests-Runner.app/PlugIns/TodoTimersUITests.xctest/PlugIns --scan-folder /Users/jeremywatt/Library/Developer/Xcode/DerivedData/TodoTimers-hhkfosrtfdujgsaeyczcbhtfazrk/Build/Products/Debug-iphonesimulator/TodoTimersUITests-Runner.app/PlugIns/TodoTimersUITests.xctest/SystemExtensions --scan-folder /Users/jeremywatt/Library/Developer/Xcode/DerivedData/TodoTimers-hhkfosrtfdujgsaeyczcbhtfazrk/Build/Products/Debug-iphonesimulator/TodoTimersUITests-Runner.app/PlugIns/TodoTimersUITests.xctest/Extensions --platform iphonesimulator --toolchain /Applications/Xcode.app/Contents/Developer/Toolchains/XcodeDefault.xctoolchain --destination /Users/jeremywatt/Library/Developer/Xcode/DerivedData/TodoTimers-hhkfosrtfdujgsaeyczcbhtfazrk/Build/Products/Debug-iphonesimulator/TodoTimersUITests-Runner.app/PlugIns/TodoTimersUITests.xctest/Frameworks --strip-bitcode --scan-executable /Applications/Xcode.app/Contents/Developer/Platforms/iPhoneSimulator.platform/Developer/usr/lib/libXCTestSwiftSupport.dylib --strip-bitcode-tool /Applications/Xcode.app/Contents/Developer/Toolchains/XcodeDefault.xctoolchain/usr/bin/bitcode_strip --emit-dependency-info /Users/jeremywatt/Library/Developer/Xcode/DerivedData/TodoTimers-hhkfosrtfdujgsaeyczcbhtfazrk/Build/Intermediates.noindex/TodoTimers.build/Debug-iphonesimulator/TodoTimersUITests.build/SwiftStdLibToolInputDependencies.dep --filter-for-swift-os

ExtractAppIntentsMetadata (in target 'TodoTimersUITests' from project 'TodoTimers')
    cd /Users/jeremywatt/Desktop/todo-timers-ios/TodoTimers
    /Applications/Xcode.app/Contents/Developer/Toolchains/XcodeDefault.xctoolchain/usr/bin/appintentsmetadataprocessor --toolchain-dir /Applications/Xcode.app/Contents/Developer/Toolchains/XcodeDefault.xctoolchain --module-name TodoTimersUITests --sdk-root /Applications/Xcode.app/Contents/Developer/Platforms/iPhoneSimulator.platform/Developer/SDKs/iPhoneSimulator18.5.sdk --xcode-version 16F6 --platform-family iOS --deployment-target 17.0 --bundle-identifier neonwatty.TodoTimersUITests --output /Users/jeremywatt/Library/Developer/Xcode/DerivedData/TodoTimers-hhkfosrtfdujgsaeyczcbhtfazrk/Build/Products/Debug-iphonesimulator/TodoTimersUITests-Runner.app/PlugIns/TodoTimersUITests.xctest --target-triple arm64-apple-ios17.0-simulator --binary-file /Users/jeremywatt/Library/Developer/Xcode/DerivedData/TodoTimers-hhkfosrtfdujgsaeyczcbhtfazrk/Build/Products/Debug-iphonesimulator/TodoTimersUITests-Runner.app/PlugIns/TodoTimersUITests.xctest/TodoTimersUITests --dependency-file /Users/jeremywatt/Library/Developer/Xcode/DerivedData/TodoTimers-hhkfosrtfdujgsaeyczcbhtfazrk/Build/Intermediates.noindex/TodoTimers.build/Debug-iphonesimulator/TodoTimersUITests.build/Objects-normal/arm64/TodoTimersUITests_dependency_info.dat --stringsdata-file /Users/jeremywatt/Library/Developer/Xcode/DerivedData/TodoTimers-hhkfosrtfdujgsaeyczcbhtfazrk/Build/Intermediates.noindex/TodoTimers.build/Debug-iphonesimulator/TodoTimersUITests.build/Objects-normal/arm64/ExtractedAppShortcutsMetadata.stringsdata --source-file-list /Users/jeremywatt/Library/Developer/Xcode/DerivedData/TodoTimers-hhkfosrtfdujgsaeyczcbhtfazrk/Build/Intermediates.noindex/TodoTimers.build/Debug-iphonesimulator/TodoTimersUITests.build/Objects-normal/arm64/TodoTimersUITests.SwiftFileList --metadata-file-list /Users/jeremywatt/Library/Developer/Xcode/DerivedData/TodoTimers-hhkfosrtfdujgsaeyczcbhtfazrk/Build/Intermediates.noindex/TodoTimers.build/Debug-iphonesimulator/TodoTimersUITests.build/TodoTimersUITests.DependencyMetadataFileList --static-metadata-file-list /Users/jeremywatt/Library/Developer/Xcode/DerivedData/TodoTimers-hhkfosrtfdujgsaeyczcbhtfazrk/Build/Intermediates.noindex/TodoTimers.build/Debug-iphonesimulator/TodoTimersUITests.build/TodoTimersUITests.DependencyStaticMetadataFileList --swift-const-vals-list /Users/jeremywatt/Library/Developer/Xcode/DerivedData/TodoTimers-hhkfosrtfdujgsaeyczcbhtfazrk/Build/Intermediates.noindex/TodoTimers.build/Debug-iphonesimulator/TodoTimersUITests.build/Objects-normal/arm64/TodoTimersUITests.SwiftConstValuesFileList --compile-time-extraction --deployment-aware-processing --validate-assistant-intents --no-app-shortcuts-localization
2025-10-18 11:44:04.260 appintentsmetadataprocessor[94626:16109468] Starting appintentsmetadataprocessor export
2025-10-18 11:44:04.261 appintentsmetadataprocessor[94626:16109468] warning: Metadata extraction skipped. No AppIntents.framework dependency found.

CodeSign /Users/jeremywatt/Library/Developer/Xcode/DerivedData/TodoTimers-hhkfosrtfdujgsaeyczcbhtfazrk/Build/Products/Debug-iphonesimulator/TodoTimersUITests-Runner.app/PlugIns/TodoTimersUITests.xctest (in target 'TodoTimersUITests' from project 'TodoTimers')
    cd /Users/jeremywatt/Desktop/todo-timers-ios/TodoTimers
    
    Signing Identity:     "Sign to Run Locally"
    
    /usr/bin/codesign --force --sign - --timestamp\=none --generate-entitlement-der /Users/jeremywatt/Library/Developer/Xcode/DerivedData/TodoTimers-hhkfosrtfdujgsaeyczcbhtfazrk/Build/Products/Debug-iphonesimulator/TodoTimersUITests-Runner.app/PlugIns/TodoTimersUITests.xctest

2025-10-18 11:44:05.044457-0700 TodoTimersUITests-Runner[94628:16109712] [Default] Running tests...
    t =      nans Interface orientation changed to Portrait
Test Suite 'Selected tests' started at 2025-10-18 11:44:06.069.
Test Suite 'TodoTimersUITests.xctest' started at 2025-10-18 11:44:06.069.
Test Suite 'TodoManagementUITests' started at 2025-10-18 11:44:06.069.
Test Case '-[TodoTimersUITests.TodoManagementUITests testAddTodo_ValidText_AppearsInList]' started.
    t =     0.00s Start Test at 2025-10-18 11:44:06.069
    t =     0.02s Set Up
    t =     0.03s     Open neonwatty.TodoTimers
    t =     0.03s         Launch neonwatty.TodoTimers
    t =     0.37s             Interface orientation changed to Landscape Left
    t =     0.44s             Setting up automation session
    t =     0.86s             Wait for neonwatty.TodoTimers to idle
    t =     2.04s Tap "addTimerButton" Button
    t =     2.04s     Wait for neonwatty.TodoTimers to idle
    t =     2.05s     Find the "addTimerButton" Button
    t =     2.09s     Check for interrupting elements affecting "addTimerButton" Button
    t =     2.10s     Synthesize event
    t =     2.40s     Wait for neonwatty.TodoTimers to idle
    t =     2.89s Waiting 5.0s for "timerNameField" TextField to exist
    t =     3.93s     Checking `Expect predicate `existsNoRetry == 1` for object "timerNameField" TextField`
    t =     3.93s         Checking existence of `"timerNameField" TextField`
    t =     4.14s Find the "timerNameField" TextField
    t =     4.20s Tap "timerNameField" TextField
    t =     4.20s     Wait for neonwatty.TodoTimers to idle
    t =     4.20s     Find the "timerNameField" TextField
    t =     4.27s     Check for interrupting elements affecting "timerNameField" TextField
    t =     4.33s     Synthesize event
    t =     4.62s     Wait for neonwatty.TodoTimers to idle
    t =     5.09s Type '' into "timerNameField" TextField
    t =     5.09s     Wait for neonwatty.TodoTimers to idle
    t =     5.10s     Find the "timerNameField" TextField
    t =     5.20s     Check for interrupting elements affecting "timerNameField" TextField
    t =     5.28s     Synthesize event
    t =     5.74s     Wait for neonwatty.TodoTimers to idle
    t =     5.74s Type 'Todo Test Timer' into "timerNameField" TextField
    t =     5.74s     Wait for neonwatty.TodoTimers to idle
    t =     5.74s     Find the "timerNameField" TextField
    t =     5.83s     Check for interrupting elements affecting "timerNameField" TextField
    t =     5.90s     Synthesize event
    t =     6.35s     Wait for neonwatty.TodoTimers to idle
    t =     6.35s Set value of PickerWheel (Element at index 0) to 5
    t =     6.35s     Wait for neonwatty.TodoTimers to idle
    t =     6.35s     Find the PickerWheel (Element at index 0)
    t =     6.52s     Check for interrupting elements affecting "25" PickerWheel
    t =     6.59s     Synthesize event
    t =     6.82s     Wait for neonwatty.TodoTimers to idle
    t =     6.82s Tap "doneButton" Button
    t =     6.82s     Wait for neonwatty.TodoTimers to idle
    t =     6.82s     Find the "doneButton" Button
    t =     7.01s     Check for interrupting elements affecting "doneButton" Button
    t =     7.11s     Synthesize event
    t =     7.40s     Wait for neonwatty.TodoTimers to idle
    t =     7.82s Waiting 5.0s for "addTimerButton" Button to exist
    t =     8.86s     Checking `Expect predicate `existsNoRetry == 1` for object "addTimerButton" Button`
    t =     8.86s         Checking existence of `"addTimerButton" Button`
    t =     8.89s Waiting 5.0s for Button (First Match) to exist
    t =     9.93s     Checking `Expect predicate `existsNoRetry == 1` for object Button (First Match)`
    t =     9.93s         Checking existence of `Button (First Match)`
    t =     9.96s Tap Button (First Match)
    t =     9.96s     Wait for neonwatty.TodoTimers to idle
    t =     9.97s     Find the Button (First Match)
    t =     9.99s     Check for interrupting elements affecting "timerCard-5FE6B426-DF07-4A76-AF94-2DED85107F34" Button
    t =    10.00s     Synthesize event
    t =    10.28s     Wait for neonwatty.TodoTimers to idle
    t =    10.66s Waiting 5.0s for "addTodoButton" Button to exist
    t =    11.71s     Checking `Expect predicate `existsNoRetry == 1` for object "addTodoButton" Button`
    t =    11.71s         Checking existence of `"addTodoButton" Button`
    t =    11.74s Tap "addTodoButton" Button
    t =    11.74s     Wait for neonwatty.TodoTimers to idle
    t =    11.74s     Find the "addTodoButton" Button
    t =    11.76s     Check for interrupting elements affecting "addTodoButton" Button
    t =    11.77s     Synthesize event
    t =    12.06s     Wait for neonwatty.TodoTimers to idle
    t =    12.07s Waiting 5.0s for "todoTextField" TextField to exist
    t =    13.13s     Checking `Expect predicate `existsNoRetry == 1` for object "todoTextField" TextField`
    t =    13.13s         Checking existence of `"todoTextField" TextField`
    t =    13.15s         Capturing element debug description
    t =    14.08s     Checking `Expect predicate `existsNoRetry == 1` for object "todoTextField" TextField`
    t =    14.08s         Checking existence of `"todoTextField" TextField`
    t =    14.10s         Capturing element debug description
    t =    15.16s     Checking `Expect predicate `existsNoRetry == 1` for object "todoTextField" TextField`
    t =    15.16s         Checking existence of `"todoTextField" TextField`
    t =    15.19s         Capturing element debug description
    t =    16.13s     Checking `Expect predicate `existsNoRetry == 1` for object "todoTextField" TextField`
    t =    16.13s         Checking existence of `"todoTextField" TextField`
    t =    16.15s         Capturing element debug description
    t =    17.08s     Checking `Expect predicate `existsNoRetry == 1` for object "todoTextField" TextField`
    t =    17.08s         Checking existence of `"todoTextField" TextField`
    t =    17.10s         Capturing element debug description
    t =    17.10s     Checking existence of `"todoTextField" TextField`
    t =    17.12s Collecting debug information to assist test failure triage
    t =    17.12s     Requesting snapshot of accessibility hierarchy for app with pid 94632
/Users/jeremywatt/Desktop/todo-timers-ios/TodoTimers/TodoTimersUITests/E2ETests/TodoManagementUITests.swift:29: error: -[TodoTimersUITests.TodoManagementUITests testAddTodo_ValidText_AppearsInList] : XCTAssertTrue failed
    t =    17.14s Tear Down
Test Case '-[TodoTimersUITests.TodoManagementUITests testAddTodo_ValidText_AppearsInList]' failed (17.354 seconds).
Test Case '-[TodoTimersUITests.TodoManagementUITests testTodoState_PersistsAcrossNavigation]' started.
    t =     0.00s Start Test at 2025-10-18 11:44:23.424
    t =     0.03s Set Up
    t =     0.03s     Open neonwatty.TodoTimers
    t =     0.03s         Launch neonwatty.TodoTimers
    t =     0.03s             Terminate neonwatty.TodoTimers:94632
    t =     0.19s                 Interface orientation changed to Portrait
    t =     1.24s             Interface orientation changed to Landscape Left
    t =     1.25s             Setting up automation session
    t =     1.63s             Wait for neonwatty.TodoTimers to idle
    t =     2.80s Tap "addTimerButton" Button
    t =     2.80s     Wait for neonwatty.TodoTimers to idle
    t =     2.80s     Find the "addTimerButton" Button
    t =     2.85s     Check for interrupting elements affecting "addTimerButton" Button
    t =     2.86s     Synthesize event
    t =     3.15s     Wait for neonwatty.TodoTimers to idle
    t =     3.65s Waiting 5.0s for "timerNameField" TextField to exist
    t =     4.70s     Checking `Expect predicate `existsNoRetry == 1` for object "timerNameField" TextField`
    t =     4.70s         Checking existence of `"timerNameField" TextField`
    t =     4.91s Find the "timerNameField" TextField
    t =     4.97s Tap "timerNameField" TextField
    t =     4.97s     Wait for neonwatty.TodoTimers to idle
    t =     4.97s     Find the "timerNameField" TextField
    t =     5.04s     Check for interrupting elements affecting "timerNameField" TextField
    t =     5.10s     Synthesize event
    t =     5.39s     Wait for neonwatty.TodoTimers to idle
    t =     5.83s Type '' into "timerNameField" TextField
    t =     5.83s     Wait for neonwatty.TodoTimers to idle
    t =     5.84s     Find the "timerNameField" TextField
    t =     5.94s     Check for interrupting elements affecting "timerNameField" TextField
    t =     6.01s     Synthesize event
    t =     6.46s     Wait for neonwatty.TodoTimers to idle
    t =     6.47s Type 'Persistence Timer' into "timerNameField" TextField
    t =     6.47s     Wait for neonwatty.TodoTimers to idle
    t =     6.47s     Find the "timerNameField" TextField
    t =     6.56s     Check for interrupting elements affecting "timerNameField" TextField
    t =     6.63s     Synthesize event
    t =     7.11s     Wait for neonwatty.TodoTimers to idle
    t =     7.11s Set value of PickerWheel (Element at index 0) to 5
    t =     7.11s     Wait for neonwatty.TodoTimers to idle
    t =     7.11s     Find the PickerWheel (Element at index 0)
    t =     7.29s     Check for interrupting elements affecting "25" PickerWheel
    t =     7.36s     Synthesize event
    t =     7.61s     Wait for neonwatty.TodoTimers to idle
    t =     7.64s Tap "doneButton" Button
    t =     7.64s     Wait for neonwatty.TodoTimers to idle
    t =     7.64s     Find the "doneButton" Button
    t =     7.79s     Check for interrupting elements affecting "doneButton" Button
    t =     7.86s     Synthesize event
    t =     8.14s     Wait for neonwatty.TodoTimers to idle
    t =     8.57s Waiting 5.0s for "addTimerButton" Button to exist
    t =     9.61s     Checking `Expect predicate `existsNoRetry == 1` for object "addTimerButton" Button`
    t =     9.61s         Checking existence of `"addTimerButton" Button`
    t =     9.64s Waiting 5.0s for Button (First Match) to exist
    t =    10.68s     Checking `Expect predicate `existsNoRetry == 1` for object Button (First Match)`
    t =    10.68s         Checking existence of `Button (First Match)`
    t =    10.71s Tap Button (First Match)
    t =    10.71s     Wait for neonwatty.TodoTimers to idle
    t =    10.71s     Find the Button (First Match)
    t =    10.73s     Check for interrupting elements affecting "timerCard-7C6B9273-5F0A-4421-96C3-7662E7FEE955" Button
    t =    10.75s     Synthesize event
    t =    11.04s     Wait for neonwatty.TodoTimers to idle
    t =    11.40s Waiting 5.0s for "addTodoButton" Button to exist
    t =    12.46s     Checking `Expect predicate `existsNoRetry == 1` for object "addTodoButton" Button`
    t =    12.46s         Checking existence of `"addTodoButton" Button`
    t =    12.49s Tap "addTodoButton" Button
    t =    12.49s     Wait for neonwatty.TodoTimers to idle
    t =    12.49s     Find the "addTodoButton" Button
    t =    12.51s     Check for interrupting elements affecting "addTodoButton" Button
    t =    12.52s     Synthesize event
    t =    12.81s     Wait for neonwatty.TodoTimers to idle
    t =    12.81s Waiting 5.0s for "todoTextField" TextField to exist
    t =    13.86s     Checking `Expect predicate `existsNoRetry == 1` for object "todoTextField" TextField`
    t =    13.86s         Checking existence of `"todoTextField" TextField`
    t =    13.88s         Capturing element debug description
    t =    14.83s     Checking `Expect predicate `existsNoRetry == 1` for object "todoTextField" TextField`
    t =    14.83s         Checking existence of `"todoTextField" TextField`
    t =    14.85s         Capturing element debug description
    t =    15.89s     Checking `Expect predicate `existsNoRetry == 1` for object "todoTextField" TextField`
    t =    15.89s         Checking existence of `"todoTextField" TextField`
    t =    15.92s         Capturing element debug description
    t =    16.84s     Checking `Expect predicate `existsNoRetry == 1` for object "todoTextField" TextField`
    t =    16.84s         Checking existence of `"todoTextField" TextField`
    t =    16.87s         Capturing element debug description
    t =    17.82s     Checking `Expect predicate `existsNoRetry == 1` for object "todoTextField" TextField`
    t =    17.82s         Checking existence of `"todoTextField" TextField`
    t =    17.84s         Capturing element debug description
    t =    17.85s     Checking existence of `"todoTextField" TextField`
    t =    17.86s Collecting debug information to assist test failure triage
    t =    17.86s     Requesting snapshot of accessibility hierarchy for app with pid 94642
/Users/jeremywatt/Desktop/todo-timers-ios/TodoTimers/TodoTimersUITests/E2ETests/TodoManagementUITests.swift:237: error: -[TodoTimersUITests.TodoManagementUITests testTodoState_PersistsAcrossNavigation] : XCTAssertTrue failed
    t =    17.88s Tear Down
Test Case '-[TodoTimersUITests.TodoManagementUITests testTodoState_PersistsAcrossNavigation]' failed (18.099 seconds).
Test Case '-[TodoTimersUITests.TodoManagementUITests testAddTodo_EmptyText_ShowsValidation]' started.
    t =     0.00s Start Test at 2025-10-18 11:44:41.524
    t =     0.03s Set Up
    t =     0.03s     Open neonwatty.TodoTimers
    t =     0.03s         Launch neonwatty.TodoTimers
    t =     0.03s             Terminate neonwatty.TodoTimers:94642
    t =     0.20s                 Interface orientation changed to Portrait
    t =     1.26s             Interface orientation changed to Landscape Left
    t =     1.26s             Setting up automation session
    t =     1.66s             Wait for neonwatty.TodoTimers to idle
    t =     2.83s Tap "addTimerButton" Button
    t =     2.83s     Wait for neonwatty.TodoTimers to idle
    t =     2.84s     Find the "addTimerButton" Button
    t =     2.88s     Check for interrupting elements affecting "addTimerButton" Button
    t =     2.90s     Synthesize event
    t =     3.18s     Wait for neonwatty.TodoTimers to idle
    t =     3.68s Waiting 5.0s for "timerNameField" TextField to exist
    t =     4.74s     Checking `Expect predicate `existsNoRetry == 1` for object "timerNameField" TextField`
    t =     4.74s         Checking existence of `"timerNameField" TextField`
    t =     4.94s Find the "timerNameField" TextField
    t =     5.01s Tap "timerNameField" TextField
    t =     5.01s     Wait for neonwatty.TodoTimers to idle
    t =     5.01s     Find the "timerNameField" TextField
    t =     5.08s     Check for interrupting elements affecting "timerNameField" TextField
    t =     5.14s     Synthesize event
    t =     5.43s     Wait for neonwatty.TodoTimers to idle
    t =     5.85s Type '' into "timerNameField" TextField
    t =     5.85s     Wait for neonwatty.TodoTimers to idle
    t =     5.85s     Find the "timerNameField" TextField
    t =     5.95s     Check for interrupting elements affecting "timerNameField" TextField
    t =     6.02s     Synthesize event
    t =     6.48s     Wait for neonwatty.TodoTimers to idle
    t =     6.49s Type 'Validation Test Ti...' into "timerNameField" TextField
    t =     6.49s     Wait for neonwatty.TodoTimers to idle
    t =     6.49s     Find the "timerNameField" TextField
    t =     6.58s     Check for interrupting elements affecting "timerNameField" TextField
    t =     6.65s     Synthesize event
    t =     7.20s     Wait for neonwatty.TodoTimers to idle
    t =     7.20s Set value of PickerWheel (Element at index 0) to 5
    t =     7.20s     Wait for neonwatty.TodoTimers to idle
    t =     7.20s     Find the PickerWheel (Element at index 0)
    t =     7.37s     Check for interrupting elements affecting "25" PickerWheel
    t =     7.44s     Synthesize event
    t =     7.64s     Wait for neonwatty.TodoTimers to idle
    t =     7.67s Tap "doneButton" Button
    t =     7.67s     Wait for neonwatty.TodoTimers to idle
    t =     7.67s     Find the "doneButton" Button
    t =     7.83s     Check for interrupting elements affecting "doneButton" Button
    t =     7.90s     Synthesize event
    t =     8.19s     Wait for neonwatty.TodoTimers to idle
    t =     8.61s Waiting 5.0s for "addTimerButton" Button to exist
    t =     9.66s     Checking `Expect predicate `existsNoRetry == 1` for object "addTimerButton" Button`
    t =     9.66s         Checking existence of `"addTimerButton" Button`
    t =     9.69s Waiting 5.0s for Button (First Match) to exist
    t =    10.72s     Checking `Expect predicate `existsNoRetry == 1` for object Button (First Match)`
    t =    10.73s         Checking existence of `Button (First Match)`
    t =    10.75s Tap Button (First Match)
    t =    10.75s     Wait for neonwatty.TodoTimers to idle
    t =    10.75s     Find the Button (First Match)
    t =    10.77s     Check for interrupting elements affecting "timerCard-59050223-D9B0-4327-9803-07943558A9F0" Button
    t =    10.78s     Synthesize event
    t =    11.07s     Wait for neonwatty.TodoTimers to idle
    t =    11.44s Waiting 5.0s for "addTodoButton" Button to exist
    t =    12.47s     Checking `Expect predicate `existsNoRetry == 1` for object "addTodoButton" Button`
    t =    12.48s         Checking existence of `"addTodoButton" Button`
    t =    12.51s Tap "addTodoButton" Button
    t =    12.51s     Wait for neonwatty.TodoTimers to idle
    t =    12.51s     Find the "addTodoButton" Button
    t =    12.52s     Check for interrupting elements affecting "addTodoButton" Button
    t =    12.54s     Synthesize event
    t =    12.83s     Wait for neonwatty.TodoTimers to idle
    t =    12.83s Waiting 5.0s for "todoTextField" TextField to exist
    t =    13.86s     Checking `Expect predicate `existsNoRetry == 1` for object "todoTextField" TextField`
    t =    13.86s         Checking existence of `"todoTextField" TextField`
    t =    13.89s         Capturing element debug description
    t =    14.84s     Checking `Expect predicate `existsNoRetry == 1` for object "todoTextField" TextField`
    t =    14.84s         Checking existence of `"todoTextField" TextField`
    t =    14.87s         Capturing element debug description
    t =    15.89s     Checking `Expect predicate `existsNoRetry == 1` for object "todoTextField" TextField`
    t =    15.89s         Checking existence of `"todoTextField" TextField`
    t =    15.92s         Capturing element debug description
    t =    16.86s     Checking `Expect predicate `existsNoRetry == 1` for object "todoTextField" TextField`
    t =    16.86s         Checking existence of `"todoTextField" TextField`
    t =    16.89s         Capturing element debug description
    t =    17.83s     Checking `Expect predicate `existsNoRetry == 1` for object "todoTextField" TextField`
    t =    17.83s         Checking existence of `"todoTextField" TextField`
    t =    17.86s         Capturing element debug description
    t =    17.86s     Checking existence of `"todoTextField" TextField`
    t =    17.87s Collecting debug information to assist test failure triage
    t =    17.87s     Requesting snapshot of accessibility hierarchy for app with pid 94653
/Users/jeremywatt/Desktop/todo-timers-ios/TodoTimers/TodoTimersUITests/E2ETests/TodoManagementUITests.swift:46: error: -[TodoTimersUITests.TodoManagementUITests testAddTodo_EmptyText_ShowsValidation] : XCTAssertTrue failed
    t =    17.90s Tear Down
Test Case '-[TodoTimersUITests.TodoManagementUITests testAddTodo_EmptyText_ShowsValidation]' failed (18.122 seconds).
Test Case '-[TodoTimersUITests.TodoManagementUITests testDeleteTodo_RemovesFromList]' started.
    t =     0.00s Start Test at 2025-10-18 11:44:59.646
    t =     0.03s Set Up
    t =     0.03s     Open neonwatty.TodoTimers
    t =     0.03s         Launch neonwatty.TodoTimers
    t =     0.03s             Terminate neonwatty.TodoTimers:94653
    t =     0.19s                 Interface orientation changed to Portrait
    t =     1.33s             Interface orientation changed to Landscape Left
    t =     1.33s             Setting up automation session
    t =     1.72s             Wait for neonwatty.TodoTimers to idle
    t =     2.88s Tap "addTimerButton" Button
    t =     2.88s     Wait for neonwatty.TodoTimers to idle
    t =     2.89s     Find the "addTimerButton" Button
    t =     2.93s     Check for interrupting elements affecting "addTimerButton" Button
    t =     2.95s     Synthesize event
    t =     3.24s     Wait for neonwatty.TodoTimers to idle
    t =     3.73s Waiting 5.0s for "timerNameField" TextField to exist
    t =     4.79s     Checking `Expect predicate `existsNoRetry == 1` for object "timerNameField" TextField`
    t =     4.79s         Checking existence of `"timerNameField" TextField`
    t =     4.99s Find the "timerNameField" TextField
    t =     5.06s Tap "timerNameField" TextField
    t =     5.06s     Wait for neonwatty.TodoTimers to idle
    t =     5.06s     Find the "timerNameField" TextField
    t =     5.13s     Check for interrupting elements affecting "timerNameField" TextField
    t =     5.19s     Synthesize event
    t =     5.48s     Wait for neonwatty.TodoTimers to idle
    t =     5.92s Type '' into "timerNameField" TextField
    t =     5.92s     Wait for neonwatty.TodoTimers to idle
    t =     5.92s     Find the "timerNameField" TextField
    t =     6.01s     Check for interrupting elements affecting "timerNameField" TextField
    t =     6.08s     Synthesize event
    t =     6.54s     Wait for neonwatty.TodoTimers to idle
    t =     6.55s Type 'Delete Test Timer' into "timerNameField" TextField
    t =     6.55s     Wait for neonwatty.TodoTimers to idle
    t =     6.55s     Find the "timerNameField" TextField
    t =     6.65s     Check for interrupting elements affecting "timerNameField" TextField
    t =     6.71s     Synthesize event
    t =     7.19s     Wait for neonwatty.TodoTimers to idle
    t =     7.19s Set value of PickerWheel (Element at index 0) to 5
    t =     7.19s     Wait for neonwatty.TodoTimers to idle
    t =     7.19s     Find the PickerWheel (Element at index 0)
    t =     7.37s     Check for interrupting elements affecting "25" PickerWheel
    t =     7.44s     Synthesize event
    t =     7.70s     Wait for neonwatty.TodoTimers to idle
    t =     7.70s Tap "doneButton" Button
    t =     7.70s     Wait for neonwatty.TodoTimers to idle
    t =     7.73s     Find the "doneButton" Button
    t =     7.89s     Check for interrupting elements affecting "doneButton" Button
    t =     7.96s     Synthesize event
    t =     8.24s     Wait for neonwatty.TodoTimers to idle
    t =     8.66s Waiting 5.0s for "addTimerButton" Button to exist
    t =     9.69s     Checking `Expect predicate `existsNoRetry == 1` for object "addTimerButton" Button`
    t =     9.69s         Checking existence of `"addTimerButton" Button`
    t =     9.72s Waiting 5.0s for Button (First Match) to exist
    t =    10.74s     Checking `Expect predicate `existsNoRetry == 1` for object Button (First Match)`
    t =    10.74s         Checking existence of `Button (First Match)`
    t =    10.78s Tap Button (First Match)
    t =    10.78s     Wait for neonwatty.TodoTimers to idle
    t =    10.78s     Find the Button (First Match)
    t =    10.80s     Check for interrupting elements affecting "timerCard-E9C6AD5F-68E7-4967-9F31-2466DB5D7ADE" Button
    t =    10.82s     Synthesize event
    t =    11.11s     Wait for neonwatty.TodoTimers to idle
    t =    11.46s Waiting 5.0s for "addTodoButton" Button to exist
    t =    12.50s     Checking `Expect predicate `existsNoRetry == 1` for object "addTodoButton" Button`
    t =    12.50s         Checking existence of `"addTodoButton" Button`
    t =    12.53s Tap "addTodoButton" Button
    t =    12.53s     Wait for neonwatty.TodoTimers to idle
    t =    12.54s     Find the "addTodoButton" Button
    t =    12.55s     Check for interrupting elements affecting "addTodoButton" Button
    t =    12.56s     Synthesize event
    t =    12.85s     Wait for neonwatty.TodoTimers to idle
    t =    12.85s Waiting 5.0s for "todoTextField" TextField to exist
    t =    13.87s     Checking `Expect predicate `existsNoRetry == 1` for object "todoTextField" TextField`
    t =    13.87s         Checking existence of `"todoTextField" TextField`
    t =    13.90s         Capturing element debug description
    t =    14.95s     Checking `Expect predicate `existsNoRetry == 1` for object "todoTextField" TextField`
    t =    14.95s         Checking existence of `"todoTextField" TextField`
    t =    14.98s         Capturing element debug description
    t =    15.92s     Checking `Expect predicate `existsNoRetry == 1` for object "todoTextField" TextField`
    t =    15.92s         Checking existence of `"todoTextField" TextField`
    t =    15.95s         Capturing element debug description
    t =    16.87s     Checking `Expect predicate `existsNoRetry == 1` for object "todoTextField" TextField`
    t =    16.87s         Checking existence of `"todoTextField" TextField`
    t =    16.89s         Capturing element debug description
    t =    17.86s     Checking `Expect predicate `existsNoRetry == 1` for object "todoTextField" TextField`
    t =    17.86s         Checking existence of `"todoTextField" TextField`
    t =    17.88s         Capturing element debug description
    t =    17.88s     Checking existence of `"todoTextField" TextField`
    t =    17.90s Collecting debug information to assist test failure triage
    t =    17.90s     Requesting snapshot of accessibility hierarchy for app with pid 94661
/Users/jeremywatt/Desktop/todo-timers-ios/TodoTimers/TodoTimersUITests/E2ETests/TodoManagementUITests.swift:237: error: -[TodoTimersUITests.TodoManagementUITests testDeleteTodo_RemovesFromList] : XCTAssertTrue failed
    t =    17.92s Tear Down
Test Case '-[TodoTimersUITests.TodoManagementUITests testDeleteTodo_RemovesFromList]' failed (18.153 seconds).
Test Case '-[TodoTimersUITests.TodoManagementUITests testAddTodo_Cancel_DoesNotSave]' started.
    t =     0.00s Start Test at 2025-10-18 11:45:17.800
    t =     0.03s Set Up
    t =     0.03s     Open neonwatty.TodoTimers
    t =     0.03s         Launch neonwatty.TodoTimers
    t =     0.03s             Terminate neonwatty.TodoTimers:94661
    t =     0.18s                 Interface orientation changed to Portrait
    t =     1.32s             Interface orientation changed to Landscape Left
    t =     1.33s             Setting up automation session
    t =     1.71s             Wait for neonwatty.TodoTimers to idle
    t =     2.87s Tap "addTimerButton" Button
    t =     2.87s     Wait for neonwatty.TodoTimers to idle
    t =     2.88s     Find the "addTimerButton" Button
    t =     2.92s     Check for interrupting elements affecting "addTimerButton" Button
    t =     2.94s     Synthesize event
    t =     3.23s     Wait for neonwatty.TodoTimers to idle
    t =     3.72s Waiting 5.0s for "timerNameField" TextField to exist
    t =     4.79s     Checking `Expect predicate `existsNoRetry == 1` for object "timerNameField" TextField`
    t =     4.79s         Checking existence of `"timerNameField" TextField`
    t =     4.96s Find the "timerNameField" TextField
    t =     5.03s Tap "timerNameField" TextField
    t =     5.03s     Wait for neonwatty.TodoTimers to idle
    t =     5.03s     Find the "timerNameField" TextField
    t =     5.09s     Check for interrupting elements affecting "timerNameField" TextField
    t =     5.16s     Synthesize event
    t =     5.44s     Wait for neonwatty.TodoTimers to idle
    t =     5.89s Type '' into "timerNameField" TextField
    t =     5.89s     Wait for neonwatty.TodoTimers to idle
    t =     5.89s     Find the "timerNameField" TextField
    t =     5.99s     Check for interrupting elements affecting "timerNameField" TextField
    t =     6.06s     Synthesize event
    t =     6.52s     Wait for neonwatty.TodoTimers to idle
    t =     6.53s Type 'Cancel Test Timer' into "timerNameField" TextField
    t =     6.53s     Wait for neonwatty.TodoTimers to idle
    t =     6.53s     Find the "timerNameField" TextField
    t =     6.63s     Check for interrupting elements affecting "timerNameField" TextField
    t =     6.70s     Synthesize event
    t =     7.18s     Wait for neonwatty.TodoTimers to idle
    t =     7.19s Set value of PickerWheel (Element at index 0) to 5
    t =     7.19s     Wait for neonwatty.TodoTimers to idle
    t =     7.19s     Find the PickerWheel (Element at index 0)
    t =     7.36s     Check for interrupting elements affecting "25" PickerWheel
    t =     7.43s     Synthesize event
    t =     7.61s     Wait for neonwatty.TodoTimers to idle
    t =     7.61s Tap "doneButton" Button
    t =     7.61s     Wait for neonwatty.TodoTimers to idle
    t =     7.61s     Find the "doneButton" Button
    t =     7.79s     Check for interrupting elements affecting "doneButton" Button
    t =     7.90s     Synthesize event
    t =     8.18s     Wait for neonwatty.TodoTimers to idle
    t =     8.60s Waiting 5.0s for "addTimerButton" Button to exist
    t =     9.63s     Checking `Expect predicate `existsNoRetry == 1` for object "addTimerButton" Button`
    t =     9.63s         Checking existence of `"addTimerButton" Button`
    t =     9.67s Waiting 5.0s for Button (First Match) to exist
    t =    10.73s     Checking `Expect predicate `existsNoRetry == 1` for object Button (First Match)`
    t =    10.73s         Checking existence of `Button (First Match)`
    t =    10.77s Tap Button (First Match)
    t =    10.77s     Wait for neonwatty.TodoTimers to idle
    t =    10.77s     Find the Button (First Match)
    t =    10.79s     Check for interrupting elements affecting "timerCard-362927E7-0C6A-4E0D-BAA2-ACB3A356D05A" Button
    t =    10.80s     Synthesize event
    t =    11.08s     Wait for neonwatty.TodoTimers to idle
    t =    11.44s Waiting 5.0s for "addTodoButton" Button to exist
    t =    12.47s     Checking `Expect predicate `existsNoRetry == 1` for object "addTodoButton" Button`
    t =    12.47s         Checking existence of `"addTodoButton" Button`
    t =    12.50s Get number of matches for: Elements matching predicate 'identifier BEGINSWITH "todoRow-"'
    t =    12.51s Tap "addTodoButton" Button
    t =    12.51s     Wait for neonwatty.TodoTimers to idle
    t =    12.51s     Find the "addTodoButton" Button
    t =    12.52s     Check for interrupting elements affecting "addTodoButton" Button
    t =    12.54s     Synthesize event
    t =    12.83s     Wait for neonwatty.TodoTimers to idle
    t =    12.83s Waiting 5.0s for "todoTextField" TextField to exist
    t =    13.85s     Checking `Expect predicate `existsNoRetry == 1` for object "todoTextField" TextField`
    t =    13.85s         Checking existence of `"todoTextField" TextField`
    t =    13.87s         Capturing element debug description
    t =    14.91s     Checking `Expect predicate `existsNoRetry == 1` for object "todoTextField" TextField`
    t =    14.92s         Checking existence of `"todoTextField" TextField`
    t =    14.92s         Capturing element debug description
    t =    15.86s     Checking `Expect predicate `existsNoRetry == 1` for object "todoTextField" TextField`
    t =    15.87s         Checking existence of `"todoTextField" TextField`
    t =    15.89s         Capturing element debug description
    t =    16.91s     Checking `Expect predicate `existsNoRetry == 1` for object "todoTextField" TextField`
    t =    16.92s         Checking existence of `"todoTextField" TextField`
    t =    16.94s         Capturing element debug description
    t =    17.83s     Checking `Expect predicate `existsNoRetry == 1` for object "todoTextField" TextField`
    t =    17.83s         Checking existence of `"todoTextField" TextField`
    t =    17.85s         Capturing element debug description
    t =    17.86s     Checking existence of `"todoTextField" TextField`
    t =    17.87s Collecting debug information to assist test failure triage
    t =    17.87s     Requesting snapshot of accessibility hierarchy for app with pid 94671
/Users/jeremywatt/Desktop/todo-timers-ios/TodoTimers/TodoTimersUITests/E2ETests/TodoManagementUITests.swift:72: error: -[TodoTimersUITests.TodoManagementUITests testAddTodo_Cancel_DoesNotSave] : XCTAssertTrue failed
    t =    17.89s Tear Down
Test Case '-[TodoTimersUITests.TodoManagementUITests testAddTodo_Cancel_DoesNotSave]' failed (18.101 seconds).
Test Case '-[TodoTimersUITests.TodoManagementUITests testToggleTodo_MarksAsComplete]' started.
    t =     0.00s Start Test at 2025-10-18 11:45:35.903
    t =     0.03s Set Up
    t =     0.03s     Open neonwatty.TodoTimers
    t =     0.03s         Launch neonwatty.TodoTimers
    t =     0.03s             Terminate neonwatty.TodoTimers:94671
    t =     0.18s                 Interface orientation changed to Portrait
    t =     1.30s             Interface orientation changed to Landscape Left
    t =     1.30s             Setting up automation session
    t =     1.69s             Wait for neonwatty.TodoTimers to idle
    t =     2.87s Tap "addTimerButton" Button
    t =     2.87s     Wait for neonwatty.TodoTimers to idle
    t =     2.88s     Find the "addTimerButton" Button
    t =     2.92s     Check for interrupting elements affecting "addTimerButton" Button
    t =     2.94s     Synthesize event
    t =     3.23s     Wait for neonwatty.TodoTimers to idle
    t =     3.72s Waiting 5.0s for "timerNameField" TextField to exist
    t =     4.75s     Checking `Expect predicate `existsNoRetry == 1` for object "timerNameField" TextField`
    t =     4.75s         Checking existence of `"timerNameField" TextField`
    t =     4.95s Find the "timerNameField" TextField
    t =     5.02s Tap "timerNameField" TextField
    t =     5.02s     Wait for neonwatty.TodoTimers to idle
    t =     5.02s     Find the "timerNameField" TextField
    t =     5.09s     Check for interrupting elements affecting "timerNameField" TextField
    t =     5.15s     Synthesize event
    t =     5.43s     Wait for neonwatty.TodoTimers to idle
    t =     5.87s Type '' into "timerNameField" TextField
    t =     5.87s     Wait for neonwatty.TodoTimers to idle
    t =     5.87s     Find the "timerNameField" TextField
    t =     5.98s     Check for interrupting elements affecting "timerNameField" TextField
    t =     6.05s     Synthesize event
    t =     6.51s     Wait for neonwatty.TodoTimers to idle
    t =     6.52s Type 'Toggle Test Timer' into "timerNameField" TextField
    t =     6.52s     Wait for neonwatty.TodoTimers to idle
    t =     6.52s     Find the "timerNameField" TextField
    t =     6.61s     Check for interrupting elements affecting "timerNameField" TextField
    t =     6.68s     Synthesize event
    t =     7.16s     Wait for neonwatty.TodoTimers to idle
    t =     7.17s Set value of PickerWheel (Element at index 0) to 5
    t =     7.17s     Wait for neonwatty.TodoTimers to idle
    t =     7.17s     Find the PickerWheel (Element at index 0)
    t =     7.34s     Check for interrupting elements affecting "25" PickerWheel
    t =     7.41s     Synthesize event
    t =     7.66s     Wait for neonwatty.TodoTimers to idle
    t =     7.66s Tap "doneButton" Button
    t =     7.66s     Wait for neonwatty.TodoTimers to idle
    t =     7.69s     Find the "doneButton" Button
    t =     7.84s     Check for interrupting elements affecting "doneButton" Button
    t =     7.91s     Synthesize event
    t =     8.20s     Wait for neonwatty.TodoTimers to idle
    t =     8.62s Waiting 5.0s for "addTimerButton" Button to exist
    t =     9.65s     Checking `Expect predicate `existsNoRetry == 1` for object "addTimerButton" Button`
    t =     9.65s         Checking existence of `"addTimerButton" Button`
    t =     9.68s Waiting 5.0s for Button (First Match) to exist
    t =    10.71s     Checking `Expect predicate `existsNoRetry == 1` for object Button (First Match)`
    t =    10.71s         Checking existence of `Button (First Match)`
    t =    10.75s Tap Button (First Match)
    t =    10.75s     Wait for neonwatty.TodoTimers to idle
    t =    10.76s     Find the Button (First Match)
    t =    10.78s     Check for interrupting elements affecting "timerCard-B3136855-9E10-4F11-82A5-F9602614A537" Button
    t =    10.79s     Synthesize event
    t =    11.07s     Wait for neonwatty.TodoTimers to idle
    t =    11.44s Waiting 5.0s for "addTodoButton" Button to exist
    t =    12.46s     Checking `Expect predicate `existsNoRetry == 1` for object "addTodoButton" Button`
    t =    12.46s         Checking existence of `"addTodoButton" Button`
    t =    12.49s Tap "addTodoButton" Button
    t =    12.49s     Wait for neonwatty.TodoTimers to idle
    t =    12.50s     Find the "addTodoButton" Button
    t =    12.51s     Check for interrupting elements affecting "addTodoButton" Button
    t =    12.52s     Synthesize event
    t =    12.81s     Wait for neonwatty.TodoTimers to idle
    t =    12.82s Waiting 5.0s for "todoTextField" TextField to exist
    t =    13.85s     Checking `Expect predicate `existsNoRetry == 1` for object "todoTextField" TextField`
    t =    13.85s         Checking existence of `"todoTextField" TextField`
    t =    13.87s         Capturing element debug description
    t =    14.82s     Checking `Expect predicate `existsNoRetry == 1` for object "todoTextField" TextField`
    t =    14.82s         Checking existence of `"todoTextField" TextField`
    t =    14.85s         Capturing element debug description
    t =    15.90s     Checking `Expect predicate `existsNoRetry == 1` for object "todoTextField" TextField`
    t =    15.90s         Checking existence of `"todoTextField" TextField`
    t =    15.92s         Capturing element debug description
    t =    16.85s     Checking `Expect predicate `existsNoRetry == 1` for object "todoTextField" TextField`
    t =    16.85s         Checking existence of `"todoTextField" TextField`
    t =    16.87s         Capturing element debug description
    t =    17.83s     Checking `Expect predicate `existsNoRetry == 1` for object "todoTextField" TextField`
    t =    17.83s         Checking existence of `"todoTextField" TextField`
    t =    17.85s         Capturing element debug description
    t =    17.85s     Checking existence of `"todoTextField" TextField`
    t =    17.87s Collecting debug information to assist test failure triage
    t =    17.87s     Requesting snapshot of accessibility hierarchy for app with pid 94681
/Users/jeremywatt/Desktop/todo-timers-ios/TodoTimers/TodoTimersUITests/E2ETests/TodoManagementUITests.swift:237: error: -[TodoTimersUITests.TodoManagementUITests testToggleTodo_MarksAsComplete] : XCTAssertTrue failed
    t =    17.89s Tear Down
Test Case '-[TodoTimersUITests.TodoManagementUITests testToggleTodo_MarksAsComplete]' failed (18.105 seconds).
Test Case '-[TodoTimersUITests.TodoManagementUITests testToggleTodo_CanBeUnchecked]' started.
    t =     0.00s Start Test at 2025-10-18 11:45:54.009
    t =     0.02s Set Up
    t =     0.03s     Open neonwatty.TodoTimers
    t =     0.03s         Launch neonwatty.TodoTimers
    t =     0.03s             Terminate neonwatty.TodoTimers:94681
    t =     0.17s                 Interface orientation changed to Portrait
    t =     1.30s             Interface orientation changed to Landscape Left
    t =     1.30s             Setting up automation session
    t =     1.70s             Wait for neonwatty.TodoTimers to idle
    t =     2.86s Tap "addTimerButton" Button
    t =     2.86s     Wait for neonwatty.TodoTimers to idle
    t =     2.87s     Find the "addTimerButton" Button
    t =     2.91s     Check for interrupting elements affecting "addTimerButton" Button
    t =     2.92s     Synthesize event
    t =     3.21s     Wait for neonwatty.TodoTimers to idle
    t =     3.70s Waiting 5.0s for "timerNameField" TextField to exist
    t =     4.76s     Checking `Expect predicate `existsNoRetry == 1` for object "timerNameField" TextField`
    t =     4.76s         Checking existence of `"timerNameField" TextField`
    t =     4.96s Find the "timerNameField" TextField
    t =     5.03s Tap "timerNameField" TextField
    t =     5.03s     Wait for neonwatty.TodoTimers to idle
    t =     5.03s     Find the "timerNameField" TextField
    t =     5.09s     Check for interrupting elements affecting "timerNameField" TextField
    t =     5.16s     Synthesize event
    t =     5.44s     Wait for neonwatty.TodoTimers to idle
    t =     5.88s Type '' into "timerNameField" TextField
    t =     5.88s     Wait for neonwatty.TodoTimers to idle
    t =     5.88s     Find the "timerNameField" TextField
    t =     5.98s     Check for interrupting elements affecting "timerNameField" TextField
    t =     6.05s     Synthesize event
    t =     6.53s     Wait for neonwatty.TodoTimers to idle
    t =     6.53s Type 'Uncheck Test Timer' into "timerNameField" TextField
    t =     6.53s     Wait for neonwatty.TodoTimers to idle
    t =     6.54s     Find the "timerNameField" TextField
    t =     6.63s     Check for interrupting elements affecting "timerNameField" TextField
    t =     6.70s     Synthesize event
    t =     7.20s     Wait for neonwatty.TodoTimers to idle
    t =     7.20s Set value of PickerWheel (Element at index 0) to 5
    t =     7.20s     Wait for neonwatty.TodoTimers to idle
    t =     7.21s     Find the PickerWheel (Element at index 0)
    t =     7.38s     Check for interrupting elements affecting "25" PickerWheel
    t =     7.45s     Synthesize event
    t =     7.72s     Wait for neonwatty.TodoTimers to idle
    t =     7.75s Tap "doneButton" Button
    t =     7.75s     Wait for neonwatty.TodoTimers to idle
    t =     7.75s     Find the "doneButton" Button
    t =     7.91s     Check for interrupting elements affecting "doneButton" Button
    t =     7.98s     Synthesize event
    t =     8.27s     Wait for neonwatty.TodoTimers to idle
    t =     8.69s Waiting 5.0s for "addTimerButton" Button to exist
    t =     9.73s     Checking `Expect predicate `existsNoRetry == 1` for object "addTimerButton" Button`
    t =     9.73s         Checking existence of `"addTimerButton" Button`
    t =     9.76s Waiting 5.0s for Button (First Match) to exist
    t =    10.81s     Checking `Expect predicate `existsNoRetry == 1` for object Button (First Match)`
    t =    10.81s         Checking existence of `Button (First Match)`
    t =    10.85s Tap Button (First Match)
    t =    10.85s     Wait for neonwatty.TodoTimers to idle
    t =    10.85s     Find the Button (First Match)
    t =    10.87s     Check for interrupting elements affecting "timerCard-0F4AD86F-6730-4D84-A185-09966AB66ED9" Button
    t =    10.88s     Synthesize event
    t =    11.18s     Wait for neonwatty.TodoTimers to idle
    t =    11.54s Waiting 5.0s for "addTodoButton" Button to exist
    t =    12.56s     Checking `Expect predicate `existsNoRetry == 1` for object "addTodoButton" Button`
    t =    12.56s         Checking existence of `"addTodoButton" Button`
    t =    12.59s Tap "addTodoButton" Button
    t =    12.59s     Wait for neonwatty.TodoTimers to idle
    t =    12.59s     Find the "addTodoButton" Button
    t =    12.61s     Check for interrupting elements affecting "addTodoButton" Button
    t =    12.62s     Synthesize event
    t =    12.91s     Wait for neonwatty.TodoTimers to idle
    t =    12.91s Waiting 5.0s for "todoTextField" TextField to exist
    t =    13.94s     Checking `Expect predicate `existsNoRetry == 1` for object "todoTextField" TextField`
    t =    13.94s         Checking existence of `"todoTextField" TextField`
    t =    13.97s         Capturing element debug description
    t =    14.92s     Checking `Expect predicate `existsNoRetry == 1` for object "todoTextField" TextField`
    t =    14.92s         Checking existence of `"todoTextField" TextField`
    t =    14.95s         Capturing element debug description
    t =    16.01s     Checking `Expect predicate `existsNoRetry == 1` for object "todoTextField" TextField`
    t =    16.01s         Checking existence of `"todoTextField" TextField`
    t =    16.03s         Capturing element debug description
    t =    16.96s     Checking `Expect predicate `existsNoRetry == 1` for object "todoTextField" TextField`
    t =    16.96s         Checking existence of `"todoTextField" TextField`
    t =    16.98s         Capturing element debug description
    t =    17.92s     Checking `Expect predicate `existsNoRetry == 1` for object "todoTextField" TextField`
    t =    17.92s         Checking existence of `"todoTextField" TextField`
    t =    17.94s         Capturing element debug description
    t =    17.94s     Checking existence of `"todoTextField" TextField`
    t =    17.96s Collecting debug information to assist test failure triage
    t =    17.96s     Requesting snapshot of accessibility hierarchy for app with pid 94720
/Users/jeremywatt/Desktop/todo-timers-ios/TodoTimers/TodoTimersUITests/E2ETests/TodoManagementUITests.swift:237: error: -[TodoTimersUITests.TodoManagementUITests testToggleTodo_CanBeUnchecked] : XCTAssertTrue failed
    t =    17.98s Tear Down
Test Case '-[TodoTimersUITests.TodoManagementUITests testToggleTodo_CanBeUnchecked]' failed (18.206 seconds).
Test Case '-[TodoTimersUITests.TodoManagementUITests testMultipleTodos_CanBeManaged]' started.
    t =     0.00s Start Test at 2025-10-18 11:46:12.215
    t =     0.03s Set Up
    t =     0.03s     Open neonwatty.TodoTimers
    t =     0.03s         Launch neonwatty.TodoTimers
    t =     0.03s             Terminate neonwatty.TodoTimers:94720
    t =     0.18s                 Interface orientation changed to Portrait
    t =     1.30s             Interface orientation changed to Landscape Left
    t =     1.31s             Setting up automation session
    t =     1.67s             Wait for neonwatty.TodoTimers to idle
    t =     2.83s Tap "addTimerButton" Button
    t =     2.83s     Wait for neonwatty.TodoTimers to idle
    t =     2.83s     Find the "addTimerButton" Button
    t =     2.88s     Check for interrupting elements affecting "addTimerButton" Button
    t =     2.89s     Synthesize event
    t =     3.19s     Wait for neonwatty.TodoTimers to idle
    t =     3.68s Waiting 5.0s for "timerNameField" TextField to exist
    t =     4.72s     Checking `Expect predicate `existsNoRetry == 1` for object "timerNameField" TextField`
    t =     4.72s         Checking existence of `"timerNameField" TextField`
    t =     4.93s Find the "timerNameField" TextField
    t =     4.99s Tap "timerNameField" TextField
    t =     4.99s     Wait for neonwatty.TodoTimers to idle
    t =     4.99s     Find the "timerNameField" TextField
    t =     5.06s     Check for interrupting elements affecting "timerNameField" TextField
    t =     5.12s     Synthesize event
    t =     5.41s     Wait for neonwatty.TodoTimers to idle
    t =     5.86s Type '' into "timerNameField" TextField
    t =     5.86s     Wait for neonwatty.TodoTimers to idle
    t =     5.86s     Find the "timerNameField" TextField
    t =     5.96s     Check for interrupting elements affecting "timerNameField" TextField
    t =     6.04s     Synthesize event
    t =     6.50s     Wait for neonwatty.TodoTimers to idle
    t =     6.51s Type 'Multiple Todos Tim...' into "timerNameField" TextField
    t =     6.51s     Wait for neonwatty.TodoTimers to idle
    t =     6.51s     Find the "timerNameField" TextField
    t =     6.60s     Check for interrupting elements affecting "timerNameField" TextField
    t =     6.67s     Synthesize event
    t =     7.20s     Wait for neonwatty.TodoTimers to idle
    t =     7.21s Set value of PickerWheel (Element at index 0) to 5
    t =     7.21s     Wait for neonwatty.TodoTimers to idle
    t =     7.21s     Find the PickerWheel (Element at index 0)
    t =     7.38s     Check for interrupting elements affecting "25" PickerWheel
    t =     7.45s     Synthesize event
    t =     7.65s     Wait for neonwatty.TodoTimers to idle
    t =     7.68s Tap "doneButton" Button
    t =     7.68s     Wait for neonwatty.TodoTimers to idle
    t =     7.68s     Find the "doneButton" Button
    t =     7.84s     Check for interrupting elements affecting "doneButton" Button
    t =     7.91s     Synthesize event
    t =     8.20s     Wait for neonwatty.TodoTimers to idle
    t =     8.62s Waiting 5.0s for "addTimerButton" Button to exist
    t =     9.67s     Checking `Expect predicate `existsNoRetry == 1` for object "addTimerButton" Button`
    t =     9.67s         Checking existence of `"addTimerButton" Button`
    t =     9.70s Waiting 5.0s for Button (First Match) to exist
    t =    10.75s     Checking `Expect predicate `existsNoRetry == 1` for object Button (First Match)`
    t =    10.75s         Checking existence of `Button (First Match)`
    t =    10.79s Tap Button (First Match)
    t =    10.79s     Wait for neonwatty.TodoTimers to idle
    t =    10.79s     Find the Button (First Match)
    t =    10.81s     Check for interrupting elements affecting "timerCard-82CDAA8C-0D28-4530-ABC9-FC790DCE6085" Button
    t =    10.82s     Synthesize event
    t =    11.11s     Wait for neonwatty.TodoTimers to idle
    t =    11.48s Waiting 5.0s for "addTodoButton" Button to exist
    t =    12.50s     Checking `Expect predicate `existsNoRetry == 1` for object "addTodoButton" Button`
    t =    12.50s         Checking existence of `"addTodoButton" Button`
    t =    12.53s Tap "addTodoButton" Button
    t =    12.53s     Wait for neonwatty.TodoTimers to idle
    t =    12.54s     Find the "addTodoButton" Button
    t =    12.55s     Check for interrupting elements affecting "addTodoButton" Button
    t =    12.57s     Synthesize event
    t =    12.86s     Wait for neonwatty.TodoTimers to idle
    t =    12.86s Waiting 5.0s for "todoTextField" TextField to exist
    t =    13.89s     Checking `Expect predicate `existsNoRetry == 1` for object "todoTextField" TextField`
    t =    13.89s         Checking existence of `"todoTextField" TextField`
    t =    13.91s         Capturing element debug description
    t =    14.87s     Checking `Expect predicate `existsNoRetry == 1` for object "todoTextField" TextField`
    t =    14.87s         Checking existence of `"todoTextField" TextField`
    t =    14.89s         Capturing element debug description
    t =    15.93s     Checking `Expect predicate `existsNoRetry == 1` for object "todoTextField" TextField`
    t =    15.93s         Checking existence of `"todoTextField" TextField`
    t =    15.96s         Capturing element debug description
    t =    16.88s     Checking `Expect predicate `existsNoRetry == 1` for object "todoTextField" TextField`
    t =    16.88s         Checking existence of `"todoTextField" TextField`
    t =    16.91s         Capturing element debug description
    t =    17.87s     Checking `Expect predicate `existsNoRetry == 1` for object "todoTextField" TextField`
    t =    17.87s         Checking existence of `"todoTextField" TextField`
    t =    17.89s         Capturing element debug description
    t =    17.89s     Checking existence of `"todoTextField" TextField`
    t =    17.91s Collecting debug information to assist test failure triage
    t =    17.91s     Requesting snapshot of accessibility hierarchy for app with pid 94788
/Users/jeremywatt/Desktop/todo-timers-ios/TodoTimers/TodoTimersUITests/E2ETests/TodoManagementUITests.swift:237: error: -[TodoTimersUITests.TodoManagementUITests testMultipleTodos_CanBeManaged] : XCTAssertTrue failed
    t =    17.93s Tear Down
Test Case '-[TodoTimersUITests.TodoManagementUITests testMultipleTodos_CanBeManaged]' failed (18.143 seconds).
Test Suite 'TodoManagementUITests' failed at 2025-10-18 11:46:30.358.
	 Executed 8 tests, with 8 failures (0 unexpected) in 144.284 (144.289) seconds
Test Suite 'TodoTimersUITests.xctest' failed at 2025-10-18 11:46:30.359.
	 Executed 8 tests, with 8 failures (0 unexpected) in 144.284 (144.290) seconds
Test Suite 'Selected tests' failed at 2025-10-18 11:46:30.359.
	 Executed 8 tests, with 8 failures (0 unexpected) in 144.284 (144.291) seconds
2025-10-18 11:46:30.715 xcodebuild[94570:16110591]  IDETestOperationsObserverDebug: Failure collecting diagnostics from simulator: Process exited with error 72:
 xcrun: error: unable to find utility "simctl", not a developer tool or in PATH

2025-10-18 11:46:30.725 xcodebuild[94570:16109048] [MT] IDETestOperationsObserverDebug: 146.446 elapsed -- Testing started completed.
2025-10-18 11:46:30.725 xcodebuild[94570:16109048] [MT] IDETestOperationsObserverDebug: 0.000 sec, +0.000 sec -- start
2025-10-18 11:46:30.725 xcodebuild[94570:16109048] [MT] IDETestOperationsObserverDebug: 146.446 sec, +146.446 sec -- end

Test session results, code coverage, and logs:
	/Users/jeremywatt/Library/Developer/Xcode/DerivedData/TodoTimers-hhkfosrtfdujgsaeyczcbhtfazrk/Logs/Test/Test-TodoTimers-2025.10.18_11-43-59--0700.xcresult

Failing tests:
	TodoManagementUITests.testAddTodo_ValidText_AppearsInList()
	TodoManagementUITests.testTodoState_PersistsAcrossNavigation()
	TodoManagementUITests.testAddTodo_EmptyText_ShowsValidation()
	TodoManagementUITests.testDeleteTodo_RemovesFromList()
	TodoManagementUITests.testAddTodo_Cancel_DoesNotSave()
	TodoManagementUITests.testToggleTodo_MarksAsComplete()
	TodoManagementUITests.testToggleTodo_CanBeUnchecked()
	TodoManagementUITests.testMultipleTodos_CanBeManaged()

** TEST FAILED **

Testing started
