Command line invocation:
    /Applications/Xcode.app/Contents/Developer/usr/bin/xcodebuild test -project TodoTimers.xcodeproj -scheme TodoTimers -destination "platform=iOS Simulator,name=iPhone 16" "-only-testing:TodoTimersUITests/TodoManagementUITests" -parallel-testing-enabled NO

--- xcodebuild: WARNING: Using the first of multiple matching destinations:
{ platform:iOS Simulator, arch:arm64, id:002673DD-F669-4F62-A9BB-B5009A96E818, OS:18.6, name:iPhone 16 }
{ platform:iOS Simulator, arch:x86_64, id:002673DD-F669-4F62-A9BB-B5009A96E818, OS:18.6, name:iPhone 16 }
ComputePackagePrebuildTargetDependencyGraph

Prepare packages

CreateBuildRequest

SendProjectDescription

CreateBuildOperation

ComputeTargetDependencyGraph
note: Building targets in dependency order
note: Target dependency graph (4 targets)
    Target 'TodoTimersUITests' in project 'TodoTimers'
        ➜ Explicit dependency on target 'TodoTimers' in project 'TodoTimers'
    Target 'TodoTimersTests' in project 'TodoTimers'
        ➜ Explicit dependency on target 'TodoTimers' in project 'TodoTimers'
    Target 'TodoTimers' in project 'TodoTimers'
        ➜ Explicit dependency on target 'TodoTimers Watch App Watch App' in project 'TodoTimers'
    Target 'TodoTimers Watch App Watch App' in project 'TodoTimers' (no dependencies)

GatherProvisioningInputs

CreateBuildDescription

ExecuteExternalTool /Applications/Xcode.app/Contents/Developer/usr/bin/actool --print-asset-tag-combinations --output-format xml1 /Users/jeremywatt/Desktop/todo-timers-ios/TodoTimers/TodoTimers Watch App Watch App/Assets.xcassets

ExecuteExternalTool /Applications/Xcode.app/Contents/Developer/usr/bin/actool --print-asset-tag-combinations --output-format xml1 /Users/jeremywatt/Desktop/todo-timers-ios/TodoTimers/TodoTimers/Assets.xcassets

ExecuteExternalTool /Applications/Xcode.app/Contents/Developer/Toolchains/XcodeDefault.xctoolchain/usr/bin/swiftc --version

ExecuteExternalTool /Applications/Xcode.app/Contents/Developer/Toolchains/XcodeDefault.xctoolchain/usr/bin/clang -v -E -dM -isysroot /Applications/Xcode.app/Contents/Developer/Platforms/WatchSimulator.platform/Developer/SDKs/WatchSimulator11.5.sdk -x c -c /dev/null

ExecuteExternalTool /Applications/Xcode.app/Contents/Developer/Toolchains/XcodeDefault.xctoolchain/usr/bin/clang -v -E -dM -isysroot /Applications/Xcode.app/Contents/Developer/Platforms/iPhoneSimulator.platform/Developer/SDKs/iPhoneSimulator18.5.sdk -x c -c /dev/null

ExecuteExternalTool /Applications/Xcode.app/Contents/Developer/Toolchains/XcodeDefault.xctoolchain/usr/bin/ld -version_details

ExecuteExternalTool /Applications/Xcode.app/Contents/Developer/usr/bin/actool --version --output-format xml1

Build description signature: 738b3c5c70cffb17df6c78956cea7ad6
Build description path: /Users/jeremywatt/Library/Developer/Xcode/DerivedData/TodoTimers-hhkfosrtfdujgsaeyczcbhtfazrk/Build/Intermediates.noindex/XCBuildData/738b3c5c70cffb17df6c78956cea7ad6.xcbuilddata
ClangStatCache /Applications/Xcode.app/Contents/Developer/Toolchains/XcodeDefault.xctoolchain/usr/bin/clang-stat-cache /Applications/Xcode.app/Contents/Developer/Platforms/iPhoneSimulator.platform/Developer/SDKs/iPhoneSimulator18.5.sdk /Users/jeremywatt/Library/Developer/Xcode/DerivedData/SDKStatCaches.noindex/iphonesimulator18.5-22F76-d5fc8ad4295d2ef488fb7d0f804ce0c4.sdkstatcache
    cd /Users/jeremywatt/Desktop/todo-timers-ios/TodoTimers/TodoTimers.xcodeproj
    /Applications/Xcode.app/Contents/Developer/Toolchains/XcodeDefault.xctoolchain/usr/bin/clang-stat-cache /Applications/Xcode.app/Contents/Developer/Platforms/iPhoneSimulator.platform/Developer/SDKs/iPhoneSimulator18.5.sdk -o /Users/jeremywatt/Library/Developer/Xcode/DerivedData/SDKStatCaches.noindex/iphonesimulator18.5-22F76-d5fc8ad4295d2ef488fb7d0f804ce0c4.sdkstatcache

ClangStatCache /Applications/Xcode.app/Contents/Developer/Toolchains/XcodeDefault.xctoolchain/usr/bin/clang-stat-cache /Applications/Xcode.app/Contents/Developer/Platforms/WatchSimulator.platform/Developer/SDKs/WatchSimulator11.5.sdk /Users/jeremywatt/Library/Developer/Xcode/DerivedData/SDKStatCaches.noindex/watchsimulator11.5-22T572-f072d36b9981b6dc55608c571d18f8ef.sdkstatcache
    cd /Users/jeremywatt/Desktop/todo-timers-ios/TodoTimers/TodoTimers.xcodeproj
    /Applications/Xcode.app/Contents/Developer/Toolchains/XcodeDefault.xctoolchain/usr/bin/clang-stat-cache /Applications/Xcode.app/Contents/Developer/Platforms/WatchSimulator.platform/Developer/SDKs/WatchSimulator11.5.sdk -o /Users/jeremywatt/Library/Developer/Xcode/DerivedData/SDKStatCaches.noindex/watchsimulator11.5-22T572-f072d36b9981b6dc55608c571d18f8ef.sdkstatcache

WriteAuxiliaryFile /Users/jeremywatt/Library/Developer/Xcode/DerivedData/TodoTimers-hhkfosrtfdujgsaeyczcbhtfazrk/Build/Intermediates.noindex/TodoTimers.build/Debug-iphonesimulator/TodoTimersTests.build/Objects-normal/arm64/TodoTimersTests.SwiftFileList (in target 'TodoTimersTests' from project 'TodoTimers')
    cd /Users/jeremywatt/Desktop/todo-timers-ios/TodoTimers
    write-file /Users/jeremywatt/Library/Developer/Xcode/DerivedData/TodoTimers-hhkfosrtfdujgsaeyczcbhtfazrk/Build/Intermediates.noindex/TodoTimers.build/Debug-iphonesimulator/TodoTimersTests.build/Objects-normal/arm64/TodoTimersTests.SwiftFileList

WriteAuxiliaryFile /Users/jeremywatt/Library/Developer/Xcode/DerivedData/TodoTimers-hhkfosrtfdujgsaeyczcbhtfazrk/Build/Intermediates.noindex/TodoTimers.build/Debug-iphonesimulator/TodoTimersTests.build/Objects-normal/arm64/TodoTimersTests.LinkFileList (in target 'TodoTimersTests' from project 'TodoTimers')
    cd /Users/jeremywatt/Desktop/todo-timers-ios/TodoTimers
    write-file /Users/jeremywatt/Library/Developer/Xcode/DerivedData/TodoTimers-hhkfosrtfdujgsaeyczcbhtfazrk/Build/Intermediates.noindex/TodoTimers.build/Debug-iphonesimulator/TodoTimersTests.build/Objects-normal/arm64/TodoTimersTests.LinkFileList

WriteAuxiliaryFile /Users/jeremywatt/Library/Developer/Xcode/DerivedData/TodoTimers-hhkfosrtfdujgsaeyczcbhtfazrk/Build/Intermediates.noindex/TodoTimers.build/Debug-iphonesimulator/TodoTimersTests.build/Objects-normal/arm64/TodoTimersTests.SwiftConstValuesFileList (in target 'TodoTimersTests' from project 'TodoTimers')
    cd /Users/jeremywatt/Desktop/todo-timers-ios/TodoTimers
    write-file /Users/jeremywatt/Library/Developer/Xcode/DerivedData/TodoTimers-hhkfosrtfdujgsaeyczcbhtfazrk/Build/Intermediates.noindex/TodoTimers.build/Debug-iphonesimulator/TodoTimersTests.build/Objects-normal/arm64/TodoTimersTests.SwiftConstValuesFileList

WriteAuxiliaryFile /Users/jeremywatt/Library/Developer/Xcode/DerivedData/TodoTimers-hhkfosrtfdujgsaeyczcbhtfazrk/Build/Intermediates.noindex/TodoTimers.build/Debug-iphonesimulator/TodoTimers.build/Objects-normal/arm64/TodoTimers.SwiftFileList (in target 'TodoTimers' from project 'TodoTimers')
    cd /Users/jeremywatt/Desktop/todo-timers-ios/TodoTimers
    write-file /Users/jeremywatt/Library/Developer/Xcode/DerivedData/TodoTimers-hhkfosrtfdujgsaeyczcbhtfazrk/Build/Intermediates.noindex/TodoTimers.build/Debug-iphonesimulator/TodoTimers.build/Objects-normal/arm64/TodoTimers.SwiftFileList

WriteAuxiliaryFile /Users/jeremywatt/Library/Developer/Xcode/DerivedData/TodoTimers-hhkfosrtfdujgsaeyczcbhtfazrk/Build/Intermediates.noindex/TodoTimers.build/Debug-iphonesimulator/TodoTimers.build/Objects-normal/arm64/TodoTimers.SwiftConstValuesFileList (in target 'TodoTimers' from project 'TodoTimers')
    cd /Users/jeremywatt/Desktop/todo-timers-ios/TodoTimers
    write-file /Users/jeremywatt/Library/Developer/Xcode/DerivedData/TodoTimers-hhkfosrtfdujgsaeyczcbhtfazrk/Build/Intermediates.noindex/TodoTimers.build/Debug-iphonesimulator/TodoTimers.build/Objects-normal/arm64/TodoTimers.SwiftConstValuesFileList

WriteAuxiliaryFile /Users/jeremywatt/Library/Developer/Xcode/DerivedData/TodoTimers-hhkfosrtfdujgsaeyczcbhtfazrk/Build/Intermediates.noindex/TodoTimers.build/Debug-iphonesimulator/TodoTimers.build/Objects-normal/arm64/TodoTimers.LinkFileList (in target 'TodoTimers' from project 'TodoTimers')
    cd /Users/jeremywatt/Desktop/todo-timers-ios/TodoTimers
    write-file /Users/jeremywatt/Library/Developer/Xcode/DerivedData/TodoTimers-hhkfosrtfdujgsaeyczcbhtfazrk/Build/Intermediates.noindex/TodoTimers.build/Debug-iphonesimulator/TodoTimers.build/Objects-normal/arm64/TodoTimers.LinkFileList

ProcessInfoPlistFile /Users/jeremywatt/Library/Developer/Xcode/DerivedData/TodoTimers-hhkfosrtfdujgsaeyczcbhtfazrk/Build/Products/Debug-watchsimulator/TodoTimers\ Watch\ App\ Watch\ App.app/Info.plist /Users/jeremywatt/Library/Developer/Xcode/DerivedData/TodoTimers-hhkfosrtfdujgsaeyczcbhtfazrk/Build/Intermediates.noindex/TodoTimers.build/Debug-watchsimulator/TodoTimers\ Watch\ App\ Watch\ App.build/empty-TodoTimers\ Watch\ App\ Watch\ App.plist (in target 'TodoTimers Watch App Watch App' from project 'TodoTimers')
    cd /Users/jeremywatt/Desktop/todo-timers-ios/TodoTimers
    builtin-infoPlistUtility /Users/jeremywatt/Library/Developer/Xcode/DerivedData/TodoTimers-hhkfosrtfdujgsaeyczcbhtfazrk/Build/Intermediates.noindex/TodoTimers.build/Debug-watchsimulator/TodoTimers\ Watch\ App\ Watch\ App.build/empty-TodoTimers\ Watch\ App\ Watch\ App.plist -producttype com.apple.product-type.application -genpkginfo /Users/jeremywatt/Library/Developer/Xcode/DerivedData/TodoTimers-hhkfosrtfdujgsaeyczcbhtfazrk/Build/Products/Debug-watchsimulator/TodoTimers\ Watch\ App\ Watch\ App.app/PkgInfo -expandbuildsettings -format binary -platform watchsimulator -additionalcontentfile /Users/jeremywatt/Library/Developer/Xcode/DerivedData/TodoTimers-hhkfosrtfdujgsaeyczcbhtfazrk/Build/Intermediates.noindex/TodoTimers.build/Debug-watchsimulator/TodoTimers\ Watch\ App\ Watch\ App.build/assetcatalog_generated_info.plist -o /Users/jeremywatt/Library/Developer/Xcode/DerivedData/TodoTimers-hhkfosrtfdujgsaeyczcbhtfazrk/Build/Products/Debug-watchsimulator/TodoTimers\ Watch\ App\ Watch\ App.app/Info.plist

CopySwiftLibs /Users/jeremywatt/Library/Developer/Xcode/DerivedData/TodoTimers-hhkfosrtfdujgsaeyczcbhtfazrk/Build/Products/Debug-watchsimulator/TodoTimers\ Watch\ App\ Watch\ App.app (in target 'TodoTimers Watch App Watch App' from project 'TodoTimers')
    cd /Users/jeremywatt/Desktop/todo-timers-ios/TodoTimers
    builtin-swiftStdLibTool --copy --verbose --sign - --scan-executable /Users/jeremywatt/Library/Developer/Xcode/DerivedData/TodoTimers-hhkfosrtfdujgsaeyczcbhtfazrk/Build/Products/Debug-watchsimulator/TodoTimers\ Watch\ App\ Watch\ App.app/TodoTimers\ Watch\ App\ Watch\ App.debug.dylib --scan-folder /Users/jeremywatt/Library/Developer/Xcode/DerivedData/TodoTimers-hhkfosrtfdujgsaeyczcbhtfazrk/Build/Products/Debug-watchsimulator/TodoTimers\ Watch\ App\ Watch\ App.app/Frameworks --scan-folder /Users/jeremywatt/Library/Developer/Xcode/DerivedData/TodoTimers-hhkfosrtfdujgsaeyczcbhtfazrk/Build/Products/Debug-watchsimulator/TodoTimers\ Watch\ App\ Watch\ App.app/PlugIns --scan-folder /Users/jeremywatt/Library/Developer/Xcode/DerivedData/TodoTimers-hhkfosrtfdujgsaeyczcbhtfazrk/Build/Products/Debug-watchsimulator/TodoTimers\ Watch\ App\ Watch\ App.app/SystemExtensions --scan-folder /Users/jeremywatt/Library/Developer/Xcode/DerivedData/TodoTimers-hhkfosrtfdujgsaeyczcbhtfazrk/Build/Products/Debug-watchsimulator/TodoTimers\ Watch\ App\ Watch\ App.app/Extensions --platform watchsimulator --toolchain /Applications/Xcode.app/Contents/Developer/Toolchains/XcodeDefault.xctoolchain --destination /Users/jeremywatt/Library/Developer/Xcode/DerivedData/TodoTimers-hhkfosrtfdujgsaeyczcbhtfazrk/Build/Products/Debug-watchsimulator/TodoTimers\ Watch\ App\ Watch\ App.app/Frameworks --strip-bitcode --strip-bitcode-tool /Applications/Xcode.app/Contents/Developer/Toolchains/XcodeDefault.xctoolchain/usr/bin/bitcode_strip --emit-dependency-info /Users/jeremywatt/Library/Developer/Xcode/DerivedData/TodoTimers-hhkfosrtfdujgsaeyczcbhtfazrk/Build/Intermediates.noindex/TodoTimers.build/Debug-watchsimulator/TodoTimers\ Watch\ App\ Watch\ App.build/SwiftStdLibToolInputDependencies.dep --filter-for-swift-os

SwiftDriver TodoTimers normal arm64 com.apple.xcode.tools.swift.compiler (in target 'TodoTimers' from project 'TodoTimers')
    cd /Users/jeremywatt/Desktop/todo-timers-ios/TodoTimers
    builtin-SwiftDriver -- /Applications/Xcode.app/Contents/Developer/Toolchains/XcodeDefault.xctoolchain/usr/bin/swiftc -module-name TodoTimers -Onone -enforce-exclusivity\=checked @/Users/jeremywatt/Library/Developer/Xcode/DerivedData/TodoTimers-hhkfosrtfdujgsaeyczcbhtfazrk/Build/Intermediates.noindex/TodoTimers.build/Debug-iphonesimulator/TodoTimers.build/Objects-normal/arm64/TodoTimers.SwiftFileList -DDEBUG -enable-bare-slash-regex -enable-experimental-feature DebugDescriptionMacro -sdk /Applications/Xcode.app/Contents/Developer/Platforms/iPhoneSimulator.platform/Developer/SDKs/iPhoneSimulator18.5.sdk -target arm64-apple-ios17.0-simulator -g -module-cache-path /Users/jeremywatt/Library/Developer/Xcode/DerivedData/ModuleCache.noindex -Xfrontend -serialize-debugging-options -profile-coverage-mapping -profile-generate -enable-testing -index-store-path /Users/jeremywatt/Library/Developer/Xcode/DerivedData/TodoTimers-hhkfosrtfdujgsaeyczcbhtfazrk/Index.noindex/DataStore -swift-version 5 -I /Users/jeremywatt/Library/Developer/Xcode/DerivedData/TodoTimers-hhkfosrtfdujgsaeyczcbhtfazrk/Build/Products/Debug-iphonesimulator -F /Users/jeremywatt/Library/Developer/Xcode/DerivedData/TodoTimers-hhkfosrtfdujgsaeyczcbhtfazrk/Build/Products/Debug-iphonesimulator -emit-localized-strings -emit-localized-strings-path /Users/jeremywatt/Library/Developer/Xcode/DerivedData/TodoTimers-hhkfosrtfdujgsaeyczcbhtfazrk/Build/Intermediates.noindex/TodoTimers.build/Debug-iphonesimulator/TodoTimers.build/Objects-normal/arm64 -c -j10 -enable-batch-mode -incremental -Xcc -ivfsstatcache -Xcc /Users/jeremywatt/Library/Developer/Xcode/DerivedData/SDKStatCaches.noindex/iphonesimulator18.5-22F76-d5fc8ad4295d2ef488fb7d0f804ce0c4.sdkstatcache -output-file-map /Users/jeremywatt/Library/Developer/Xcode/DerivedData/TodoTimers-hhkfosrtfdujgsaeyczcbhtfazrk/Build/Intermediates.noindex/TodoTimers.build/Debug-iphonesimulator/TodoTimers.build/Objects-normal/arm64/TodoTimers-OutputFileMap.json -use-frontend-parseable-output -save-temps -no-color-diagnostics -serialize-diagnostics -emit-dependencies -emit-module -emit-module-path /Users/jeremywatt/Library/Developer/Xcode/DerivedData/TodoTimers-hhkfosrtfdujgsaeyczcbhtfazrk/Build/Intermediates.noindex/TodoTimers.build/Debug-iphonesimulator/TodoTimers.build/Objects-normal/arm64/TodoTimers.swiftmodule -validate-clang-modules-once -clang-build-session-file /Users/jeremywatt/Library/Developer/Xcode/DerivedData/ModuleCache.noindex/Session.modulevalidation -Xcc -I/Users/jeremywatt/Library/Developer/Xcode/DerivedData/TodoTimers-hhkfosrtfdujgsaeyczcbhtfazrk/Build/Intermediates.noindex/TodoTimers.build/Debug-iphonesimulator/TodoTimers.build/swift-overrides.hmap -emit-const-values -Xfrontend -const-gather-protocols-file -Xfrontend /Users/jeremywatt/Library/Developer/Xcode/DerivedData/TodoTimers-hhkfosrtfdujgsaeyczcbhtfazrk/Build/Intermediates.noindex/TodoTimers.build/Debug-iphonesimulator/TodoTimers.build/Objects-normal/arm64/TodoTimers_const_extract_protocols.json -Xcc -iquote -Xcc /Users/jeremywatt/Library/Developer/Xcode/DerivedData/TodoTimers-hhkfosrtfdujgsaeyczcbhtfazrk/Build/Intermediates.noindex/TodoTimers.build/Debug-iphonesimulator/TodoTimers.build/TodoTimers-generated-files.hmap -Xcc -I/Users/jeremywatt/Library/Developer/Xcode/DerivedData/TodoTimers-hhkfosrtfdujgsaeyczcbhtfazrk/Build/Intermediates.noindex/TodoTimers.build/Debug-iphonesimulator/TodoTimers.build/TodoTimers-own-target-headers.hmap -Xcc -I/Users/jeremywatt/Library/Developer/Xcode/DerivedData/TodoTimers-hhkfosrtfdujgsaeyczcbhtfazrk/Build/Intermediates.noindex/TodoTimers.build/Debug-iphonesimulator/TodoTimers.build/TodoTimers-all-target-headers.hmap -Xcc -iquote -Xcc /Users/jeremywatt/Library/Developer/Xcode/DerivedData/TodoTimers-hhkfosrtfdujgsaeyczcbhtfazrk/Build/Intermediates.noindex/TodoTimers.build/Debug-iphonesimulator/TodoTimers.build/TodoTimers-project-headers.hmap -Xcc -I/Users/jeremywatt/Library/Developer/Xcode/DerivedData/TodoTimers-hhkfosrtfdujgsaeyczcbhtfazrk/Build/Products/Debug-iphonesimulator/include -Xcc -I/Users/jeremywatt/Library/Developer/Xcode/DerivedData/TodoTimers-hhkfosrtfdujgsaeyczcbhtfazrk/Build/Intermediates.noindex/TodoTimers.build/Debug-iphonesimulator/TodoTimers.build/DerivedSources-normal/arm64 -Xcc -I/Users/jeremywatt/Library/Developer/Xcode/DerivedData/TodoTimers-hhkfosrtfdujgsaeyczcbhtfazrk/Build/Intermediates.noindex/TodoTimers.build/Debug-iphonesimulator/TodoTimers.build/DerivedSources/arm64 -Xcc -I/Users/jeremywatt/Library/Developer/Xcode/DerivedData/TodoTimers-hhkfosrtfdujgsaeyczcbhtfazrk/Build/Intermediates.noindex/TodoTimers.build/Debug-iphonesimulator/TodoTimers.build/DerivedSources -Xcc -DDEBUG\=1 -emit-objc-header -emit-objc-header-path /Users/jeremywatt/Library/Developer/Xcode/DerivedData/TodoTimers-hhkfosrtfdujgsaeyczcbhtfazrk/Build/Intermediates.noindex/TodoTimers.build/Debug-iphonesimulator/TodoTimers.build/Objects-normal/arm64/TodoTimers-Swift.h -working-directory /Users/jeremywatt/Desktop/todo-timers-ios/TodoTimers -experimental-emit-module-separately -disable-cmo

SwiftDriver\ Compilation\ Requirements TodoTimers normal arm64 com.apple.xcode.tools.swift.compiler (in target 'TodoTimers' from project 'TodoTimers')
    cd /Users/jeremywatt/Desktop/todo-timers-ios/TodoTimers
    builtin-Swift-Compilation-Requirements -- /Applications/Xcode.app/Contents/Developer/Toolchains/XcodeDefault.xctoolchain/usr/bin/swiftc -module-name TodoTimers -Onone -enforce-exclusivity\=checked @/Users/jeremywatt/Library/Developer/Xcode/DerivedData/TodoTimers-hhkfosrtfdujgsaeyczcbhtfazrk/Build/Intermediates.noindex/TodoTimers.build/Debug-iphonesimulator/TodoTimers.build/Objects-normal/arm64/TodoTimers.SwiftFileList -DDEBUG -enable-bare-slash-regex -enable-experimental-feature DebugDescriptionMacro -sdk /Applications/Xcode.app/Contents/Developer/Platforms/iPhoneSimulator.platform/Developer/SDKs/iPhoneSimulator18.5.sdk -target arm64-apple-ios17.0-simulator -g -module-cache-path /Users/jeremywatt/Library/Developer/Xcode/DerivedData/ModuleCache.noindex -Xfrontend -serialize-debugging-options -profile-coverage-mapping -profile-generate -enable-testing -index-store-path /Users/jeremywatt/Library/Developer/Xcode/DerivedData/TodoTimers-hhkfosrtfdujgsaeyczcbhtfazrk/Index.noindex/DataStore -swift-version 5 -I /Users/jeremywatt/Library/Developer/Xcode/DerivedData/TodoTimers-hhkfosrtfdujgsaeyczcbhtfazrk/Build/Products/Debug-iphonesimulator -F /Users/jeremywatt/Library/Developer/Xcode/DerivedData/TodoTimers-hhkfosrtfdujgsaeyczcbhtfazrk/Build/Products/Debug-iphonesimulator -emit-localized-strings -emit-localized-strings-path /Users/jeremywatt/Library/Developer/Xcode/DerivedData/TodoTimers-hhkfosrtfdujgsaeyczcbhtfazrk/Build/Intermediates.noindex/TodoTimers.build/Debug-iphonesimulator/TodoTimers.build/Objects-normal/arm64 -c -j10 -enable-batch-mode -incremental -Xcc -ivfsstatcache -Xcc /Users/jeremywatt/Library/Developer/Xcode/DerivedData/SDKStatCaches.noindex/iphonesimulator18.5-22F76-d5fc8ad4295d2ef488fb7d0f804ce0c4.sdkstatcache -output-file-map /Users/jeremywatt/Library/Developer/Xcode/DerivedData/TodoTimers-hhkfosrtfdujgsaeyczcbhtfazrk/Build/Intermediates.noindex/TodoTimers.build/Debug-iphonesimulator/TodoTimers.build/Objects-normal/arm64/TodoTimers-OutputFileMap.json -use-frontend-parseable-output -save-temps -no-color-diagnostics -serialize-diagnostics -emit-dependencies -emit-module -emit-module-path /Users/jeremywatt/Library/Developer/Xcode/DerivedData/TodoTimers-hhkfosrtfdujgsaeyczcbhtfazrk/Build/Intermediates.noindex/TodoTimers.build/Debug-iphonesimulator/TodoTimers.build/Objects-normal/arm64/TodoTimers.swiftmodule -validate-clang-modules-once -clang-build-session-file /Users/jeremywatt/Library/Developer/Xcode/DerivedData/ModuleCache.noindex/Session.modulevalidation -Xcc -I/Users/jeremywatt/Library/Developer/Xcode/DerivedData/TodoTimers-hhkfosrtfdujgsaeyczcbhtfazrk/Build/Intermediates.noindex/TodoTimers.build/Debug-iphonesimulator/TodoTimers.build/swift-overrides.hmap -emit-const-values -Xfrontend -const-gather-protocols-file -Xfrontend /Users/jeremywatt/Library/Developer/Xcode/DerivedData/TodoTimers-hhkfosrtfdujgsaeyczcbhtfazrk/Build/Intermediates.noindex/TodoTimers.build/Debug-iphonesimulator/TodoTimers.build/Objects-normal/arm64/TodoTimers_const_extract_protocols.json -Xcc -iquote -Xcc /Users/jeremywatt/Library/Developer/Xcode/DerivedData/TodoTimers-hhkfosrtfdujgsaeyczcbhtfazrk/Build/Intermediates.noindex/TodoTimers.build/Debug-iphonesimulator/TodoTimers.build/TodoTimers-generated-files.hmap -Xcc -I/Users/jeremywatt/Library/Developer/Xcode/DerivedData/TodoTimers-hhkfosrtfdujgsaeyczcbhtfazrk/Build/Intermediates.noindex/TodoTimers.build/Debug-iphonesimulator/TodoTimers.build/TodoTimers-own-target-headers.hmap -Xcc -I/Users/jeremywatt/Library/Developer/Xcode/DerivedData/TodoTimers-hhkfosrtfdujgsaeyczcbhtfazrk/Build/Intermediates.noindex/TodoTimers.build/Debug-iphonesimulator/TodoTimers.build/TodoTimers-all-target-headers.hmap -Xcc -iquote -Xcc /Users/jeremywatt/Library/Developer/Xcode/DerivedData/TodoTimers-hhkfosrtfdujgsaeyczcbhtfazrk/Build/Intermediates.noindex/TodoTimers.build/Debug-iphonesimulator/TodoTimers.build/TodoTimers-project-headers.hmap -Xcc -I/Users/jeremywatt/Library/Developer/Xcode/DerivedData/TodoTimers-hhkfosrtfdujgsaeyczcbhtfazrk/Build/Products/Debug-iphonesimulator/include -Xcc -I/Users/jeremywatt/Library/Developer/Xcode/DerivedData/TodoTimers-hhkfosrtfdujgsaeyczcbhtfazrk/Build/Intermediates.noindex/TodoTimers.build/Debug-iphonesimulator/TodoTimers.build/DerivedSources-normal/arm64 -Xcc -I/Users/jeremywatt/Library/Developer/Xcode/DerivedData/TodoTimers-hhkfosrtfdujgsaeyczcbhtfazrk/Build/Intermediates.noindex/TodoTimers.build/Debug-iphonesimulator/TodoTimers.build/DerivedSources/arm64 -Xcc -I/Users/jeremywatt/Library/Developer/Xcode/DerivedData/TodoTimers-hhkfosrtfdujgsaeyczcbhtfazrk/Build/Intermediates.noindex/TodoTimers.build/Debug-iphonesimulator/TodoTimers.build/DerivedSources -Xcc -DDEBUG\=1 -emit-objc-header -emit-objc-header-path /Users/jeremywatt/Library/Developer/Xcode/DerivedData/TodoTimers-hhkfosrtfdujgsaeyczcbhtfazrk/Build/Intermediates.noindex/TodoTimers.build/Debug-iphonesimulator/TodoTimers.build/Objects-normal/arm64/TodoTimers-Swift.h -working-directory /Users/jeremywatt/Desktop/todo-timers-ios/TodoTimers -experimental-emit-module-separately -disable-cmo

SwiftDriver\ Compilation TodoTimers normal arm64 com.apple.xcode.tools.swift.compiler (in target 'TodoTimers' from project 'TodoTimers')
    cd /Users/jeremywatt/Desktop/todo-timers-ios/TodoTimers
    builtin-Swift-Compilation -- /Applications/Xcode.app/Contents/Developer/Toolchains/XcodeDefault.xctoolchain/usr/bin/swiftc -module-name TodoTimers -Onone -enforce-exclusivity\=checked @/Users/jeremywatt/Library/Developer/Xcode/DerivedData/TodoTimers-hhkfosrtfdujgsaeyczcbhtfazrk/Build/Intermediates.noindex/TodoTimers.build/Debug-iphonesimulator/TodoTimers.build/Objects-normal/arm64/TodoTimers.SwiftFileList -DDEBUG -enable-bare-slash-regex -enable-experimental-feature DebugDescriptionMacro -sdk /Applications/Xcode.app/Contents/Developer/Platforms/iPhoneSimulator.platform/Developer/SDKs/iPhoneSimulator18.5.sdk -target arm64-apple-ios17.0-simulator -g -module-cache-path /Users/jeremywatt/Library/Developer/Xcode/DerivedData/ModuleCache.noindex -Xfrontend -serialize-debugging-options -profile-coverage-mapping -profile-generate -enable-testing -index-store-path /Users/jeremywatt/Library/Developer/Xcode/DerivedData/TodoTimers-hhkfosrtfdujgsaeyczcbhtfazrk/Index.noindex/DataStore -swift-version 5 -I /Users/jeremywatt/Library/Developer/Xcode/DerivedData/TodoTimers-hhkfosrtfdujgsaeyczcbhtfazrk/Build/Products/Debug-iphonesimulator -F /Users/jeremywatt/Library/Developer/Xcode/DerivedData/TodoTimers-hhkfosrtfdujgsaeyczcbhtfazrk/Build/Products/Debug-iphonesimulator -emit-localized-strings -emit-localized-strings-path /Users/jeremywatt/Library/Developer/Xcode/DerivedData/TodoTimers-hhkfosrtfdujgsaeyczcbhtfazrk/Build/Intermediates.noindex/TodoTimers.build/Debug-iphonesimulator/TodoTimers.build/Objects-normal/arm64 -c -j10 -enable-batch-mode -incremental -Xcc -ivfsstatcache -Xcc /Users/jeremywatt/Library/Developer/Xcode/DerivedData/SDKStatCaches.noindex/iphonesimulator18.5-22F76-d5fc8ad4295d2ef488fb7d0f804ce0c4.sdkstatcache -output-file-map /Users/jeremywatt/Library/Developer/Xcode/DerivedData/TodoTimers-hhkfosrtfdujgsaeyczcbhtfazrk/Build/Intermediates.noindex/TodoTimers.build/Debug-iphonesimulator/TodoTimers.build/Objects-normal/arm64/TodoTimers-OutputFileMap.json -use-frontend-parseable-output -save-temps -no-color-diagnostics -serialize-diagnostics -emit-dependencies -emit-module -emit-module-path /Users/jeremywatt/Library/Developer/Xcode/DerivedData/TodoTimers-hhkfosrtfdujgsaeyczcbhtfazrk/Build/Intermediates.noindex/TodoTimers.build/Debug-iphonesimulator/TodoTimers.build/Objects-normal/arm64/TodoTimers.swiftmodule -validate-clang-modules-once -clang-build-session-file /Users/jeremywatt/Library/Developer/Xcode/DerivedData/ModuleCache.noindex/Session.modulevalidation -Xcc -I/Users/jeremywatt/Library/Developer/Xcode/DerivedData/TodoTimers-hhkfosrtfdujgsaeyczcbhtfazrk/Build/Intermediates.noindex/TodoTimers.build/Debug-iphonesimulator/TodoTimers.build/swift-overrides.hmap -emit-const-values -Xfrontend -const-gather-protocols-file -Xfrontend /Users/jeremywatt/Library/Developer/Xcode/DerivedData/TodoTimers-hhkfosrtfdujgsaeyczcbhtfazrk/Build/Intermediates.noindex/TodoTimers.build/Debug-iphonesimulator/TodoTimers.build/Objects-normal/arm64/TodoTimers_const_extract_protocols.json -Xcc -iquote -Xcc /Users/jeremywatt/Library/Developer/Xcode/DerivedData/TodoTimers-hhkfosrtfdujgsaeyczcbhtfazrk/Build/Intermediates.noindex/TodoTimers.build/Debug-iphonesimulator/TodoTimers.build/TodoTimers-generated-files.hmap -Xcc -I/Users/jeremywatt/Library/Developer/Xcode/DerivedData/TodoTimers-hhkfosrtfdujgsaeyczcbhtfazrk/Build/Intermediates.noindex/TodoTimers.build/Debug-iphonesimulator/TodoTimers.build/TodoTimers-own-target-headers.hmap -Xcc -I/Users/jeremywatt/Library/Developer/Xcode/DerivedData/TodoTimers-hhkfosrtfdujgsaeyczcbhtfazrk/Build/Intermediates.noindex/TodoTimers.build/Debug-iphonesimulator/TodoTimers.build/TodoTimers-all-target-headers.hmap -Xcc -iquote -Xcc /Users/jeremywatt/Library/Developer/Xcode/DerivedData/TodoTimers-hhkfosrtfdujgsaeyczcbhtfazrk/Build/Intermediates.noindex/TodoTimers.build/Debug-iphonesimulator/TodoTimers.build/TodoTimers-project-headers.hmap -Xcc -I/Users/jeremywatt/Library/Developer/Xcode/DerivedData/TodoTimers-hhkfosrtfdujgsaeyczcbhtfazrk/Build/Products/Debug-iphonesimulator/include -Xcc -I/Users/jeremywatt/Library/Developer/Xcode/DerivedData/TodoTimers-hhkfosrtfdujgsaeyczcbhtfazrk/Build/Intermediates.noindex/TodoTimers.build/Debug-iphonesimulator/TodoTimers.build/DerivedSources-normal/arm64 -Xcc -I/Users/jeremywatt/Library/Developer/Xcode/DerivedData/TodoTimers-hhkfosrtfdujgsaeyczcbhtfazrk/Build/Intermediates.noindex/TodoTimers.build/Debug-iphonesimulator/TodoTimers.build/DerivedSources/arm64 -Xcc -I/Users/jeremywatt/Library/Developer/Xcode/DerivedData/TodoTimers-hhkfosrtfdujgsaeyczcbhtfazrk/Build/Intermediates.noindex/TodoTimers.build/Debug-iphonesimulator/TodoTimers.build/DerivedSources -Xcc -DDEBUG\=1 -emit-objc-header -emit-objc-header-path /Users/jeremywatt/Library/Developer/Xcode/DerivedData/TodoTimers-hhkfosrtfdujgsaeyczcbhtfazrk/Build/Intermediates.noindex/TodoTimers.build/Debug-iphonesimulator/TodoTimers.build/Objects-normal/arm64/TodoTimers-Swift.h -working-directory /Users/jeremywatt/Desktop/todo-timers-ios/TodoTimers -experimental-emit-module-separately -disable-cmo

SwiftDriver TodoTimersTests normal arm64 com.apple.xcode.tools.swift.compiler (in target 'TodoTimersTests' from project 'TodoTimers')
    cd /Users/jeremywatt/Desktop/todo-timers-ios/TodoTimers
    builtin-SwiftDriver -- /Applications/Xcode.app/Contents/Developer/Toolchains/XcodeDefault.xctoolchain/usr/bin/swiftc -module-name TodoTimersTests -Onone -enforce-exclusivity\=checked @/Users/jeremywatt/Library/Developer/Xcode/DerivedData/TodoTimers-hhkfosrtfdujgsaeyczcbhtfazrk/Build/Intermediates.noindex/TodoTimers.build/Debug-iphonesimulator/TodoTimersTests.build/Objects-normal/arm64/TodoTimersTests.SwiftFileList -DDEBUG -plugin-path /Applications/Xcode.app/Contents/Developer/Toolchains/XcodeDefault.xctoolchain/usr/lib/swift/host/plugins/testing -enable-bare-slash-regex -enable-experimental-feature DebugDescriptionMacro -sdk /Applications/Xcode.app/Contents/Developer/Platforms/iPhoneSimulator.platform/Developer/SDKs/iPhoneSimulator18.5.sdk -target arm64-apple-ios17.0-simulator -g -module-cache-path /Users/jeremywatt/Library/Developer/Xcode/DerivedData/ModuleCache.noindex -Xfrontend -serialize-debugging-options -profile-coverage-mapping -profile-generate -enable-testing -index-store-path /Users/jeremywatt/Library/Developer/Xcode/DerivedData/TodoTimers-hhkfosrtfdujgsaeyczcbhtfazrk/Index.noindex/DataStore -swift-version 5 -I /Users/jeremywatt/Library/Developer/Xcode/DerivedData/TodoTimers-hhkfosrtfdujgsaeyczcbhtfazrk/Build/Products/Debug-iphonesimulator -I /Applications/Xcode.app/Contents/Developer/Platforms/iPhoneSimulator.platform/Developer/usr/lib -F /Users/jeremywatt/Library/Developer/Xcode/DerivedData/TodoTimers-hhkfosrtfdujgsaeyczcbhtfazrk/Build/Products/Debug-iphonesimulator -F /Applications/Xcode.app/Contents/Developer/Platforms/iPhoneSimulator.platform/Developer/Library/Frameworks -F /Applications/Xcode.app/Contents/Developer/Platforms/iPhoneSimulator.platform/Developer/SDKs/iPhoneSimulator18.5.sdk/Developer/Library/Frameworks -c -j10 -enable-batch-mode -incremental -Xcc -ivfsstatcache -Xcc /Users/jeremywatt/Library/Developer/Xcode/DerivedData/SDKStatCaches.noindex/iphonesimulator18.5-22F76-d5fc8ad4295d2ef488fb7d0f804ce0c4.sdkstatcache -output-file-map /Users/jeremywatt/Library/Developer/Xcode/DerivedData/TodoTimers-hhkfosrtfdujgsaeyczcbhtfazrk/Build/Intermediates.noindex/TodoTimers.build/Debug-iphonesimulator/TodoTimersTests.build/Objects-normal/arm64/TodoTimersTests-OutputFileMap.json -use-frontend-parseable-output -save-temps -no-color-diagnostics -serialize-diagnostics -emit-dependencies -emit-module -emit-module-path /Users/jeremywatt/Library/Developer/Xcode/DerivedData/TodoTimers-hhkfosrtfdujgsaeyczcbhtfazrk/Build/Intermediates.noindex/TodoTimers.build/Debug-iphonesimulator/TodoTimersTests.build/Objects-normal/arm64/TodoTimersTests.swiftmodule -validate-clang-modules-once -clang-build-session-file /Users/jeremywatt/Library/Developer/Xcode/DerivedData/ModuleCache.noindex/Session.modulevalidation -Xcc -I/Users/jeremywatt/Library/Developer/Xcode/DerivedData/TodoTimers-hhkfosrtfdujgsaeyczcbhtfazrk/Build/Intermediates.noindex/TodoTimers.build/Debug-iphonesimulator/TodoTimersTests.build/swift-overrides.hmap -emit-const-values -Xfrontend -const-gather-protocols-file -Xfrontend /Users/jeremywatt/Library/Developer/Xcode/DerivedData/TodoTimers-hhkfosrtfdujgsaeyczcbhtfazrk/Build/Intermediates.noindex/TodoTimers.build/Debug-iphonesimulator/TodoTimersTests.build/Objects-normal/arm64/TodoTimersTests_const_extract_protocols.json -Xcc -iquote -Xcc /Users/jeremywatt/Library/Developer/Xcode/DerivedData/TodoTimers-hhkfosrtfdujgsaeyczcbhtfazrk/Build/Intermediates.noindex/TodoTimers.build/Debug-iphonesimulator/TodoTimersTests.build/TodoTimersTests-generated-files.hmap -Xcc -I/Users/jeremywatt/Library/Developer/Xcode/DerivedData/TodoTimers-hhkfosrtfdujgsaeyczcbhtfazrk/Build/Intermediates.noindex/TodoTimers.build/Debug-iphonesimulator/TodoTimersTests.build/TodoTimersTests-own-target-headers.hmap -Xcc -I/Users/jeremywatt/Library/Developer/Xcode/DerivedData/TodoTimers-hhkfosrtfdujgsaeyczcbhtfazrk/Build/Intermediates.noindex/TodoTimers.build/Debug-iphonesimulator/TodoTimersTests.build/TodoTimersTests-all-target-headers.hmap -Xcc -iquote -Xcc /Users/jeremywatt/Library/Developer/Xcode/DerivedData/TodoTimers-hhkfosrtfdujgsaeyczcbhtfazrk/Build/Intermediates.noindex/TodoTimers.build/Debug-iphonesimulator/TodoTimersTests.build/TodoTimersTests-project-headers.hmap -Xcc -I/Users/jeremywatt/Library/Developer/Xcode/DerivedData/TodoTimers-hhkfosrtfdujgsaeyczcbhtfazrk/Build/Products/Debug-iphonesimulator/include -Xcc -I/Users/jeremywatt/Library/Developer/Xcode/DerivedData/TodoTimers-hhkfosrtfdujgsaeyczcbhtfazrk/Build/Intermediates.noindex/TodoTimers.build/Debug-iphonesimulator/TodoTimersTests.build/DerivedSources-normal/arm64 -Xcc -I/Users/jeremywatt/Library/Developer/Xcode/DerivedData/TodoTimers-hhkfosrtfdujgsaeyczcbhtfazrk/Build/Intermediates.noindex/TodoTimers.build/Debug-iphonesimulator/TodoTimersTests.build/DerivedSources/arm64 -Xcc -I/Users/jeremywatt/Library/Developer/Xcode/DerivedData/TodoTimers-hhkfosrtfdujgsaeyczcbhtfazrk/Build/Intermediates.noindex/TodoTimers.build/Debug-iphonesimulator/TodoTimersTests.build/DerivedSources -Xcc -DDEBUG\=1 -emit-objc-header -emit-objc-header-path /Users/jeremywatt/Library/Developer/Xcode/DerivedData/TodoTimers-hhkfosrtfdujgsaeyczcbhtfazrk/Build/Intermediates.noindex/TodoTimers.build/Debug-iphonesimulator/TodoTimersTests.build/Objects-normal/arm64/TodoTimersTests-Swift.h -working-directory /Users/jeremywatt/Desktop/todo-timers-ios/TodoTimers -experimental-emit-module-separately -disable-cmo

Ld /Users/jeremywatt/Library/Developer/Xcode/DerivedData/TodoTimers-hhkfosrtfdujgsaeyczcbhtfazrk/Build/Products/Debug-iphonesimulator/TodoTimers.app/TodoTimers.debug.dylib normal (in target 'TodoTimers' from project 'TodoTimers')
    cd /Users/jeremywatt/Desktop/todo-timers-ios/TodoTimers
    /Applications/Xcode.app/Contents/Developer/Toolchains/XcodeDefault.xctoolchain/usr/bin/clang -Xlinker -reproducible -target arm64-apple-ios17.0-simulator -dynamiclib -isysroot /Applications/Xcode.app/Contents/Developer/Platforms/iPhoneSimulator.platform/Developer/SDKs/iPhoneSimulator18.5.sdk -O0 -L/Users/jeremywatt/Library/Developer/Xcode/DerivedData/TodoTimers-hhkfosrtfdujgsaeyczcbhtfazrk/Build/Intermediates.noindex/EagerLinkingTBDs/Debug-iphonesimulator -L/Users/jeremywatt/Library/Developer/Xcode/DerivedData/TodoTimers-hhkfosrtfdujgsaeyczcbhtfazrk/Build/Products/Debug-iphonesimulator -F/Users/jeremywatt/Library/Developer/Xcode/DerivedData/TodoTimers-hhkfosrtfdujgsaeyczcbhtfazrk/Build/Intermediates.noindex/EagerLinkingTBDs/Debug-iphonesimulator -F/Users/jeremywatt/Library/Developer/Xcode/DerivedData/TodoTimers-hhkfosrtfdujgsaeyczcbhtfazrk/Build/Products/Debug-iphonesimulator -filelist /Users/jeremywatt/Library/Developer/Xcode/DerivedData/TodoTimers-hhkfosrtfdujgsaeyczcbhtfazrk/Build/Intermediates.noindex/TodoTimers.build/Debug-iphonesimulator/TodoTimers.build/Objects-normal/arm64/TodoTimers.LinkFileList -install_name @rpath/TodoTimers.debug.dylib -Xlinker -rpath -Xlinker @executable_path/Frameworks -dead_strip -Xlinker -object_path_lto -Xlinker /Users/jeremywatt/Library/Developer/Xcode/DerivedData/TodoTimers-hhkfosrtfdujgsaeyczcbhtfazrk/Build/Intermediates.noindex/TodoTimers.build/Debug-iphonesimulator/TodoTimers.build/Objects-normal/arm64/TodoTimers_lto.o -rdynamic -Xlinker -no_deduplicate -Xlinker -objc_abi_version -Xlinker 2 -Xlinker -debug_variant -Xlinker -dependency_info -Xlinker /Users/jeremywatt/Library/Developer/Xcode/DerivedData/TodoTimers-hhkfosrtfdujgsaeyczcbhtfazrk/Build/Intermediates.noindex/TodoTimers.build/Debug-iphonesimulator/TodoTimers.build/Objects-normal/arm64/TodoTimers_dependency_info.dat -fobjc-link-runtime -fprofile-instr-generate -L/Applications/Xcode.app/Contents/Developer/Toolchains/XcodeDefault.xctoolchain/usr/lib/swift/iphonesimulator -L/usr/lib/swift -Xlinker -add_ast_path -Xlinker /Users/jeremywatt/Library/Developer/Xcode/DerivedData/TodoTimers-hhkfosrtfdujgsaeyczcbhtfazrk/Build/Intermediates.noindex/TodoTimers.build/Debug-iphonesimulator/TodoTimers.build/Objects-normal/arm64/TodoTimers.swiftmodule -Xlinker -alias -Xlinker _main -Xlinker ___debug_main_executable_dylib_entry_point -Xlinker -no_adhoc_codesign -o /Users/jeremywatt/Library/Developer/Xcode/DerivedData/TodoTimers-hhkfosrtfdujgsaeyczcbhtfazrk/Build/Products/Debug-iphonesimulator/TodoTimers.app/TodoTimers.debug.dylib

SwiftDriver\ Compilation\ Requirements TodoTimersTests normal arm64 com.apple.xcode.tools.swift.compiler (in target 'TodoTimersTests' from project 'TodoTimers')
    cd /Users/jeremywatt/Desktop/todo-timers-ios/TodoTimers
    builtin-Swift-Compilation-Requirements -- /Applications/Xcode.app/Contents/Developer/Toolchains/XcodeDefault.xctoolchain/usr/bin/swiftc -module-name TodoTimersTests -Onone -enforce-exclusivity\=checked @/Users/jeremywatt/Library/Developer/Xcode/DerivedData/TodoTimers-hhkfosrtfdujgsaeyczcbhtfazrk/Build/Intermediates.noindex/TodoTimers.build/Debug-iphonesimulator/TodoTimersTests.build/Objects-normal/arm64/TodoTimersTests.SwiftFileList -DDEBUG -plugin-path /Applications/Xcode.app/Contents/Developer/Toolchains/XcodeDefault.xctoolchain/usr/lib/swift/host/plugins/testing -enable-bare-slash-regex -enable-experimental-feature DebugDescriptionMacro -sdk /Applications/Xcode.app/Contents/Developer/Platforms/iPhoneSimulator.platform/Developer/SDKs/iPhoneSimulator18.5.sdk -target arm64-apple-ios17.0-simulator -g -module-cache-path /Users/jeremywatt/Library/Developer/Xcode/DerivedData/ModuleCache.noindex -Xfrontend -serialize-debugging-options -profile-coverage-mapping -profile-generate -enable-testing -index-store-path /Users/jeremywatt/Library/Developer/Xcode/DerivedData/TodoTimers-hhkfosrtfdujgsaeyczcbhtfazrk/Index.noindex/DataStore -swift-version 5 -I /Users/jeremywatt/Library/Developer/Xcode/DerivedData/TodoTimers-hhkfosrtfdujgsaeyczcbhtfazrk/Build/Products/Debug-iphonesimulator -I /Applications/Xcode.app/Contents/Developer/Platforms/iPhoneSimulator.platform/Developer/usr/lib -F /Users/jeremywatt/Library/Developer/Xcode/DerivedData/TodoTimers-hhkfosrtfdujgsaeyczcbhtfazrk/Build/Products/Debug-iphonesimulator -F /Applications/Xcode.app/Contents/Developer/Platforms/iPhoneSimulator.platform/Developer/Library/Frameworks -F /Applications/Xcode.app/Contents/Developer/Platforms/iPhoneSimulator.platform/Developer/SDKs/iPhoneSimulator18.5.sdk/Developer/Library/Frameworks -c -j10 -enable-batch-mode -incremental -Xcc -ivfsstatcache -Xcc /Users/jeremywatt/Library/Developer/Xcode/DerivedData/SDKStatCaches.noindex/iphonesimulator18.5-22F76-d5fc8ad4295d2ef488fb7d0f804ce0c4.sdkstatcache -output-file-map /Users/jeremywatt/Library/Developer/Xcode/DerivedData/TodoTimers-hhkfosrtfdujgsaeyczcbhtfazrk/Build/Intermediates.noindex/TodoTimers.build/Debug-iphonesimulator/TodoTimersTests.build/Objects-normal/arm64/TodoTimersTests-OutputFileMap.json -use-frontend-parseable-output -save-temps -no-color-diagnostics -serialize-diagnostics -emit-dependencies -emit-module -emit-module-path /Users/jeremywatt/Library/Developer/Xcode/DerivedData/TodoTimers-hhkfosrtfdujgsaeyczcbhtfazrk/Build/Intermediates.noindex/TodoTimers.build/Debug-iphonesimulator/TodoTimersTests.build/Objects-normal/arm64/TodoTimersTests.swiftmodule -validate-clang-modules-once -clang-build-session-file /Users/jeremywatt/Library/Developer/Xcode/DerivedData/ModuleCache.noindex/Session.modulevalidation -Xcc -I/Users/jeremywatt/Library/Developer/Xcode/DerivedData/TodoTimers-hhkfosrtfdujgsaeyczcbhtfazrk/Build/Intermediates.noindex/TodoTimers.build/Debug-iphonesimulator/TodoTimersTests.build/swift-overrides.hmap -emit-const-values -Xfrontend -const-gather-protocols-file -Xfrontend /Users/jeremywatt/Library/Developer/Xcode/DerivedData/TodoTimers-hhkfosrtfdujgsaeyczcbhtfazrk/Build/Intermediates.noindex/TodoTimers.build/Debug-iphonesimulator/TodoTimersTests.build/Objects-normal/arm64/TodoTimersTests_const_extract_protocols.json -Xcc -iquote -Xcc /Users/jeremywatt/Library/Developer/Xcode/DerivedData/TodoTimers-hhkfosrtfdujgsaeyczcbhtfazrk/Build/Intermediates.noindex/TodoTimers.build/Debug-iphonesimulator/TodoTimersTests.build/TodoTimersTests-generated-files.hmap -Xcc -I/Users/jeremywatt/Library/Developer/Xcode/DerivedData/TodoTimers-hhkfosrtfdujgsaeyczcbhtfazrk/Build/Intermediates.noindex/TodoTimers.build/Debug-iphonesimulator/TodoTimersTests.build/TodoTimersTests-own-target-headers.hmap -Xcc -I/Users/jeremywatt/Library/Developer/Xcode/DerivedData/TodoTimers-hhkfosrtfdujgsaeyczcbhtfazrk/Build/Intermediates.noindex/TodoTimers.build/Debug-iphonesimulator/TodoTimersTests.build/TodoTimersTests-all-target-headers.hmap -Xcc -iquote -Xcc /Users/jeremywatt/Library/Developer/Xcode/DerivedData/TodoTimers-hhkfosrtfdujgsaeyczcbhtfazrk/Build/Intermediates.noindex/TodoTimers.build/Debug-iphonesimulator/TodoTimersTests.build/TodoTimersTests-project-headers.hmap -Xcc -I/Users/jeremywatt/Library/Developer/Xcode/DerivedData/TodoTimers-hhkfosrtfdujgsaeyczcbhtfazrk/Build/Products/Debug-iphonesimulator/include -Xcc -I/Users/jeremywatt/Library/Developer/Xcode/DerivedData/TodoTimers-hhkfosrtfdujgsaeyczcbhtfazrk/Build/Intermediates.noindex/TodoTimers.build/Debug-iphonesimulator/TodoTimersTests.build/DerivedSources-normal/arm64 -Xcc -I/Users/jeremywatt/Library/Developer/Xcode/DerivedData/TodoTimers-hhkfosrtfdujgsaeyczcbhtfazrk/Build/Intermediates.noindex/TodoTimers.build/Debug-iphonesimulator/TodoTimersTests.build/DerivedSources/arm64 -Xcc -I/Users/jeremywatt/Library/Developer/Xcode/DerivedData/TodoTimers-hhkfosrtfdujgsaeyczcbhtfazrk/Build/Intermediates.noindex/TodoTimers.build/Debug-iphonesimulator/TodoTimersTests.build/DerivedSources -Xcc -DDEBUG\=1 -emit-objc-header -emit-objc-header-path /Users/jeremywatt/Library/Developer/Xcode/DerivedData/TodoTimers-hhkfosrtfdujgsaeyczcbhtfazrk/Build/Intermediates.noindex/TodoTimers.build/Debug-iphonesimulator/TodoTimersTests.build/Objects-normal/arm64/TodoTimersTests-Swift.h -working-directory /Users/jeremywatt/Desktop/todo-timers-ios/TodoTimers -experimental-emit-module-separately -disable-cmo

SwiftDriver\ Compilation TodoTimersTests normal arm64 com.apple.xcode.tools.swift.compiler (in target 'TodoTimersTests' from project 'TodoTimers')
    cd /Users/jeremywatt/Desktop/todo-timers-ios/TodoTimers
    builtin-Swift-Compilation -- /Applications/Xcode.app/Contents/Developer/Toolchains/XcodeDefault.xctoolchain/usr/bin/swiftc -module-name TodoTimersTests -Onone -enforce-exclusivity\=checked @/Users/jeremywatt/Library/Developer/Xcode/DerivedData/TodoTimers-hhkfosrtfdujgsaeyczcbhtfazrk/Build/Intermediates.noindex/TodoTimers.build/Debug-iphonesimulator/TodoTimersTests.build/Objects-normal/arm64/TodoTimersTests.SwiftFileList -DDEBUG -plugin-path /Applications/Xcode.app/Contents/Developer/Toolchains/XcodeDefault.xctoolchain/usr/lib/swift/host/plugins/testing -enable-bare-slash-regex -enable-experimental-feature DebugDescriptionMacro -sdk /Applications/Xcode.app/Contents/Developer/Platforms/iPhoneSimulator.platform/Developer/SDKs/iPhoneSimulator18.5.sdk -target arm64-apple-ios17.0-simulator -g -module-cache-path /Users/jeremywatt/Library/Developer/Xcode/DerivedData/ModuleCache.noindex -Xfrontend -serialize-debugging-options -profile-coverage-mapping -profile-generate -enable-testing -index-store-path /Users/jeremywatt/Library/Developer/Xcode/DerivedData/TodoTimers-hhkfosrtfdujgsaeyczcbhtfazrk/Index.noindex/DataStore -swift-version 5 -I /Users/jeremywatt/Library/Developer/Xcode/DerivedData/TodoTimers-hhkfosrtfdujgsaeyczcbhtfazrk/Build/Products/Debug-iphonesimulator -I /Applications/Xcode.app/Contents/Developer/Platforms/iPhoneSimulator.platform/Developer/usr/lib -F /Users/jeremywatt/Library/Developer/Xcode/DerivedData/TodoTimers-hhkfosrtfdujgsaeyczcbhtfazrk/Build/Products/Debug-iphonesimulator -F /Applications/Xcode.app/Contents/Developer/Platforms/iPhoneSimulator.platform/Developer/Library/Frameworks -F /Applications/Xcode.app/Contents/Developer/Platforms/iPhoneSimulator.platform/Developer/SDKs/iPhoneSimulator18.5.sdk/Developer/Library/Frameworks -c -j10 -enable-batch-mode -incremental -Xcc -ivfsstatcache -Xcc /Users/jeremywatt/Library/Developer/Xcode/DerivedData/SDKStatCaches.noindex/iphonesimulator18.5-22F76-d5fc8ad4295d2ef488fb7d0f804ce0c4.sdkstatcache -output-file-map /Users/jeremywatt/Library/Developer/Xcode/DerivedData/TodoTimers-hhkfosrtfdujgsaeyczcbhtfazrk/Build/Intermediates.noindex/TodoTimers.build/Debug-iphonesimulator/TodoTimersTests.build/Objects-normal/arm64/TodoTimersTests-OutputFileMap.json -use-frontend-parseable-output -save-temps -no-color-diagnostics -serialize-diagnostics -emit-dependencies -emit-module -emit-module-path /Users/jeremywatt/Library/Developer/Xcode/DerivedData/TodoTimers-hhkfosrtfdujgsaeyczcbhtfazrk/Build/Intermediates.noindex/TodoTimers.build/Debug-iphonesimulator/TodoTimersTests.build/Objects-normal/arm64/TodoTimersTests.swiftmodule -validate-clang-modules-once -clang-build-session-file /Users/jeremywatt/Library/Developer/Xcode/DerivedData/ModuleCache.noindex/Session.modulevalidation -Xcc -I/Users/jeremywatt/Library/Developer/Xcode/DerivedData/TodoTimers-hhkfosrtfdujgsaeyczcbhtfazrk/Build/Intermediates.noindex/TodoTimers.build/Debug-iphonesimulator/TodoTimersTests.build/swift-overrides.hmap -emit-const-values -Xfrontend -const-gather-protocols-file -Xfrontend /Users/jeremywatt/Library/Developer/Xcode/DerivedData/TodoTimers-hhkfosrtfdujgsaeyczcbhtfazrk/Build/Intermediates.noindex/TodoTimers.build/Debug-iphonesimulator/TodoTimersTests.build/Objects-normal/arm64/TodoTimersTests_const_extract_protocols.json -Xcc -iquote -Xcc /Users/jeremywatt/Library/Developer/Xcode/DerivedData/TodoTimers-hhkfosrtfdujgsaeyczcbhtfazrk/Build/Intermediates.noindex/TodoTimers.build/Debug-iphonesimulator/TodoTimersTests.build/TodoTimersTests-generated-files.hmap -Xcc -I/Users/jeremywatt/Library/Developer/Xcode/DerivedData/TodoTimers-hhkfosrtfdujgsaeyczcbhtfazrk/Build/Intermediates.noindex/TodoTimers.build/Debug-iphonesimulator/TodoTimersTests.build/TodoTimersTests-own-target-headers.hmap -Xcc -I/Users/jeremywatt/Library/Developer/Xcode/DerivedData/TodoTimers-hhkfosrtfdujgsaeyczcbhtfazrk/Build/Intermediates.noindex/TodoTimers.build/Debug-iphonesimulator/TodoTimersTests.build/TodoTimersTests-all-target-headers.hmap -Xcc -iquote -Xcc /Users/jeremywatt/Library/Developer/Xcode/DerivedData/TodoTimers-hhkfosrtfdujgsaeyczcbhtfazrk/Build/Intermediates.noindex/TodoTimers.build/Debug-iphonesimulator/TodoTimersTests.build/TodoTimersTests-project-headers.hmap -Xcc -I/Users/jeremywatt/Library/Developer/Xcode/DerivedData/TodoTimers-hhkfosrtfdujgsaeyczcbhtfazrk/Build/Products/Debug-iphonesimulator/include -Xcc -I/Users/jeremywatt/Library/Developer/Xcode/DerivedData/TodoTimers-hhkfosrtfdujgsaeyczcbhtfazrk/Build/Intermediates.noindex/TodoTimers.build/Debug-iphonesimulator/TodoTimersTests.build/DerivedSources-normal/arm64 -Xcc -I/Users/jeremywatt/Library/Developer/Xcode/DerivedData/TodoTimers-hhkfosrtfdujgsaeyczcbhtfazrk/Build/Intermediates.noindex/TodoTimers.build/Debug-iphonesimulator/TodoTimersTests.build/DerivedSources/arm64 -Xcc -I/Users/jeremywatt/Library/Developer/Xcode/DerivedData/TodoTimers-hhkfosrtfdujgsaeyczcbhtfazrk/Build/Intermediates.noindex/TodoTimers.build/Debug-iphonesimulator/TodoTimersTests.build/DerivedSources -Xcc -DDEBUG\=1 -emit-objc-header -emit-objc-header-path /Users/jeremywatt/Library/Developer/Xcode/DerivedData/TodoTimers-hhkfosrtfdujgsaeyczcbhtfazrk/Build/Intermediates.noindex/TodoTimers.build/Debug-iphonesimulator/TodoTimersTests.build/Objects-normal/arm64/TodoTimersTests-Swift.h -working-directory /Users/jeremywatt/Desktop/todo-timers-ios/TodoTimers -experimental-emit-module-separately -disable-cmo

ConstructStubExecutorLinkFileList /Users/jeremywatt/Library/Developer/Xcode/DerivedData/TodoTimers-hhkfosrtfdujgsaeyczcbhtfazrk/Build/Intermediates.noindex/TodoTimers.build/Debug-iphonesimulator/TodoTimers.build/TodoTimers-ExecutorLinkFileList-normal-arm64.txt (in target 'TodoTimers' from project 'TodoTimers')
    cd /Users/jeremywatt/Desktop/todo-timers-ios/TodoTimers
    construct-stub-executor-link-file-list /Users/jeremywatt/Library/Developer/Xcode/DerivedData/TodoTimers-hhkfosrtfdujgsaeyczcbhtfazrk/Build/Products/Debug-iphonesimulator/TodoTimers.app/TodoTimers.debug.dylib /Applications/Xcode.app/Contents/Developer/Platforms/iPhoneSimulator.platform/Developer/usr/lib/libPreviewsJITStubExecutor_no_swift_entry_point.a /Applications/Xcode.app/Contents/Developer/Platforms/iPhoneSimulator.platform/Developer/usr/lib/libPreviewsJITStubExecutor.a --output /Users/jeremywatt/Library/Developer/Xcode/DerivedData/TodoTimers-hhkfosrtfdujgsaeyczcbhtfazrk/Build/Intermediates.noindex/TodoTimers.build/Debug-iphonesimulator/TodoTimers.build/TodoTimers-ExecutorLinkFileList-normal-arm64.txt
note: Using stub executor library with Swift entry point. (in target 'TodoTimers' from project 'TodoTimers')

Ld /Users/jeremywatt/Library/Developer/Xcode/DerivedData/TodoTimers-hhkfosrtfdujgsaeyczcbhtfazrk/Build/Products/Debug-iphonesimulator/TodoTimers.app/TodoTimers normal (in target 'TodoTimers' from project 'TodoTimers')
    cd /Users/jeremywatt/Desktop/todo-timers-ios/TodoTimers
    /Applications/Xcode.app/Contents/Developer/Toolchains/XcodeDefault.xctoolchain/usr/bin/clang -Xlinker -reproducible -target arm64-apple-ios17.0-simulator -isysroot /Applications/Xcode.app/Contents/Developer/Platforms/iPhoneSimulator.platform/Developer/SDKs/iPhoneSimulator18.5.sdk -O0 -L/Users/jeremywatt/Library/Developer/Xcode/DerivedData/TodoTimers-hhkfosrtfdujgsaeyczcbhtfazrk/Build/Products/Debug-iphonesimulator -F/Users/jeremywatt/Library/Developer/Xcode/DerivedData/TodoTimers-hhkfosrtfdujgsaeyczcbhtfazrk/Build/Products/Debug-iphonesimulator -Xlinker -rpath -Xlinker @executable_path -Xlinker -rpath -Xlinker @executable_path/Frameworks -rdynamic -Xlinker -no_deduplicate -Xlinker -objc_abi_version -Xlinker 2 -Xlinker -debug_variant -e ___debug_blank_executor_main -Xlinker -sectcreate -Xlinker __TEXT -Xlinker __debug_dylib -Xlinker /Users/jeremywatt/Library/Developer/Xcode/DerivedData/TodoTimers-hhkfosrtfdujgsaeyczcbhtfazrk/Build/Intermediates.noindex/TodoTimers.build/Debug-iphonesimulator/TodoTimers.build/TodoTimers-DebugDylibPath-normal-arm64.txt -Xlinker -sectcreate -Xlinker __TEXT -Xlinker __debug_instlnm -Xlinker /Users/jeremywatt/Library/Developer/Xcode/DerivedData/TodoTimers-hhkfosrtfdujgsaeyczcbhtfazrk/Build/Intermediates.noindex/TodoTimers.build/Debug-iphonesimulator/TodoTimers.build/TodoTimers-DebugDylibInstallName-normal-arm64.txt -Xlinker -filelist -Xlinker /Users/jeremywatt/Library/Developer/Xcode/DerivedData/TodoTimers-hhkfosrtfdujgsaeyczcbhtfazrk/Build/Intermediates.noindex/TodoTimers.build/Debug-iphonesimulator/TodoTimers.build/TodoTimers-ExecutorLinkFileList-normal-arm64.txt -Xlinker -sectcreate -Xlinker __TEXT -Xlinker __entitlements -Xlinker /Users/jeremywatt/Library/Developer/Xcode/DerivedData/TodoTimers-hhkfosrtfdujgsaeyczcbhtfazrk/Build/Intermediates.noindex/TodoTimers.build/Debug-iphonesimulator/TodoTimers.build/TodoTimers.app-Simulated.xcent -Xlinker -sectcreate -Xlinker __TEXT -Xlinker __ents_der -Xlinker /Users/jeremywatt/Library/Developer/Xcode/DerivedData/TodoTimers-hhkfosrtfdujgsaeyczcbhtfazrk/Build/Intermediates.noindex/TodoTimers.build/Debug-iphonesimulator/TodoTimers.build/TodoTimers.app-Simulated.xcent.der /Users/jeremywatt/Library/Developer/Xcode/DerivedData/TodoTimers-hhkfosrtfdujgsaeyczcbhtfazrk/Build/Products/Debug-iphonesimulator/TodoTimers.app/TodoTimers.debug.dylib -Xlinker -no_adhoc_codesign -o /Users/jeremywatt/Library/Developer/Xcode/DerivedData/TodoTimers-hhkfosrtfdujgsaeyczcbhtfazrk/Build/Products/Debug-iphonesimulator/TodoTimers.app/TodoTimers

ProcessInfoPlistFile /Users/jeremywatt/Library/Developer/Xcode/DerivedData/TodoTimers-hhkfosrtfdujgsaeyczcbhtfazrk/Build/Products/Debug-iphonesimulator/TodoTimers.app/Info.plist /Users/jeremywatt/Desktop/todo-timers-ios/TodoTimers/TodoTimers/Info.plist (in target 'TodoTimers' from project 'TodoTimers')
    cd /Users/jeremywatt/Desktop/todo-timers-ios/TodoTimers
    builtin-infoPlistUtility /Users/jeremywatt/Desktop/todo-timers-ios/TodoTimers/TodoTimers/Info.plist -producttype com.apple.product-type.application -genpkginfo /Users/jeremywatt/Library/Developer/Xcode/DerivedData/TodoTimers-hhkfosrtfdujgsaeyczcbhtfazrk/Build/Products/Debug-iphonesimulator/TodoTimers.app/PkgInfo -expandbuildsettings -format binary -platform iphonesimulator -additionalcontentfile /Users/jeremywatt/Library/Developer/Xcode/DerivedData/TodoTimers-hhkfosrtfdujgsaeyczcbhtfazrk/Build/Intermediates.noindex/TodoTimers.build/Debug-iphonesimulator/TodoTimers.build/assetcatalog_generated_info.plist -scanforprivacyfile /Users/jeremywatt/Library/Developer/Xcode/DerivedData/TodoTimers-hhkfosrtfdujgsaeyczcbhtfazrk/Build/Products/Debug-iphonesimulator/TodoTimers.app/Watch/TodoTimers\ Watch\ App\ Watch\ App.app -o /Users/jeremywatt/Library/Developer/Xcode/DerivedData/TodoTimers-hhkfosrtfdujgsaeyczcbhtfazrk/Build/Products/Debug-iphonesimulator/TodoTimers.app/Info.plist

ExtractAppIntentsMetadata (in target 'TodoTimers' from project 'TodoTimers')
    cd /Users/jeremywatt/Desktop/todo-timers-ios/TodoTimers
    /Applications/Xcode.app/Contents/Developer/Toolchains/XcodeDefault.xctoolchain/usr/bin/appintentsmetadataprocessor --toolchain-dir /Applications/Xcode.app/Contents/Developer/Toolchains/XcodeDefault.xctoolchain --module-name TodoTimers --sdk-root /Applications/Xcode.app/Contents/Developer/Platforms/iPhoneSimulator.platform/Developer/SDKs/iPhoneSimulator18.5.sdk --xcode-version 16F6 --platform-family iOS --deployment-target 17.0 --bundle-identifier neonwatty.TodoTimers --output /Users/jeremywatt/Library/Developer/Xcode/DerivedData/TodoTimers-hhkfosrtfdujgsaeyczcbhtfazrk/Build/Products/Debug-iphonesimulator/TodoTimers.app --target-triple arm64-apple-ios17.0-simulator --binary-file /Users/jeremywatt/Library/Developer/Xcode/DerivedData/TodoTimers-hhkfosrtfdujgsaeyczcbhtfazrk/Build/Products/Debug-iphonesimulator/TodoTimers.app/TodoTimers --dependency-file /Users/jeremywatt/Library/Developer/Xcode/DerivedData/TodoTimers-hhkfosrtfdujgsaeyczcbhtfazrk/Build/Intermediates.noindex/TodoTimers.build/Debug-iphonesimulator/TodoTimers.build/Objects-normal/arm64/TodoTimers_dependency_info.dat --stringsdata-file /Users/jeremywatt/Library/Developer/Xcode/DerivedData/TodoTimers-hhkfosrtfdujgsaeyczcbhtfazrk/Build/Intermediates.noindex/TodoTimers.build/Debug-iphonesimulator/TodoTimers.build/Objects-normal/arm64/ExtractedAppShortcutsMetadata.stringsdata --source-file-list /Users/jeremywatt/Library/Developer/Xcode/DerivedData/TodoTimers-hhkfosrtfdujgsaeyczcbhtfazrk/Build/Intermediates.noindex/TodoTimers.build/Debug-iphonesimulator/TodoTimers.build/Objects-normal/arm64/TodoTimers.SwiftFileList --metadata-file-list /Users/jeremywatt/Library/Developer/Xcode/DerivedData/TodoTimers-hhkfosrtfdujgsaeyczcbhtfazrk/Build/Intermediates.noindex/TodoTimers.build/Debug-iphonesimulator/TodoTimers.build/TodoTimers.DependencyMetadataFileList --static-metadata-file-list /Users/jeremywatt/Library/Developer/Xcode/DerivedData/TodoTimers-hhkfosrtfdujgsaeyczcbhtfazrk/Build/Intermediates.noindex/TodoTimers.build/Debug-iphonesimulator/TodoTimers.build/TodoTimers.DependencyStaticMetadataFileList --swift-const-vals-list /Users/jeremywatt/Library/Developer/Xcode/DerivedData/TodoTimers-hhkfosrtfdujgsaeyczcbhtfazrk/Build/Intermediates.noindex/TodoTimers.build/Debug-iphonesimulator/TodoTimers.build/Objects-normal/arm64/TodoTimers.SwiftConstValuesFileList --compile-time-extraction --deployment-aware-processing --validate-assistant-intents --no-app-shortcuts-localization
2025-10-18 14:43:44.035 appintentsmetadataprocessor[18980:16263115] Starting appintentsmetadataprocessor export
2025-10-18 14:43:44.036 appintentsmetadataprocessor[18980:16263115] warning: Metadata extraction skipped. No AppIntents.framework dependency found.

CopySwiftLibs /Users/jeremywatt/Library/Developer/Xcode/DerivedData/TodoTimers-hhkfosrtfdujgsaeyczcbhtfazrk/Build/Products/Debug-iphonesimulator/TodoTimers.app (in target 'TodoTimers' from project 'TodoTimers')
    cd /Users/jeremywatt/Desktop/todo-timers-ios/TodoTimers
    builtin-swiftStdLibTool --copy --verbose --sign - --scan-executable /Users/jeremywatt/Library/Developer/Xcode/DerivedData/TodoTimers-hhkfosrtfdujgsaeyczcbhtfazrk/Build/Products/Debug-iphonesimulator/TodoTimers.app/TodoTimers.debug.dylib --scan-folder /Users/jeremywatt/Library/Developer/Xcode/DerivedData/TodoTimers-hhkfosrtfdujgsaeyczcbhtfazrk/Build/Products/Debug-iphonesimulator/TodoTimers.app/Frameworks --scan-folder /Users/jeremywatt/Library/Developer/Xcode/DerivedData/TodoTimers-hhkfosrtfdujgsaeyczcbhtfazrk/Build/Products/Debug-iphonesimulator/TodoTimers.app/PlugIns --scan-folder /Users/jeremywatt/Library/Developer/Xcode/DerivedData/TodoTimers-hhkfosrtfdujgsaeyczcbhtfazrk/Build/Products/Debug-iphonesimulator/TodoTimers.app/SystemExtensions --scan-folder /Users/jeremywatt/Library/Developer/Xcode/DerivedData/TodoTimers-hhkfosrtfdujgsaeyczcbhtfazrk/Build/Products/Debug-iphonesimulator/TodoTimers.app/Extensions --platform iphonesimulator --toolchain /Applications/Xcode.app/Contents/Developer/Toolchains/XcodeDefault.xctoolchain --destination /Users/jeremywatt/Library/Developer/Xcode/DerivedData/TodoTimers-hhkfosrtfdujgsaeyczcbhtfazrk/Build/Products/Debug-iphonesimulator/TodoTimers.app/Frameworks --strip-bitcode --strip-bitcode-tool /Applications/Xcode.app/Contents/Developer/Toolchains/XcodeDefault.xctoolchain/usr/bin/bitcode_strip --emit-dependency-info /Users/jeremywatt/Library/Developer/Xcode/DerivedData/TodoTimers-hhkfosrtfdujgsaeyczcbhtfazrk/Build/Intermediates.noindex/TodoTimers.build/Debug-iphonesimulator/TodoTimers.build/SwiftStdLibToolInputDependencies.dep --filter-for-swift-os

ProcessInfoPlistFile /Users/jeremywatt/Library/Developer/Xcode/DerivedData/TodoTimers-hhkfosrtfdujgsaeyczcbhtfazrk/Build/Products/Debug-iphonesimulator/TodoTimers.app/PlugIns/TodoTimersTests.xctest/Info.plist /Users/jeremywatt/Library/Developer/Xcode/DerivedData/TodoTimers-hhkfosrtfdujgsaeyczcbhtfazrk/Build/Intermediates.noindex/TodoTimers.build/Debug-iphonesimulator/TodoTimersTests.build/empty-TodoTimersTests.plist (in target 'TodoTimersTests' from project 'TodoTimers')
    cd /Users/jeremywatt/Desktop/todo-timers-ios/TodoTimers
    builtin-infoPlistUtility /Users/jeremywatt/Library/Developer/Xcode/DerivedData/TodoTimers-hhkfosrtfdujgsaeyczcbhtfazrk/Build/Intermediates.noindex/TodoTimers.build/Debug-iphonesimulator/TodoTimersTests.build/empty-TodoTimersTests.plist -producttype com.apple.product-type.bundle.unit-test -expandbuildsettings -format binary -platform iphonesimulator -o /Users/jeremywatt/Library/Developer/Xcode/DerivedData/TodoTimers-hhkfosrtfdujgsaeyczcbhtfazrk/Build/Products/Debug-iphonesimulator/TodoTimers.app/PlugIns/TodoTimersTests.xctest/Info.plist

Ld /Users/jeremywatt/Library/Developer/Xcode/DerivedData/TodoTimers-hhkfosrtfdujgsaeyczcbhtfazrk/Build/Products/Debug-iphonesimulator/TodoTimers.app/PlugIns/TodoTimersTests.xctest/TodoTimersTests normal (in target 'TodoTimersTests' from project 'TodoTimers')
    cd /Users/jeremywatt/Desktop/todo-timers-ios/TodoTimers
    /Applications/Xcode.app/Contents/Developer/Toolchains/XcodeDefault.xctoolchain/usr/bin/clang -Xlinker -reproducible -target arm64-apple-ios17.0-simulator -bundle -isysroot /Applications/Xcode.app/Contents/Developer/Platforms/iPhoneSimulator.platform/Developer/SDKs/iPhoneSimulator18.5.sdk -O0 -L/Users/jeremywatt/Library/Developer/Xcode/DerivedData/TodoTimers-hhkfosrtfdujgsaeyczcbhtfazrk/Build/Intermediates.noindex/EagerLinkingTBDs/Debug-iphonesimulator -L/Users/jeremywatt/Library/Developer/Xcode/DerivedData/TodoTimers-hhkfosrtfdujgsaeyczcbhtfazrk/Build/Products/Debug-iphonesimulator -L/Applications/Xcode.app/Contents/Developer/Platforms/iPhoneSimulator.platform/Developer/usr/lib -F/Users/jeremywatt/Library/Developer/Xcode/DerivedData/TodoTimers-hhkfosrtfdujgsaeyczcbhtfazrk/Build/Intermediates.noindex/EagerLinkingTBDs/Debug-iphonesimulator -F/Users/jeremywatt/Library/Developer/Xcode/DerivedData/TodoTimers-hhkfosrtfdujgsaeyczcbhtfazrk/Build/Products/Debug-iphonesimulator -iframework /Applications/Xcode.app/Contents/Developer/Platforms/iPhoneSimulator.platform/Developer/Library/Frameworks -iframework /Applications/Xcode.app/Contents/Developer/Platforms/iPhoneSimulator.platform/Developer/SDKs/iPhoneSimulator18.5.sdk/Developer/Library/Frameworks -filelist /Users/jeremywatt/Library/Developer/Xcode/DerivedData/TodoTimers-hhkfosrtfdujgsaeyczcbhtfazrk/Build/Intermediates.noindex/TodoTimers.build/Debug-iphonesimulator/TodoTimersTests.build/Objects-normal/arm64/TodoTimersTests.LinkFileList -Xlinker -rpath -Xlinker @loader_path/Frameworks -Xlinker -rpath -Xlinker @executable_path/Frameworks -dead_strip -bundle_loader /Users/jeremywatt/Library/Developer/Xcode/DerivedData/TodoTimers-hhkfosrtfdujgsaeyczcbhtfazrk/Build/Products/Debug-iphonesimulator/TodoTimers.app/TodoTimers -Xlinker -object_path_lto -Xlinker /Users/jeremywatt/Library/Developer/Xcode/DerivedData/TodoTimers-hhkfosrtfdujgsaeyczcbhtfazrk/Build/Intermediates.noindex/TodoTimers.build/Debug-iphonesimulator/TodoTimersTests.build/Objects-normal/arm64/TodoTimersTests_lto.o -rdynamic -Xlinker -no_deduplicate -Xlinker -objc_abi_version -Xlinker 2 -Xlinker -debug_variant -Xlinker -dependency_info -Xlinker /Users/jeremywatt/Library/Developer/Xcode/DerivedData/TodoTimers-hhkfosrtfdujgsaeyczcbhtfazrk/Build/Intermediates.noindex/TodoTimers.build/Debug-iphonesimulator/TodoTimersTests.build/Objects-normal/arm64/TodoTimersTests_dependency_info.dat -fobjc-link-runtime -fprofile-instr-generate -L/Applications/Xcode.app/Contents/Developer/Toolchains/XcodeDefault.xctoolchain/usr/lib/swift/iphonesimulator -L/usr/lib/swift -Xlinker -add_ast_path -Xlinker /Users/jeremywatt/Library/Developer/Xcode/DerivedData/TodoTimers-hhkfosrtfdujgsaeyczcbhtfazrk/Build/Intermediates.noindex/TodoTimers.build/Debug-iphonesimulator/TodoTimersTests.build/Objects-normal/arm64/TodoTimersTests.swiftmodule -framework XCTest -lXCTestSwiftSupport /Users/jeremywatt/Library/Developer/Xcode/DerivedData/TodoTimers-hhkfosrtfdujgsaeyczcbhtfazrk/Build/Products/Debug-iphonesimulator/TodoTimers.app/TodoTimers.debug.dylib -Xlinker -no_adhoc_codesign -o /Users/jeremywatt/Library/Developer/Xcode/DerivedData/TodoTimers-hhkfosrtfdujgsaeyczcbhtfazrk/Build/Products/Debug-iphonesimulator/TodoTimers.app/PlugIns/TodoTimersTests.xctest/TodoTimersTests

ExtractAppIntentsMetadata (in target 'TodoTimersTests' from project 'TodoTimers')
    cd /Users/jeremywatt/Desktop/todo-timers-ios/TodoTimers
    /Applications/Xcode.app/Contents/Developer/Toolchains/XcodeDefault.xctoolchain/usr/bin/appintentsmetadataprocessor --toolchain-dir /Applications/Xcode.app/Contents/Developer/Toolchains/XcodeDefault.xctoolchain --module-name TodoTimersTests --sdk-root /Applications/Xcode.app/Contents/Developer/Platforms/iPhoneSimulator.platform/Developer/SDKs/iPhoneSimulator18.5.sdk --xcode-version 16F6 --platform-family iOS --deployment-target 17.0 --bundle-identifier neonwatty.TodoTimersTests --output /Users/jeremywatt/Library/Developer/Xcode/DerivedData/TodoTimers-hhkfosrtfdujgsaeyczcbhtfazrk/Build/Products/Debug-iphonesimulator/TodoTimers.app/PlugIns/TodoTimersTests.xctest --target-triple arm64-apple-ios17.0-simulator --binary-file /Users/jeremywatt/Library/Developer/Xcode/DerivedData/TodoTimers-hhkfosrtfdujgsaeyczcbhtfazrk/Build/Products/Debug-iphonesimulator/TodoTimers.app/PlugIns/TodoTimersTests.xctest/TodoTimersTests --dependency-file /Users/jeremywatt/Library/Developer/Xcode/DerivedData/TodoTimers-hhkfosrtfdujgsaeyczcbhtfazrk/Build/Intermediates.noindex/TodoTimers.build/Debug-iphonesimulator/TodoTimersTests.build/Objects-normal/arm64/TodoTimersTests_dependency_info.dat --stringsdata-file /Users/jeremywatt/Library/Developer/Xcode/DerivedData/TodoTimers-hhkfosrtfdujgsaeyczcbhtfazrk/Build/Intermediates.noindex/TodoTimers.build/Debug-iphonesimulator/TodoTimersTests.build/Objects-normal/arm64/ExtractedAppShortcutsMetadata.stringsdata --source-file-list /Users/jeremywatt/Library/Developer/Xcode/DerivedData/TodoTimers-hhkfosrtfdujgsaeyczcbhtfazrk/Build/Intermediates.noindex/TodoTimers.build/Debug-iphonesimulator/TodoTimersTests.build/Objects-normal/arm64/TodoTimersTests.SwiftFileList --metadata-file-list /Users/jeremywatt/Library/Developer/Xcode/DerivedData/TodoTimers-hhkfosrtfdujgsaeyczcbhtfazrk/Build/Intermediates.noindex/TodoTimers.build/Debug-iphonesimulator/TodoTimersTests.build/TodoTimersTests.DependencyMetadataFileList --static-metadata-file-list /Users/jeremywatt/Library/Developer/Xcode/DerivedData/TodoTimers-hhkfosrtfdujgsaeyczcbhtfazrk/Build/Intermediates.noindex/TodoTimers.build/Debug-iphonesimulator/TodoTimersTests.build/TodoTimersTests.DependencyStaticMetadataFileList --swift-const-vals-list /Users/jeremywatt/Library/Developer/Xcode/DerivedData/TodoTimers-hhkfosrtfdujgsaeyczcbhtfazrk/Build/Intermediates.noindex/TodoTimers.build/Debug-iphonesimulator/TodoTimersTests.build/Objects-normal/arm64/TodoTimersTests.SwiftConstValuesFileList --compile-time-extraction --deployment-aware-processing --validate-assistant-intents --no-app-shortcuts-localization
2025-10-18 14:43:44.184 appintentsmetadataprocessor[18983:16263129] Starting appintentsmetadataprocessor export
2025-10-18 14:43:44.185 appintentsmetadataprocessor[18983:16263129] warning: Metadata extraction skipped. No AppIntents.framework dependency found.

CopySwiftLibs /Users/jeremywatt/Library/Developer/Xcode/DerivedData/TodoTimers-hhkfosrtfdujgsaeyczcbhtfazrk/Build/Products/Debug-iphonesimulator/TodoTimers.app/PlugIns/TodoTimersTests.xctest (in target 'TodoTimersTests' from project 'TodoTimers')
    cd /Users/jeremywatt/Desktop/todo-timers-ios/TodoTimers
    builtin-swiftStdLibTool --copy --verbose --sign - --scan-executable /Users/jeremywatt/Library/Developer/Xcode/DerivedData/TodoTimers-hhkfosrtfdujgsaeyczcbhtfazrk/Build/Products/Debug-iphonesimulator/TodoTimers.app/PlugIns/TodoTimersTests.xctest/TodoTimersTests --scan-folder /Users/jeremywatt/Library/Developer/Xcode/DerivedData/TodoTimers-hhkfosrtfdujgsaeyczcbhtfazrk/Build/Products/Debug-iphonesimulator/TodoTimers.app/PlugIns/TodoTimersTests.xctest/Frameworks --scan-folder /Users/jeremywatt/Library/Developer/Xcode/DerivedData/TodoTimers-hhkfosrtfdujgsaeyczcbhtfazrk/Build/Products/Debug-iphonesimulator/TodoTimers.app/PlugIns/TodoTimersTests.xctest/PlugIns --scan-folder /Users/jeremywatt/Library/Developer/Xcode/DerivedData/TodoTimers-hhkfosrtfdujgsaeyczcbhtfazrk/Build/Products/Debug-iphonesimulator/TodoTimers.app/PlugIns/TodoTimersTests.xctest/SystemExtensions --scan-folder /Users/jeremywatt/Library/Developer/Xcode/DerivedData/TodoTimers-hhkfosrtfdujgsaeyczcbhtfazrk/Build/Products/Debug-iphonesimulator/TodoTimers.app/PlugIns/TodoTimersTests.xctest/Extensions --platform iphonesimulator --toolchain /Applications/Xcode.app/Contents/Developer/Toolchains/XcodeDefault.xctoolchain --destination /Users/jeremywatt/Library/Developer/Xcode/DerivedData/TodoTimers-hhkfosrtfdujgsaeyczcbhtfazrk/Build/Products/Debug-iphonesimulator/TodoTimers.app/PlugIns/TodoTimersTests.xctest/Frameworks --strip-bitcode --scan-executable /Applications/Xcode.app/Contents/Developer/Platforms/iPhoneSimulator.platform/Developer/usr/lib/libXCTestSwiftSupport.dylib --strip-bitcode-tool /Applications/Xcode.app/Contents/Developer/Toolchains/XcodeDefault.xctoolchain/usr/bin/bitcode_strip --emit-dependency-info /Users/jeremywatt/Library/Developer/Xcode/DerivedData/TodoTimers-hhkfosrtfdujgsaeyczcbhtfazrk/Build/Intermediates.noindex/TodoTimers.build/Debug-iphonesimulator/TodoTimersTests.build/SwiftStdLibToolInputDependencies.dep --filter-for-swift-os

CodeSign /Users/jeremywatt/Library/Developer/Xcode/DerivedData/TodoTimers-hhkfosrtfdujgsaeyczcbhtfazrk/Build/Products/Debug-iphonesimulator/TodoTimers.app/PlugIns/TodoTimersTests.xctest (in target 'TodoTimersTests' from project 'TodoTimers')
    cd /Users/jeremywatt/Desktop/todo-timers-ios/TodoTimers
    
    Signing Identity:     "Sign to Run Locally"
    
    /usr/bin/codesign --force --sign - --timestamp\=none --generate-entitlement-der /Users/jeremywatt/Library/Developer/Xcode/DerivedData/TodoTimers-hhkfosrtfdujgsaeyczcbhtfazrk/Build/Products/Debug-iphonesimulator/TodoTimers.app/PlugIns/TodoTimersTests.xctest

CodeSign /Users/jeremywatt/Library/Developer/Xcode/DerivedData/TodoTimers-hhkfosrtfdujgsaeyczcbhtfazrk/Build/Products/Debug-iphonesimulator/TodoTimers.app/TodoTimers.debug.dylib (in target 'TodoTimers' from project 'TodoTimers')
    cd /Users/jeremywatt/Desktop/todo-timers-ios/TodoTimers
    
    Signing Identity:     "Sign to Run Locally"
    
    /usr/bin/codesign --force --sign - --timestamp\=none --generate-entitlement-der /Users/jeremywatt/Library/Developer/Xcode/DerivedData/TodoTimers-hhkfosrtfdujgsaeyczcbhtfazrk/Build/Products/Debug-iphonesimulator/TodoTimers.app/TodoTimers.debug.dylib

CodeSign /Users/jeremywatt/Library/Developer/Xcode/DerivedData/TodoTimers-hhkfosrtfdujgsaeyczcbhtfazrk/Build/Products/Debug-iphonesimulator/TodoTimers.app/__preview.dylib (in target 'TodoTimers' from project 'TodoTimers')
    cd /Users/jeremywatt/Desktop/todo-timers-ios/TodoTimers
    
    Signing Identity:     "Sign to Run Locally"
    
    /usr/bin/codesign --force --sign - --timestamp\=none --generate-entitlement-der /Users/jeremywatt/Library/Developer/Xcode/DerivedData/TodoTimers-hhkfosrtfdujgsaeyczcbhtfazrk/Build/Products/Debug-iphonesimulator/TodoTimers.app/__preview.dylib
/Users/jeremywatt/Library/Developer/Xcode/DerivedData/TodoTimers-hhkfosrtfdujgsaeyczcbhtfazrk/Build/Products/Debug-iphonesimulator/TodoTimers.app/__preview.dylib: replacing existing signature

CodeSign /Users/jeremywatt/Library/Developer/Xcode/DerivedData/TodoTimers-hhkfosrtfdujgsaeyczcbhtfazrk/Build/Products/Debug-iphonesimulator/TodoTimers.app (in target 'TodoTimers' from project 'TodoTimers')
    cd /Users/jeremywatt/Desktop/todo-timers-ios/TodoTimers
    
    Signing Identity:     "Sign to Run Locally"
    
    /usr/bin/codesign --force --sign - --entitlements /Users/jeremywatt/Library/Developer/Xcode/DerivedData/TodoTimers-hhkfosrtfdujgsaeyczcbhtfazrk/Build/Intermediates.noindex/TodoTimers.build/Debug-iphonesimulator/TodoTimers.build/TodoTimers.app.xcent --timestamp\=none --generate-entitlement-der /Users/jeremywatt/Library/Developer/Xcode/DerivedData/TodoTimers-hhkfosrtfdujgsaeyczcbhtfazrk/Build/Products/Debug-iphonesimulator/TodoTimers.app

Validate /Users/jeremywatt/Library/Developer/Xcode/DerivedData/TodoTimers-hhkfosrtfdujgsaeyczcbhtfazrk/Build/Products/Debug-iphonesimulator/TodoTimers.app (in target 'TodoTimers' from project 'TodoTimers')
    cd /Users/jeremywatt/Desktop/todo-timers-ios/TodoTimers
    builtin-validationUtility /Users/jeremywatt/Library/Developer/Xcode/DerivedData/TodoTimers-hhkfosrtfdujgsaeyczcbhtfazrk/Build/Products/Debug-iphonesimulator/TodoTimers.app -infoplist-subpath Info.plist

ProcessInfoPlistFile /Users/jeremywatt/Library/Developer/Xcode/DerivedData/TodoTimers-hhkfosrtfdujgsaeyczcbhtfazrk/Build/Products/Debug-iphonesimulator/TodoTimersUITests-Runner.app/PlugIns/TodoTimersUITests.xctest/Info.plist /Users/jeremywatt/Library/Developer/Xcode/DerivedData/TodoTimers-hhkfosrtfdujgsaeyczcbhtfazrk/Build/Intermediates.noindex/TodoTimers.build/Debug-iphonesimulator/TodoTimersUITests.build/empty-TodoTimersUITests.plist (in target 'TodoTimersUITests' from project 'TodoTimers')
    cd /Users/jeremywatt/Desktop/todo-timers-ios/TodoTimers
    builtin-infoPlistUtility /Users/jeremywatt/Library/Developer/Xcode/DerivedData/TodoTimers-hhkfosrtfdujgsaeyczcbhtfazrk/Build/Intermediates.noindex/TodoTimers.build/Debug-iphonesimulator/TodoTimersUITests.build/empty-TodoTimersUITests.plist -producttype com.apple.product-type.bundle.ui-testing -expandbuildsettings -format binary -platform iphonesimulator -additionalcontentfile /Users/jeremywatt/Library/Developer/Xcode/DerivedData/TodoTimers-hhkfosrtfdujgsaeyczcbhtfazrk/Build/Intermediates.noindex/TodoTimers.build/Debug-iphonesimulator/TodoTimersUITests.build/ProductTypeInfoPlistAdditions.plist -o /Users/jeremywatt/Library/Developer/Xcode/DerivedData/TodoTimers-hhkfosrtfdujgsaeyczcbhtfazrk/Build/Products/Debug-iphonesimulator/TodoTimersUITests-Runner.app/PlugIns/TodoTimersUITests.xctest/Info.plist

CopySwiftLibs /Users/jeremywatt/Library/Developer/Xcode/DerivedData/TodoTimers-hhkfosrtfdujgsaeyczcbhtfazrk/Build/Products/Debug-iphonesimulator/TodoTimersUITests-Runner.app/PlugIns/TodoTimersUITests.xctest (in target 'TodoTimersUITests' from project 'TodoTimers')
    cd /Users/jeremywatt/Desktop/todo-timers-ios/TodoTimers
    builtin-swiftStdLibTool --copy --verbose --sign - --scan-executable /Users/jeremywatt/Library/Developer/Xcode/DerivedData/TodoTimers-hhkfosrtfdujgsaeyczcbhtfazrk/Build/Products/Debug-iphonesimulator/TodoTimersUITests-Runner.app/PlugIns/TodoTimersUITests.xctest/TodoTimersUITests --scan-folder /Users/jeremywatt/Library/Developer/Xcode/DerivedData/TodoTimers-hhkfosrtfdujgsaeyczcbhtfazrk/Build/Products/Debug-iphonesimulator/TodoTimersUITests-Runner.app/PlugIns/TodoTimersUITests.xctest/Frameworks --scan-folder /Users/jeremywatt/Library/Developer/Xcode/DerivedData/TodoTimers-hhkfosrtfdujgsaeyczcbhtfazrk/Build/Products/Debug-iphonesimulator/TodoTimersUITests-Runner.app/PlugIns/TodoTimersUITests.xctest/PlugIns --scan-folder /Users/jeremywatt/Library/Developer/Xcode/DerivedData/TodoTimers-hhkfosrtfdujgsaeyczcbhtfazrk/Build/Products/Debug-iphonesimulator/TodoTimersUITests-Runner.app/PlugIns/TodoTimersUITests.xctest/SystemExtensions --scan-folder /Users/jeremywatt/Library/Developer/Xcode/DerivedData/TodoTimers-hhkfosrtfdujgsaeyczcbhtfazrk/Build/Products/Debug-iphonesimulator/TodoTimersUITests-Runner.app/PlugIns/TodoTimersUITests.xctest/Extensions --platform iphonesimulator --toolchain /Applications/Xcode.app/Contents/Developer/Toolchains/XcodeDefault.xctoolchain --destination /Users/jeremywatt/Library/Developer/Xcode/DerivedData/TodoTimers-hhkfosrtfdujgsaeyczcbhtfazrk/Build/Products/Debug-iphonesimulator/TodoTimersUITests-Runner.app/PlugIns/TodoTimersUITests.xctest/Frameworks --strip-bitcode --scan-executable /Applications/Xcode.app/Contents/Developer/Platforms/iPhoneSimulator.platform/Developer/usr/lib/libXCTestSwiftSupport.dylib --strip-bitcode-tool /Applications/Xcode.app/Contents/Developer/Toolchains/XcodeDefault.xctoolchain/usr/bin/bitcode_strip --emit-dependency-info /Users/jeremywatt/Library/Developer/Xcode/DerivedData/TodoTimers-hhkfosrtfdujgsaeyczcbhtfazrk/Build/Intermediates.noindex/TodoTimers.build/Debug-iphonesimulator/TodoTimersUITests.build/SwiftStdLibToolInputDependencies.dep --filter-for-swift-os

2025-10-18 14:43:45.074525-0700 TodoTimersUITests-Runner[18989:16263300] [Default] Running tests...
    t =      nans Interface orientation changed to Portrait
Test Suite 'Selected tests' started at 2025-10-18 14:43:46.095.
Test Suite 'TodoTimersUITests.xctest' started at 2025-10-18 14:43:46.095.
Test Suite 'TodoManagementUITests' started at 2025-10-18 14:43:46.095.
Test Case '-[TodoTimersUITests.TodoManagementUITests testDeleteTodo_RemovesFromList]' started.
    t =     0.00s Start Test at 2025-10-18 14:43:46.095
    t =     0.02s Set Up
    t =     0.03s     Open neonwatty.TodoTimers
    t =     0.03s         Launch neonwatty.TodoTimers
    t =     0.44s             Setting up automation session
    t =     0.87s             Wait for neonwatty.TodoTimers to idle
    t =     2.07s Tap "addTimerButton" Button
    t =     2.07s     Wait for neonwatty.TodoTimers to idle
    t =     2.07s     Find the "addTimerButton" Button
    t =     2.12s     Check for interrupting elements affecting "addTimerButton" Button
    t =     2.13s     Synthesize event
    t =     2.41s     Wait for neonwatty.TodoTimers to idle
    t =     2.92s Waiting 5.0s for "timerNameField" TextField to exist
    t =     3.94s     Checking `Expect predicate `existsNoRetry == 1` for object "timerNameField" TextField`
    t =     3.94s         Checking existence of `"timerNameField" TextField`
    t =     4.15s Find the "timerNameField" TextField
    t =     4.22s Tap "timerNameField" TextField
    t =     4.22s     Wait for neonwatty.TodoTimers to idle
    t =     4.22s     Find the "timerNameField" TextField
    t =     4.29s     Check for interrupting elements affecting "timerNameField" TextField
    t =     4.35s     Synthesize event
    t =     4.64s     Wait for neonwatty.TodoTimers to idle
    t =     5.13s Type '' into "timerNameField" TextField
    t =     5.13s     Wait for neonwatty.TodoTimers to idle
    t =     5.13s     Find the "timerNameField" TextField
    t =     5.23s     Check for interrupting elements affecting "timerNameField" TextField
    t =     5.31s     Synthesize event
    t =     5.77s     Wait for neonwatty.TodoTimers to idle
    t =     5.77s Type 'Delete Test Timer' into "timerNameField" TextField
    t =     5.77s     Wait for neonwatty.TodoTimers to idle
    t =     5.77s     Find the "timerNameField" TextField
    t =     5.85s     Check for interrupting elements affecting "timerNameField" TextField
    t =     5.92s     Synthesize event
    t =     6.39s     Wait for neonwatty.TodoTimers to idle
    t =     6.39s Set value of PickerWheel (Element at index 0) to 5
    t =     6.39s     Wait for neonwatty.TodoTimers to idle
    t =     6.40s     Find the PickerWheel (Element at index 0)
    t =     6.57s     Check for interrupting elements affecting "25" PickerWheel
    t =     6.64s     Synthesize event
    t =     6.89s     Wait for neonwatty.TodoTimers to idle
    t =     6.92s Tap "doneButton" Button
    t =     6.92s     Wait for neonwatty.TodoTimers to idle
    t =     6.92s     Find the "doneButton" Button
    t =     7.08s     Check for interrupting elements affecting "doneButton" Button
    t =     7.15s     Synthesize event
    t =     7.44s     Wait for neonwatty.TodoTimers to idle
    t =     7.93s Waiting 5.0s for "addTimerButton" Button to exist
    t =     8.96s     Checking `Expect predicate `existsNoRetry == 1` for object "addTimerButton" Button`
    t =     8.96s         Checking existence of `"addTimerButton" Button`
    t =     8.99s Waiting 5.0s for Button (First Match) to exist
    t =    10.01s     Checking `Expect predicate `existsNoRetry == 1` for object Button (First Match)`
    t =    10.01s         Checking existence of `Button (First Match)`
    t =    10.05s Tap Button (First Match)
    t =    10.05s     Wait for neonwatty.TodoTimers to idle
    t =    10.05s     Find the Button (First Match)
    t =    10.07s     Check for interrupting elements affecting "timerCard-E3790664-8C9C-4331-AC09-799BB254E3BD" Button
    t =    10.08s     Synthesize event
    t =    10.36s     Wait for neonwatty.TodoTimers to idle
    t =    10.37s Waiting 5.0s for "addTodoButton" Button to exist
    t =    11.39s     Checking `Expect predicate `existsNoRetry == 1` for object "addTodoButton" Button`
    t =    11.39s         Checking existence of `"addTodoButton" Button`
    t =    11.42s         Capturing element debug description
    t =    12.44s     Checking `Expect predicate `existsNoRetry == 1` for object "addTodoButton" Button`
    t =    12.44s         Checking existence of `"addTodoButton" Button`
    t =    12.47s         Capturing element debug description
    t =    13.39s     Checking `Expect predicate `existsNoRetry == 1` for object "addTodoButton" Button`
    t =    13.39s         Checking existence of `"addTodoButton" Button`
    t =    13.42s         Capturing element debug description
    t =    14.44s     Checking `Expect predicate `existsNoRetry == 1` for object "addTodoButton" Button`
    t =    14.44s         Checking existence of `"addTodoButton" Button`
    t =    14.47s         Capturing element debug description
    t =    15.37s     Checking `Expect predicate `existsNoRetry == 1` for object "addTodoButton" Button`
    t =    15.38s         Checking existence of `"addTodoButton" Button`
    t =    15.40s         Capturing element debug description
    t =    15.40s     Checking existence of `"addTodoButton" Button`
    t =    15.42s Collecting debug information to assist test failure triage
    t =    15.42s     Requesting snapshot of accessibility hierarchy for app with pid 18994
/Users/jeremywatt/Desktop/todo-timers-ios/TodoTimers/TodoTimersUITests/E2ETests/TodoManagementUITests.swift:229: error: -[TodoTimersUITests.TodoManagementUITests testDeleteTodo_RemovesFromList] : XCTAssertTrue failed
    t =    15.45s Tear Down
Test Case '-[TodoTimersUITests.TodoManagementUITests testDeleteTodo_RemovesFromList]' failed (15.668 seconds).
Test Case '-[TodoTimersUITests.TodoManagementUITests testAddTodo_Cancel_DoesNotSave]' started.
    t =     0.00s Start Test at 2025-10-18 14:44:01.765
    t =     0.03s Set Up
    t =     0.03s     Open neonwatty.TodoTimers
    t =     0.03s         Launch neonwatty.TodoTimers
    t =     0.03s             Terminate neonwatty.TodoTimers:18994
    t =     1.31s             Setting up automation session
    t =     1.68s             Wait for neonwatty.TodoTimers to idle
    t =     2.84s Tap "addTimerButton" Button
    t =     2.84s     Wait for neonwatty.TodoTimers to idle
    t =     2.85s     Find the "addTimerButton" Button
    t =     2.89s     Check for interrupting elements affecting "addTimerButton" Button
    t =     2.90s     Synthesize event
    t =     3.19s     Wait for neonwatty.TodoTimers to idle
    t =     3.68s Waiting 5.0s for "timerNameField" TextField to exist
    t =     4.70s     Checking `Expect predicate `existsNoRetry == 1` for object "timerNameField" TextField`
    t =     4.71s         Checking existence of `"timerNameField" TextField`
    t =     4.92s Find the "timerNameField" TextField
    t =     4.99s Tap "timerNameField" TextField
    t =     4.99s     Wait for neonwatty.TodoTimers to idle
    t =     4.99s     Find the "timerNameField" TextField
    t =     5.05s     Check for interrupting elements affecting "timerNameField" TextField
    t =     5.12s     Synthesize event
    t =     5.40s     Wait for neonwatty.TodoTimers to idle
    t =     5.85s Type '' into "timerNameField" TextField
    t =     5.85s     Wait for neonwatty.TodoTimers to idle
    t =     5.85s     Find the "timerNameField" TextField
    t =     5.95s     Check for interrupting elements affecting "timerNameField" TextField
    t =     6.03s     Synthesize event
    t =     6.50s     Wait for neonwatty.TodoTimers to idle
    t =     6.50s Type 'Cancel Test Timer' into "timerNameField" TextField
    t =     6.50s     Wait for neonwatty.TodoTimers to idle
    t =     6.50s     Find the "timerNameField" TextField
    t =     6.60s     Check for interrupting elements affecting "timerNameField" TextField
    t =     6.67s     Synthesize event
    t =     7.15s     Wait for neonwatty.TodoTimers to idle
    t =     7.15s Set value of PickerWheel (Element at index 0) to 5
    t =     7.15s     Wait for neonwatty.TodoTimers to idle
    t =     7.15s     Find the PickerWheel (Element at index 0)
    t =     7.32s     Check for interrupting elements affecting "25" PickerWheel
    t =     7.39s     Synthesize event
    t =     7.62s     Wait for neonwatty.TodoTimers to idle
    t =     7.65s Tap "doneButton" Button
    t =     7.65s     Wait for neonwatty.TodoTimers to idle
    t =     7.65s     Find the "doneButton" Button
    t =     7.81s     Check for interrupting elements affecting "doneButton" Button
    t =     7.88s     Synthesize event
    t =     8.17s     Wait for neonwatty.TodoTimers to idle
    t =     8.66s Waiting 5.0s for "addTimerButton" Button to exist
    t =     9.69s     Checking `Expect predicate `existsNoRetry == 1` for object "addTimerButton" Button`
    t =     9.69s         Checking existence of `"addTimerButton" Button`
    t =     9.70s Waiting 5.0s for Button (First Match) to exist
    t =    10.72s     Checking `Expect predicate `existsNoRetry == 1` for object Button (First Match)`
    t =    10.72s         Checking existence of `Button (First Match)`
    t =    10.76s Tap Button (First Match)
    t =    10.76s     Wait for neonwatty.TodoTimers to idle
    t =    10.76s     Find the Button (First Match)
    t =    10.78s     Check for interrupting elements affecting "timerCard-FC498267-150E-4795-A9DC-5E62F7422930" Button
    t =    10.79s     Synthesize event
    t =    11.07s     Wait for neonwatty.TodoTimers to idle
    t =    11.08s Waiting 5.0s for "addTodoButton" Button to exist
    t =    12.09s     Checking `Expect predicate `existsNoRetry == 1` for object "addTodoButton" Button`
    t =    12.09s         Checking existence of `"addTodoButton" Button`
    t =    12.12s         Capturing element debug description
    t =    13.14s     Checking `Expect predicate `existsNoRetry == 1` for object "addTodoButton" Button`
    t =    13.14s         Checking existence of `"addTodoButton" Button`
    t =    13.17s         Capturing element debug description
    t =    14.09s     Checking `Expect predicate `existsNoRetry == 1` for object "addTodoButton" Button`
    t =    14.09s         Checking existence of `"addTodoButton" Button`
    t =    14.12s         Capturing element debug description
    t =    15.14s     Checking `Expect predicate `existsNoRetry == 1` for object "addTodoButton" Button`
    t =    15.14s         Checking existence of `"addTodoButton" Button`
    t =    15.17s         Capturing element debug description
    t =    16.08s     Checking `Expect predicate `existsNoRetry == 1` for object "addTodoButton" Button`
    t =    16.08s         Checking existence of `"addTodoButton" Button`
    t =    16.11s         Capturing element debug description
    t =    16.11s     Checking existence of `"addTodoButton" Button`
    t =    16.13s Collecting debug information to assist test failure triage
    t =    16.13s     Requesting snapshot of accessibility hierarchy for app with pid 19005
/Users/jeremywatt/Desktop/todo-timers-ios/TodoTimers/TodoTimersUITests/E2ETests/TodoManagementUITests.swift:229: error: -[TodoTimersUITests.TodoManagementUITests testAddTodo_Cancel_DoesNotSave] : XCTAssertTrue failed
    t =    16.16s Tear Down
Test Case '-[TodoTimersUITests.TodoManagementUITests testAddTodo_Cancel_DoesNotSave]' failed (16.387 seconds).
Test Case '-[TodoTimersUITests.TodoManagementUITests testTodoState_PersistsAcrossNavigation]' started.
    t =     0.00s Start Test at 2025-10-18 14:44:18.153
    t =     0.03s Set Up
    t =     0.03s     Open neonwatty.TodoTimers
    t =     0.03s         Launch neonwatty.TodoTimers
    t =     0.03s             Terminate neonwatty.TodoTimers:19005
    t =     1.30s             Setting up automation session
    t =     1.69s             Wait for neonwatty.TodoTimers to idle
    t =     2.85s Tap "addTimerButton" Button
    t =     2.86s     Wait for neonwatty.TodoTimers to idle
    t =     2.86s     Find the "addTimerButton" Button
    t =     2.90s     Check for interrupting elements affecting "addTimerButton" Button
    t =     2.92s     Synthesize event
    t =     3.21s     Wait for neonwatty.TodoTimers to idle
    t =     3.69s Waiting 5.0s for "timerNameField" TextField to exist
    t =     4.70s     Checking `Expect predicate `existsNoRetry == 1` for object "timerNameField" TextField`
    t =     4.71s         Checking existence of `"timerNameField" TextField`
    t =     4.91s Find the "timerNameField" TextField
    t =     4.98s Tap "timerNameField" TextField
    t =     4.98s     Wait for neonwatty.TodoTimers to idle
    t =     4.98s     Find the "timerNameField" TextField
    t =     5.05s     Check for interrupting elements affecting "timerNameField" TextField
    t =     5.11s     Synthesize event
    t =     5.39s     Wait for neonwatty.TodoTimers to idle
    t =     5.84s Type '' into "timerNameField" TextField
    t =     5.84s     Wait for neonwatty.TodoTimers to idle
    t =     5.85s     Find the "timerNameField" TextField
    t =     5.95s     Check for interrupting elements affecting "timerNameField" TextField
    t =     6.02s     Synthesize event
    t =     6.48s     Wait for neonwatty.TodoTimers to idle
    t =     6.49s Type 'Persistence Timer' into "timerNameField" TextField
    t =     6.49s     Wait for neonwatty.TodoTimers to idle
    t =     6.49s     Find the "timerNameField" TextField
    t =     6.58s     Check for interrupting elements affecting "timerNameField" TextField
    t =     6.65s     Synthesize event
    t =     7.13s     Wait for neonwatty.TodoTimers to idle
    t =     7.14s Set value of PickerWheel (Element at index 0) to 5
    t =     7.14s     Wait for neonwatty.TodoTimers to idle
    t =     7.14s     Find the PickerWheel (Element at index 0)
    t =     7.32s     Check for interrupting elements affecting "25" PickerWheel
    t =     7.39s     Synthesize event
    t =     7.61s     Wait for neonwatty.TodoTimers to idle
    t =     7.62s Tap "doneButton" Button
    t =     7.62s     Wait for neonwatty.TodoTimers to idle
    t =     7.64s     Find the "doneButton" Button
    t =     7.80s     Check for interrupting elements affecting "doneButton" Button
    t =     7.88s     Synthesize event
    t =     8.17s     Wait for neonwatty.TodoTimers to idle
    t =     8.66s Waiting 5.0s for "addTimerButton" Button to exist
    t =     9.68s     Checking `Expect predicate `existsNoRetry == 1` for object "addTimerButton" Button`
    t =     9.68s         Checking existence of `"addTimerButton" Button`
    t =     9.72s Waiting 5.0s for Button (First Match) to exist
    t =    10.73s     Checking `Expect predicate `existsNoRetry == 1` for object Button (First Match)`
    t =    10.73s         Checking existence of `Button (First Match)`
    t =    10.77s Tap Button (First Match)
    t =    10.77s     Wait for neonwatty.TodoTimers to idle
    t =    10.77s     Find the Button (First Match)
    t =    10.79s     Check for interrupting elements affecting "timerCard-35F95E5A-909E-4CF2-8E57-FD0234467987" Button
    t =    10.81s     Synthesize event
    t =    11.09s     Wait for neonwatty.TodoTimers to idle
    t =    11.09s Waiting 5.0s for "addTodoButton" Button to exist
    t =    12.12s     Checking `Expect predicate `existsNoRetry == 1` for object "addTodoButton" Button`
    t =    12.12s         Checking existence of `"addTodoButton" Button`
    t =    12.15s         Capturing element debug description
    t =    13.17s     Checking `Expect predicate `existsNoRetry == 1` for object "addTodoButton" Button`
    t =    13.17s         Checking existence of `"addTodoButton" Button`
    t =    13.20s         Capturing element debug description
    t =    14.12s     Checking `Expect predicate `existsNoRetry == 1` for object "addTodoButton" Button`
    t =    14.12s         Checking existence of `"addTodoButton" Button`
    t =    14.15s         Capturing element debug description
    t =    15.17s     Checking `Expect predicate `existsNoRetry == 1` for object "addTodoButton" Button`
    t =    15.17s         Checking existence of `"addTodoButton" Button`
    t =    15.20s         Capturing element debug description
    t =    16.10s     Checking `Expect predicate `existsNoRetry == 1` for object "addTodoButton" Button`
    t =    16.10s         Checking existence of `"addTodoButton" Button`
    t =    16.13s         Capturing element debug description
    t =    16.13s     Checking existence of `"addTodoButton" Button`
    t =    16.15s Collecting debug information to assist test failure triage
    t =    16.15s     Requesting snapshot of accessibility hierarchy for app with pid 19011
/Users/jeremywatt/Desktop/todo-timers-ios/TodoTimers/TodoTimersUITests/E2ETests/TodoManagementUITests.swift:229: error: -[TodoTimersUITests.TodoManagementUITests testTodoState_PersistsAcrossNavigation] : XCTAssertTrue failed
    t =    16.17s Tear Down
Test Case '-[TodoTimersUITests.TodoManagementUITests testTodoState_PersistsAcrossNavigation]' failed (16.399 seconds).
Test Case '-[TodoTimersUITests.TodoManagementUITests testAddTodo_ValidText_AppearsInList]' started.
    t =     0.00s Start Test at 2025-10-18 14:44:34.552
    t =     0.03s Set Up
    t =     0.03s     Open neonwatty.TodoTimers
    t =     0.03s         Launch neonwatty.TodoTimers
    t =     0.03s             Terminate neonwatty.TodoTimers:19011
    t =     1.30s             Setting up automation session
    t =     1.72s             Wait for neonwatty.TodoTimers to idle
    t =     2.88s Tap "addTimerButton" Button
    t =     2.88s     Wait for neonwatty.TodoTimers to idle
    t =     2.88s     Find the "addTimerButton" Button
    t =     2.93s     Check for interrupting elements affecting "addTimerButton" Button
    t =     2.94s     Synthesize event
    t =     3.23s     Wait for neonwatty.TodoTimers to idle
    t =     3.81s Waiting 5.0s for "timerNameField" TextField to exist
    t =     4.82s     Checking `Expect predicate `existsNoRetry == 1` for object "timerNameField" TextField`
    t =     4.82s         Checking existence of `"timerNameField" TextField`
    t =     5.02s Find the "timerNameField" TextField
    t =     5.09s Tap "timerNameField" TextField
    t =     5.09s     Wait for neonwatty.TodoTimers to idle
    t =     5.09s     Find the "timerNameField" TextField
    t =     5.16s     Check for interrupting elements affecting "timerNameField" TextField
    t =     5.22s     Synthesize event
    t =     5.51s     Wait for neonwatty.TodoTimers to idle
    t =     5.96s Type '' into "timerNameField" TextField
    t =     5.96s     Wait for neonwatty.TodoTimers to idle
    t =     5.96s     Find the "timerNameField" TextField
    t =     6.07s     Check for interrupting elements affecting "timerNameField" TextField
    t =     6.14s     Synthesize event
    t =     6.61s     Wait for neonwatty.TodoTimers to idle
    t =     6.61s Type 'Todo Test Timer' into "timerNameField" TextField
    t =     6.61s     Wait for neonwatty.TodoTimers to idle
    t =     6.61s     Find the "timerNameField" TextField
    t =     6.71s     Check for interrupting elements affecting "timerNameField" TextField
    t =     6.78s     Synthesize event
    t =     7.22s     Wait for neonwatty.TodoTimers to idle
    t =     7.22s Set value of PickerWheel (Element at index 0) to 5
    t =     7.22s     Wait for neonwatty.TodoTimers to idle
    t =     7.22s     Find the PickerWheel (Element at index 0)
    t =     7.40s     Check for interrupting elements affecting "25" PickerWheel
    t =     7.47s     Synthesize event
    t =     7.67s     Wait for neonwatty.TodoTimers to idle
    t =     7.70s Tap "doneButton" Button
    t =     7.70s     Wait for neonwatty.TodoTimers to idle
    t =     7.70s     Find the "doneButton" Button
    t =     7.86s     Check for interrupting elements affecting "doneButton" Button
    t =     7.93s     Synthesize event
    t =     8.22s     Wait for neonwatty.TodoTimers to idle
    t =     8.69s Waiting 5.0s for "addTimerButton" Button to exist
    t =     9.70s     Checking `Expect predicate `existsNoRetry == 1` for object "addTimerButton" Button`
    t =     9.71s         Checking existence of `"addTimerButton" Button`
    t =     9.74s Waiting 5.0s for Button (First Match) to exist
    t =    10.77s     Checking `Expect predicate `existsNoRetry == 1` for object Button (First Match)`
    t =    10.77s         Checking existence of `Button (First Match)`
    t =    10.81s Tap Button (First Match)
    t =    10.81s     Wait for neonwatty.TodoTimers to idle
    t =    10.81s     Find the Button (First Match)
    t =    10.83s     Check for interrupting elements affecting "timerCard-7F432762-EB04-4AEE-B688-477B500E42CD" Button
    t =    10.84s     Synthesize event
    t =    11.13s     Wait for neonwatty.TodoTimers to idle
    t =    11.13s Waiting 5.0s for "addTodoButton" Button to exist
    t =    12.16s     Checking `Expect predicate `existsNoRetry == 1` for object "addTodoButton" Button`
    t =    12.16s         Checking existence of `"addTodoButton" Button`
    t =    12.17s         Capturing element debug description
    t =    13.19s     Checking `Expect predicate `existsNoRetry == 1` for object "addTodoButton" Button`
    t =    13.19s         Checking existence of `"addTodoButton" Button`
    t =    13.22s         Capturing element debug description
    t =    14.23s     Checking `Expect predicate `existsNoRetry == 1` for object "addTodoButton" Button`
    t =    14.23s         Checking existence of `"addTodoButton" Button`
    t =    14.26s         Capturing element debug description
    t =    15.18s     Checking `Expect predicate `existsNoRetry == 1` for object "addTodoButton" Button`
    t =    15.18s         Checking existence of `"addTodoButton" Button`
    t =    15.21s         Capturing element debug description
    t =    16.14s     Checking `Expect predicate `existsNoRetry == 1` for object "addTodoButton" Button`
    t =    16.14s         Checking existence of `"addTodoButton" Button`
    t =    16.17s         Capturing element debug description
    t =    16.17s     Checking existence of `"addTodoButton" Button`
    t =    16.19s Collecting debug information to assist test failure triage
    t =    16.19s     Requesting snapshot of accessibility hierarchy for app with pid 19023
/Users/jeremywatt/Desktop/todo-timers-ios/TodoTimers/TodoTimersUITests/E2ETests/TodoManagementUITests.swift:229: error: -[TodoTimersUITests.TodoManagementUITests testAddTodo_ValidText_AppearsInList] : XCTAssertTrue failed
    t =    16.21s Tear Down
Test Case '-[TodoTimersUITests.TodoManagementUITests testAddTodo_ValidText_AppearsInList]' failed (16.419 seconds).
Test Case '-[TodoTimersUITests.TodoManagementUITests testMultipleTodos_CanBeManaged]' started.
    t =     0.00s Start Test at 2025-10-18 14:44:50.973
    t =     0.03s Set Up
    t =     0.03s     Open neonwatty.TodoTimers
    t =     0.03s         Launch neonwatty.TodoTimers
    t =     0.03s             Terminate neonwatty.TodoTimers:19023
    t =     1.29s             Setting up automation session
    t =     1.65s             Wait for neonwatty.TodoTimers to idle
    t =     2.82s Tap "addTimerButton" Button
    t =     2.82s     Wait for neonwatty.TodoTimers to idle
    t =     2.82s     Find the "addTimerButton" Button
    t =     2.87s     Check for interrupting elements affecting "addTimerButton" Button
    t =     2.88s     Synthesize event
    t =     3.17s     Wait for neonwatty.TodoTimers to idle
    t =     3.66s Waiting 5.0s for "timerNameField" TextField to exist
    t =     4.66s     Checking `Expect predicate `existsNoRetry == 1` for object "timerNameField" TextField`
    t =     4.66s         Checking existence of `"timerNameField" TextField`
    t =     4.87s Find the "timerNameField" TextField
    t =     4.94s Tap "timerNameField" TextField
    t =     4.94s     Wait for neonwatty.TodoTimers to idle
    t =     4.94s     Find the "timerNameField" TextField
    t =     5.00s     Check for interrupting elements affecting "timerNameField" TextField
    t =     5.07s     Synthesize event
    t =     5.35s     Wait for neonwatty.TodoTimers to idle
    t =     5.77s Type '' into "timerNameField" TextField
    t =     5.77s     Wait for neonwatty.TodoTimers to idle
    t =     5.78s     Find the "timerNameField" TextField
    t =     5.89s     Check for interrupting elements affecting "timerNameField" TextField
    t =     5.96s     Synthesize event
    t =     6.43s     Wait for neonwatty.TodoTimers to idle
    t =     6.43s Type 'Multiple Todos Tim...' into "timerNameField" TextField
    t =     6.44s     Wait for neonwatty.TodoTimers to idle
    t =     6.44s     Find the "timerNameField" TextField
    t =     6.53s     Check for interrupting elements affecting "timerNameField" TextField
    t =     6.60s     Synthesize event
    t =     7.13s     Wait for neonwatty.TodoTimers to idle
    t =     7.14s Set value of PickerWheel (Element at index 0) to 5
    t =     7.14s     Wait for neonwatty.TodoTimers to idle
    t =     7.14s     Find the PickerWheel (Element at index 0)
    t =     7.31s     Check for interrupting elements affecting "25" PickerWheel
    t =     7.39s     Synthesize event
    t =     7.63s     Wait for neonwatty.TodoTimers to idle
    t =     7.66s Tap "doneButton" Button
    t =     7.66s     Wait for neonwatty.TodoTimers to idle
    t =     7.66s     Find the "doneButton" Button
    t =     7.82s     Check for interrupting elements affecting "doneButton" Button
    t =     7.90s     Synthesize event
    t =     8.19s     Wait for neonwatty.TodoTimers to idle
    t =     8.66s Waiting 5.0s for "addTimerButton" Button to exist
    t =     9.66s     Checking `Expect predicate `existsNoRetry == 1` for object "addTimerButton" Button`
    t =     9.67s         Checking existence of `"addTimerButton" Button`
    t =     9.70s Waiting 5.0s for Button (First Match) to exist
    t =    10.71s     Checking `Expect predicate `existsNoRetry == 1` for object Button (First Match)`
    t =    10.71s         Checking existence of `Button (First Match)`
    t =    10.75s Tap Button (First Match)
    t =    10.75s     Wait for neonwatty.TodoTimers to idle
    t =    10.76s     Find the Button (First Match)
    t =    10.77s     Check for interrupting elements affecting "timerCard-DCCD5D68-FE82-4407-9E4C-9821740ED824" Button
    t =    10.79s     Synthesize event
    t =    11.07s     Wait for neonwatty.TodoTimers to idle
    t =    11.08s Waiting 5.0s for "addTodoButton" Button to exist
    t =    12.10s     Checking `Expect predicate `existsNoRetry == 1` for object "addTodoButton" Button`
    t =    12.10s         Checking existence of `"addTodoButton" Button`
    t =    12.13s         Capturing element debug description
    t =    13.15s     Checking `Expect predicate `existsNoRetry == 1` for object "addTodoButton" Button`
    t =    13.15s         Checking existence of `"addTodoButton" Button`
    t =    13.18s         Capturing element debug description
    t =    14.10s     Checking `Expect predicate `existsNoRetry == 1` for object "addTodoButton" Button`
    t =    14.10s         Checking existence of `"addTodoButton" Button`
    t =    14.13s         Capturing element debug description
    t =    15.15s     Checking `Expect predicate `existsNoRetry == 1` for object "addTodoButton" Button`
    t =    15.15s         Checking existence of `"addTodoButton" Button`
    t =    15.18s         Capturing element debug description
    t =    16.08s     Checking `Expect predicate `existsNoRetry == 1` for object "addTodoButton" Button`
    t =    16.08s         Checking existence of `"addTodoButton" Button`
    t =    16.11s         Capturing element debug description
    t =    16.11s     Checking existence of `"addTodoButton" Button`
    t =    16.13s Collecting debug information to assist test failure triage
    t =    16.13s     Requesting snapshot of accessibility hierarchy for app with pid 19034
/Users/jeremywatt/Desktop/todo-timers-ios/TodoTimers/TodoTimersUITests/E2ETests/TodoManagementUITests.swift:229: error: -[TodoTimersUITests.TodoManagementUITests testMultipleTodos_CanBeManaged] : XCTAssertTrue failed
    t =    16.15s Tear Down
Test Case '-[TodoTimersUITests.TodoManagementUITests testMultipleTodos_CanBeManaged]' failed (16.363 seconds).
Test Case '-[TodoTimersUITests.TodoManagementUITests testToggleTodo_CanBeUnchecked]' started.
    t =     0.00s Start Test at 2025-10-18 14:45:07.337
    t =     0.03s Set Up
    t =     0.03s     Open neonwatty.TodoTimers
    t =     0.03s         Launch neonwatty.TodoTimers
    t =     0.03s             Terminate neonwatty.TodoTimers:19034
    t =     1.31s             Setting up automation session
    t =     1.70s             Wait for neonwatty.TodoTimers to idle
    t =     2.85s Tap "addTimerButton" Button
    t =     2.86s     Wait for neonwatty.TodoTimers to idle
    t =     2.86s     Find the "addTimerButton" Button
    t =     2.90s     Check for interrupting elements affecting "addTimerButton" Button
    t =     2.92s     Synthesize event
    t =     3.20s     Wait for neonwatty.TodoTimers to idle
    t =     3.69s Waiting 5.0s for "timerNameField" TextField to exist
    t =     4.70s     Checking `Expect predicate `existsNoRetry == 1` for object "timerNameField" TextField`
    t =     4.70s         Checking existence of `"timerNameField" TextField`
    t =     4.91s Find the "timerNameField" TextField
    t =     4.98s Tap "timerNameField" TextField
    t =     4.98s     Wait for neonwatty.TodoTimers to idle
    t =     4.98s     Find the "timerNameField" TextField
    t =     5.06s     Check for interrupting elements affecting "timerNameField" TextField
    t =     5.12s     Synthesize event
    t =     5.40s     Wait for neonwatty.TodoTimers to idle
    t =     5.84s Type '' into "timerNameField" TextField
    t =     5.84s     Wait for neonwatty.TodoTimers to idle
    t =     5.85s     Find the "timerNameField" TextField
    t =     5.95s     Check for interrupting elements affecting "timerNameField" TextField
    t =     6.03s     Synthesize event
    t =     6.49s     Wait for neonwatty.TodoTimers to idle
    t =     6.50s Type 'Uncheck Test Timer' into "timerNameField" TextField
    t =     6.50s     Wait for neonwatty.TodoTimers to idle
    t =     6.50s     Find the "timerNameField" TextField
    t =     6.60s     Check for interrupting elements affecting "timerNameField" TextField
    t =     6.67s     Synthesize event
    t =     7.16s     Wait for neonwatty.TodoTimers to idle
    t =     7.16s Set value of PickerWheel (Element at index 0) to 5
    t =     7.16s     Wait for neonwatty.TodoTimers to idle
    t =     7.17s     Find the PickerWheel (Element at index 0)
    t =     7.34s     Check for interrupting elements affecting "25" PickerWheel
    t =     7.41s     Synthesize event
    t =     7.66s     Wait for neonwatty.TodoTimers to idle
    t =     7.67s Tap "doneButton" Button
    t =     7.67s     Wait for neonwatty.TodoTimers to idle
    t =     7.67s     Find the "doneButton" Button
    t =     7.85s     Check for interrupting elements affecting "doneButton" Button
    t =     7.92s     Synthesize event
    t =     8.20s     Wait for neonwatty.TodoTimers to idle
    t =     8.71s Waiting 5.0s for "addTimerButton" Button to exist
    t =     9.72s     Checking `Expect predicate `existsNoRetry == 1` for object "addTimerButton" Button`
    t =     9.73s         Checking existence of `"addTimerButton" Button`
    t =     9.76s Waiting 5.0s for Button (First Match) to exist
    t =    10.77s     Checking `Expect predicate `existsNoRetry == 1` for object Button (First Match)`
    t =    10.77s         Checking existence of `Button (First Match)`
    t =    10.81s Tap Button (First Match)
    t =    10.81s     Wait for neonwatty.TodoTimers to idle
    t =    10.82s     Find the Button (First Match)
    t =    10.84s     Check for interrupting elements affecting "timerCard-71CC8942-DC88-425E-8220-F8F5022C29D3" Button
    t =    10.85s     Synthesize event
    t =    11.14s     Wait for neonwatty.TodoTimers to idle
    t =    11.14s Waiting 5.0s for "addTodoButton" Button to exist
    t =    12.17s     Checking `Expect predicate `existsNoRetry == 1` for object "addTodoButton" Button`
    t =    12.17s         Checking existence of `"addTodoButton" Button`
    t =    12.20s         Capturing element debug description
    t =    13.20s     Checking `Expect predicate `existsNoRetry == 1` for object "addTodoButton" Button`
    t =    13.20s         Checking existence of `"addTodoButton" Button`
    t =    13.23s         Capturing element debug description
    t =    14.15s     Checking `Expect predicate `existsNoRetry == 1` for object "addTodoButton" Button`
    t =    14.15s         Checking existence of `"addTodoButton" Button`
    t =    14.18s         Capturing element debug description
    t =    15.20s     Checking `Expect predicate `existsNoRetry == 1` for object "addTodoButton" Button`
    t =    15.20s         Checking existence of `"addTodoButton" Button`
    t =    15.21s         Capturing element debug description
    t =    16.15s     Checking `Expect predicate `existsNoRetry == 1` for object "addTodoButton" Button`
    t =    16.15s         Checking existence of `"addTodoButton" Button`
    t =    16.18s         Capturing element debug description
    t =    16.18s     Checking existence of `"addTodoButton" Button`
    t =    16.19s Collecting debug information to assist test failure triage
    t =    16.19s     Requesting snapshot of accessibility hierarchy for app with pid 19040
/Users/jeremywatt/Desktop/todo-timers-ios/TodoTimers/TodoTimersUITests/E2ETests/TodoManagementUITests.swift:229: error: -[TodoTimersUITests.TodoManagementUITests testToggleTodo_CanBeUnchecked] : XCTAssertTrue failed
    t =    16.22s Tear Down
Test Case '-[TodoTimersUITests.TodoManagementUITests testToggleTodo_CanBeUnchecked]' failed (16.443 seconds).
Test Case '-[TodoTimersUITests.TodoManagementUITests testAddTodo_EmptyText_ShowsValidation]' started.
    t =     0.00s Start Test at 2025-10-18 14:45:23.780
    t =     0.02s Set Up
    t =     0.03s     Open neonwatty.TodoTimers
    t =     0.03s         Launch neonwatty.TodoTimers
    t =     0.03s             Terminate neonwatty.TodoTimers:19040
    t =     1.29s             Setting up automation session
    t =     1.67s             Wait for neonwatty.TodoTimers to idle
    t =     2.83s Tap "addTimerButton" Button
    t =     2.83s     Wait for neonwatty.TodoTimers to idle
    t =     2.84s     Find the "addTimerButton" Button
    t =     2.88s     Check for interrupting elements affecting "addTimerButton" Button
    t =     2.89s     Synthesize event
    t =     3.17s     Wait for neonwatty.TodoTimers to idle
    t =     3.66s Waiting 5.0s for "timerNameField" TextField to exist
    t =     4.67s     Checking `Expect predicate `existsNoRetry == 1` for object "timerNameField" TextField`
    t =     4.68s         Checking existence of `"timerNameField" TextField`
    t =     4.88s Find the "timerNameField" TextField
    t =     4.95s Tap "timerNameField" TextField
    t =     4.95s     Wait for neonwatty.TodoTimers to idle
    t =     4.95s     Find the "timerNameField" TextField
    t =     5.02s     Check for interrupting elements affecting "timerNameField" TextField
    t =     5.08s     Synthesize event
    t =     5.36s     Wait for neonwatty.TodoTimers to idle
    t =     5.82s Type '' into "timerNameField" TextField
    t =     5.82s     Wait for neonwatty.TodoTimers to idle
    t =     5.82s     Find the "timerNameField" TextField
    t =     5.93s     Check for interrupting elements affecting "timerNameField" TextField
    t =     6.00s     Synthesize event
    t =     6.47s     Wait for neonwatty.TodoTimers to idle
    t =     6.48s Type 'Validation Test Ti...' into "timerNameField" TextField
    t =     6.48s     Wait for neonwatty.TodoTimers to idle
    t =     6.48s     Find the "timerNameField" TextField
    t =     6.58s     Check for interrupting elements affecting "timerNameField" TextField
    t =     6.65s     Synthesize event
    t =     7.19s     Wait for neonwatty.TodoTimers to idle
    t =     7.20s Set value of PickerWheel (Element at index 0) to 5
    t =     7.20s     Wait for neonwatty.TodoTimers to idle
    t =     7.20s     Find the PickerWheel (Element at index 0)
    t =     7.37s     Check for interrupting elements affecting "25" PickerWheel
    t =     7.44s     Synthesize event
    t =     7.65s     Wait for neonwatty.TodoTimers to idle
    t =     7.66s Tap "doneButton" Button
    t =     7.66s     Wait for neonwatty.TodoTimers to idle
    t =     7.66s     Find the "doneButton" Button
    t =     7.83s     Check for interrupting elements affecting "doneButton" Button
    t =     7.90s     Synthesize event
    t =     8.19s     Wait for neonwatty.TodoTimers to idle
    t =     8.67s Waiting 5.0s for "addTimerButton" Button to exist
    t =     9.67s     Checking `Expect predicate `existsNoRetry == 1` for object "addTimerButton" Button`
    t =     9.68s         Checking existence of `"addTimerButton" Button`
    t =     9.71s Waiting 5.0s for Button (First Match) to exist
    t =    10.72s     Checking `Expect predicate `existsNoRetry == 1` for object Button (First Match)`
    t =    10.73s         Checking existence of `Button (First Match)`
    t =    10.76s Tap Button (First Match)
    t =    10.76s     Wait for neonwatty.TodoTimers to idle
    t =    10.77s     Find the Button (First Match)
    t =    10.78s     Check for interrupting elements affecting "timerCard-6401149D-0F3D-4FD4-9DA3-BCD960DC0037" Button
    t =    10.80s     Synthesize event
    t =    11.08s     Wait for neonwatty.TodoTimers to idle
    t =    11.09s Waiting 5.0s for "addTodoButton" Button to exist
    t =    12.11s     Checking `Expect predicate `existsNoRetry == 1` for object "addTodoButton" Button`
    t =    12.11s         Checking existence of `"addTodoButton" Button`
    t =    12.14s         Capturing element debug description
    t =    13.16s     Checking `Expect predicate `existsNoRetry == 1` for object "addTodoButton" Button`
    t =    13.16s         Checking existence of `"addTodoButton" Button`
    t =    13.19s         Capturing element debug description
    t =    14.11s     Checking `Expect predicate `existsNoRetry == 1` for object "addTodoButton" Button`
    t =    14.11s         Checking existence of `"addTodoButton" Button`
    t =    14.14s         Capturing element debug description
    t =    15.15s     Checking `Expect predicate `existsNoRetry == 1` for object "addTodoButton" Button`
    t =    15.15s         Checking existence of `"addTodoButton" Button`
    t =    15.18s         Capturing element debug description
    t =    16.09s     Checking `Expect predicate `existsNoRetry == 1` for object "addTodoButton" Button`
    t =    16.09s         Checking existence of `"addTodoButton" Button`
    t =    16.12s         Capturing element debug description
    t =    16.12s     Checking existence of `"addTodoButton" Button`
    t =    16.14s Collecting debug information to assist test failure triage
    t =    16.14s     Requesting snapshot of accessibility hierarchy for app with pid 19051
/Users/jeremywatt/Desktop/todo-timers-ios/TodoTimers/TodoTimersUITests/E2ETests/TodoManagementUITests.swift:229: error: -[TodoTimersUITests.TodoManagementUITests testAddTodo_EmptyText_ShowsValidation] : XCTAssertTrue failed
    t =    16.17s Tear Down
Test Case '-[TodoTimersUITests.TodoManagementUITests testAddTodo_EmptyText_ShowsValidation]' failed (16.392 seconds).
Test Case '-[TodoTimersUITests.TodoManagementUITests testToggleTodo_MarksAsComplete]' started.
    t =     0.00s Start Test at 2025-10-18 14:45:40.172
    t =     0.03s Set Up
    t =     0.03s     Open neonwatty.TodoTimers
    t =     0.03s         Launch neonwatty.TodoTimers
    t =     0.03s             Terminate neonwatty.TodoTimers:19051
    t =     1.29s             Setting up automation session
    t =     1.68s             Wait for neonwatty.TodoTimers to idle
    t =     2.83s Tap "addTimerButton" Button
    t =     2.83s     Wait for neonwatty.TodoTimers to idle
    t =     2.84s     Find the "addTimerButton" Button
    t =     2.88s     Check for interrupting elements affecting "addTimerButton" Button
    t =     2.89s     Synthesize event
    t =     3.18s     Wait for neonwatty.TodoTimers to idle
    t =     3.67s Waiting 5.0s for "timerNameField" TextField to exist
    t =     4.68s     Checking `Expect predicate `existsNoRetry == 1` for object "timerNameField" TextField`
    t =     4.68s         Checking existence of `"timerNameField" TextField`
    t =     4.89s Find the "timerNameField" TextField
    t =     4.96s Tap "timerNameField" TextField
    t =     4.96s     Wait for neonwatty.TodoTimers to idle
    t =     4.96s     Find the "timerNameField" TextField
    t =     5.03s     Check for interrupting elements affecting "timerNameField" TextField
    t =     5.10s     Synthesize event
    t =     5.38s     Wait for neonwatty.TodoTimers to idle
    t =     5.82s Type '' into "timerNameField" TextField
    t =     5.82s     Wait for neonwatty.TodoTimers to idle
    t =     5.82s     Find the "timerNameField" TextField
    t =     5.93s     Check for interrupting elements affecting "timerNameField" TextField
    t =     6.01s     Synthesize event
    t =     6.47s     Wait for neonwatty.TodoTimers to idle
    t =     6.48s Type 'Toggle Test Timer' into "timerNameField" TextField
    t =     6.48s     Wait for neonwatty.TodoTimers to idle
    t =     6.49s     Find the "timerNameField" TextField
    t =     6.58s     Check for interrupting elements affecting "timerNameField" TextField
    t =     6.66s     Synthesize event
    t =     7.14s     Wait for neonwatty.TodoTimers to idle
    t =     7.14s Set value of PickerWheel (Element at index 0) to 5
    t =     7.14s     Wait for neonwatty.TodoTimers to idle
    t =     7.14s     Find the PickerWheel (Element at index 0)
    t =     7.32s     Check for interrupting elements affecting "25" PickerWheel
    t =     7.39s     Synthesize event
    t =     7.62s     Wait for neonwatty.TodoTimers to idle
    t =     7.64s Tap "doneButton" Button
    t =     7.64s     Wait for neonwatty.TodoTimers to idle
    t =     7.64s     Find the "doneButton" Button
    t =     7.80s     Check for interrupting elements affecting "doneButton" Button
    t =     7.88s     Synthesize event
    t =     8.17s     Wait for neonwatty.TodoTimers to idle
    t =     8.64s Waiting 5.0s for "addTimerButton" Button to exist
    t =     9.66s     Checking `Expect predicate `existsNoRetry == 1` for object "addTimerButton" Button`
    t =     9.66s         Checking existence of `"addTimerButton" Button`
    t =     9.69s Waiting 5.0s for Button (First Match) to exist
    t =    10.71s     Checking `Expect predicate `existsNoRetry == 1` for object Button (First Match)`
    t =    10.72s         Checking existence of `Button (First Match)`
    t =    10.76s Tap Button (First Match)
    t =    10.76s     Wait for neonwatty.TodoTimers to idle
    t =    10.76s     Find the Button (First Match)
    t =    10.78s     Check for interrupting elements affecting "timerCard-73D06F17-F973-4410-96D7-D925153CC939" Button
    t =    10.80s     Synthesize event
    t =    11.09s     Wait for neonwatty.TodoTimers to idle
    t =    11.09s Waiting 5.0s for "addTodoButton" Button to exist
    t =    12.12s     Checking `Expect predicate `existsNoRetry == 1` for object "addTodoButton" Button`
    t =    12.12s         Checking existence of `"addTodoButton" Button`
    t =    12.15s         Capturing element debug description
    t =    13.17s     Checking `Expect predicate `existsNoRetry == 1` for object "addTodoButton" Button`
    t =    13.17s         Checking existence of `"addTodoButton" Button`
    t =    13.20s         Capturing element debug description
    t =    14.11s     Checking `Expect predicate `existsNoRetry == 1` for object "addTodoButton" Button`
    t =    14.12s         Checking existence of `"addTodoButton" Button`
    t =    14.14s         Capturing element debug description
    t =    15.17s     Checking `Expect predicate `existsNoRetry == 1` for object "addTodoButton" Button`
    t =    15.17s         Checking existence of `"addTodoButton" Button`
    t =    15.20s         Capturing element debug description
    t =    16.10s     Checking `Expect predicate `existsNoRetry == 1` for object "addTodoButton" Button`
    t =    16.10s         Checking existence of `"addTodoButton" Button`
    t =    16.13s         Capturing element debug description
    t =    16.13s     Checking existence of `"addTodoButton" Button`
    t =    16.15s Collecting debug information to assist test failure triage
    t =    16.15s     Requesting snapshot of accessibility hierarchy for app with pid 19057
/Users/jeremywatt/Desktop/todo-timers-ios/TodoTimers/TodoTimersUITests/E2ETests/TodoManagementUITests.swift:229: error: -[TodoTimersUITests.TodoManagementUITests testToggleTodo_MarksAsComplete] : XCTAssertTrue failed
    t =    16.17s Tear Down
Test Case '-[TodoTimersUITests.TodoManagementUITests testToggleTodo_MarksAsComplete]' failed (16.395 seconds).
Test Suite 'TodoManagementUITests' failed at 2025-10-18 14:45:56.567.
	 Executed 8 tests, with 8 failures (0 unexpected) in 130.466 (130.472) seconds
Test Suite 'TodoTimersUITests.xctest' failed at 2025-10-18 14:45:56.568.
	 Executed 8 tests, with 8 failures (0 unexpected) in 130.466 (130.473) seconds
Test Suite 'Selected tests' failed at 2025-10-18 14:45:56.569.
	 Executed 8 tests, with 8 failures (0 unexpected) in 130.466 (130.474) seconds
2025-10-18 14:45:56.938 xcodebuild[18950:16262927]  IDETestOperationsObserverDebug: Failure collecting diagnostics from simulator: Process exited with error 72:
 xcrun: error: unable to find utility "simctl", not a developer tool or in PATH

2025-10-18 14:45:56.947 xcodebuild[18950:16262864] [MT] IDETestOperationsObserverDebug: 132.637 elapsed -- Testing started completed.
2025-10-18 14:45:56.947 xcodebuild[18950:16262864] [MT] IDETestOperationsObserverDebug: 0.000 sec, +0.000 sec -- start
2025-10-18 14:45:56.947 xcodebuild[18950:16262864] [MT] IDETestOperationsObserverDebug: 132.637 sec, +132.637 sec -- end

Test session results, code coverage, and logs:
	/Users/jeremywatt/Library/Developer/Xcode/DerivedData/TodoTimers-hhkfosrtfdujgsaeyczcbhtfazrk/Logs/Test/Test-TodoTimers-2025.10.18_14-43-40--0700.xcresult

Failing tests:
	TodoManagementUITests.testDeleteTodo_RemovesFromList()
	TodoManagementUITests.testAddTodo_Cancel_DoesNotSave()
	TodoManagementUITests.testTodoState_PersistsAcrossNavigation()
	TodoManagementUITests.testAddTodo_ValidText_AppearsInList()
	TodoManagementUITests.testMultipleTodos_CanBeManaged()
	TodoManagementUITests.testToggleTodo_CanBeUnchecked()
	TodoManagementUITests.testAddTodo_EmptyText_ShowsValidation()
	TodoManagementUITests.testToggleTodo_MarksAsComplete()

** TEST FAILED **

Testing started
